<?xml version="1.0" encoding="UTF-8" standalone="yes" ?>

<inet:Report xmlns:inet="http://www.inetsoftware.de" major_version="10" minor_version="0" major_xml_version="8" minor_xml_version="2" count="3" id="0">
    <Datasource>
      <DataSourceConfiguration name="adoplus.dll">
      </DataSourceConfiguration>
      <Tablesource alias="DPLJTTEMPO" databaseIdentifier="DPLJTTEMPO">
        <Column name="NOBUKTI" type="11" />
        <Column name="TGLTRANSAKSI" type="15" />
        <Column name="TGLJTTEMPO" type="15" />
        <Column name="NAMA" type="11" />
        <Column name="ALAMAT" type="11" />
        <Column name="JNSPIUTANG" type="11" />
        <Column name="TRIWULANBELUM" type="6" />
        <Column name="TRIWULANINI" type="6" />
        <Column name="RUPIAH" type="6" />
        <Column name="UNITUP" type="11" />
        <Column name="UNITAP" type="11" />
      </Tablesource>
    </Datasource>
  <Database>
    <QueryChanges mask="0" count="2">
      <Attribute name="queryChange" value="null"/>
      <Attribute name="queryChange" value="null"/>
    </QueryChanges>
  </Database>
  <FormulaFields>
    <Field type="FormulaField" valueType="6">
      <Attribute name="name" value="jmlpiutang"/>
      <Attribute name="shortName" value="jmlpiutang"/>
      <Attribute name="formula type" value="0"/>
      <Attribute name="basic syntax" value="false"/>
      <![CDATA[{DPLJTTEMPO.TRIWULANBELUM}+{DPLJTTEMPO.TRIWULANINI}]]>
    </Field>
    <Field type="FormulaField" valueType="6">
      <Attribute name="name" value="SISA"/>
      <Attribute name="shortName" value="SISA"/>
      <Attribute name="formula type" value="0"/>
      <Attribute name="basic syntax" value="false"/>
      <![CDATA[{@jmlpiutang}-{DPLJTTEMPO.RUPIAH}]]>
    </Field>
  </FormulaFields>
  <PromptFields>
    <Field type="PromptVarField" valueType="11">
      <Attribute name="name" value="NAMAA"/>
      <Attribute name="allow_multiple_values" value="false"/>
      <Attribute name="discrete_or_range" value="0"/>
      <Attribute name="allow editing" value="true"/>
      <Attribute name="description_only" value="false"/>
      <Attribute name="edit mask" value=""/>
      <Attribute name="prompt_text" value=""/>
      <Attribute name="use_range" value="false"/>
    </Field>
    <Field type="PromptVarField" valueType="11">
      <Attribute name="name" value="JABATANA"/>
      <Attribute name="allow_multiple_values" value="false"/>
      <Attribute name="discrete_or_range" value="0"/>
      <Attribute name="allow editing" value="true"/>
      <Attribute name="description_only" value="false"/>
      <Attribute name="edit mask" value=""/>
      <Attribute name="prompt_text" value=""/>
      <Attribute name="use_range" value="false"/>
    </Field>
  </PromptFields>
  <SQLFields>
  </SQLFields>
  <SummaryFields>
    <Field type="SummaryField" valueType="6">
      <Attribute name="name" value="Sum (DPLJTTEMPO.TRIWULANBELUM)"/>
      <Reference name="id" type="DatabaseField" refname="DPLJTTEMPO.TRIWULANBELUM"/>
      <Attribute name="operation" value="0"/>
      <Attribute name="summary_nth" value="0"/>
      <Attribute name="summary_type" value="1"/>
      <Attribute name="chartFieldSelect" value="2"/>
      <Attribute name="group number type" value="0"/>
      <Attribute name="show as percent value" value="false"/>
      <Attribute name="execute on db" value="false"/>
    </Field>
    <Field type="SummaryField" valueType="6">
      <Attribute name="name" value="Sum (DPLJTTEMPO.TRIWULANINI)"/>
      <Reference name="id" type="DatabaseField" refname="DPLJTTEMPO.TRIWULANINI"/>
      <Attribute name="operation" value="0"/>
      <Attribute name="summary_nth" value="0"/>
      <Attribute name="summary_type" value="1"/>
      <Attribute name="chartFieldSelect" value="2"/>
      <Attribute name="group number type" value="0"/>
      <Attribute name="show as percent value" value="false"/>
      <Attribute name="execute on db" value="false"/>
    </Field>
    <Field type="SummaryField" valueType="6">
      <Attribute name="name" value="Sum (@jmlpiutang)"/>
      <Reference name="id" type="FormulaField" refname="@jmlpiutang"/>
      <Attribute name="operation" value="0"/>
      <Attribute name="summary_nth" value="0"/>
      <Attribute name="summary_type" value="1"/>
      <Attribute name="chartFieldSelect" value="2"/>
      <Attribute name="group number type" value="0"/>
      <Attribute name="show as percent value" value="false"/>
      <Attribute name="execute on db" value="false"/>
    </Field>
    <Field type="SummaryField" valueType="6">
      <Attribute name="name" value="Sum (DPLJTTEMPO.RUPIAH)"/>
      <Reference name="id" type="DatabaseField" refname="DPLJTTEMPO.RUPIAH"/>
      <Attribute name="operation" value="0"/>
      <Attribute name="summary_nth" value="0"/>
      <Attribute name="summary_type" value="1"/>
      <Attribute name="chartFieldSelect" value="2"/>
      <Attribute name="group number type" value="0"/>
      <Attribute name="show as percent value" value="false"/>
      <Attribute name="execute on db" value="false"/>
    </Field>
    <Field type="SummaryField" valueType="6">
      <Attribute name="name" value="Sum (@SISA)"/>
      <Reference name="id" type="FormulaField" refname="@SISA"/>
      <Attribute name="operation" value="0"/>
      <Attribute name="summary_nth" value="0"/>
      <Attribute name="summary_type" value="1"/>
      <Attribute name="chartFieldSelect" value="2"/>
      <Attribute name="group number type" value="0"/>
      <Attribute name="show as percent value" value="false"/>
      <Attribute name="execute on db" value="false"/>
    </Field>
  </SummaryFields>
  <SortFields>
  </SortFields>
  <GroupNameFields count="0">
  </GroupNameFields>
  <ReportProperties>
    <Attribute name="page width" value="16839"/>
    <Attribute name="page height" value="11907"/>
    <Attribute name="page orientation" value="2"/>
    <Attribute name="page margin left" value="187"/>
    <Attribute name="page margin right" value="187"/>
    <Attribute name="page margin top" value="187"/>
    <Attribute name="page margin bottom" value="188"/>
    <Attribute name="report title" value=""/>
    <Attribute name="report author" value=""/>
    <Attribute name="report keywords" value=""/>
    <Attribute name="report subject" value=""/>
    <Attribute name="report template" value=""/>
    <Attribute name="report comments" value=""/>
    <Attribute name="report last saved" value="14 Jan 2014 01:58:25 GMT"/>
    <Attribute name="report created" value="24 Mar 2009 16:28:44 GMT"/>
    <Attribute name="mailing label type 1" value=""/>
    <Attribute name="mailing label type 2" value=""/>
    <Attribute name="format with multiple columns" value="false"/>
    <Attribute name="mailing label width" value="0"/>
    <Attribute name="mailing label height" value="0"/>
    <Attribute name="mailing label distance vertical" value="0"/>
    <Attribute name="mailing label distance horizontal" value="0"/>
    <Attribute name="across then down" value="false"/>
    <Attribute name="format groups with multiple columns" value="false"/>
    <Attribute name="distinct" value="false"/>
    <Attribute name="show suppressed nodes" value="true"/>
    <Attribute name="ignore filtering" value="false"/>
    <Attribute name="ignore sorting" value="false"/>
    <Attribute name="convert date time" value="2"/>
    <Attribute name="suppress if no rows" value="false"/>
    <Attribute name="convert null values to default" value="false"/>
    <Attribute name="hide PageFooter inside ReportHeader" value="true"/>
    <Attribute name="form print" value="false"/>
    <Attribute name="printing enabled" value="true"/>
    <Attribute name="clipboard enabled" value="true"/>
    <Attribute name="export enabled" value="true"/>
    <Attribute name="group tree visible" value="true"/>
  </ReportProperties>
  <AreaPair type="PageAreaPair" id="0">
    <Area type="PageHeader" count="1">
      <AreaProperties>
        <Attribute name="keep together" value="true"/>
        <Attribute name="hold minimal pagefooter free" value="1"/>
      </AreaProperties>
      <Section type="PageHeader" count="42" width="16457" height="1100" id="0">
        <SectionProperties>
          <Attribute name="keep together" value="true"/>
          <Attribute name="hold minimal pagefooter free" value="1"/>
        </SectionProperties>
        <Element type="Line" x2_position="550" y2_position="1099" x_position="550" y_position="26" width="0" height="1073">
          <LineProperties>
            <Attribute name="id" value="0"/>
          </LineProperties>
        </Element>
        <Element type="Line" x2_position="1470" y2_position="1099" x_position="1470" y_position="6" width="0" height="1093">
          <LineProperties>
            <Attribute name="id" value="0"/>
          </LineProperties>
        </Element>
        <Element type="Line" x2_position="2560" y2_position="1099" x_position="2560" y_position="16" width="0" height="1083">
          <LineProperties>
            <Attribute name="id" value="0"/>
          </LineProperties>
        </Element>
        <Element type="Line" x2_position="3550" y2_position="1099" x_position="3550" y_position="6" width="0" height="1093">
          <LineProperties>
            <Attribute name="id" value="0"/>
          </LineProperties>
        </Element>
        <Element type="Line" x2_position="5650" y2_position="1099" x_position="5650" y_position="26" width="0" height="1073">
          <LineProperties>
            <Attribute name="id" value="0"/>
          </LineProperties>
        </Element>
        <Element type="Line" x2_position="7750" y2_position="1099" x_position="7750" y_position="6" width="0" height="1093">
          <LineProperties>
            <Attribute name="id" value="0"/>
          </LineProperties>
        </Element>
        <Element type="Line" x2_position="9280" y2_position="1099" x_position="9280" y_position="26" width="0" height="1073">
          <LineProperties>
            <Attribute name="id" value="0"/>
          </LineProperties>
        </Element>
        <Element type="Line" x2_position="14790" y2_position="1099" x_position="14790" y_position="6" width="0" height="1093">
          <LineProperties>
            <Attribute name="id" value="0"/>
          </LineProperties>
        </Element>
        <Element type="Line" x2_position="13560" y2_position="1099" x_position="13560" y_position="26" width="0" height="1073">
          <LineProperties>
            <Attribute name="id" value="0"/>
          </LineProperties>
        </Element>
        <Element type="Line" x2_position="12190" y2_position="1099" x_position="12190" y_position="26" width="0" height="1073">
          <LineProperties>
            <Attribute name="id" value="0"/>
          </LineProperties>
        </Element>
        <Element type="Line" x2_position="16290" y2_position="1076" x_position="30" y_position="1076" width="16260" height="0">
          <LineProperties>
            <Attribute name="id" value="0"/>
          </LineProperties>
        </Element>
        <Element type="Line" x2_position="16320" y2_position="796" x_position="20" y_position="796" width="16300" height="0">
          <LineProperties>
            <Attribute name="id" value="0"/>
          </LineProperties>
        </Element>
        <Element type="Line" x2_position="12200" y2_position="296" x_position="9300" y_position="296" width="2900" height="0">
          <LineProperties>
            <Attribute name="id" value="0"/>
          </LineProperties>
        </Element>
        <Element type="Line" x2_position="10790" y2_position="1080" x_position="10790" y_position="316" width="0" height="764">
          <LineProperties>
            <Attribute name="id" value="0"/>
          </LineProperties>
        </Element>
        <Element type="Line" x2_position="16300" y2_position="0" x_position="0" y_position="0" width="16300" height="301">
          <LineProperties>
            <Attribute name="id" value="0"/>
          </LineProperties>
        </Element>
        <Element type="Line" x2_position="0" y2_position="1099" x_position="0" y_position="0" width="0" height="1099">
          <LineProperties>
            <Attribute name="id" value="0"/>
          </LineProperties>
        </Element>
        <Element type="Line" x2_position="16320" y2_position="1073" x_position="16320" y_position="0" width="0" height="1073">
          <LineProperties>
            <Attribute name="id" value="0"/>
          </LineProperties>
        </Element>
        <Element type="Text" count="1" x_position="600" y_position="350" width="840" height="480">
          <CommonProperties>
            <Attribute name="keep together" value="true"/>
            <Attribute name="close border on page break" value="false"/>
          </CommonProperties>
          <Element type="Paragraph" count="1">
            <CommonProperties>
              <Attribute name="horizontal align" value="2"/>
            </CommonProperties>
            <Element type="TextPart">
              <FontProperties>
                <Attribute name="font name" value="Times New Roman"/>
              </FontProperties>
            <![CDATA[Nomor Bukti]]>
            </Element>
          </Element>
        </Element>
        <Element type="Text" count="1" x_position="1560" y_position="330" width="960" height="480">
          <CommonProperties>
            <Attribute name="keep together" value="true"/>
            <Attribute name="close border on page break" value="false"/>
          </CommonProperties>
          <Element type="Paragraph" count="1">
            <CommonProperties>
              <Attribute name="horizontal align" value="2"/>
            </CommonProperties>
            <Element type="TextPart">
              <FontProperties>
                <Attribute name="font name" value="Times New Roman"/>
              </FontProperties>
            <![CDATA[Tanggal Transaksi]]>
            </Element>
          </Element>
        </Element>
        <Element type="Text" count="1" x_position="2640" y_position="180" width="840" height="640">
          <CommonProperties>
            <Attribute name="keep together" value="true"/>
            <Attribute name="close border on page break" value="false"/>
          </CommonProperties>
          <Element type="Paragraph" count="1">
            <CommonProperties>
              <Attribute name="horizontal align" value="2"/>
            </CommonProperties>
            <Element type="TextPart">
              <FontProperties>
                <Attribute name="font name" value="Times New Roman"/>
              </FontProperties>
            <![CDATA[Tanggal Jatuh Tempo]]>
            </Element>
          </Element>
        </Element>
        <Element type="Text" count="1" x_position="3600" y_position="240" width="1920" height="480">
          <CommonProperties>
            <Attribute name="keep together" value="true"/>
            <Attribute name="close border on page break" value="false"/>
          </CommonProperties>
          <Element type="Paragraph" count="1">
            <CommonProperties>
              <Attribute name="horizontal align" value="2"/>
            </CommonProperties>
            <Element type="TextPart">
              <FontProperties>
                <Attribute name="font name" value="Times New Roman"/>
              </FontProperties>
            <![CDATA[Nama Penanggung Hutang]]>
            </Element>
          </Element>
        </Element>
        <Element type="Text" count="1" x_position="5680" y_position="240" width="1995" height="480">
          <CommonProperties>
            <Attribute name="keep together" value="true"/>
            <Attribute name="close border on page break" value="false"/>
          </CommonProperties>
          <Element type="Paragraph" count="1">
            <CommonProperties>
              <Attribute name="horizontal align" value="2"/>
            </CommonProperties>
            <Element type="TextPart">
              <FontProperties>
                <Attribute name="font name" value="Times New Roman"/>
              </FontProperties>
            <![CDATA[Alamat Penanggung Hutang]]>
            </Element>
          </Element>
        </Element>
        <Element type="Text" count="1" x_position="7800" y_position="360" width="1440" height="221">
          <CommonProperties>
            <Attribute name="keep together" value="true"/>
            <Attribute name="close border on page break" value="false"/>
          </CommonProperties>
          <Element type="Paragraph" count="1">
            <CommonProperties>
              <Attribute name="horizontal align" value="2"/>
            </CommonProperties>
            <Element type="TextPart">
              <FontProperties>
                <Attribute name="font name" value="Times New Roman"/>
              </FontProperties>
            <![CDATA[Jenis Piutang]]>
            </Element>
          </Element>
        </Element>
        <Element type="Text" count="1" x_position="9380" y_position="330" width="1320" height="480">
          <CommonProperties>
            <Attribute name="keep together" value="true"/>
            <Attribute name="close border on page break" value="false"/>
          </CommonProperties>
          <Element type="Paragraph" count="1">
            <CommonProperties>
              <Attribute name="horizontal align" value="2"/>
            </CommonProperties>
            <Element type="TextPart">
              <FontProperties>
                <Attribute name="font name" value="Times New Roman"/>
              </FontProperties>
            <![CDATA[S.D Triwulan Sebelumnya (Rp)]]>
            </Element>
          </Element>
        </Element>
        <Element type="Text" count="1" x_position="10920" y_position="330" width="1155" height="480">
          <CommonProperties>
            <Attribute name="keep together" value="true"/>
            <Attribute name="close border on page break" value="false"/>
          </CommonProperties>
          <Element type="Paragraph" count="1">
            <CommonProperties>
              <Attribute name="horizontal align" value="2"/>
            </CommonProperties>
            <Element type="TextPart">
              <FontProperties>
                <Attribute name="font name" value="Times New Roman"/>
              </FontProperties>
            <![CDATA[Triwulan ini (Rp)]]>
            </Element>
          </Element>
        </Element>
        <Element type="Text" count="1" x_position="12240" y_position="240" width="1200" height="480">
          <CommonProperties>
            <Attribute name="keep together" value="true"/>
            <Attribute name="close border on page break" value="false"/>
          </CommonProperties>
          <Element type="Paragraph" count="1">
            <CommonProperties>
              <Attribute name="horizontal align" value="2"/>
            </CommonProperties>
            <Element type="TextPart">
              <FontProperties>
                <Attribute name="font name" value="Times New Roman"/>
              </FontProperties>
            <![CDATA[Jumlah Piutang (Rp)]]>
            </Element>
          </Element>
        </Element>
        <Element type="Text" count="1" x_position="13630" y_position="240" width="1080" height="480">
          <CommonProperties>
            <Attribute name="keep together" value="true"/>
            <Attribute name="close border on page break" value="false"/>
          </CommonProperties>
          <Element type="Paragraph" count="1">
            <CommonProperties>
              <Attribute name="horizontal align" value="2"/>
            </CommonProperties>
            <Element type="TextPart">
              <FontProperties>
                <Attribute name="font name" value="Times New Roman"/>
              </FontProperties>
            <![CDATA[Jumlah Dibayar (Rp)]]>
            </Element>
          </Element>
        </Element>
        <Element type="Text" count="1" x_position="14880" y_position="240" width="1200" height="600">
          <CommonProperties>
            <Attribute name="keep together" value="true"/>
            <Attribute name="close border on page break" value="false"/>
          </CommonProperties>
          <Element type="Paragraph" count="1">
            <CommonProperties>
              <Attribute name="horizontal align" value="2"/>
            </CommonProperties>
            <Element type="TextPart">
              <FontProperties>
                <Attribute name="font name" value="Times New Roman"/>
              </FontProperties>
            <![CDATA[Sisa Piutang (Rp)]]>
            </Element>
          </Element>
        </Element>
        <Element type="Text" count="1" x_position="9960" y_position="40" width="2040" height="221">
          <CommonProperties>
            <Attribute name="keep together" value="true"/>
            <Attribute name="close border on page break" value="false"/>
          </CommonProperties>
          <Element type="Paragraph" count="1">
            <CommonProperties>
              <Attribute name="horizontal align" value="1"/>
            </CommonProperties>
            <Element type="TextPart">
              <FontProperties>
                <Attribute name="font name" value="Times New Roman"/>
              </FontProperties>
            <![CDATA[Piutang yang Jatuh Tempo]]>
            </Element>
          </Element>
        </Element>
        <Element type="Text" count="1" x_position="40" y_position="360" width="480" height="480">
          <CommonProperties>
            <Attribute name="keep together" value="true"/>
            <Attribute name="close border on page break" value="false"/>
          </CommonProperties>
          <Element type="Paragraph" count="1">
            <CommonProperties>
              <Attribute name="horizontal align" value="2"/>
            </CommonProperties>
            <Element type="TextPart">
              <FontProperties>
                <Attribute name="font name" value="Times New Roman"/>
              </FontProperties>
            <![CDATA[No Urut]]>
            </Element>
          </Element>
        </Element>
        <Element type="Text" count="1" x_position="120" y_position="840" width="360" height="221">
          <CommonProperties>
            <Attribute name="keep together" value="true"/>
            <Attribute name="close border on page break" value="false"/>
          </CommonProperties>
          <Element type="Paragraph" count="1">
            <CommonProperties>
              <Attribute name="horizontal align" value="2"/>
            </CommonProperties>
            <Element type="TextPart">
              <FontProperties>
                <Attribute name="font name" value="Times New Roman"/>
              </FontProperties>
            <![CDATA[1]]>
            </Element>
          </Element>
        </Element>
        <Element type="Text" count="1" x_position="840" y_position="840" width="360" height="221">
          <CommonProperties>
            <Attribute name="keep together" value="true"/>
            <Attribute name="close border on page break" value="false"/>
          </CommonProperties>
          <Element type="Paragraph" count="1">
            <CommonProperties>
              <Attribute name="horizontal align" value="2"/>
            </CommonProperties>
            <Element type="TextPart">
              <FontProperties>
                <Attribute name="font name" value="Times New Roman"/>
              </FontProperties>
            <![CDATA[2]]>
            </Element>
          </Element>
        </Element>
        <Element type="Text" count="1" x_position="1920" y_position="840" width="360" height="221">
          <CommonProperties>
            <Attribute name="keep together" value="true"/>
            <Attribute name="close border on page break" value="false"/>
          </CommonProperties>
          <Element type="Paragraph" count="1">
            <CommonProperties>
              <Attribute name="horizontal align" value="2"/>
            </CommonProperties>
            <Element type="TextPart">
              <FontProperties>
                <Attribute name="font name" value="Times New Roman"/>
              </FontProperties>
            <![CDATA[3]]>
            </Element>
          </Element>
        </Element>
        <Element type="Text" count="1" x_position="2880" y_position="840" width="360" height="221">
          <CommonProperties>
            <Attribute name="keep together" value="true"/>
            <Attribute name="close border on page break" value="false"/>
          </CommonProperties>
          <Element type="Paragraph" count="1">
            <CommonProperties>
              <Attribute name="horizontal align" value="2"/>
            </CommonProperties>
            <Element type="TextPart">
              <FontProperties>
                <Attribute name="font name" value="Times New Roman"/>
              </FontProperties>
            <![CDATA[4]]>
            </Element>
          </Element>
        </Element>
        <Element type="Text" count="1" x_position="4440" y_position="840" width="360" height="221">
          <CommonProperties>
            <Attribute name="keep together" value="true"/>
            <Attribute name="close border on page break" value="false"/>
          </CommonProperties>
          <Element type="Paragraph" count="1">
            <CommonProperties>
              <Attribute name="horizontal align" value="2"/>
            </CommonProperties>
            <Element type="TextPart">
              <FontProperties>
                <Attribute name="font name" value="Times New Roman"/>
              </FontProperties>
            <![CDATA[5]]>
            </Element>
          </Element>
        </Element>
        <Element type="Text" count="1" x_position="6600" y_position="840" width="360" height="221">
          <CommonProperties>
            <Attribute name="keep together" value="true"/>
            <Attribute name="close border on page break" value="false"/>
          </CommonProperties>
          <Element type="Paragraph" count="1">
            <CommonProperties>
              <Attribute name="horizontal align" value="2"/>
            </CommonProperties>
            <Element type="TextPart">
              <FontProperties>
                <Attribute name="font name" value="Times New Roman"/>
              </FontProperties>
            <![CDATA[6]]>
            </Element>
          </Element>
        </Element>
        <Element type="Text" count="1" x_position="8400" y_position="840" width="360" height="221">
          <CommonProperties>
            <Attribute name="keep together" value="true"/>
            <Attribute name="close border on page break" value="false"/>
          </CommonProperties>
          <Element type="Paragraph" count="1">
            <CommonProperties>
              <Attribute name="horizontal align" value="2"/>
            </CommonProperties>
            <Element type="TextPart">
              <FontProperties>
                <Attribute name="font name" value="Times New Roman"/>
              </FontProperties>
            <![CDATA[7]]>
            </Element>
          </Element>
        </Element>
        <Element type="Text" count="1" x_position="9840" y_position="840" width="360" height="221">
          <CommonProperties>
            <Attribute name="keep together" value="true"/>
            <Attribute name="close border on page break" value="false"/>
          </CommonProperties>
          <Element type="Paragraph" count="1">
            <CommonProperties>
              <Attribute name="horizontal align" value="2"/>
            </CommonProperties>
            <Element type="TextPart">
              <FontProperties>
                <Attribute name="font name" value="Times New Roman"/>
              </FontProperties>
            <![CDATA[8]]>
            </Element>
          </Element>
        </Element>
        <Element type="Text" count="1" x_position="11280" y_position="840" width="360" height="221">
          <CommonProperties>
            <Attribute name="keep together" value="true"/>
            <Attribute name="close border on page break" value="false"/>
          </CommonProperties>
          <Element type="Paragraph" count="1">
            <CommonProperties>
              <Attribute name="horizontal align" value="2"/>
            </CommonProperties>
            <Element type="TextPart">
              <FontProperties>
                <Attribute name="font name" value="Times New Roman"/>
              </FontProperties>
            <![CDATA[9]]>
            </Element>
          </Element>
        </Element>
        <Element type="Text" count="1" x_position="12480" y_position="840" width="840" height="221">
          <CommonProperties>
            <Attribute name="keep together" value="true"/>
            <Attribute name="close border on page break" value="false"/>
          </CommonProperties>
          <Element type="Paragraph" count="1">
            <CommonProperties>
              <Attribute name="horizontal align" value="2"/>
            </CommonProperties>
            <Element type="TextPart">
              <FontProperties>
                <Attribute name="font name" value="Times New Roman"/>
              </FontProperties>
            <![CDATA[10 = 8 + 9]]>
            </Element>
          </Element>
        </Element>
        <Element type="Text" count="1" x_position="14040" y_position="840" width="360" height="221">
          <CommonProperties>
            <Attribute name="keep together" value="true"/>
            <Attribute name="close border on page break" value="false"/>
          </CommonProperties>
          <Element type="Paragraph" count="1">
            <CommonProperties>
              <Attribute name="horizontal align" value="2"/>
            </CommonProperties>
            <Element type="TextPart">
              <FontProperties>
                <Attribute name="font name" value="Times New Roman"/>
              </FontProperties>
            <![CDATA[11]]>
            </Element>
          </Element>
        </Element>
        <Element type="Text" count="1" x_position="15120" y_position="840" width="840" height="221">
          <CommonProperties>
            <Attribute name="keep together" value="true"/>
            <Attribute name="close border on page break" value="false"/>
          </CommonProperties>
          <Element type="Paragraph" count="1">
            <CommonProperties>
              <Attribute name="horizontal align" value="2"/>
            </CommonProperties>
            <Element type="TextPart">
              <FontProperties>
                <Attribute name="font name" value="Times New Roman"/>
              </FontProperties>
            <![CDATA[12 = 10 - 11]]>
            </Element>
          </Element>
        </Element>
      </Section>
    </Area>
    <Area type="PageFooter" count="1">
      <AreaProperties>
        <Attribute name="print at bottom of page" value="true"/>
        <Attribute name="new page after" value="true"/>
        <Attribute name="keep together" value="true"/>
        <Attribute name="hold minimal pagefooter free" value="1"/>
      </AreaProperties>
      <Section type="PageFooter" count="0" width="16457" height="600" id="1">
        <SectionProperties>
          <Attribute name="keep together" value="true"/>
          <Attribute name="hold minimal pagefooter free" value="1"/>
        </SectionProperties>
      </Section>
    </Area>
  </AreaPair>
  <AreaPair type="ReportAreaPair" id="0">
    <Area type="ReportHeader" count="1">
      <AreaProperties>
        <Attribute name="new page before" value="true"/>
        <Attribute name="hold minimal pagefooter free" value="1"/>
      </AreaProperties>
      <Section type="ReportHeader" count="11" width="16457" height="3204" id="2">
        <SectionProperties>
          <Attribute name="keep together" value="true"/>
          <Attribute name="hold minimal pagefooter free" value="1"/>
        </SectionProperties>
        <Element type="Picture" x_position="120" y_position="360" width="840" height="960">
          <CommonProperties>
            <Attribute name="keep together" value="true"/>
            <Attribute name="close border on page break" value="false"/>
          </CommonProperties>
          <PictureProperties>
            <Attribute name="scale width" value="0.747"/>
            <Attribute name="scale height" value="0.587"/>
            <Attribute name="scale option" value="1"/>
            <Attribute name="id" value="1"/>
          </PictureProperties>
        </Element>
        <Element type="Text" count="2" x_position="1080" y_position="360" width="2640" height="480">
          <CommonProperties>
            <Attribute name="keep together" value="true"/>
            <Attribute name="close border on page break" value="false"/>
          </CommonProperties>
          <Element type="Paragraph" count="1">
            <CommonProperties>
              <Attribute name="horizontal align" value="1"/>
            </CommonProperties>
            <Element type="TextPart">
              <FontProperties>
                <Attribute name="font name" value="Times New Roman"/>
                <Attribute name="font size" value="200"/>
              </FontProperties>
            <![CDATA[PT. PLN PERSERO]]>
            </Element>
          </Element>
          <Element type="Paragraph" count="1">
            <CommonProperties>
              <Attribute name="horizontal align" value="1"/>
            </CommonProperties>
            <Element type="TextPart">
              <FontProperties>
                <Attribute name="font name" value="Times New Roman"/>
                <Attribute name="font size" value="200"/>
              </FontProperties>
            <![CDATA[DISTRIBUSI JATENG & DIY]]>
            </Element>
          </Element>
        </Element>
        <Element type="Text" count="1" x_position="1080" y_position="840" width="480" height="240">
          <CommonProperties>
            <Attribute name="keep together" value="true"/>
            <Attribute name="close border on page break" value="false"/>
          </CommonProperties>
          <Element type="Paragraph" count="1">
            <CommonProperties>
              <Attribute name="horizontal align" value="1"/>
            </CommonProperties>
            <Element type="TextPart">
              <FontProperties>
                <Attribute name="font name" value="Times New Roman"/>
                <Attribute name="font size" value="200"/>
              </FontProperties>
            <![CDATA[APJ :]]>
            </Element>
          </Element>
        </Element>
        <Element type="Text" count="1" x_position="1080" y_position="1080" width="480" height="240">
          <CommonProperties>
            <Attribute name="keep together" value="true"/>
            <Attribute name="close border on page break" value="false"/>
          </CommonProperties>
          <Element type="Paragraph" count="1">
            <CommonProperties>
              <Attribute name="horizontal align" value="1"/>
            </CommonProperties>
            <Element type="TextPart">
              <FontProperties>
                <Attribute name="font name" value="Times New Roman"/>
                <Attribute name="font size" value="200"/>
              </FontProperties>
            <![CDATA[UPJ :]]>
            </Element>
          </Element>
        </Element>
        <Element type="Text" count="1" x_position="14160" y_position="360" width="1920" height="240">
          <CommonProperties>
            <Attribute name="keep together" value="true"/>
            <Attribute name="close border on page break" value="false"/>
          </CommonProperties>
          <Element type="Paragraph" count="1">
            <CommonProperties>
              <Attribute name="horizontal align" value="1"/>
            </CommonProperties>
            <Element type="TextPart">
              <FontProperties>
                <Attribute name="font name" value="Times New Roman"/>
                <Attribute name="font size" value="200"/>
              </FontProperties>
            <![CDATA[Formulir : DPLJT]]>
            </Element>
          </Element>
        </Element>
        <Element type="Text" count="1" x_position="14160" y_position="600" width="1920" height="240">
          <CommonProperties>
            <Attribute name="keep together" value="true"/>
            <Attribute name="close border on page break" value="false"/>
          </CommonProperties>
          <Element type="Paragraph" count="1">
            <CommonProperties>
              <Attribute name="horizontal align" value="1"/>
            </CommonProperties>
            <Element type="TextPart">
              <FontProperties>
                <Attribute name="font name" value="Times New Roman"/>
                <Attribute name="font size" value="200"/>
              </FontProperties>
            <![CDATA[Lampiran : IX]]>
            </Element>
          </Element>
        </Element>
        <Element type="Text" count="1" x_position="5760" y_position="1920" width="6000" height="240">
          <CommonProperties>
            <Attribute name="keep together" value="true"/>
            <Attribute name="close border on page break" value="false"/>
          </CommonProperties>
          <Element type="Paragraph" count="1">
            <CommonProperties>
              <Attribute name="horizontal align" value="1"/>
            </CommonProperties>
            <Element type="TextPart">
              <FontProperties>
                <Attribute name="font name" value="Times New Roman"/>
                <Attribute name="font size" value="240"/>
                <Attribute name="font style" value="1"/>
              </FontProperties>
            <![CDATA[DAFTAR PIUTANG LAINNYA YANG JATUH TEMPO]]>
            </Element>
          </Element>
        </Element>
        <Element type="Text" count="1" x_position="6560" y_position="2280" width="1560" height="240">
          <CommonProperties>
            <Attribute name="keep together" value="true"/>
            <Attribute name="close border on page break" value="false"/>
          </CommonProperties>
          <Element type="Paragraph" count="1">
            <CommonProperties>
              <Attribute name="horizontal align" value="1"/>
            </CommonProperties>
            <Element type="TextPart">
              <FontProperties>
                <Attribute name="font name" value="Times New Roman"/>
                <Attribute name="font size" value="240"/>
                <Attribute name="font style" value="1"/>
              </FontProperties>
            <![CDATA[TRIWULAN :]]>
            </Element>
          </Element>
        </Element>
        <Element type="Text" count="1" x_position="6480" y_position="2640" width="1560" height="240">
          <CommonProperties>
            <Attribute name="keep together" value="true"/>
            <Attribute name="close border on page break" value="false"/>
          </CommonProperties>
          <Element type="Paragraph" count="1">
            <CommonProperties>
              <Attribute name="horizontal align" value="3"/>
            </CommonProperties>
            <Element type="TextPart">
              <FontProperties>
                <Attribute name="font name" value="Times New Roman"/>
                <Attribute name="font size" value="240"/>
                <Attribute name="font style" value="1"/>
              </FontProperties>
            <![CDATA[Nomor :]]>
            </Element>
          </Element>
        </Element>
        <Element type="FieldElement" x_position="1680" y_position="840" width="1995" height="221">
          <CommonProperties>
            <Attribute name="keep together" value="true"/>
            <Attribute name="close border on page break" value="false"/>
          </CommonProperties>
          <FontProperties>
            <Attribute name="font name" value="Times New Roman"/>
            <Attribute name="font size" value="200"/>
          </FontProperties>
          <Reference name="field" type="DatabaseField" refname="DPLJTTEMPO.UNITAP"/>
        </Element>
        <Element type="FieldElement" x_position="1680" y_position="1080" width="1995" height="221">
          <CommonProperties>
            <Attribute name="keep together" value="true"/>
            <Attribute name="close border on page break" value="false"/>
          </CommonProperties>
          <FontProperties>
            <Attribute name="font name" value="Arial"/>
            <Attribute name="font size" value="200"/>
          </FontProperties>
          <Reference name="field" type="DatabaseField" refname="DPLJTTEMPO.UNITUP"/>
        </Element>
      </Section>
    </Area>
    <Area type="ReportFooter" count="1">
      <AreaProperties>
        <Attribute name="new page after" value="true"/>
        <Attribute name="hold minimal pagefooter free" value="1"/>
      </AreaProperties>
      <Section type="ReportFooter" count="17" width="16457" height="2021" id="3">
        <SectionProperties>
          <Attribute name="keep together" value="true"/>
          <Attribute name="hold minimal pagefooter free" value="1"/>
        </SectionProperties>
        <Element type="Line" x2_position="16300" y2_position="276" x_position="0" y_position="276" width="16300" height="0">
          <LineProperties>
            <Attribute name="id" value="3"/>
          </LineProperties>
        </Element>
        <Element type="Line" x2_position="0" y2_position="285" x_position="0" y_position="1" width="0" height="284">
          <LineProperties>
            <Attribute name="id" value="3"/>
          </LineProperties>
        </Element>
        <Element type="Line" x2_position="9289" y2_position="284" x_position="9289" y_position="0" width="0" height="284">
          <LineProperties>
            <Attribute name="id" value="3"/>
          </LineProperties>
        </Element>
        <Element type="Line" x2_position="10796" y2_position="284" x_position="10796" y_position="0" width="0" height="284">
          <LineProperties>
            <Attribute name="id" value="3"/>
          </LineProperties>
        </Element>
        <Element type="Line" x2_position="12199" y2_position="284" x_position="12199" y_position="0" width="0" height="284">
          <LineProperties>
            <Attribute name="id" value="3"/>
          </LineProperties>
        </Element>
        <Element type="Line" x2_position="13568" y2_position="284" x_position="13568" y_position="0" width="0" height="284">
          <LineProperties>
            <Attribute name="id" value="3"/>
          </LineProperties>
        </Element>
        <Element type="Line" x2_position="14798" y2_position="284" x_position="14798" y_position="0" width="0" height="284">
          <LineProperties>
            <Attribute name="id" value="3"/>
          </LineProperties>
        </Element>
        <Element type="Line" x2_position="16320" y2_position="284" x_position="16320" y_position="0" width="0" height="284">
          <LineProperties>
            <Attribute name="id" value="3"/>
          </LineProperties>
        </Element>
        <Element type="Text" count="1" x_position="3720" y_position="0" width="1440" height="221">
          <CommonProperties>
            <Attribute name="keep together" value="true"/>
            <Attribute name="close border on page break" value="false"/>
          </CommonProperties>
          <Element type="Paragraph" count="1">
            <CommonProperties>
              <Attribute name="horizontal align" value="2"/>
            </CommonProperties>
            <Element type="TextPart">
              <FontProperties>
                <Attribute name="font name" value="Times New Roman"/>
              </FontProperties>
            <![CDATA[J u m l a h]]>
            </Element>
          </Element>
        </Element>
        <Element type="FieldElement" x_position="9360" y_position="0" width="1320" height="230">
          <CommonProperties>
            <Attribute name="keep together" value="true"/>
            <Attribute name="close border on page break" value="false"/>
          </CommonProperties>
          <FontProperties>
            <Attribute name="font name" value="Times New Roman"/>
          </FontProperties>
          <NumberProperties>
            <Attribute name="thousand separators symbol" value=","/>
            <Attribute name="decimal separators symbol" value="."/>
            <Attribute name="currency symbol" value=""/>
          </NumberProperties>
          <Reference name="field" type="SummaryField" refname="#Sum (DPLJTTEMPO.TRIWULANBELUM)"/>
        </Element>
        <Element type="FieldElement" x_position="10920" y_position="0" width="1155" height="230">
          <CommonProperties>
            <Attribute name="keep together" value="true"/>
            <Attribute name="close border on page break" value="false"/>
          </CommonProperties>
          <FontProperties>
            <Attribute name="font name" value="Times New Roman"/>
          </FontProperties>
          <NumberProperties>
            <Attribute name="thousand separators symbol" value=","/>
            <Attribute name="decimal separators symbol" value="."/>
            <Attribute name="currency symbol" value=""/>
          </NumberProperties>
          <Reference name="field" type="SummaryField" refname="#Sum (DPLJTTEMPO.TRIWULANINI)"/>
        </Element>
        <Element type="FieldElement" x_position="12280" y_position="0" width="1200" height="230">
          <CommonProperties>
            <Attribute name="keep together" value="true"/>
            <Attribute name="close border on page break" value="false"/>
          </CommonProperties>
          <FontProperties>
            <Attribute name="font name" value="Times New Roman"/>
          </FontProperties>
          <NumberProperties>
            <Attribute name="thousand separators symbol" value=","/>
            <Attribute name="decimal separators symbol" value="."/>
            <Attribute name="currency symbol" value=""/>
          </NumberProperties>
          <Reference name="field" type="SummaryField" refname="#Sum (@jmlpiutang)"/>
        </Element>
        <Element type="FieldElement" x_position="13630" y_position="0" width="1080" height="230">
          <CommonProperties>
            <Attribute name="keep together" value="true"/>
            <Attribute name="close border on page break" value="false"/>
          </CommonProperties>
          <FontProperties>
            <Attribute name="font name" value="Times New Roman"/>
          </FontProperties>
          <NumberProperties>
            <Attribute name="thousand separators symbol" value=","/>
            <Attribute name="decimal separators symbol" value="."/>
            <Attribute name="currency symbol" value=""/>
          </NumberProperties>
          <Reference name="field" type="SummaryField" refname="#Sum (DPLJTTEMPO.RUPIAH)"/>
        </Element>
        <Element type="FieldElement" x_position="14880" y_position="0" width="1320" height="230">
          <CommonProperties>
            <Attribute name="keep together" value="true"/>
            <Attribute name="close border on page break" value="false"/>
          </CommonProperties>
          <FontProperties>
            <Attribute name="font name" value="Times New Roman"/>
          </FontProperties>
          <NumberProperties>
            <Attribute name="thousand separators symbol" value=","/>
            <Attribute name="decimal separators symbol" value="."/>
            <Attribute name="currency symbol" value=""/>
          </NumberProperties>
          <Reference name="field" type="SummaryField" refname="#Sum (@SISA)"/>
        </Element>
        <Element type="FieldElement" x_position="13320" y_position="600" width="1650" height="221">
          <CommonProperties>
            <Attribute name="horizontal align" value="3"/>
            <Attribute name="keep together" value="true"/>
            <Attribute name="close border on page break" value="false"/>
          </CommonProperties>
          <FontProperties>
            <Attribute name="font name" value="Times New Roman"/>
          </FontProperties>
          <DateProperties>
            <Attribute name="date windows default type" value="2"/>
            <Attribute name="date order" value="1"/>
            <Attribute name="year type" value="1"/>
            <Attribute name="month type" value="3"/>
          </DateProperties>
          <Reference name="field" type="SpecialVarField" id="4"/>
        </Element>
        <Element type="FieldElement" x_position="13320" y_position="1800" width="1995" height="221">
          <CommonProperties>
            <Attribute name="horizontal align" value="2"/>
            <Attribute name="keep together" value="true"/>
            <Attribute name="close border on page break" value="false"/>
          </CommonProperties>
          <FontProperties>
            <Attribute name="font name" value="Arial"/>
            <Attribute name="font size" value="160"/>
          </FontProperties>
          <Reference name="field" type="PromptVarField" refname="?NAMAA"/>
        </Element>
        <Element type="FieldElement" x_position="13320" y_position="960" width="1995" height="221">
          <CommonProperties>
            <Attribute name="horizontal align" value="2"/>
            <Attribute name="keep together" value="true"/>
            <Attribute name="close border on page break" value="false"/>
          </CommonProperties>
          <FontProperties>
            <Attribute name="font name" value="Arial"/>
            <Attribute name="font size" value="160"/>
          </FontProperties>
          <Reference name="field" type="PromptVarField" refname="?JABATANA"/>
        </Element>
      </Section>
    </Area>
  </AreaPair>
  <AreaPair type="DetailArea" id="1">
    <Area type="Detail" count="1">
      <AreaProperties>
        <Attribute name="hold minimal pagefooter free" value="1"/>
      </AreaProperties>
      <Section type="Detail" count="26" width="16457" height="300" id="4">
        <SectionProperties>
          <Attribute name="keep together" value="true"/>
          <Attribute name="hold minimal pagefooter free" value="1"/>
        </SectionProperties>
        <Element type="Line" x2_position="16320" y2_position="276" x_position="20" y_position="276" width="16300" height="0">
          <LineProperties>
            <Attribute name="id" value="4"/>
          </LineProperties>
        </Element>
        <Element type="Line" x2_position="0" y2_position="284" x_position="0" y_position="0" width="0" height="284">
          <LineProperties>
            <Attribute name="id" value="4"/>
          </LineProperties>
        </Element>
        <Element type="Line" x2_position="559" y2_position="284" x_position="559" y_position="0" width="0" height="284">
          <LineProperties>
            <Attribute name="id" value="4"/>
          </LineProperties>
        </Element>
        <Element type="Line" x2_position="1478" y2_position="284" x_position="1478" y_position="0" width="0" height="284">
          <LineProperties>
            <Attribute name="id" value="4"/>
          </LineProperties>
        </Element>
        <Element type="Line" x2_position="2573" y2_position="284" x_position="2573" y_position="0" width="0" height="284">
          <LineProperties>
            <Attribute name="id" value="4"/>
          </LineProperties>
        </Element>
        <Element type="Line" x2_position="3559" y2_position="284" x_position="3559" y_position="0" width="0" height="284">
          <LineProperties>
            <Attribute name="id" value="4"/>
          </LineProperties>
        </Element>
        <Element type="Line" x2_position="5659" y2_position="284" x_position="5659" y_position="0" width="0" height="284">
          <LineProperties>
            <Attribute name="id" value="4"/>
          </LineProperties>
        </Element>
        <Element type="Line" x2_position="7759" y2_position="284" x_position="7759" y_position="0" width="0" height="284">
          <LineProperties>
            <Attribute name="id" value="4"/>
          </LineProperties>
        </Element>
        <Element type="Line" x2_position="9289" y2_position="284" x_position="9289" y_position="0" width="0" height="284">
          <LineProperties>
            <Attribute name="id" value="4"/>
          </LineProperties>
        </Element>
        <Element type="Line" x2_position="10796" y2_position="284" x_position="10796" y_position="0" width="0" height="284">
          <LineProperties>
            <Attribute name="id" value="4"/>
          </LineProperties>
        </Element>
        <Element type="Line" x2_position="12199" y2_position="284" x_position="12199" y_position="0" width="0" height="284">
          <LineProperties>
            <Attribute name="id" value="4"/>
          </LineProperties>
        </Element>
        <Element type="Line" x2_position="13571" y2_position="284" x_position="13571" y_position="0" width="0" height="284">
          <LineProperties>
            <Attribute name="id" value="4"/>
          </LineProperties>
        </Element>
        <Element type="Line" x2_position="14798" y2_position="284" x_position="14798" y_position="0" width="0" height="284">
          <LineProperties>
            <Attribute name="id" value="4"/>
          </LineProperties>
        </Element>
        <Element type="Line" x2_position="16320" y2_position="284" x_position="16320" y_position="0" width="0" height="284">
          <LineProperties>
            <Attribute name="id" value="4"/>
          </LineProperties>
        </Element>
        <Element type="FieldElement" x_position="600" y_position="50" width="840" height="221">
          <CommonProperties>
            <Attribute name="keep together" value="true"/>
            <Attribute name="close border on page break" value="false"/>
          </CommonProperties>
          <FontProperties>
            <Attribute name="font name" value="Times New Roman"/>
          </FontProperties>
          <Reference name="field" type="DatabaseField" refname="DPLJTTEMPO.NOBUKTI"/>
        </Element>
        <Element type="FieldElement" x_position="1560" y_position="50" width="960" height="221">
          <CommonProperties>
            <Attribute name="keep together" value="true"/>
            <Attribute name="close border on page break" value="false"/>
          </CommonProperties>
          <FontProperties>
            <Attribute name="font name" value="Times New Roman"/>
          </FontProperties>
          <DateProperties>
            <Attribute name="date windows default type" value="2"/>
            <Attribute name="date order" value="2"/>
            <Attribute name="year type" value="1"/>
            <Attribute name="date first separator" value="/"/>
            <Attribute name="date second separator" value="/"/>
          </DateProperties>
          <TimeProperties>
            <Attribute name="system default time type" value="2"/>
            <Attribute name="time base" value="1"/>
            <Attribute name="hour type" value="1"/>
            <Attribute name="second type" value="2"/>
            <Attribute name="minute second separator" value=""/>
            <Attribute name="am string" value=" am"/>
            <Attribute name="pm string" value=" pm"/>
          </TimeProperties>
          <DateTimeProperties>
            <Attribute name="date time order" value="2"/>
          </DateTimeProperties>
          <Reference name="field" type="DatabaseField" refname="DPLJTTEMPO.TGLTRANSAKSI"/>
        </Element>
        <Element type="FieldElement" x_position="2640" y_position="50" width="840" height="221">
          <CommonProperties>
            <Attribute name="keep together" value="true"/>
            <Attribute name="close border on page break" value="false"/>
          </CommonProperties>
          <FontProperties>
            <Attribute name="font name" value="Times New Roman"/>
          </FontProperties>
          <DateProperties>
            <Attribute name="date windows default type" value="2"/>
            <Attribute name="date order" value="2"/>
            <Attribute name="year type" value="1"/>
            <Attribute name="date first separator" value="/"/>
            <Attribute name="date second separator" value="/"/>
          </DateProperties>
          <TimeProperties>
            <Attribute name="system default time type" value="2"/>
            <Attribute name="time base" value="1"/>
            <Attribute name="hour type" value="1"/>
            <Attribute name="second type" value="2"/>
            <Attribute name="minute second separator" value=""/>
            <Attribute name="am string" value=" am"/>
            <Attribute name="pm string" value=" pm"/>
          </TimeProperties>
          <DateTimeProperties>
            <Attribute name="date time order" value="2"/>
          </DateTimeProperties>
          <Reference name="field" type="DatabaseField" refname="DPLJTTEMPO.TGLJTTEMPO"/>
        </Element>
        <Element type="FieldElement" x_position="3600" y_position="50" width="1995" height="221">
          <CommonProperties>
            <Attribute name="keep together" value="true"/>
            <Attribute name="close border on page break" value="false"/>
          </CommonProperties>
          <FontProperties>
            <Attribute name="font name" value="Times New Roman"/>
          </FontProperties>
          <Reference name="field" type="DatabaseField" refname="DPLJTTEMPO.NAMA"/>
        </Element>
        <Element type="FieldElement" x_position="5700" y_position="50" width="1995" height="221">
          <CommonProperties>
            <Attribute name="keep together" value="true"/>
            <Attribute name="close border on page break" value="false"/>
          </CommonProperties>
          <FontProperties>
            <Attribute name="font name" value="Times New Roman"/>
          </FontProperties>
          <Reference name="field" type="DatabaseField" refname="DPLJTTEMPO.ALAMAT"/>
        </Element>
        <Element type="FieldElement" x_position="7800" y_position="50" width="1440" height="221">
          <CommonProperties>
            <Attribute name="keep together" value="true"/>
            <Attribute name="close border on page break" value="false"/>
          </CommonProperties>
          <FontProperties>
            <Attribute name="font name" value="Times New Roman"/>
          </FontProperties>
          <Reference name="field" type="DatabaseField" refname="DPLJTTEMPO.JNSPIUTANG"/>
        </Element>
        <Element type="FieldElement" x_position="9360" y_position="50" width="1320" height="221">
          <CommonProperties>
            <Attribute name="keep together" value="true"/>
            <Attribute name="close border on page break" value="false"/>
          </CommonProperties>
          <FontProperties>
            <Attribute name="font name" value="Times New Roman"/>
          </FontProperties>
          <NumberProperties>
            <Attribute name="thousand separators symbol" value=","/>
            <Attribute name="decimal separators symbol" value="."/>
            <Attribute name="currency symbol" value=""/>
          </NumberProperties>
          <Reference name="field" type="DatabaseField" refname="DPLJTTEMPO.TRIWULANBELUM"/>
        </Element>
        <Element type="FieldElement" x_position="10920" y_position="50" width="1155" height="221">
          <CommonProperties>
            <Attribute name="keep together" value="true"/>
            <Attribute name="close border on page break" value="false"/>
          </CommonProperties>
          <FontProperties>
            <Attribute name="font name" value="Times New Roman"/>
          </FontProperties>
          <NumberProperties>
            <Attribute name="thousand separators symbol" value=","/>
            <Attribute name="decimal separators symbol" value="."/>
            <Attribute name="currency symbol" value=""/>
          </NumberProperties>
          <Reference name="field" type="DatabaseField" refname="DPLJTTEMPO.TRIWULANINI"/>
        </Element>
        <Element type="FieldElement" x_position="13630" y_position="50" width="1080" height="221">
          <CommonProperties>
            <Attribute name="keep together" value="true"/>
            <Attribute name="close border on page break" value="false"/>
          </CommonProperties>
          <FontProperties>
            <Attribute name="font name" value="Times New Roman"/>
          </FontProperties>
          <NumberProperties>
            <Attribute name="thousand separators symbol" value=","/>
            <Attribute name="decimal separators symbol" value="."/>
            <Attribute name="currency symbol" value=""/>
          </NumberProperties>
          <Reference name="field" type="DatabaseField" refname="DPLJTTEMPO.RUPIAH"/>
        </Element>
        <Element type="FieldElement" x_position="120" y_position="50" width="360" height="221">
          <CommonProperties>
            <Attribute name="keep together" value="true"/>
            <Attribute name="close border on page break" value="false"/>
          </CommonProperties>
          <FontProperties>
            <Attribute name="font name" value="Times New Roman"/>
          </FontProperties>
          <NumberProperties>
            <Attribute name="n decimal places" value="0"/>
            <Attribute name="rounding type" value="11"/>
            <Attribute name="thousand separators symbol" value=","/>
            <Attribute name="decimal separators symbol" value="."/>
            <Attribute name="currency symbol" value=""/>
          </NumberProperties>
          <Reference name="field" type="SpecialVarField" id="13"/>
        </Element>
        <Element type="FieldElement" x_position="12280" y_position="50" width="1200" height="221">
          <CommonProperties>
            <Attribute name="keep together" value="true"/>
            <Attribute name="close border on page break" value="false"/>
          </CommonProperties>
          <FontProperties>
            <Attribute name="font name" value="Times New Roman"/>
          </FontProperties>
          <NumberProperties>
            <Attribute name="thousand separators symbol" value=","/>
            <Attribute name="decimal separators symbol" value="."/>
            <Attribute name="currency symbol" value=""/>
          </NumberProperties>
          <Reference name="field" type="FormulaField" refname="@jmlpiutang"/>
        </Element>
        <Element type="FieldElement" x_position="14880" y_position="50" width="1320" height="221">
          <CommonProperties>
            <Attribute name="keep together" value="true"/>
            <Attribute name="close border on page break" value="false"/>
          </CommonProperties>
          <FontProperties>
            <Attribute name="font name" value="Times New Roman"/>
          </FontProperties>
          <NumberProperties>
            <Attribute name="thousand separators symbol" value=","/>
            <Attribute name="decimal separators symbol" value="."/>
            <Attribute name="currency symbol" value=""/>
          </NumberProperties>
          <Reference name="field" type="FormulaField" refname="@SISA"/>
        </Element>
      </Section>
    </Area>
  </AreaPair>
<Image count="9398" name="embedding 1">
<![CDATA[
66 77 -74 36 0 0 0 0 0 0 54 4 0 0 40 0 0 0 75 0 0 0 109 0 0 0 1 0 8 0 0 0 0 
0 0 0 0 0 -61 14 0 0 -61 14 0 0 0 0 0 0 0 0 0 0 0 0 0 -1 64 0 0 -1 -128 0 0 
-1 -1 0 0 -1 0 32 0 -1 64 32 0 -1 -128 32 0 -1 -1 32 0 -1 0 64 0 -1 64 64 0 -1 -128 64 0 
-1 -1 64 0 -1 0 96 0 -1 64 96 0 -1 -128 96 0 -1 -1 96 0 -1 0 -128 0 -1 64 -128 0 -1 -128 -128 0 
-1 -1 -128 0 -1 0 -96 0 -1 64 -96 0 -1 -128 -96 0 -1 -1 -96 0 -1 0 -64 0 -1 64 -64 0 -1 -128 -64 0 
-1 -1 -64 0 -1 0 -1 0 -1 64 -1 0 -1 -128 -1 0 -1 -1 -1 0 -1 0 0 32 -1 64 0 32 -1 -128 0 32 
-1 -1 0 32 -1 0 32 32 -1 64 32 32 -1 -128 32 32 -1 -1 32 32 -1 0 64 32 -1 64 64 32 -1 -128 64 32 
-1 -1 64 32 -1 0 96 32 -1 64 96 32 -1 -128 96 32 -1 -1 96 32 -1 0 -128 32 -1 64 -128 32 -1 -128 -128 32 
-1 -1 -128 32 -1 0 -96 32 -1 64 -96 32 -1 -128 -96 32 -1 -1 -96 32 -1 0 -64 32 -1 64 -64 32 -1 -128 -64 32 
-1 -1 -64 32 -1 0 -1 32 -1 64 -1 32 -1 -128 -1 32 -1 -1 -1 32 -1 0 0 64 -1 64 0 64 -1 -128 0 64 
-1 -1 0 64 -1 0 32 64 -1 64 32 64 -1 -128 32 64 -1 -1 32 64 -1 0 64 64 -1 64 64 64 -1 -128 64 64 
-1 -1 64 64 -1 0 96 64 -1 64 96 64 -1 -128 96 64 -1 -1 96 64 -1 0 -128 64 -1 64 -128 64 -1 -128 -128 64 
-1 -1 -128 64 -1 0 -96 64 -1 64 -96 64 -1 -128 -96 64 -1 -1 -96 64 -1 0 -64 64 -1 64 -64 64 -1 -128 -64 64 
-1 -1 -64 64 -1 0 -1 64 -1 64 -1 64 -1 -128 -1 64 -1 -1 -1 64 -1 0 0 96 -1 64 0 96 -1 -128 0 96 
-1 -1 0 96 -1 0 32 96 -1 64 32 96 -1 -128 32 96 -1 -1 32 96 -1 0 64 96 -1 64 64 96 -1 -128 64 96 
-1 -1 64 96 -1 0 96 96 -1 64 96 96 -1 -128 96 96 -1 -1 96 96 -1 0 -128 96 -1 64 -128 96 -1 -128 -128 96 
-1 -1 -128 96 -1 0 -96 96 -1 64 -96 96 -1 -128 -96 96 -1 -1 -96 96 -1 0 -64 96 -1 64 -64 96 -1 -128 -64 96 
-1 -1 -64 96 -1 0 -1 96 -1 64 -1 96 -1 -128 -1 96 -1 -1 -1 96 -1 0 0 -128 -1 64 0 -128 -1 -128 0 -128 
-1 -1 0 -128 -1 0 32 -128 -1 64 32 -128 -1 -128 32 -128 -1 -1 32 -128 -1 0 64 -128 -1 64 64 -128 -1 -128 64 -128 
-1 -1 64 -128 -1 0 96 -128 -1 64 96 -128 -1 -128 96 -128 -1 -1 96 -128 -1 0 -128 -128 -1 64 -128 -128 -1 -128 -128 -128 
-1 -1 -128 -128 -1 0 -96 -128 -1 64 -96 -128 -1 -128 -96 -128 -1 -1 -96 -128 -1 0 -64 -128 -1 64 -64 -128 -1 -128 -64 -128 
-1 -1 -64 -128 -1 0 -1 -128 -1 64 -1 -128 -1 -128 -1 -128 -1 -1 -1 -128 -1 0 0 -96 -1 64 0 -96 -1 -128 0 -96 
-1 -1 0 -96 -1 0 32 -96 -1 64 32 -96 -1 -128 32 -96 -1 -1 32 -96 -1 0 64 -96 -1 64 64 -96 -1 -128 64 -96 
-1 -1 64 -96 -1 0 96 -96 -1 64 96 -96 -1 -128 96 -96 -1 -1 96 -96 -1 0 -128 -96 -1 64 -128 -96 -1 -128 -128 -96 
-1 -1 -128 -96 -1 0 -96 -96 -1 64 -96 -96 -1 -128 -96 -96 -1 -1 -96 -96 -1 0 -64 -96 -1 64 -64 -96 -1 -128 -64 -96 
-1 -1 -64 -96 -1 0 -1 -96 -1 64 -1 -96 -1 -128 -1 -96 -1 -1 -1 -96 -1 0 0 -64 -1 64 0 -64 -1 -128 0 -64 
-1 -1 0 -64 -1 0 32 -64 -1 64 32 -64 -1 -128 32 -64 -1 -1 32 -64 -1 0 64 -64 -1 64 64 -64 -1 -128 64 -64 
-1 -1 64 -64 -1 0 96 -64 -1 64 96 -64 -1 -128 96 -64 -1 -1 96 -64 -1 0 -128 -64 -1 64 -128 -64 -1 -128 -128 -64 
-1 -1 -128 -64 -1 0 -96 -64 -1 64 -96 -64 -1 -128 -96 -64 -1 -1 -96 -64 -1 0 -64 -64 -1 64 -64 -64 -1 -128 -64 -64 
-1 -1 -64 -64 -1 0 -1 -64 -1 64 -1 -64 -1 -128 -1 -64 -1 -1 -1 -64 -1 0 0 -1 -1 64 0 -1 -1 -128 0 -1 
-1 -1 0 -1 -1 0 32 -1 -1 64 32 -1 -1 -128 32 -1 -1 -1 32 -1 -1 0 64 -1 -1 64 64 -1 -1 -128 64 -1 
-1 -1 64 -1 -1 0 96 -1 -1 64 96 -1 -1 -128 96 -1 -1 -1 96 -1 -1 0 -128 -1 -1 64 -128 -1 -1 -128 -128 -1 
-1 -1 -128 -1 -1 0 -96 -1 -1 64 -96 -1 -1 -128 -96 -1 -1 -1 -96 -1 -1 0 -64 -1 -1 64 -64 -1 -1 -128 -64 -1 
-1 -1 -64 -1 -1 0 -1 -1 -1 64 -1 -1 -1 -128 -1 -1 -1 -1 -1 -1 -1 -4 -4 -4 -4 -4 -4 -4 -4 -4 -4 -4 
-4 -4 -4 -4 -4 -4 -4 -4 -4 -4 -4 -4 -4 -4 -4 -4 -4 -4 -4 -4 -4 -4 -4 -4 -4 -4 -4 -4 -4 -4 -4 -4 
-4 -4 -4 -4 -4 -4 -4 -4 -4 -4 -4 -4 -4 -4 -4 -4 -4 -4 -4 -4 -4 -4 -4 -4 -4 -4 -4 -4 -4 -4 -4 -4 
0 -4 -4 -4 -4 -4 -4 -4 -4 -4 -4 -4 -4 -4 -4 -4 -4 -4 -4 -4 -4 -4 -4 -4 -4 -4 -4 -4 -4 -4 -4 -4 
-4 -4 -4 -4 -4 -4 -4 -4 -4 -4 -4 -4 -4 -4 -4 -4 -4 -4 -4 -4 -4 -4 -4 -4 -4 -4 -4 -4 -4 -4 -4 -4 
-4 -4 -4 -4 -4 -4 -4 -4 -4 -4 -4 -4 0 -4 -4 -4 -4 -4 -4 -4 -4 -4 -4 -4 -4 -4 -4 -4 -4 -4 -4 -4 
-4 -4 -4 -4 -4 -4 -4 -4 -4 -4 -4 -4 -4 -4 -4 -4 -4 -4 -4 -4 -4 -4 -4 -4 -4 -4 -4 -4 -4 -4 -4 -4 
-4 -4 -4 -4 -4 -4 -4 -4 -4 -4 -4 -4 -4 -4 -4 -4 -4 -4 -4 -4 -4 -4 -4 -4 0 -4 -4 -4 -4 -4 -4 -4 
-4 -4 -4 -4 -4 -4 -4 -4 -4 -4 -4 -4 -4 -4 -4 -4 -4 -4 -4 -4 -4 -4 -4 -4 -4 -4 -4 -4 -4 -4 -4 -4 
-4 -4 -4 -4 -4 -4 -4 -4 -4 -4 -4 -4 -4 -4 -4 -4 -4 -4 -4 -4 -4 -4 -4 -4 -4 -4 -4 -4 -4 -4 -4 -4 
-4 -4 -4 -4 0 -4 -4 -4 -4 -4 -4 -4 -4 -4 -4 -4 -4 -4 -4 -4 -4 -4 -4 -4 -4 -4 -4 -4 -4 -4 -4 -4 
-4 -4 -4 -4 -4 -4 -4 -4 -4 -4 -4 -4 -4 -4 -4 -4 -4 -4 -4 -4 -4 -4 -4 -4 -4 -4 -4 -4 -4 -4 -4 -4 
-4 -4 -4 -4 -4 -4 -4 -4 -4 -4 -4 -4 -4 -4 -4 -4 0 -4 -4 -4 -4 -4 -4 -4 -4 -4 -4 -4 -4 -4 -4 -4 
-4 -4 -4 -4 -4 -4 -4 -4 -4 -4 -4 -4 -4 -4 -4 -4 -4 -4 -4 -4 -4 -4 -4 -4 -4 -4 -4 -4 -4 -4 -4 -4 
-4 -4 -4 -4 -4 -4 -4 -4 -4 -4 -4 -4 -4 -4 -4 -4 -4 -4 -4 -4 -4 -4 -4 -4 -4 -4 -4 -4 0 -4 -4 -4 
-4 -4 -4 -4 -4 -4 -4 -4 -4 -4 -4 -4 -4 -4 -4 -4 -4 -4 -4 -4 -4 -4 -4 -4 -4 -4 -4 -4 -4 -4 -4 -4 
-4 -4 -4 -4 -4 -4 -4 -4 -4 -4 -4 -4 -4 -4 -4 -4 -4 -4 -4 -4 -4 -4 -4 -4 -4 -4 -4 -4 -4 -4 -4 -4 
-4 -4 -4 -4 -4 -4 -4 -4 0 -4 -4 -4 -4 -4 -4 -4 -4 -4 -4 -4 -4 -4 -4 -4 -4 -4 -4 -4 -4 -4 -4 -4 
-4 -4 -4 -4 -4 -4 -4 -4 -4 -4 -4 -4 -4 -4 -4 -4 -4 -4 -4 -4 -4 -4 -4 -4 -4 -4 -4 -4 -4 -4 -4 -4 
-4 -4 -4 -4 -4 -4 -4 -4 -4 -4 -4 -4 -4 -4 -4 -4 -4 -4 -4 -4 0 -4 -4 -4 -4 -4 -4 -4 -4 -4 -4 -4 
-4 -4 -4 -4 -4 -4 -4 -4 -4 -4 -4 -4 -4 -4 -4 -4 -4 -4 -4 -4 -4 -12 -4 -4 -4 -4 -4 -4 -4 -4 -4 -4 
-4 -4 -4 -4 -4 -4 -4 -4 -4 -4 -4 -4 -4 -4 -4 -4 -4 -4 -4 -4 -4 -4 -4 -4 -4 -4 -4 -4 -4 -4 -4 -4 
0 -4 -4 -4 -4 -4 -4 -4 -4 -4 -4 -4 -4 -4 -4 -4 -4 -4 -4 -4 -4 -4 -4 -4 -4 -4 -4 -4 -4 -4 -4 -4 
-4 -8 -48 -4 -4 -4 -4 -4 -4 -4 -4 -4 -4 -4 -4 -4 -4 -4 -4 -4 -4 -4 -4 -4 -4 -4 -4 -4 -4 -4 -4 -4 
-4 -4 -4 -4 -4 -4 -4 -4 -4 -4 -4 -4 0 -4 -4 -4 -4 -4 -4 -4 -4 -4 -4 -4 -4 -4 -4 -4 -4 -4 -4 -4 
-4 -4 -4 -4 -4 -4 -4 -4 -4 -4 -4 -4 -4 -4 -56 -4 -4 -4 -4 -4 -4 -4 -4 -4 -4 -4 -4 -4 -4 -4 -4 -4 
-4 -4 -4 -4 -4 -4 -4 -4 -4 -4 -4 -4 -4 -4 -4 -4 -4 -4 -4 -4 -4 -4 -4 -4 0 -4 -4 -4 -4 -4 -4 -4 
-4 -4 -4 -4 -4 -4 -4 -4 -4 -4 -4 -4 -4 -4 -4 -4 -4 -4 -4 -4 -4 -4 -4 -4 -4 -4 -56 -48 -4 -4 -4 -4 
-4 -4 -4 -4 -4 -4 -4 -4 -4 -4 -4 -4 -4 -4 -4 -4 -4 -4 -4 -4 -4 -4 -4 -4 -4 -4 -4 -4 -4 -4 -4 -4 
-4 -4 -4 -4 0 -4 -4 -4 -4 -4 -4 -4 -4 -4 -4 -4 -4 -4 -4 -4 -4 -4 -4 -4 -4 -4 -4 -4 -4 -4 -4 -4 
-4 -4 -4 -4 -4 -4 -48 -92 -4 -4 -4 -4 -4 -4 -4 -4 -4 -4 -4 -4 -4 -4 -4 -4 -4 -4 -4 -4 -4 -4 -4 -4 
-4 -4 -4 -4 -4 -4 -4 -4 -4 -4 -4 -4 -4 -4 -4 -4 0 -4 -4 -4 -4 -4 -4 -4 -4 -4 -4 -4 -4 -4 -4 -4 
-4 -4 -4 -4 -4 -4 -4 -4 -4 -4 -4 -4 -4 -4 -4 -4 -4 -4 -8 -96 -48 -4 -4 -4 -4 -4 -4 -4 -4 -4 -4 -4 
-4 -4 -4 -4 -4 -4 -4 -4 -4 -4 -4 -4 -4 -4 -4 -4 -4 -4 -4 -4 -4 -4 -4 -4 -4 -4 -4 -4 0 -4 -4 -4 
-4 -4 -4 -4 -4 -4 -4 -4 -4 -4 -4 -4 -4 -4 -4 -4 -4 -4 -4 -4 -4 -4 -4 -4 -4 -4 -4 -4 -4 -4 -4 -92 
-92 -4 -4 -4 -4 -4 -4 -4 -4 -4 -4 -4 -4 -4 -4 -4 -4 -4 -4 -4 -4 -4 -4 -4 -4 -4 -4 -4 -4 -4 -4 -4 
-4 -4 -4 -4 -4 -4 -4 -4 0 -4 -4 -4 -4 -4 -4 -4 -4 -4 -4 -4 -4 -4 -4 -4 -4 -4 -4 -4 -4 -4 -4 -4 
-4 -4 -4 -4 -4 -4 -4 -4 -4 -4 -4 -52 -96 -48 -4 -4 -4 -4 -4 -4 -4 -4 -4 -4 -4 -4 -4 -4 -4 -4 -4 -4 
-4 -4 -4 -4 -4 -4 -4 -4 -4 -4 -4 -4 -4 -4 -4 -4 -4 -4 -4 -4 0 -4 -4 -4 -4 -4 -4 -4 -4 -4 -4 -4 
-4 -4 -4 -4 -4 -4 -4 -4 -4 -4 -4 -4 -4 -4 -4 -4 -4 -4 -4 -4 -4 -4 -4 -48 -96 -92 -4 -4 -4 -4 -4 -4 
-4 -4 -4 -4 -4 -4 -4 -4 -4 -4 -4 -4 -4 -4 -4 -4 -4 -4 -4 -4 -4 -4 -4 -4 -4 -4 -4 -4 -4 -4 -4 -4 
0 -4 -4 -4 -4 -4 -4 -4 -4 -4 -4 -4 -4 -4 -4 -4 -4 -4 -4 -4 -4 -4 -4 -4 -4 -4 -4 -4 -4 -4 -4 -4 
-4 -4 -4 -8 -96 -96 -48 -4 -4 -4 -4 -4 -4 -4 -4 -4 -4 -4 -4 -4 -4 -4 -4 -4 -4 -4 -4 -4 -4 -4 -4 -4 
-4 -4 -4 -4 -4 -4 -4 -4 -4 -4 -4 -4 0 -4 -4 -4 -4 -4 -4 -4 -4 -4 -4 -4 -4 -4 -4 -4 -4 -4 -4 -4 
-4 -4 -4 -4 -4 -4 -4 -4 -4 -4 -4 -4 -4 -4 -4 -4 -92 -96 -92 -8 -4 -4 -4 -4 -4 -4 -4 -4 -4 -4 -4 -4 
-4 -4 -4 -4 -4 -4 -4 -4 -4 -4 -4 -4 -4 -4 -4 -4 -4 -4 -4 -4 -4 -4 -4 -4 0 -4 -4 -4 -4 -4 -4 -4 
-4 -4 -4 -4 -4 -4 -4 -4 -4 -4 -4 -4 -4 -4 -4 -4 -4 -4 -4 -4 -4 -4 -4 -4 -4 -4 -4 -4 -52 -96 -96 -48 
-4 -4 -4 -4 -4 -4 -4 -4 -4 -4 -4 -4 -4 -4 -4 -4 -4 -4 -4 -4 -4 -4 -4 -4 -4 -4 -4 -4 -4 -4 -4 -4 
-4 -4 -4 -4 0 -4 -4 -4 -4 -4 -4 -4 -4 -4 -4 -4 -4 -4 -4 -4 -4 -4 -4 -4 -4 -4 -4 -4 -4 -4 -4 -4 
-4 -4 -4 -4 -4 -4 -4 -4 -48 -96 -96 -92 -4 -4 -4 -4 -4 -4 -4 -4 -4 -4 -4 -4 -4 -4 -4 -4 -4 -4 -4 -4 
-4 -4 -4 -4 -4 -4 -4 -4 -4 -4 -4 -4 -4 -4 -4 -4 0 -4 -4 -4 -4 -4 -4 -4 -4 -4 -4 -4 -4 -4 -4 -4 
-4 -4 -4 -4 -4 -4 -4 -4 -4 -4 -4 -4 -4 -4 -4 -4 -4 -4 -4 -4 -8 -96 -96 -96 -52 -4 -4 -4 -4 -4 -4 -4 
-4 -4 -4 -4 -4 -4 -4 -4 -4 -4 -4 -4 -4 -4 -4 -4 -4 -4 -4 -4 -4 -4 -4 -4 -4 -4 -4 -4 0 -4 -4 -4 
-4 -4 -4 -4 -4 -4 -4 -4 -4 -4 -4 -4 -4 -4 -4 -4 -4 -4 -4 -4 -4 -4 -4 -4 -4 -4 -4 -4 -4 -4 -4 -4 
-4 -92 -96 -96 -92 -4 -4 -4 -4 -4 -4 -4 -4 -4 -4 -4 -4 -4 -4 -4 -4 -4 -4 -4 -4 -4 -4 -4 -4 -4 -4 -4 
-4 -4 -4 -4 -4 -4 -4 -4 0 -4 -4 -4 -4 -4 -4 -4 -4 -4 -4 -4 -4 -4 -4 -4 -4 -4 -4 -4 -4 -4 -4 -4 
-4 -4 -4 -4 -4 -4 -4 -4 -4 -4 -4 -4 -4 -52 -96 -96 -96 -52 -4 -4 -4 -4 -4 -4 -4 -4 -4 -4 -4 -4 -4 -4 
-4 -4 -4 -4 -4 -4 -4 -4 -4 -4 -4 -4 -4 -4 -4 -4 -4 -4 -4 -4 0 -4 -4 -4 -4 -4 -4 -4 -4 -4 -4 -4 
-4 -4 -4 -4 -4 -4 -4 -4 -4 -4 -4 -4 -4 -4 -4 -4 -4 -4 -4 -4 -4 -4 -4 -4 -4 -44 -96 -96 -96 -96 -4 -4 
-4 -4 -4 -4 -4 -4 -4 -4 -4 -4 -4 -4 -4 -4 -4 -4 -4 -4 -4 -4 -4 -4 -4 -4 -4 -4 -4 -4 -4 -4 -4 -4 
0 -4 -4 -4 -4 -4 -4 -4 -4 -4 -4 -4 -4 -4 -4 -4 -4 -4 -4 -4 -4 -4 -4 -4 -4 -4 -4 -4 -4 -4 -4 -4 
-4 -4 -4 -4 -4 -8 -96 -96 -96 -96 -52 -4 -4 -4 -4 -4 -4 -4 -4 -4 -4 -4 -4 -4 -4 -4 -4 -4 -4 -4 -4 -4 
-4 -4 -4 -4 -4 -4 -4 -4 -4 -4 -4 -4 0 -4 -4 -4 -4 -4 -4 -4 -4 -4 -4 -4 -4 -4 -4 -4 -4 -4 -4 -4 
-4 -4 -4 -4 -4 -4 -4 -4 -4 -4 -4 -4 -4 -4 -4 -4 -4 -4 -92 -96 -96 -96 -96 -4 -4 -4 -4 -4 -4 -4 -4 -4 
-4 -4 -4 -4 -4 -4 -4 -4 -4 -4 -4 -4 -4 -4 -4 -4 -4 -4 -4 -4 -4 -4 -4 -4 0 -4 -4 -4 -4 -4 -4 -4 
-4 -4 -4 -4 -4 -4 -4 -4 -4 -4 -4 -4 -4 -4 -4 -4 -4 -4 -4 -4 -4 -4 -4 -4 -4 -4 -4 -4 -4 -4 -52 -96 
-96 -96 -96 -52 -4 -4 -4 -4 -4 -4 -4 -4 -4 -4 -4 -4 -4 -4 -4 -4 -4 -4 -4 -4 -4 -4 -4 -4 -4 -4 -4 -4 
-4 -4 -4 -4 0 -4 -4 -4 -4 -4 -4 -4 -4 -4 -4 -4 -4 -4 -4 -4 -4 -4 -4 -4 -4 -4 -4 -4 -4 -4 -4 -4 
-4 -4 -4 -4 -4 -4 -4 -4 -4 -4 -12 -96 -96 -96 -96 -92 -8 -4 -4 -4 -4 -4 -4 -4 -4 -4 -4 -4 -4 -4 -4 -4 
-4 -4 -4 -4 -4 -4 -4 -4 -4 -4 -4 -4 -4 -4 -4 -4 0 -4 -4 -4 -4 -4 -4 -4 -4 -4 -4 -4 -4 -4 -4 -4 
-4 -4 -4 -4 -4 -4 -4 -4 -4 -4 -4 -4 -4 -4 -4 -4 -4 -4 -4 -4 -4 -4 -4 -96 -96 -96 -96 -96 -52 -4 -4 -4 
-4 -4 -4 -4 -4 -4 -4 -4 -4 -4 -4 -4 -4 -4 -4 -4 -4 -4 -4 -4 -4 -4 -4 -4 -4 -4 -4 -4 0 -4 -4 -4 
-4 -4 -4 -4 -4 -4 -4 -4 -4 -4 -4 -4 -4 -4 -4 -4 -4 -4 -4 -4 -4 -4 -4 -4 -3 -39 -75 -75 -75 -39 -3 -4 
-4 -4 -4 -56 -96 -96 -96 -96 -92 -8 -4 -4 -4 -4 -4 -39 -75 -75 -39 -4 -4 -4 -4 -4 -4 -4 -4 -4 -4 -4 -4 -4 
-4 -4 -4 -4 -4 -4 -4 -4 0 -4 -4 -4 -4 -4 -4 -4 -4 -4 -4 -4 -4 -4 -4 -4 -4 -4 -4 -4 -4 -4 -4 -4 
-4 -4 -4 -75 74 39 35 35 35 39 106 -39 -4 -4 -4 -52 -96 -96 -96 -96 -96 -52 -4 -4 -4 -40 110 39 35 35 39 110 
-39 -4 -4 -4 -4 -4 -4 -4 -4 -4 -4 -4 -4 -4 -4 -4 -4 -4 -4 -4 0 -4 -4 -4 -4 -4 -4 -4 -4 -4 -4 -4 
-4 -4 -4 -4 -4 -4 -4 -4 -4 -4 -4 -4 -4 -111 74 39 35 35 35 35 35 35 35 39 -75 -4 -4 -12 -96 -96 -96 -96 
-96 -92 -4 -4 -111 38 35 35 35 35 35 35 74 -39 -4 -4 -4 -4 -4 -4 -4 -4 -4 -4 -4 -4 -4 -4 -4 -4 -4 -4 
0 -4 -4 -4 -4 -4 -4 -4 -4 -4 -40 37 110 -39 -4 -4 -4 -4 -4 -4 -4 -4 -4 -4 109 39 35 35 39 35 35 35 
35 39 35 35 39 -110 -3 -4 -96 -96 -96 -96 -96 -96 -52 -75 38 35 35 35 35 39 35 35 35 110 -4 -4 -4 -4 -4 -4 
-4 -4 -4 -4 -4 -4 -4 -4 -4 -4 -4 -4 0 -4 -4 -4 -4 -4 -4 -4 -4 -4 -112 1 35 38 -111 -3 -4 -4 -4 -4 
-4 -4 -39 110 35 35 35 35 35 35 35 35 35 35 35 35 35 39 74 -75 -92 -96 -96 -96 -96 -96 -96 34 35 39 35 35 
35 35 35 35 35 39 -111 -3 -4 -4 -4 -111 109 -4 -4 -4 -4 -4 -4 -4 -4 -4 -4 -4 0 -4 -4 -4 -4 -4 -4 -4 
-4 -4 -80 1 35 35 35 70 110 -111 -111 -79 -79 110 39 35 35 39 35 35 35 35 35 35 39 35 35 39 35 35 35 39 
97 -96 -96 -96 -96 -96 -96 97 35 35 35 39 35 35 35 35 35 35 39 106 -110 -111 106 35 110 -4 -4 -4 -4 -4 -4 -4 
-4 -4 -4 -4 0 -4 -4 -4 -4 -4 -4 -4 -4 -4 -112 1 35 35 35 35 35 35 35 35 35 35 35 35 35 35 35 39 
35 35 35 35 35 35 35 35 35 39 35 35 66 -96 -96 -96 -96 -96 -96 -96 66 35 39 35 35 35 35 39 35 35 35 35 
35 35 35 35 -114 -4 -4 -4 -4 -4 -4 -4 -4 -4 -4 -4 0 -4 -4 -4 -4 -4 -4 -4 -4 -4 -112 1 35 35 35 35 
35 35 35 35 35 39 35 35 35 39 35 35 38 74 73 37 2 2 35 35 35 35 35 35 34 -96 -96 -96 -96 -96 -96 -96 
97 35 34 74 73 37 2 34 35 35 35 35 35 35 35 35 110 -4 -4 -4 -4 -4 -4 -4 -4 -4 -4 -4 0 -4 -4 -4 
-4 -4 -4 -4 -4 -4 -112 1 35 35 35 35 35 39 35 35 35 35 35 35 35 39 106 -43 -3 -4 -4 -4 -76 108 32 1 
35 35 35 35 35 -127 -96 -96 -96 -96 -96 -96 -96 109 -39 -4 -4 -8 -112 36 2 35 35 35 35 35 39 35 -114 -4 -4 -4 
-4 -4 -4 -4 -4 -4 -4 -4 0 -4 -4 -4 -4 -4 -4 -4 -4 -4 -76 0 2 34 39 35 35 35 35 39 35 35 35 39 
74 -75 -3 -4 -4 -4 -4 -4 -4 -4 -40 104 1 2 35 39 35 97 -96 -96 -96 -96 -96 -96 -96 -52 -4 -4 -4 -4 -4 -40 
72 1 35 35 35 35 35 39 -110 -4 -4 -4 -4 -4 -4 -4 -4 -4 -4 -4 0 -4 -4 -4 -4 -4 -4 -4 -4 -4 -4 -40 
108 1 1 2 34 35 35 35 35 34 74 -79 -3 -4 -4 -4 -4 -4 -4 -4 -4 -4 -4 -4 -76 68 1 2 34 66 -96 -96 
-96 -96 -96 -96 -96 -96 -8 -4 -4 -4 -4 -4 -40 36 1 35 35 39 38 -111 -4 -4 -4 -4 -4 -4 -4 -4 -4 -4 -4 -4 
0 -4 -4 -4 -4 -4 -4 -4 -4 -4 -4 -4 -4 -40 -80 -112 108 105 105 -115 -111 -44 -4 -4 -4 -4 -4 -4 -4 -4 -4 -4 
-4 -4 -4 -4 -4 -4 -40 -112 104 73 -96 -96 -96 -96 -96 -96 -96 -96 -52 -4 -4 -4 -4 -4 -4 -4 -112 72 109 -111 -39 -4 
-4 -4 -4 -4 -4 -4 -4 -4 -4 -4 -4 -4 0 -4 -4 -4 -4 -4 -4 -4 -4 -4 -4 -4 -4 -4 -4 -4 -4 -48 -92 -48 
-4 -4 -4 -4 -4 -4 -4 -4 -4 -4 -4 -4 -4 -4 -4 -4 -4 -4 -4 -4 -4 -4 -56 -96 -96 -96 -96 -96 -96 -96 -96 -8 
-4 -4 -4 -4 -4 -4 -4 -4 -4 -4 -4 -4 -4 -4 -4 -4 -4 -4 -4 -4 -4 -4 -4 -4 0 -4 -4 -4 -4 -4 -4 -4 
-4 -4 -4 -4 -4 -4 -4 -4 -4 -12 -96 -96 -96 -52 -12 -4 -4 -4 -4 -4 -4 -4 -4 -4 -4 -4 -4 -4 -4 -4 -4 -4 
-4 -4 -48 -96 -96 -96 -96 -96 -96 -96 -96 -52 -4 -4 -4 -4 -4 -4 -4 -4 -4 -4 -4 -4 -4 -4 -4 -4 -4 -4 -4 -4 
-4 -4 -4 -4 0 -4 -4 -4 -4 -4 -4 -4 -4 -4 -4 -4 -4 -4 -4 -4 -4 -8 -96 -96 -96 -96 -96 -92 -48 -4 -4 -4 
-4 -4 -4 -4 -4 -4 -4 -4 -4 -4 -4 -4 -4 -4 -12 -96 -96 -96 -96 -96 -96 -96 -96 -96 -8 -4 -4 -4 -4 -4 -4 -4 
-4 -4 -4 -4 -4 -4 -4 -4 -4 -4 -4 -4 -4 -4 -4 -4 0 -4 -4 -4 -4 -4 -4 -4 -4 -4 -4 -4 -4 -4 -4 -4 
-4 -4 -92 -96 -96 -96 -96 -96 -96 -92 -52 -12 -39 -75 -110 -114 -114 -75 -39 -4 -4 -4 -4 -4 -4 -4 -4 -92 -96 -96 -96 -96 
-96 -96 -96 -96 -88 -114 -75 -3 -4 -4 -4 -4 -4 -4 -4 -4 -4 -4 -4 -4 -4 -4 -4 -4 -4 -4 -4 -4 0 -4 -4 -4 
-4 -4 -4 -4 -4 -4 -4 -4 -4 -4 -4 -4 -4 -4 -56 -96 -96 -96 -96 -96 -96 -96 -96 -96 -92 97 34 35 35 35 74 -75 
-4 -4 -4 -4 -4 -4 -4 -56 -96 -96 -96 -96 -96 -96 -96 -96 -96 66 35 74 -39 -4 -4 -4 -4 -4 -4 -4 -4 -4 -4 -4 
-4 -4 -4 -4 -4 -4 -4 -4 0 -4 -4 -4 -4 -4 -4 -4 -4 -4 -4 -40 -3 -4 -4 -4 -4 -4 -48 -96 -96 -96 -96 -96 
-96 -96 -96 -96 -96 -96 -96 97 66 39 35 39 -111 -4 -4 -4 -4 -4 -4 -48 -96 -96 -96 -96 -96 -96 -96 -96 -96 97 39 35 
38 -39 -4 -4 -4 -4 -4 -4 -4 -4 -4 -4 -4 -4 -4 -4 -4 -4 -4 -4 0 -4 -4 -4 -4 -4 -4 -4 -4 -4 -76 1 
74 -75 -4 -4 -4 -4 -44 -96 -96 -96 -96 -96 -96 -96 -96 -96 -96 -96 -96 -96 -96 -128 97 34 39 110 -39 -4 -4 -4 -4 -8 
-96 -96 -96 -96 -96 -96 -96 -96 -96 -96 66 35 35 74 -3 -4 -4 -4 -4 -4 -39 -4 -4 -4 -4 -4 -4 -4 -4 -4 -4 -4 
0 -4 -4 -4 -4 -4 -4 -4 -4 -4 -112 1 35 39 110 -39 -4 -4 -8 -96 -96 -96 -96 -96 -96 -96 -96 -96 -96 -96 -96 -96 
-96 -96 -96 -96 97 66 70 -110 -39 -4 -4 -4 -92 -96 -96 -96 -96 -96 -96 -96 -96 -96 97 39 35 35 110 -39 -4 -4 -3 73 
-114 -4 -4 -4 -4 -4 -4 -4 -4 -4 -4 -4 0 -4 -4 -4 -4 -4 -4 -4 -4 -4 -112 1 35 35 35 39 74 110 110 -96 
-96 -96 -96 -96 -96 -96 -96 -96 -96 -96 -96 -96 -96 -96 -96 -96 -96 -96 -128 97 70 110 110 74 -123 -96 -96 -96 -96 -96 -96 -96 
-96 -96 -96 66 39 35 35 70 106 110 74 35 -114 -4 -4 -4 -4 -4 -4 -4 -4 -4 -4 -4 0 -4 -4 -4 -4 -4 -4 -4 
-4 -4 -80 1 35 35 35 39 35 35 35 -127 -96 -96 -96 -96 -96 -96 -96 -96 -96 -96 -96 -96 -96 -96 -96 -96 -96 -96 -96 -96 
-128 -127 66 35 97 -96 -96 -96 -96 -96 -96 -96 -96 -96 -96 -127 35 35 35 35 35 35 35 35 110 -4 -4 -4 -4 -4 -4 -4 
-4 -4 -4 -4 0 -4 -4 -4 -4 -4 -4 -4 -4 -4 -112 1 35 35 35 35 35 35 35 97 -96 -96 -96 -96 -96 -96 -96 -96 
-96 -96 -96 -96 -96 -96 -96 -96 -96 -96 -96 -96 -96 -96 -96 -128 -127 -96 -96 -96 -96 -96 -96 -96 -96 -96 -96 -96 66 39 35 35 
39 35 35 35 -114 -4 -4 -4 -4 -4 -4 -4 -4 -4 -4 -4 0 -4 -4 -4 -4 -4 -4 -4 -4 -4 -80 1 35 35 35 35 
35 35 35 66 -96 -96 -96 -96 -96 -96 -96 -96 -96 -96 -96 -96 -96 -96 -96 -96 -96 -96 -96 -96 -96 -96 -96 -96 -96 -96 -96 -96 
-96 -96 -96 -96 -96 -96 -96 -96 -127 34 39 35 35 35 35 35 110 -4 -4 -4 -4 -4 -4 -4 -4 -4 -4 -4 0 -4 -4 -4 
-4 -4 -4 -4 -4 -4 -40 68 1 34 35 35 35 39 35 34 -96 -96 -96 -96 -96 -96 -96 -96 -96 -96 -96 -96 -96 -96 -96 -96 
-96 -96 -96 -96 -96 -96 -96 -96 -96 -96 -96 -96 -96 -96 -96 -96 -96 -96 -96 -96 -96 33 35 35 35 35 35 39 -79 -4 -4 -4 
-4 -4 -4 -4 -4 -4 -4 -4 0 -4 -4 -4 -4 -4 -4 -4 -4 -4 -4 -4 -76 72 1 2 2 35 34 34 -128 -96 -96 -96 
-96 -96 -96 -96 -96 -96 -96 -96 -96 -96 -96 -96 -96 -96 -96 -96 -96 -96 -96 -96 -96 -96 -96 -96 -96 -96 -96 -96 -96 -96 -96 -96 
-96 -128 1 2 35 39 74 -75 -4 -4 -4 -4 -4 -4 -4 -4 -4 -4 -4 -4 0 -4 -4 -4 -4 -4 -4 -4 -4 -4 -4 -4 
-4 -4 -40 -40 -112 -80 -111 -76 -56 -96 -96 -96 -96 -96 -96 -96 -96 -96 -96 -96 -96 -96 -96 -96 -96 -96 -96 -96 -96 -96 -96 -96 
-96 -96 -96 -96 -96 -96 -96 -96 -96 -96 -96 -96 -96 -96 -84 108 -111 -44 -4 -4 -4 -4 -4 -4 -4 -4 -4 -4 -4 -4 -4 -4 
0 -4 -4 -4 -4 -4 -4 -4 -4 -4 -4 -4 -4 -4 -4 -4 -4 -4 -4 -4 -48 -96 -96 -96 -96 -96 -96 -96 -96 -96 -96 -96 
-96 -96 -96 -96 -96 -96 -96 -96 -96 -96 -96 -96 -96 -96 -96 -96 -96 -96 -96 -96 -96 -96 -96 -96 -96 -96 -56 -4 -4 -4 -4 -4 
-4 -4 -4 -4 -4 -4 -4 -4 -4 -4 -4 -4 0 -4 -4 -4 -4 -4 -4 -4 -4 -4 -4 -4 -4 -4 -4 -4 -4 -4 -4 -4 
-12 -96 -96 -96 -96 -96 -96 -96 -96 -96 -96 -56 -8 -12 -52 -56 -92 -96 -96 -96 -96 -96 -96 -96 -96 -96 -96 -96 -96 -96 -96 -96 
-96 -96 -96 -96 -96 -96 -96 -12 -4 -4 -4 -4 -4 -4 -4 -4 -4 -4 -4 -4 -4 -4 -4 -4 0 -4 -4 -4 -4 -4 -4 -4 
-4 -4 -4 -4 -4 -4 -4 -4 -4 -4 -4 -4 -4 -96 -96 -96 -96 -96 -96 -96 -96 -96 -96 -96 -43 -39 -4 -4 -8 -8 -12 -52 
-56 -96 -96 -96 -96 -96 -96 -96 -96 -96 -96 -96 -96 -96 -96 -96 -96 -96 -96 -56 -4 -4 -4 -4 -4 -4 -4 -4 -4 -4 -4 -4 
-4 -4 -4 -4 0 -4 -4 -4 -4 -4 -4 -4 -4 -4 -4 -4 -4 -4 -4 -4 -4 -4 -4 -4 -4 -92 -96 -96 -96 -96 -96 -96 
-96 -96 -96 -96 97 38 -110 -3 -4 -4 -4 -4 -4 -8 -12 -48 -52 -92 -96 -96 -96 -96 -96 -96 -96 -96 -96 -96 -96 -96 -96 -96 
-12 -4 -4 -4 -4 -4 -4 -4 -4 -4 -4 -4 -4 -4 -4 -4 0 -4 -4 -4 -4 -4 -4 -4 -4 -4 -4 -4 -4 -4 -4 -4 
-4 -4 -4 -4 -4 -52 -96 -96 -96 -96 -96 -96 -96 -96 -96 -96 -128 39 35 106 -39 -4 -4 -4 -4 -4 -4 -4 -4 -4 -8 -48 
97 -127 -96 -96 -96 -96 -96 -96 -96 -96 -96 -96 -56 -4 -4 -4 -4 -4 -4 -4 -4 -4 -4 -4 -4 -4 -4 -4 0 -4 -4 -4 
-4 -4 -4 -4 -4 -4 104 69 -75 -3 -4 -4 -4 -4 -4 -4 -4 -48 -96 -96 -96 -96 -96 -96 -96 -96 -96 -96 -96 66 35 39 
70 -75 -4 -4 -4 -4 -4 -4 -4 -4 -39 74 35 35 39 66 97 97 -128 -96 -96 -96 -96 -96 -96 -12 -4 -40 -4 -4 -4 -4 
-4 -4 -4 -4 -4 -4 -4 -4 0 -4 -4 -4 -4 -4 -4 -4 -4 -4 68 2 35 74 -75 -3 -4 -4 -4 -4 -4 -12 -96 -96 
-96 -96 -96 -96 -96 -96 -96 -96 -96 97 35 35 35 39 110 -39 -4 -4 -4 -4 -4 -75 70 35 35 35 35 35 35 35 35 34 
66 97 -123 -92 -96 -56 -39 73 -39 -4 -4 -4 -4 -4 -4 -4 -4 -4 -4 -4 0 -4 -4 -4 -4 -4 -4 -4 -4 -4 68 2 
35 35 35 39 110 -79 -75 -75 -110 70 -96 -96 -96 -96 -96 -96 -96 -96 -96 -96 -96 -96 38 35 35 35 35 39 74 110 -114 110 
74 39 35 39 35 35 39 35 35 35 39 35 35 35 39 74 106 102 70 39 -39 -4 -4 -4 -4 -4 -4 -4 -4 -4 -4 -4 
0 -4 -4 -4 -4 -4 -4 -4 -4 -4 68 2 35 35 35 39 35 35 35 35 35 35 -128 -96 -96 -96 -96 -96 -96 -96 -96 -96 
-96 -96 66 35 35 35 39 35 35 35 35 35 35 35 39 35 35 35 35 35 35 35 35 35 35 35 35 35 39 35 35 39 
-39 -4 -4 -4 -4 -4 -4 -4 -4 -4 -4 -4 0 -4 -4 -4 -4 -4 -4 -4 -4 -4 68 2 35 35 35 35 35 35 35 35 
35 39 97 -96 -96 -96 -96 -96 -96 -96 -96 -96 -96 -96 -127 39 35 35 35 39 35 35 35 39 35 35 35 35 35 39 70 73 
69 1 1 35 35 39 35 35 35 35 35 39 -39 -4 -4 -4 -4 -4 -4 -4 -4 -4 -4 -4 0 -4 -4 -4 -4 -4 -4 -4 
-4 -4 68 2 35 35 35 35 35 35 39 35 35 35 97 -96 -96 -96 -96 -96 -96 -96 -96 -96 -96 -96 -96 34 35 35 35 35 
35 35 35 35 35 35 35 35 39 -75 -4 -4 -4 -40 108 0 2 35 35 35 35 35 39 35 -39 -4 -4 -4 -4 -4 -4 -4 
-4 -4 -4 -4 0 -4 -4 -4 -4 -4 -4 -4 -4 -4 108 1 2 35 35 35 35 35 35 35 35 35 66 -96 -96 -96 -96 -96 
-96 -96 -96 -96 -96 -96 -96 64 1 34 35 35 35 35 35 35 35 35 39 106 -39 -4 -4 -4 -4 -4 -4 -76 36 1 35 35 
39 35 35 74 -39 -4 -4 -4 -4 -4 -4 -4 -4 -4 -4 -4 0 -4 -4 -4 -4 -4 -4 -4 -4 -4 -4 -76 108 37 2 34 
35 35 39 35 35 74 -115 -96 -96 -96 -96 -96 -96 -96 -96 -96 -96 -96 -96 -92 -112 68 1 34 2 39 35 35 35 74 -75 -3 
-4 -4 -4 -4 -4 -4 -4 -4 -80 0 1 34 35 34 110 -39 -4 -4 -4 -4 -4 -4 -4 -4 -4 -4 -4 -4 0 -4 -4 -4 
-4 -4 -4 -4 -4 -4 -4 -4 -4 -4 -44 -112 108 109 109 -111 -39 -4 -4 -92 -96 -96 -96 -96 -96 -96 -96 -96 -96 -96 -96 -96 
-12 -4 -76 108 72 69 37 109 -75 -4 -4 -4 -4 -4 -4 -4 -4 -4 -4 -4 -4 -40 108 72 -115 -39 -4 -4 -4 -4 -4 -4 
-4 -4 -4 -4 -4 -4 -4 -4 0 -4 -4 -4 -4 -4 -4 -4 -4 -4 -4 -4 -4 -4 -4 -4 -4 -4 -4 -4 -4 -4 -4 -52 
-96 -96 -96 -96 -96 -96 -96 -96 -96 -96 -96 -96 -52 -4 -4 -4 -4 -4 -4 -4 -4 -4 -4 -4 -4 -4 -4 -4 -4 -4 -4 -4 
-4 -4 -4 -4 -4 -4 -4 -4 -4 -4 -4 -4 -4 -4 -4 -4 -4 -4 -4 -4 0 -4 -4 -4 -4 -4 -4 -4 -4 -4 -4 -4 
-4 -4 -4 -4 -4 -4 -4 -4 -4 -4 -4 -12 -96 -96 -96 -96 -96 -96 -96 -96 -96 -96 -96 -96 -92 -4 -4 -4 -4 -4 -4 -4 
-4 -4 -4 -4 -4 -4 -4 -4 -4 -4 -4 -4 -4 -4 -4 -4 -4 -4 -4 -4 -4 -4 -4 -4 -4 -4 -4 -4 -4 -4 -4 -4 
0 -4 -4 -4 -4 -4 -4 -4 -4 -4 -4 -4 -4 -4 -4 -4 -4 -4 -4 -4 -4 -4 -4 -12 -96 -96 -96 -96 -96 -96 -96 -96 
-96 -96 -96 -96 -96 -44 -4 -4 -4 -4 -4 -4 -4 -4 -4 -4 -4 -4 -4 -4 -4 -4 -4 -4 -4 -4 -4 -4 -4 -4 -4 -4 
-4 -4 -4 -4 -4 -4 -4 -4 -4 -4 -4 -4 0 -4 -4 -4 -4 -4 -4 -4 -4 -4 -4 -4 -4 -4 -4 -4 -4 -4 -4 -4 
-4 -4 -4 -4 -92 -96 -96 -96 -96 -96 -96 -96 -96 -96 -96 -96 -96 -52 -4 -4 -4 -4 -4 -4 -4 -4 -4 -4 -4 -4 -4 -4 
-4 -4 -4 -4 -4 -4 -4 -4 -4 -4 -4 -4 -4 -4 -4 -4 -4 -4 -4 -4 -4 -4 -4 -4 0 -4 -4 -4 -4 -4 -4 -4 
-4 -4 -4 -4 -4 -4 -4 -4 -4 -4 -4 -4 -4 -4 -4 -4 -56 -96 -96 -96 -96 -96 -96 -96 -96 -96 -96 -96 -96 -92 -4 -4 
-4 -4 -4 -4 -4 -4 -4 -4 -4 -4 -4 -4 -4 -4 -4 -4 -4 -4 -4 -4 -4 -4 -4 -4 -4 -4 -4 -4 -4 -4 -4 -4 
-4 -4 -4 -4 0 -4 -4 -4 -4 -4 -4 -4 -4 -4 -4 -4 -4 -4 -4 -4 -4 -4 -4 -4 -4 -4 -4 -4 -52 -96 -96 -96 
-96 -96 -96 -96 -96 -96 -96 -96 -96 -96 -48 -4 -4 -4 -4 -4 -4 -4 -4 -4 -4 -4 -4 -4 -4 -4 -4 -4 -4 -4 -4 -4 
-4 -4 -4 -4 -4 -4 -4 -4 -4 -4 -4 -4 -4 -4 -4 -4 0 -4 -4 -4 -4 -4 -4 -4 -4 -4 -4 -4 -4 -4 -4 -4 
-4 -4 -4 -4 -4 -4 -4 -4 -12 -96 -96 -96 -96 -96 -96 -96 -96 -96 -96 -96 -96 -96 -56 -4 -4 -4 -4 -4 -4 -4 -4 -4 
-4 -4 -4 -4 -4 -4 -4 -4 -4 -4 -4 -4 -4 -4 -4 -4 -4 -4 -4 -4 -4 -4 -4 -4 -4 -4 -4 -4 0 -4 -4 -4 
-4 -4 -4 -4 -4 -4 -4 -4 -4 -4 -4 -4 -4 -4 -4 -4 -4 -4 -4 -4 -8 -96 -96 -96 -96 -96 -96 -96 -96 -96 -96 -96 
-96 -96 -96 -8 -4 -4 -4 -4 -4 -4 -4 -4 -4 -4 -4 -4 -4 -4 -4 -4 -4 -4 -4 -4 -4 -4 -4 -4 -4 -4 -4 -4 
-4 -4 -4 -4 -4 -4 -4 -4 0 -4 -4 -4 -4 -4 -4 -4 -4 -4 -4 -4 -4 -4 -4 -4 -4 -4 -4 -4 -4 -4 -4 -4 
-4 -92 -96 -96 -96 -96 -96 -96 -96 -96 -96 -96 -96 -96 -96 -52 -4 -4 -4 -4 -4 -4 -4 -4 -4 -4 -4 -4 -4 -4 -4 -4 
-4 -4 -4 -4 -4 -4 -4 -4 -4 -4 -4 -4 -4 -4 -4 -4 -4 -4 -4 -4 0 -4 -4 -4 -4 -4 -4 -4 -4 -4 -4 -4 
-4 -4 -4 -4 -4 -4 -4 -4 -4 -4 -4 -4 -4 -56 -96 -96 -96 -96 -96 -96 -96 -96 -96 -96 -96 -96 -96 -92 -4 -4 -4 -4 
-4 -4 -4 -4 -4 -4 -4 -4 -4 -4 -4 -4 -4 -4 -4 -4 -4 -4 -4 -4 -4 -4 -4 -4 -4 -4 -4 -4 -4 -4 -4 -4 
0 -4 -4 -4 -4 -4 -4 -4 -4 -4 -4 -4 -4 -4 -4 -4 -4 -4 -4 -4 -4 -4 -4 -4 -4 -52 -96 -96 -96 -96 -96 -96 
-96 -96 -96 -96 -96 -96 -96 -96 -12 -4 -4 -4 -4 -4 -4 -4 -4 -4 -4 -4 -4 -4 -4 -4 -4 -4 -4 -4 -4 -4 -4 -4 
-4 -4 -4 -4 -4 -4 -4 -4 -4 -4 -4 -4 0 -4 -4 -4 -4 -4 -4 -4 -4 -4 -4 -4 -4 -4 -4 -4 -4 -4 -4 -4 
-4 -4 -4 -4 -4 -12 -96 -96 -96 -96 -96 -96 -96 -96 -96 -96 -96 -96 -96 -96 -52 -4 -4 -4 -4 -4 -4 -4 -4 -4 -4 -4 
-4 -4 -4 -4 -4 -4 -4 -4 -4 -4 -4 -4 -4 -4 -4 -4 -4 -4 -4 -4 -4 -4 -4 -4 0 -4 -4 -4 -4 -4 -4 -4 
-4 -4 -4 -4 -4 -4 -4 -4 -4 -4 -4 -4 -4 -4 -4 -4 -4 -8 -96 -96 -96 -96 -96 -96 -96 -96 -96 -96 -96 -96 -96 -96 
-92 -8 -4 -4 -4 -4 -4 -4 -4 -4 -4 -4 -4 -4 -4 -4 -4 -4 -4 -4 -4 -4 -4 -4 -4 -4 -4 -4 -4 -4 -4 -4 
-4 -4 -4 -4 0 -4 -4 -4 -4 -4 -4 -4 -4 -4 -4 -4 -4 -4 -4 -4 -4 -4 -4 -4 -4 -4 -4 -4 -4 -4 -92 -96 
-96 -96 -96 -96 -96 -96 -96 -96 -96 -96 -96 -96 -96 -48 -4 -4 -4 -4 -4 -4 -4 -4 -4 -4 -4 -4 -4 -4 -4 -4 -4 -4 
-4 -4 -4 -4 -4 -4 -4 -4 -4 -4 -4 -4 -4 -4 -4 -4 0 -4 -4 -4 -4 -4 -4 -4 -4 -4 -4 -4 -4 -4 -4 -4 
-4 -4 -4 -4 -4 -4 -4 -4 -4 -4 -56 -96 -96 -96 -96 -96 -96 -96 -96 -96 -96 -96 -96 -96 -96 -56 -4 -4 -4 -4 -4 -4 
-4 -4 -4 -4 -4 -4 -4 -4 -4 -4 -4 -4 -4 -4 -4 -4 -4 -4 -4 -4 -4 -4 -4 -4 -4 -4 -4 -4 0 -4 -4 -4 
-4 -4 -4 -4 -4 -4 -4 -4 -4 -4 -4 -4 -4 -4 -4 -4 -4 -4 -4 -4 -4 -4 -52 -96 -96 -96 -96 -96 -96 -96 -96 -96 
-96 -96 -96 -96 -96 -96 -8 -4 -4 -4 -4 -4 -4 -4 -4 -4 -4 -4 -4 -4 -4 -4 -4 -4 -4 -4 -4 -4 -4 -4 -4 -4 
-4 -4 -4 -4 -4 -4 -4 -4 0 -4 -4 -4 -4 -4 -4 -4 -4 -4 -4 -4 -4 -4 -4 -4 -4 -4 -4 -4 -4 -4 -4 -4 
-4 -4 -12 -96 -96 -96 -96 -96 -96 -96 -96 -96 -96 -96 -96 -96 -96 -96 -52 -4 -4 -4 -4 -4 -4 -4 -4 -4 -4 -4 -4 -4 
-4 -4 -4 -4 -4 -4 -4 -4 -4 -4 -4 -4 -4 -4 -4 -4 -4 -4 -4 -4 0 -4 -4 -4 -4 -4 -4 -4 -4 -4 -4 -4 
-4 -4 -4 -4 -4 -4 -4 -4 -4 -4 -4 -4 -4 -4 -8 -96 -96 -96 -96 -96 -96 -96 -96 -96 -96 -96 -96 -96 -96 -96 -92 -4 
-4 -4 -4 -4 -4 -4 -4 -4 -4 -4 -4 -4 -4 -4 -4 -4 -4 -4 -4 -4 -4 -4 -4 -4 -4 -4 -4 -4 -4 -4 -4 -4 
0 -4 -4 -4 -4 -4 -4 -4 -4 -4 -4 -4 -4 -4 -4 -4 -4 -4 -4 -4 -4 -4 -4 -4 -4 -4 -4 -92 -96 -96 -96 -96 
-96 -96 -96 -96 -96 -96 -96 -96 -96 -96 -96 -12 -4 -4 -4 -4 -4 -4 -4 -4 -4 -4 -4 -4 -4 -4 -4 -4 -4 -4 -4 -4 
-4 -4 -4 -4 -4 -4 -4 -4 -4 -4 -4 -4 0 -4 -4 -4 -4 -4 -4 -4 -4 -4 -4 -4 -4 -4 -4 -4 -4 -4 -4 -4 
-4 -4 -4 -4 -4 -4 -4 -52 -56 -56 -56 -56 -56 -56 -56 -92 -56 -56 -56 -56 -56 -56 -92 -48 -4 -4 -4 -4 -4 -4 -4 -4 
-4 -4 -4 -4 -4 -4 -4 -4 -4 -4 -4 -4 -4 -4 -4 -4 -4 -4 -4 -4 -4 -4 -4 -4 0 -4 -4 -4 -4 -4 -4 -4 
-4 -4 -4 -4 -4 -4 -4 -4 -4 -4 -4 -4 -4 -4 -4 -4 -4 -4 -4 -4 -4 -4 -4 -4 -4 -4 -4 -4 -4 -4 -4 -4 
-4 -4 -4 -4 -4 -4 -4 -4 -4 -4 -4 -4 -4 -4 -4 -4 -4 -4 -4 -4 -4 -4 -4 -4 -4 -4 -4 -4 -4 -4 -4 -4 
-4 -4 -4 -4 0 -4 -4 -4 -4 -4 -4 -4 -4 -4 -4 -4 -4 -4 -4 -4 -4 -4 -4 -4 -4 -4 -4 -4 -4 -4 -4 -4 
-4 -4 -4 -4 -4 -4 -4 -4 -4 -4 -4 -4 -4 -4 -4 -4 -4 -4 -4 -4 -4 -4 -4 -4 -4 -4 -4 -4 -4 -4 -4 -4 
-4 -4 -4 -4 -4 -4 -4 -4 -4 -4 -4 -4 -4 -4 -4 -4 0 -4 -4 -4 -4 -4 -4 -4 -4 -4 -4 -4 -4 -4 -4 -4 
-4 -4 -4 -4 -4 -4 -4 -4 -4 -4 -4 -4 -4 -4 -4 -4 -4 -4 -4 -4 -4 -4 -4 -4 -4 -4 -4 -4 -4 -4 -4 -4 
-4 -4 -4 -4 -4 -4 -4 -4 -4 -4 -4 -4 -4 -4 -4 -4 -4 -4 -4 -4 -4 -4 -4 -4 -4 -4 -4 -4 0 -4 -4 -4 
-4 -4 -4 -4 -4 -4 -4 -4 -4 -4 -4 -4 -4 -4 -4 -4 -4 -4 -4 -4 -4 -4 -4 -4 -4 -4 -4 -4 -4 -4 -4 -4 
-4 -4 -4 -4 -4 -4 -4 -4 -4 -4 -4 -4 -4 -4 -4 -4 -4 -4 -4 -4 -4 -4 -4 -4 -4 -4 -4 -4 -4 -4 -4 -4 
-4 -4 -4 -4 -4 -4 -4 -4 0 -4 -4 -4 -4 -4 -4 -4 -4 -4 -4 -4 -4 -4 -4 -4 -4 -4 -4 -4 -4 -4 -4 -4 
-4 -4 -4 -4 -4 -4 -4 -4 -4 -4 -4 -4 -4 -4 -4 -4 -4 -4 -4 -4 -4 -4 -4 -4 -4 -4 -4 -4 -4 -4 -4 -4 
-4 -4 -4 -4 -4 -4 -4 -4 -4 -4 -4 -4 -4 -4 -4 -4 -4 -4 -4 -4 0 -4 -4 -4 -4 -4 -4 -4 -4 -4 -4 -4 
-4 -4 -4 -4 -4 -4 -4 -4 -4 -4 -4 -4 -4 -4 -4 -4 -4 -4 -4 -4 -4 -4 -4 -4 -4 -4 -4 -4 -4 -4 -4 -4 
-4 -4 -4 -4 -4 -4 -4 -4 -4 -4 -4 -4 -4 -4 -4 -4 -4 -4 -4 -4 -4 -4 -4 -4 -4 -4 -4 -4 -4 -4 -4 -4 
0 -4 -4 -4 -4 -4 -4 -4 -4 -4 -4 -4 -4 -4 -4 -4 -4 -4 -4 -4 -4 -4 -4 -4 -4 -4 -4 -4 -4 -4 -4 -4 
-4 -4 -4 -4 -4 -4 -4 -4 -4 -4 -4 -4 -4 -4 -4 -4 -4 -4 -4 -4 -4 -4 -4 -4 -4 -4 -4 -4 -4 -4 -4 -4 
-4 -4 -4 -4 -4 -4 -4 -4 -4 -4 -4 -4 0 -4 -4 -4 -4 -4 -4 -4 -4 -4 -4 -4 -4 -4 -4 -4 -4 -4 -4 -4 
-4 -4 -4 -4 -4 -4 -4 -4 -4 -4 -4 -4 -4 -4 -4 -4 -4 -4 -4 -4 -4 -4 -4 -4 -4 -4 -4 -4 -4 -4 -4 -4 
-4 -4 -4 -4 -4 -4 -4 -4 -4 -4 -4 -4 -4 -4 -4 -4 -4 -4 -4 -4 -4 -4 -4 -4 0 -4 -4 -4 -4 -4 -4 -4 
-4 -4 -4 -4 -4 -4 -4 -4 -4 -4 -4 -4 -4 -4 -4 -4 -4 -4 -4 -4 -4 -4 -4 -4 -4 -4 -4 -4 -4 -4 -4 -4 
-4 -4 -4 -4 -4 -4 -4 -4 -4 -4 -4 -4 -4 -4 -4 -4 -4 -4 -4 -4 -4 -4 -4 -4 -4 -4 -4 -4 -4 -4 -4 -4 
-4 -4 -4 -4 0 -4 -4 -4 -4 -4 -4 -4 -4 -4 -4 -4 -4 -4 -4 -4 -4 -4 -4 -4 -4 -4 -4 -4 -4 -4 -4 -4 
-4 -4 -4 -4 -4 -4 -4 -4 -4 -4 -4 -4 -4 -4 -4 -4 -4 -4 -4 -4 -4 -4 -4 -4 -4 -4 -4 -4 -4 -4 -4 -4 
-4 -4 -4 -4 -4 -4 -4 -4 -4 -4 -4 -4 -4 -4 -4 -4 0 -4 -4 -4 -4 -4 -4 -4 -4 -4 -4 -4 -4 -4 -4 -4 
-4 -4 -4 -4 -4 -4 -4 -4 -4 -4 -4 -4 -4 -4 -4 -4 -4 -4 -4 -4 -4 -4 -4 -4 -4 -4 -4 -4 -4 -4 -4 -4 
-4 -4 -4 -4 -4 -4 -4 -4 -4 -4 -4 -4 -4 -4 -4 -4 -4 -4 -4 -4 -4 -4 -4 -4 -4 -4 -4 -4 0 -4 -4 -4 
-4 -4 -4 -4 -4 -4 -4 -4 -4 -4 -4 -4 -4 -4 -4 -4 -4 -4 -4 -4 -4 -4 -4 -4 -4 -4 -4 -4 -4 -4 -4 -4 
-4 -4 -4 -4 -4 -4 -4 -4 -4 -4 -4 -4 -4 -4 -4 -4 -4 -4 -4 -4 -4 -4 -4 -4 -4 -4 -4 -4 -4 -4 -4 -4 
-4 -4 -4 -4 -4 -4 -4 -4 0 -4 -4 -4 -4 -4 -4 -4 -4 -4 -4 -4 -4 -4 -4 -4 -4 -4 -4 -4 -4 -4 -4 -4 
-4 -4 -4 -4 -4 -4 -4 -4 -4 -4 -4 -4 -4 -4 -4 -4 -4 -4 -4 -4 -4 -4 -4 -4 -4 -4 -4 -4 -4 -4 -4 -4 
-4 -4 -4 -4 -4 -4 -4 -4 -4 -4 -4 -4 -4 -4 -4 -4 -4 -4 -4 -4 0 -4 -4 -4 -4 -4 -4 -4 -4 -4 -4 -4 
-4 -4 -4 -4 -4 -4 -4 -4 -4 -4 -4 -4 -4 -4 -4 -4 -4 -4 -4 -4 -4 -4 -4 -4 -4 -4 -4 -4 -4 -4 -4 -4 
-4 -4 -4 -4 -4 -4 -4 -4 -4 -4 -4 -4 -4 -4 -4 -4 -4 -4 -4 -4 -4 -4 -4 -4 -4 -4 -4 -4 -4 -4 -4 -4 
0 -4 -4 -4 -4 -4 -4 -4 -4 -4 -4 -4 -4 -4 -4 -4 -4 -4 -4 -4 -4 -4 -4 -4 -4 -4 -4 -4 -4 -4 -4 -4 
-4 -4 -4 -4 -4 -4 -4 -4 -4 -4 -4 -4 -4 -4 -4 -4 -4 -4 -4 -4 -4 -4 -4 -4 -4 -4 -4 -4 -4 -4 -4 -4 
-4 -4 -4 -4 -4 -4 -4 -4 -4 -4 -4 -4 0 -4 -4 -4 -4 -4 -4 -4 -4 -4 -4 -4 -4 -4 -4 -4 -4 -4 -4 -4 
-4 -4 -4 -4 -4 -4 -4 -4 -4 -4 -4 -4 -4 -4 -4 -4 -4 -4 -4 -4 -4 -4 -4 -4 -4 -4 -4 -4 -4 -4 -4 -4 
-4 -4 -4 -4 -4 -4 -4 -4 -4 -4 -4 -4 -4 -4 -4 -4 -4 -4 -4 -4 -4 -4 -4 -4 0 -4 -4 -4 -4 -4 -4 -4 
-4 -4 -4 -4 -4 -4 -4 -4 -4 -4 -4 -4 -4 -4 -4 -4 -4 -4 -4 -4 -4 -4 -4 -4 -4 -4 -4 -4 -4 -4 -4 -4 
-4 -4 -4 -4 -4 -4 -4 -4 -4 -4 -4 -4 -4 -4 -4 -4 -4 -4 -4 -4 -4 -4 -4 -4 -4 -4 -4 -4 -4 -4 -4 -4 
-4 -4 -4 -4 0 -4 -4 -4 -4 -4 -4 -4 -4 -4 -4 -4 -4 -4 -4 -4 -4 -4 -4 -4 -4 -4 -4 -4 -4 -4 -4 -4 
-4 -4 -4 -4 -4 -4 -4 -4 -4 -4 -4 -4 -4 -4 -4 -4 -4 -4 -4 -4 -4 -4 -4 -4 -4 -4 -4 -4 -4 -4 -4 -4 
-4 -4 -4 -4 -4 -4 -4 -4 -4 -4 -4 -4 -4 -4 -4 -4 0 0 0 0 0 0 0 0 0 0 0 0 0 105 4 -109 
4 2 16 0 0 120 1 -117 8 -72 16 -89 8 0 0 0 0 0 0 0 0 
]]>
</Image>
</inet:Report>
