<?xml version="1.0" encoding="UTF-8" standalone="yes" ?>

<inet:Report xmlns:inet="http://www.inetsoftware.de" major_version="10" minor_version="0" major_xml_version="8" minor_xml_version="2" count="3" id="0">
    <Datasource>
      <DataSourceConfiguration name="Pdsmon(Sip3jateng,,sip3single)">
        <property name="supportsWhere" value="true"/>
        <property name="datasource" value="Sip3jateng"/>
        <property name="url" value="jdbc:odbc:{datasource}"/>
        <property name="escapeEverything" value="false"/>
        <property name="quotesLowerCase" value="false"/>
        <property name="savePassword" value="false"/>
        <property name="driverClassName" value="sun.jdbc.odbc.JdbcOdbcDriver"/>
        <property name="user" value="sip3single"/>
        <property name="catalog" value=""/>
        <property name="supportsParenthesesForJoin" value="true"/>
        <property name="identifierQuoteString" value=""/>
        <property name="driverLibrary" value=""/>
        <property name="databaseClassName" value=""/>
        <property name="aliasToken" value="AS"/>
        <property name="supportsOrderBy" value="true"/>
        <property name="supportsSQL92" value="true"/>
      </DataSourceConfiguration>
      <Tablesource alias="element2" databaseIdentifier="SIP3SINGLE.PRR_VIEW_LAMPIRAN_7">
        <Column name="UNITAP" type="11" />
        <Column name="NAMAAP" type="11" />
        <Column name="UNITUP" type="11" />
        <Column name="NAMAUP" type="11" />
        <Column name="NAMAUPI" type="11" />
        <Column name="NO_SURAT_DUPPR" type="11" />
        <Column name="JABATAN_USUL" type="11" />
        <Column name="JABATAN_SETUJU" type="11" />
        <Column name="NAMA_PEJABAT_SETUJU" type="11" />
        <Column name="NAMA_PEJABAT_USUL" type="11" />
        <Column name="TGL_SETUJU" type="15" />
        <Column name="NO_SUPPR_UPI" type="11" />
        <Column name="PR_PRR" type="6" />
      </Tablesource>
    </Datasource>
  <Database>
    <QueryChanges mask="0" count="2">
      <Attribute name="queryChange" value="null"/>
      <Attribute name="queryChange" value="null"/>
    </QueryChanges>
  </Database>
  <FormulaFields>
    <Field type="FormulaField" valueType="6">
      <Attribute name="name" value="jml_rpprr"/>
      <Attribute name="shortName" value="jml_rpprr"/>
      <Attribute name="formula type" value="0"/>
      <Attribute name="basic syntax" value="false"/>
      <![CDATA[sum({element2.PR_PRR})]]>
    </Field>
    <Field type="FormulaField" valueType="-1">
      <Attribute name="name" value="terbilang"/>
      <Attribute name="shortName" value="terbilang"/>
      <Attribute name="formula type" value="0"/>
      <Attribute name="basic syntax" value="false"/>
      <![CDATA[getTerbilang ({@jml_rpprr}) & " rupiah"]]>
    </Field>
  </FormulaFields>
  <PromptFields>
  </PromptFields>
  <SQLFields>
  </SQLFields>
  <SummaryFields>
    <Field type="SummaryField" valueType="6">
      <Attribute name="name" value="Sum (element2.PR_PRR)"/>
      <Reference name="id" type="DatabaseField" refname="element2.PR_PRR"/>
      <Attribute name="operation" value="0"/>
      <Attribute name="summary_nth" value="0"/>
      <Attribute name="summary_type" value="1"/>
      <Attribute name="chartFieldSelect" value="2"/>
      <Attribute name="group number type" value="0"/>
      <Attribute name="show as percent value" value="false"/>
      <Attribute name="execute on db" value="false"/>
    </Field>
  </SummaryFields>
  <SortFields>
  </SortFields>
  <GroupNameFields count="0">
  </GroupNameFields>
  <ReportProperties>
    <Attribute name="page width" value="12240"/>
    <Attribute name="page height" value="20160"/>
    <Attribute name="page orientation" value="1"/>
    <Attribute name="page margin left" value="1418"/>
    <Attribute name="page margin right" value="1559"/>
    <Attribute name="page margin top" value="1134"/>
    <Attribute name="page margin bottom" value="1418"/>
    <Attribute name="report title" value=""/>
    <Attribute name="report author" value=""/>
    <Attribute name="report keywords" value=""/>
    <Attribute name="report subject" value=""/>
    <Attribute name="report template" value=""/>
    <Attribute name="report comments" value=""/>
    <Attribute name="report last saved" value="14 Jan 2014 02:07:59 GMT"/>
    <Attribute name="report created" value="24 Mar 2009 06:50:56 GMT"/>
    <Attribute name="mailing label type 1" value=""/>
    <Attribute name="mailing label type 2" value=""/>
    <Attribute name="format with multiple columns" value="false"/>
    <Attribute name="mailing label width" value="0"/>
    <Attribute name="mailing label height" value="0"/>
    <Attribute name="mailing label distance vertical" value="0"/>
    <Attribute name="mailing label distance horizontal" value="0"/>
    <Attribute name="across then down" value="false"/>
    <Attribute name="format groups with multiple columns" value="false"/>
    <Attribute name="distinct" value="false"/>
    <Attribute name="show suppressed nodes" value="true"/>
    <Attribute name="ignore filtering" value="false"/>
    <Attribute name="ignore sorting" value="false"/>
    <Attribute name="convert date time" value="2"/>
    <Attribute name="suppress if no rows" value="false"/>
    <Attribute name="convert null values to default" value="false"/>
    <Attribute name="hide PageFooter inside ReportHeader" value="true"/>
    <Attribute name="form print" value="false"/>
    <Attribute name="printing enabled" value="true"/>
    <Attribute name="clipboard enabled" value="true"/>
    <Attribute name="export enabled" value="true"/>
    <Attribute name="group tree visible" value="true"/>
  </ReportProperties>
  <AreaPair type="PageAreaPair" id="0">
    <Area type="PageHeader" count="1">
      <AreaProperties>
        <Attribute name="keep together" value="true"/>
        <Attribute name="hold minimal pagefooter free" value="1"/>
      </AreaProperties>
      <Section type="PageHeader" count="4" width="9263" height="2651" id="0">
        <SectionProperties>
          <Attribute name="keep together" value="true"/>
          <Attribute name="hold minimal pagefooter free" value="1"/>
        </SectionProperties>
        <Element type="Text" count="2" x_position="120" y_position="120" width="4800" height="600">
          <CommonProperties>
            <Attribute name="keep together" value="true"/>
            <Attribute name="close border on page break" value="false"/>
          </CommonProperties>
          <Element type="Paragraph" count="2">
            <CommonProperties>
              <Attribute name="horizontal align" value="1"/>
            </CommonProperties>
            <Element type="TextPart">
              <FontProperties>
                <Attribute name="font name" value="Times New Roman"/>
                <Attribute name="font size" value="200"/>
              </FontProperties>
            <![CDATA[Nomor :   ]]>
            </Element>
            <Element type="FieldPart">
              <FontProperties>
                <Attribute name="font name" value="Times New Roman"/>
                <Attribute name="font size" value="200"/>
              </FontProperties>
              <Reference name="field" type="DatabaseField" refname="element2.NO_SUPPR_UPI"/>
            </Element>
          </Element>
          <Element type="Paragraph" count="1">
            <CommonProperties>
              <Attribute name="horizontal align" value="1"/>
            </CommonProperties>
            <Element type="TextPart">
              <FontProperties>
                <Attribute name="font name" value="Times New Roman"/>
                <Attribute name="font size" value="200"/>
              </FontProperties>
            <![CDATA[Perihal : Usulan Penghapusan Piutang Ragu-ragu]]>
            </Element>
          </Element>
        </Element>
        <Element type="FieldElement" x_position="7560" y_position="240" width="1290" height="221">
          <CommonProperties>
            <Attribute name="horizontal align" value="3"/>
            <Attribute name="keep together" value="true"/>
            <Attribute name="close border on page break" value="false"/>
          </CommonProperties>
          <FontProperties>
            <Attribute name="font name" value="Times New Roman"/>
            <Attribute name="font size" value="200"/>
          </FontProperties>
          <DateProperties>
            <Attribute name="date windows default type" value="2"/>
            <Attribute name="date order" value="1"/>
            <Attribute name="year type" value="1"/>
            <Attribute name="date first separator" value="/"/>
            <Attribute name="date second separator" value="/"/>
          </DateProperties>
          <Reference name="field" type="SpecialVarField" id="4"/>
        </Element>
        <Element type="Text" count="3" x_position="5760" y_position="960" width="3000" height="840">
          <CommonProperties>
            <Attribute name="keep together" value="true"/>
            <Attribute name="close border on page break" value="false"/>
          </CommonProperties>
          <Element type="Paragraph" count="1">
            <CommonProperties>
              <Attribute name="horizontal align" value="1"/>
            </CommonProperties>
            <Element type="TextPart">
              <FontProperties>
                <Attribute name="font name" value="Times New Roman"/>
                <Attribute name="font size" value="200"/>
              </FontProperties>
            <![CDATA[Kepada Yth :]]>
            </Element>
          </Element>
          <Element type="Paragraph" count="1">
            <CommonProperties>
              <Attribute name="horizontal align" value="1"/>
            </CommonProperties>
            <Element type="TextPart">
              <FontProperties>
                <Attribute name="font name" value="Times New Roman"/>
                <Attribute name="font size" value="200"/>
              </FontProperties>
            <![CDATA[PT. PLN (Persero)]]>
            </Element>
          </Element>
          <Element type="Paragraph" count="1">
            <CommonProperties>
              <Attribute name="horizontal align" value="1"/>
            </CommonProperties>
            <Element type="TextPart">
              <FontProperties>
                <Attribute name="font name" value="Times New Roman"/>
                <Attribute name="font size" value="200"/>
              </FontProperties>
            <![CDATA[Kantor Pusat]]>
            </Element>
          </Element>
        </Element>
        <Element type="Text" count="1" x_position="120" y_position="1920" width="8655" height="720">
          <CommonProperties>
            <Attribute name="keep together" value="true"/>
            <Attribute name="close border on page break" value="false"/>
          </CommonProperties>
          <Element type="Paragraph" count="5">
            <CommonProperties>
              <Attribute name="horizontal align" value="1"/>
            </CommonProperties>
            <Element type="TextPart">
              <FontProperties>
                <Attribute name="font name" value="Times New Roman"/>
                <Attribute name="font size" value="200"/>
              </FontProperties>
            <![CDATA[Dengan ini kami sampaikan asli dan 2 (dua) copy Usulan Penghapusan Piutang Ragu-ragu sejumlah Rp.]]>
            </Element>
            <Element type="FieldPart">
              <FontProperties>
                <Attribute name="font name" value="Times New Roman"/>
                <Attribute name="font size" value="200"/>
              </FontProperties>
              <NumberProperties>
                <Attribute name="system default number type" value="2"/>
                <Attribute name="n decimal places" value="0"/>
                <Attribute name="rounding type" value="11"/>
                <Attribute name="thousand separators symbol" value="."/>
                <Attribute name="decimal separators symbol" value=","/>
                <Attribute name="currency symbol" value=""/>
              </NumberProperties>
              <Reference name="field" type="FormulaField" refname="@jml_rpprr"/>
            </Element>
            <Element type="TextPart">
              <FontProperties>
                <Attribute name="font name" value="Times New Roman"/>
                <Attribute name="font size" value="200"/>
              </FontProperties>
            <![CDATA[  terbilang  ]]>
            </Element>
            <Element type="FieldPart">
              <FontProperties>
                <Attribute name="font name" value="Times New Roman"/>
                <Attribute name="font size" value="200"/>
              </FontProperties>
              <NumberProperties>
                <Attribute name="thousand separators symbol" value=","/>
                <Attribute name="decimal separators symbol" value="."/>
                <Attribute name="currency symbol" value="$"/>
              </NumberProperties>
              <TimeProperties>
                <Attribute name="am string" value=" AM"/>
                <Attribute name="pm string" value=" PM"/>
              </TimeProperties>
              <Reference name="field" type="FormulaField" refname="@terbilang"/>
            </Element>
            <Element type="TextPart">
              <FontProperties>
                <Attribute name="font name" value="Times New Roman"/>
                <Attribute name="font size" value="200"/>
              </FontProperties>
            <![CDATA[ yang terdiri dari :]]>
            </Element>
          </Element>
        </Element>
      </Section>
    </Area>
    <Area type="PageFooter" count="1">
      <AreaProperties>
        <Attribute name="print at bottom of page" value="true"/>
        <Attribute name="new page after" value="true"/>
        <Attribute name="keep together" value="true"/>
        <Attribute name="hold minimal pagefooter free" value="1"/>
      </AreaProperties>
      <Section type="PageFooter" count="1" width="9263" height="600" id="1">
        <SectionProperties>
          <Attribute name="keep together" value="true"/>
          <Attribute name="hold minimal pagefooter free" value="1"/>
        </SectionProperties>
        <Element type="Text" count="1" x_position="120" y_position="0" width="3230" height="240">
          <CommonProperties>
            <Attribute name="keep together" value="true"/>
            <Attribute name="close border on page break" value="false"/>
          </CommonProperties>
          <Element type="Paragraph" count="1">
            <CommonProperties>
              <Attribute name="horizontal align" value="1"/>
            </CommonProperties>
            <Element type="TextPart">
              <FontProperties>
                <Attribute name="font name" value="Times New Roman"/>
                <Attribute name="font size" value="200"/>
              </FontProperties>
            <![CDATA[*) Diisi bila ada surat PSBDT/ Deponir]]>
            </Element>
          </Element>
        </Element>
      </Section>
    </Area>
  </AreaPair>
  <AreaPair type="ReportAreaPair" id="0">
    <Area type="ReportHeader" count="1">
      <AreaProperties>
        <Attribute name="new page before" value="true"/>
        <Attribute name="hold minimal pagefooter free" value="1"/>
      </AreaProperties>
      <Section type="ReportHeader" count="8" width="9263" height="1110" id="2">
        <SectionProperties>
          <Attribute name="keep together" value="true"/>
          <Attribute name="hold minimal pagefooter free" value="1"/>
        </SectionProperties>
        <Element type="Picture" x_position="120" y_position="120" width="840" height="960">
          <CommonProperties>
            <Attribute name="keep together" value="true"/>
            <Attribute name="close border on page break" value="false"/>
          </CommonProperties>
          <PictureProperties>
            <Attribute name="scale width" value="0.747"/>
            <Attribute name="scale height" value="0.587"/>
            <Attribute name="scale option" value="1"/>
            <Attribute name="id" value="1"/>
          </PictureProperties>
        </Element>
        <Element type="Text" count="1" x_position="6960" y_position="120" width="1920" height="221">
          <CommonProperties>
            <Attribute name="keep together" value="true"/>
            <Attribute name="close border on page break" value="false"/>
          </CommonProperties>
          <Element type="Paragraph" count="1">
            <CommonProperties>
              <Attribute name="horizontal align" value="1"/>
            </CommonProperties>
            <Element type="TextPart">
              <FontProperties>
                <Attribute name="font name" value="Times New Roman"/>
                <Attribute name="font size" value="200"/>
              </FontProperties>
            <![CDATA[Formulir : SUPPR-UPI]]>
            </Element>
          </Element>
        </Element>
        <Element type="Text" count="1" x_position="6960" y_position="360" width="1560" height="221">
          <CommonProperties>
            <Attribute name="keep together" value="true"/>
            <Attribute name="close border on page break" value="false"/>
          </CommonProperties>
          <Element type="Paragraph" count="1">
            <CommonProperties>
              <Attribute name="horizontal align" value="1"/>
            </CommonProperties>
            <Element type="TextPart">
              <FontProperties>
                <Attribute name="font name" value="Times New Roman"/>
                <Attribute name="font size" value="200"/>
              </FontProperties>
            <![CDATA[Lampiran : VII]]>
            </Element>
          </Element>
        </Element>
        <Element type="Text" count="2" x_position="1080" y_position="120" width="4200" height="480">
          <CommonProperties>
            <Attribute name="keep together" value="true"/>
            <Attribute name="close border on page break" value="false"/>
          </CommonProperties>
          <Element type="Paragraph" count="1">
            <CommonProperties>
              <Attribute name="horizontal align" value="1"/>
            </CommonProperties>
            <Element type="TextPart">
              <FontProperties>
                <Attribute name="font name" value="Times New Roman"/>
                <Attribute name="font size" value="200"/>
              </FontProperties>
            <![CDATA[PT. PLN (PERSERO)]]>
            </Element>
          </Element>
          <Element type="Paragraph" count="1">
            <CommonProperties>
              <Attribute name="horizontal align" value="1"/>
            </CommonProperties>
            <Element type="FieldPart">
              <FontProperties>
                <Attribute name="font name" value="Times New Roman"/>
                <Attribute name="font size" value="200"/>
              </FontProperties>
              <Reference name="field" type="DatabaseField" refname="element2.NAMAUPI"/>
            </Element>
          </Element>
        </Element>
        <Element type="Text" count="1" x_position="1080" y_position="600" width="2160" height="240">
          <CommonProperties>
            <Attribute name="keep together" value="true"/>
            <Attribute name="close border on page break" value="false"/>
          </CommonProperties>
          <Element type="Paragraph" count="1">
            <CommonProperties>
              <Attribute name="horizontal align" value="1"/>
            </CommonProperties>
            <Element type="TextPart">
              <FontProperties>
                <Attribute name="font name" value="Times New Roman"/>
                <Attribute name="font size" value="200"/>
              </FontProperties>
            <![CDATA[APJ/CABANG :]]>
            </Element>
          </Element>
        </Element>
        <Element type="Text" count="1" x_position="1080" y_position="840" width="2160" height="240">
          <CommonProperties>
            <Attribute name="keep together" value="true"/>
            <Attribute name="close border on page break" value="false"/>
          </CommonProperties>
          <Element type="Paragraph" count="1">
            <CommonProperties>
              <Attribute name="horizontal align" value="1"/>
            </CommonProperties>
            <Element type="TextPart">
              <FontProperties>
                <Attribute name="font name" value="Times New Roman"/>
                <Attribute name="font size" value="200"/>
              </FontProperties>
            <![CDATA[UPJ/RAYON/RANTING :]]>
            </Element>
          </Element>
        </Element>
        <Element type="FieldElement" x_position="3360" y_position="600" width="1995" height="221">
          <CommonProperties>
            <Attribute name="horizontal align" value="1"/>
            <Attribute name="keep together" value="true"/>
            <Attribute name="close border on page break" value="false"/>
          </CommonProperties>
          <FontProperties>
            <Attribute name="font name" value="Times New Roman"/>
            <Attribute name="font size" value="200"/>
          </FontProperties>
          <Reference name="field" type="DatabaseField" refname="element2.NAMAAP"/>
        </Element>
        <Element type="FieldElement" x_position="3360" y_position="840" width="1995" height="221">
          <CommonProperties>
            <Attribute name="horizontal align" value="1"/>
            <Attribute name="keep together" value="true"/>
            <Attribute name="close border on page break" value="false"/>
          </CommonProperties>
          <FontProperties>
            <Attribute name="font name" value="Times New Roman"/>
            <Attribute name="font size" value="200"/>
          </FontProperties>
          <Reference name="field" type="DatabaseField" refname="element2.NAMAUP"/>
        </Element>
      </Section>
    </Area>
    <Area type="ReportFooter" count="1">
      <AreaProperties>
        <Attribute name="new page after" value="true"/>
        <Attribute name="hold minimal pagefooter free" value="1"/>
      </AreaProperties>
      <Section type="ReportFooter" count="2" width="9263" height="2400" id="3">
        <SectionProperties>
          <Attribute name="keep together" value="true"/>
          <Attribute name="hold minimal pagefooter free" value="1"/>
        </SectionProperties>
        <Element type="Text" count="7" x_position="5640" y_position="480" width="3120" height="1800">
          <CommonProperties>
            <Attribute name="keep together" value="true"/>
            <Attribute name="close border on page break" value="false"/>
          </CommonProperties>
          <Element type="Paragraph" count="1">
            <CommonProperties>
              <Attribute name="horizontal align" value="2"/>
            </CommonProperties>
            <Element type="FieldPart">
              <FontProperties>
                <Attribute name="font name" value="Times New Roman"/>
                <Attribute name="font size" value="200"/>
              </FontProperties>
              <Reference name="field" type="DatabaseField" refname="element2.JABATAN_SETUJU"/>
            </Element>
          </Element>
          <Element type="Paragraph" count="1">
            <CommonProperties>
              <Attribute name="horizontal align" value="2"/>
            </CommonProperties>
            <Element type="TextPart">
              <FontProperties>
                <Attribute name="font name" value="Times New Roman"/>
                <Attribute name="font size" value="200"/>
              </FontProperties>
            <![CDATA[]]>
            </Element>
          </Element>
          <Element type="Paragraph" count="1">
            <CommonProperties>
              <Attribute name="horizontal align" value="2"/>
            </CommonProperties>
            <Element type="TextPart">
              <FontProperties>
                <Attribute name="font name" value="Times New Roman"/>
                <Attribute name="font size" value="200"/>
              </FontProperties>
            <![CDATA[]]>
            </Element>
          </Element>
          <Element type="Paragraph" count="1">
            <CommonProperties>
              <Attribute name="horizontal align" value="2"/>
            </CommonProperties>
            <Element type="TextPart">
              <FontProperties>
                <Attribute name="font name" value="Times New Roman"/>
                <Attribute name="font size" value="200"/>
              </FontProperties>
            <![CDATA[]]>
            </Element>
          </Element>
          <Element type="Paragraph" count="1">
            <CommonProperties>
              <Attribute name="horizontal align" value="2"/>
            </CommonProperties>
            <Element type="TextPart">
              <FontProperties>
                <Attribute name="font name" value="Times New Roman"/>
                <Attribute name="font size" value="200"/>
              </FontProperties>
            <![CDATA[]]>
            </Element>
          </Element>
          <Element type="Paragraph" count="1">
            <CommonProperties>
              <Attribute name="horizontal align" value="2"/>
            </CommonProperties>
            <Element type="TextPart">
              <FontProperties>
                <Attribute name="font name" value="Times New Roman"/>
                <Attribute name="font size" value="200"/>
              </FontProperties>
            <![CDATA[]]>
            </Element>
          </Element>
          <Element type="Paragraph" count="1">
            <CommonProperties>
              <Attribute name="horizontal align" value="2"/>
            </CommonProperties>
            <Element type="FieldPart">
              <FontProperties>
                <Attribute name="font name" value="Times New Roman"/>
                <Attribute name="font size" value="200"/>
              </FontProperties>
              <Reference name="field" type="DatabaseField" refname="element2.NAMA_PEJABAT_SETUJU"/>
            </Element>
          </Element>
        </Element>
        <Element type="Text" count="1" x_position="120" y_position="0" width="8640" height="360">
          <CommonProperties>
            <Attribute name="keep together" value="true"/>
            <Attribute name="close border on page break" value="false"/>
          </CommonProperties>
          <Element type="Paragraph" count="1">
            <CommonProperties>
              <Attribute name="horizontal align" value="1"/>
            </CommonProperties>
            <Element type="TextPart">
              <FontProperties>
                <Attribute name="font name" value="Times New Roman"/>
                <Attribute name="font size" value="200"/>
              </FontProperties>
            <![CDATA[Demikian agar maklum, mohon mendapat penyelesaian lebih lanjut dan terima kasih atas perhatiannya]]>
            </Element>
          </Element>
        </Element>
      </Section>
    </Area>
  </AreaPair>
  <AreaPair type="DetailArea" id="1">
    <Area type="Detail" count="1">
      <AreaProperties>
        <Attribute name="hold minimal pagefooter free" value="1"/>
      </AreaProperties>
      <Section type="Detail" count="1" width="9263" height="1545" id="4">
        <SectionProperties>
          <Attribute name="keep together" value="true"/>
          <Attribute name="hold minimal pagefooter free" value="1"/>
        </SectionProperties>
        <Element type="Text" count="5" x_position="120" y_position="120" width="8640" height="1320">
          <CommonProperties>
            <Attribute name="keep together" value="true"/>
            <Attribute name="close border on page break" value="false"/>
          </CommonProperties>
          <Element type="Paragraph" count="1">
            <CommonProperties>
              <Attribute name="horizontal align" value="4"/>
            </CommonProperties>
            <Element type="TextPart">
              <FontProperties>
                <Attribute name="font name" value="Times New Roman"/>
                <Attribute name="font size" value="200"/>
              </FontProperties>
            <![CDATA[I.	Daftar Usulan Penghapusan Piutang Ragu-ragu (DUPPR).]]>
            </Element>
          </Element>
          <Element type="Paragraph" count="6">
            <CommonProperties>
              <Attribute name="horizontal align" value="4"/>
            </CommonProperties>
            <Element type="TextPart">
              <FontProperties>
                <Attribute name="font name" value="Times New Roman"/>
                <Attribute name="font size" value="200"/>
              </FontProperties>
            <![CDATA[	No.	 ]]>
            </Element>
            <Element type="FieldPart">
              <FontProperties>
                <Attribute name="font name" value="Times New Roman"/>
                <Attribute name="font size" value="200"/>
              </FontProperties>
              <Reference name="field" type="DatabaseField" refname="element2.NO_SURAT_DUPPR"/>
            </Element>
            <Element type="TextPart">
              <FontProperties>
                <Attribute name="font name" value="Times New Roman"/>
                <Attribute name="font size" value="200"/>
              </FontProperties>
            <![CDATA[		Tgl	      ]]>
            </Element>
            <Element type="FieldPart">
              <FontProperties>
                <Attribute name="font name" value="Times New Roman"/>
                <Attribute name="font size" value="200"/>
              </FontProperties>
              <DateProperties>
                <Attribute name="date windows default type" value="2"/>
                <Attribute name="date order" value="1"/>
                <Attribute name="month type" value="0"/>
                <Attribute name="day type" value="0"/>
                <Attribute name="date first separator" value="/"/>
                <Attribute name="date second separator" value="/"/>
              </DateProperties>
              <TimeProperties>
                <Attribute name="system default time type" value="2"/>
                <Attribute name="time base" value="1"/>
                <Attribute name="hour type" value="1"/>
                <Attribute name="second type" value="2"/>
                <Attribute name="minute second separator" value=""/>
                <Attribute name="am string" value=" am"/>
                <Attribute name="pm string" value=" pm"/>
              </TimeProperties>
              <DateTimeProperties>
                <Attribute name="date time order" value="2"/>
                <Attribute name="date time separator" value=" "/>
              </DateTimeProperties>
              <Reference name="field" type="DatabaseField" refname="element2.TGL_SETUJU"/>
            </Element>
            <Element type="TextPart">
              <FontProperties>
                <Attribute name="font name" value="Times New Roman"/>
                <Attribute name="font size" value="200"/>
              </FontProperties>
            <![CDATA[	Rp.  ]]>
            </Element>
            <Element type="FieldPart">
              <FontProperties>
                <Attribute name="font name" value="Times New Roman"/>
                <Attribute name="font size" value="200"/>
              </FontProperties>
              <NumberProperties>
                <Attribute name="system default number type" value="2"/>
                <Attribute name="n decimal places" value="0"/>
                <Attribute name="rounding type" value="11"/>
                <Attribute name="thousand separators symbol" value="."/>
                <Attribute name="decimal separators symbol" value=","/>
                <Attribute name="currency symbol" value=""/>
              </NumberProperties>
              <Reference name="field" type="DatabaseField" refname="element2.PR_PRR"/>
            </Element>
          </Element>
          <Element type="Paragraph" count="1">
            <CommonProperties>
              <Attribute name="horizontal align" value="4"/>
            </CommonProperties>
            <Element type="TextPart">
              <FontProperties>
                <Attribute name="font name" value="Times New Roman"/>
                <Attribute name="font size" value="200"/>
              </FontProperties>
            <![CDATA[	]]>
            </Element>
          </Element>
          <Element type="Paragraph" count="1">
            <CommonProperties>
              <Attribute name="horizontal align" value="4"/>
            </CommonProperties>
            <Element type="TextPart">
              <FontProperties>
                <Attribute name="font name" value="Times New Roman"/>
                <Attribute name="font size" value="200"/>
              </FontProperties>
            <![CDATA[II.	Berita Acara Penelitian Piutang Ragu-ragu]]>
            </Element>
          </Element>
          <Element type="Paragraph" count="4">
            <CommonProperties>
              <Attribute name="horizontal align" value="4"/>
            </CommonProperties>
            <Element type="TextPart">
              <FontProperties>
                <Attribute name="font name" value="Times New Roman"/>
                <Attribute name="font size" value="200"/>
              </FontProperties>
            <![CDATA[	No.	 ]]>
            </Element>
            <Element type="FieldPart">
              <FontProperties>
                <Attribute name="font name" value="Times New Roman"/>
                <Attribute name="font size" value="200"/>
              </FontProperties>
              <Reference name="field" type="DatabaseField" refname="element2.NO_SURAT_DUPPR"/>
            </Element>
            <Element type="TextPart">
              <FontProperties>
                <Attribute name="font name" value="Times New Roman"/>
                <Attribute name="font size" value="200"/>
              </FontProperties>
            <![CDATA[		Tgl        ]]>
            </Element>
            <Element type="FieldPart">
              <FontProperties>
                <Attribute name="font name" value="Times New Roman"/>
                <Attribute name="font size" value="200"/>
              </FontProperties>
              <DateProperties>
                <Attribute name="date windows default type" value="2"/>
                <Attribute name="date order" value="1"/>
                <Attribute name="month type" value="0"/>
                <Attribute name="day type" value="0"/>
                <Attribute name="date first separator" value="/"/>
                <Attribute name="date second separator" value="/"/>
              </DateProperties>
              <TimeProperties>
                <Attribute name="system default time type" value="2"/>
                <Attribute name="time base" value="1"/>
                <Attribute name="hour type" value="1"/>
                <Attribute name="second type" value="2"/>
                <Attribute name="minute second separator" value=""/>
                <Attribute name="am string" value=" am"/>
                <Attribute name="pm string" value=" pm"/>
              </TimeProperties>
              <DateTimeProperties>
                <Attribute name="date time order" value="2"/>
                <Attribute name="date time separator" value=" "/>
              </DateTimeProperties>
              <Reference name="field" type="DatabaseField" refname="element2.TGL_SETUJU"/>
            </Element>
          </Element>
        </Element>
      </Section>
    </Area>
  </AreaPair>
<Image count="9398" name="embedding 1">
<![CDATA[
66 77 -74 36 0 0 0 0 0 0 54 4 0 0 40 0 0 0 75 0 0 0 109 0 0 0 1 0 8 0 0 0 0 
0 0 0 0 0 -61 14 0 0 -61 14 0 0 0 0 0 0 0 0 0 0 0 0 0 -1 64 0 0 -1 -128 0 0 
-1 -1 0 0 -1 0 32 0 -1 64 32 0 -1 -128 32 0 -1 -1 32 0 -1 0 64 0 -1 64 64 0 -1 -128 64 0 
-1 -1 64 0 -1 0 96 0 -1 64 96 0 -1 -128 96 0 -1 -1 96 0 -1 0 -128 0 -1 64 -128 0 -1 -128 -128 0 
-1 -1 -128 0 -1 0 -96 0 -1 64 -96 0 -1 -128 -96 0 -1 -1 -96 0 -1 0 -64 0 -1 64 -64 0 -1 -128 -64 0 
-1 -1 -64 0 -1 0 -1 0 -1 64 -1 0 -1 -128 -1 0 -1 -1 -1 0 -1 0 0 32 -1 64 0 32 -1 -128 0 32 
-1 -1 0 32 -1 0 32 32 -1 64 32 32 -1 -128 32 32 -1 -1 32 32 -1 0 64 32 -1 64 64 32 -1 -128 64 32 
-1 -1 64 32 -1 0 96 32 -1 64 96 32 -1 -128 96 32 -1 -1 96 32 -1 0 -128 32 -1 64 -128 32 -1 -128 -128 32 
-1 -1 -128 32 -1 0 -96 32 -1 64 -96 32 -1 -128 -96 32 -1 -1 -96 32 -1 0 -64 32 -1 64 -64 32 -1 -128 -64 32 
-1 -1 -64 32 -1 0 -1 32 -1 64 -1 32 -1 -128 -1 32 -1 -1 -1 32 -1 0 0 64 -1 64 0 64 -1 -128 0 64 
-1 -1 0 64 -1 0 32 64 -1 64 32 64 -1 -128 32 64 -1 -1 32 64 -1 0 64 64 -1 64 64 64 -1 -128 64 64 
-1 -1 64 64 -1 0 96 64 -1 64 96 64 -1 -128 96 64 -1 -1 96 64 -1 0 -128 64 -1 64 -128 64 -1 -128 -128 64 
-1 -1 -128 64 -1 0 -96 64 -1 64 -96 64 -1 -128 -96 64 -1 -1 -96 64 -1 0 -64 64 -1 64 -64 64 -1 -128 -64 64 
-1 -1 -64 64 -1 0 -1 64 -1 64 -1 64 -1 -128 -1 64 -1 -1 -1 64 -1 0 0 96 -1 64 0 96 -1 -128 0 96 
-1 -1 0 96 -1 0 32 96 -1 64 32 96 -1 -128 32 96 -1 -1 32 96 -1 0 64 96 -1 64 64 96 -1 -128 64 96 
-1 -1 64 96 -1 0 96 96 -1 64 96 96 -1 -128 96 96 -1 -1 96 96 -1 0 -128 96 -1 64 -128 96 -1 -128 -128 96 
-1 -1 -128 96 -1 0 -96 96 -1 64 -96 96 -1 -128 -96 96 -1 -1 -96 96 -1 0 -64 96 -1 64 -64 96 -1 -128 -64 96 
-1 -1 -64 96 -1 0 -1 96 -1 64 -1 96 -1 -128 -1 96 -1 -1 -1 96 -1 0 0 -128 -1 64 0 -128 -1 -128 0 -128 
-1 -1 0 -128 -1 0 32 -128 -1 64 32 -128 -1 -128 32 -128 -1 -1 32 -128 -1 0 64 -128 -1 64 64 -128 -1 -128 64 -128 
-1 -1 64 -128 -1 0 96 -128 -1 64 96 -128 -1 -128 96 -128 -1 -1 96 -128 -1 0 -128 -128 -1 64 -128 -128 -1 -128 -128 -128 
-1 -1 -128 -128 -1 0 -96 -128 -1 64 -96 -128 -1 -128 -96 -128 -1 -1 -96 -128 -1 0 -64 -128 -1 64 -64 -128 -1 -128 -64 -128 
-1 -1 -64 -128 -1 0 -1 -128 -1 64 -1 -128 -1 -128 -1 -128 -1 -1 -1 -128 -1 0 0 -96 -1 64 0 -96 -1 -128 0 -96 
-1 -1 0 -96 -1 0 32 -96 -1 64 32 -96 -1 -128 32 -96 -1 -1 32 -96 -1 0 64 -96 -1 64 64 -96 -1 -128 64 -96 
-1 -1 64 -96 -1 0 96 -96 -1 64 96 -96 -1 -128 96 -96 -1 -1 96 -96 -1 0 -128 -96 -1 64 -128 -96 -1 -128 -128 -96 
-1 -1 -128 -96 -1 0 -96 -96 -1 64 -96 -96 -1 -128 -96 -96 -1 -1 -96 -96 -1 0 -64 -96 -1 64 -64 -96 -1 -128 -64 -96 
-1 -1 -64 -96 -1 0 -1 -96 -1 64 -1 -96 -1 -128 -1 -96 -1 -1 -1 -96 -1 0 0 -64 -1 64 0 -64 -1 -128 0 -64 
-1 -1 0 -64 -1 0 32 -64 -1 64 32 -64 -1 -128 32 -64 -1 -1 32 -64 -1 0 64 -64 -1 64 64 -64 -1 -128 64 -64 
-1 -1 64 -64 -1 0 96 -64 -1 64 96 -64 -1 -128 96 -64 -1 -1 96 -64 -1 0 -128 -64 -1 64 -128 -64 -1 -128 -128 -64 
-1 -1 -128 -64 -1 0 -96 -64 -1 64 -96 -64 -1 -128 -96 -64 -1 -1 -96 -64 -1 0 -64 -64 -1 64 -64 -64 -1 -128 -64 -64 
-1 -1 -64 -64 -1 0 -1 -64 -1 64 -1 -64 -1 -128 -1 -64 -1 -1 -1 -64 -1 0 0 -1 -1 64 0 -1 -1 -128 0 -1 
-1 -1 0 -1 -1 0 32 -1 -1 64 32 -1 -1 -128 32 -1 -1 -1 32 -1 -1 0 64 -1 -1 64 64 -1 -1 -128 64 -1 
-1 -1 64 -1 -1 0 96 -1 -1 64 96 -1 -1 -128 96 -1 -1 -1 96 -1 -1 0 -128 -1 -1 64 -128 -1 -1 -128 -128 -1 
-1 -1 -128 -1 -1 0 -96 -1 -1 64 -96 -1 -1 -128 -96 -1 -1 -1 -96 -1 -1 0 -64 -1 -1 64 -64 -1 -1 -128 -64 -1 
-1 -1 -64 -1 -1 0 -1 -1 -1 64 -1 -1 -1 -128 -1 -1 -1 -1 -1 -1 -1 -4 -4 -4 -4 -4 -4 -4 -4 -4 -4 -4 
-4 -4 -4 -4 -4 -4 -4 -4 -4 -4 -4 -4 -4 -4 -4 -4 -4 -4 -4 -4 -4 -4 -4 -4 -4 -4 -4 -4 -4 -4 -4 -4 
-4 -4 -4 -4 -4 -4 -4 -4 -4 -4 -4 -4 -4 -4 -4 -4 -4 -4 -4 -4 -4 -4 -4 -4 -4 -4 -4 -4 -4 -4 -4 -4 
0 -4 -4 -4 -4 -4 -4 -4 -4 -4 -4 -4 -4 -4 -4 -4 -4 -4 -4 -4 -4 -4 -4 -4 -4 -4 -4 -4 -4 -4 -4 -4 
-4 -4 -4 -4 -4 -4 -4 -4 -4 -4 -4 -4 -4 -4 -4 -4 -4 -4 -4 -4 -4 -4 -4 -4 -4 -4 -4 -4 -4 -4 -4 -4 
-4 -4 -4 -4 -4 -4 -4 -4 -4 -4 -4 -4 0 -4 -4 -4 -4 -4 -4 -4 -4 -4 -4 -4 -4 -4 -4 -4 -4 -4 -4 -4 
-4 -4 -4 -4 -4 -4 -4 -4 -4 -4 -4 -4 -4 -4 -4 -4 -4 -4 -4 -4 -4 -4 -4 -4 -4 -4 -4 -4 -4 -4 -4 -4 
-4 -4 -4 -4 -4 -4 -4 -4 -4 -4 -4 -4 -4 -4 -4 -4 -4 -4 -4 -4 -4 -4 -4 -4 0 -4 -4 -4 -4 -4 -4 -4 
-4 -4 -4 -4 -4 -4 -4 -4 -4 -4 -4 -4 -4 -4 -4 -4 -4 -4 -4 -4 -4 -4 -4 -4 -4 -4 -4 -4 -4 -4 -4 -4 
-4 -4 -4 -4 -4 -4 -4 -4 -4 -4 -4 -4 -4 -4 -4 -4 -4 -4 -4 -4 -4 -4 -4 -4 -4 -4 -4 -4 -4 -4 -4 -4 
-4 -4 -4 -4 0 -4 -4 -4 -4 -4 -4 -4 -4 -4 -4 -4 -4 -4 -4 -4 -4 -4 -4 -4 -4 -4 -4 -4 -4 -4 -4 -4 
-4 -4 -4 -4 -4 -4 -4 -4 -4 -4 -4 -4 -4 -4 -4 -4 -4 -4 -4 -4 -4 -4 -4 -4 -4 -4 -4 -4 -4 -4 -4 -4 
-4 -4 -4 -4 -4 -4 -4 -4 -4 -4 -4 -4 -4 -4 -4 -4 0 -4 -4 -4 -4 -4 -4 -4 -4 -4 -4 -4 -4 -4 -4 -4 
-4 -4 -4 -4 -4 -4 -4 -4 -4 -4 -4 -4 -4 -4 -4 -4 -4 -4 -4 -4 -4 -4 -4 -4 -4 -4 -4 -4 -4 -4 -4 -4 
-4 -4 -4 -4 -4 -4 -4 -4 -4 -4 -4 -4 -4 -4 -4 -4 -4 -4 -4 -4 -4 -4 -4 -4 -4 -4 -4 -4 0 -4 -4 -4 
-4 -4 -4 -4 -4 -4 -4 -4 -4 -4 -4 -4 -4 -4 -4 -4 -4 -4 -4 -4 -4 -4 -4 -4 -4 -4 -4 -4 -4 -4 -4 -4 
-4 -4 -4 -4 -4 -4 -4 -4 -4 -4 -4 -4 -4 -4 -4 -4 -4 -4 -4 -4 -4 -4 -4 -4 -4 -4 -4 -4 -4 -4 -4 -4 
-4 -4 -4 -4 -4 -4 -4 -4 0 -4 -4 -4 -4 -4 -4 -4 -4 -4 -4 -4 -4 -4 -4 -4 -4 -4 -4 -4 -4 -4 -4 -4 
-4 -4 -4 -4 -4 -4 -4 -4 -4 -4 -4 -4 -4 -4 -4 -4 -4 -4 -4 -4 -4 -4 -4 -4 -4 -4 -4 -4 -4 -4 -4 -4 
-4 -4 -4 -4 -4 -4 -4 -4 -4 -4 -4 -4 -4 -4 -4 -4 -4 -4 -4 -4 0 -4 -4 -4 -4 -4 -4 -4 -4 -4 -4 -4 
-4 -4 -4 -4 -4 -4 -4 -4 -4 -4 -4 -4 -4 -4 -4 -4 -4 -4 -4 -4 -4 -12 -4 -4 -4 -4 -4 -4 -4 -4 -4 -4 
-4 -4 -4 -4 -4 -4 -4 -4 -4 -4 -4 -4 -4 -4 -4 -4 -4 -4 -4 -4 -4 -4 -4 -4 -4 -4 -4 -4 -4 -4 -4 -4 
0 -4 -4 -4 -4 -4 -4 -4 -4 -4 -4 -4 -4 -4 -4 -4 -4 -4 -4 -4 -4 -4 -4 -4 -4 -4 -4 -4 -4 -4 -4 -4 
-4 -8 -48 -4 -4 -4 -4 -4 -4 -4 -4 -4 -4 -4 -4 -4 -4 -4 -4 -4 -4 -4 -4 -4 -4 -4 -4 -4 -4 -4 -4 -4 
-4 -4 -4 -4 -4 -4 -4 -4 -4 -4 -4 -4 0 -4 -4 -4 -4 -4 -4 -4 -4 -4 -4 -4 -4 -4 -4 -4 -4 -4 -4 -4 
-4 -4 -4 -4 -4 -4 -4 -4 -4 -4 -4 -4 -4 -4 -56 -4 -4 -4 -4 -4 -4 -4 -4 -4 -4 -4 -4 -4 -4 -4 -4 -4 
-4 -4 -4 -4 -4 -4 -4 -4 -4 -4 -4 -4 -4 -4 -4 -4 -4 -4 -4 -4 -4 -4 -4 -4 0 -4 -4 -4 -4 -4 -4 -4 
-4 -4 -4 -4 -4 -4 -4 -4 -4 -4 -4 -4 -4 -4 -4 -4 -4 -4 -4 -4 -4 -4 -4 -4 -4 -4 -56 -48 -4 -4 -4 -4 
-4 -4 -4 -4 -4 -4 -4 -4 -4 -4 -4 -4 -4 -4 -4 -4 -4 -4 -4 -4 -4 -4 -4 -4 -4 -4 -4 -4 -4 -4 -4 -4 
-4 -4 -4 -4 0 -4 -4 -4 -4 -4 -4 -4 -4 -4 -4 -4 -4 -4 -4 -4 -4 -4 -4 -4 -4 -4 -4 -4 -4 -4 -4 -4 
-4 -4 -4 -4 -4 -4 -48 -92 -4 -4 -4 -4 -4 -4 -4 -4 -4 -4 -4 -4 -4 -4 -4 -4 -4 -4 -4 -4 -4 -4 -4 -4 
-4 -4 -4 -4 -4 -4 -4 -4 -4 -4 -4 -4 -4 -4 -4 -4 0 -4 -4 -4 -4 -4 -4 -4 -4 -4 -4 -4 -4 -4 -4 -4 
-4 -4 -4 -4 -4 -4 -4 -4 -4 -4 -4 -4 -4 -4 -4 -4 -4 -4 -8 -96 -48 -4 -4 -4 -4 -4 -4 -4 -4 -4 -4 -4 
-4 -4 -4 -4 -4 -4 -4 -4 -4 -4 -4 -4 -4 -4 -4 -4 -4 -4 -4 -4 -4 -4 -4 -4 -4 -4 -4 -4 0 -4 -4 -4 
-4 -4 -4 -4 -4 -4 -4 -4 -4 -4 -4 -4 -4 -4 -4 -4 -4 -4 -4 -4 -4 -4 -4 -4 -4 -4 -4 -4 -4 -4 -4 -92 
-92 -4 -4 -4 -4 -4 -4 -4 -4 -4 -4 -4 -4 -4 -4 -4 -4 -4 -4 -4 -4 -4 -4 -4 -4 -4 -4 -4 -4 -4 -4 -4 
-4 -4 -4 -4 -4 -4 -4 -4 0 -4 -4 -4 -4 -4 -4 -4 -4 -4 -4 -4 -4 -4 -4 -4 -4 -4 -4 -4 -4 -4 -4 -4 
-4 -4 -4 -4 -4 -4 -4 -4 -4 -4 -4 -52 -96 -48 -4 -4 -4 -4 -4 -4 -4 -4 -4 -4 -4 -4 -4 -4 -4 -4 -4 -4 
-4 -4 -4 -4 -4 -4 -4 -4 -4 -4 -4 -4 -4 -4 -4 -4 -4 -4 -4 -4 0 -4 -4 -4 -4 -4 -4 -4 -4 -4 -4 -4 
-4 -4 -4 -4 -4 -4 -4 -4 -4 -4 -4 -4 -4 -4 -4 -4 -4 -4 -4 -4 -4 -4 -4 -48 -96 -92 -4 -4 -4 -4 -4 -4 
-4 -4 -4 -4 -4 -4 -4 -4 -4 -4 -4 -4 -4 -4 -4 -4 -4 -4 -4 -4 -4 -4 -4 -4 -4 -4 -4 -4 -4 -4 -4 -4 
0 -4 -4 -4 -4 -4 -4 -4 -4 -4 -4 -4 -4 -4 -4 -4 -4 -4 -4 -4 -4 -4 -4 -4 -4 -4 -4 -4 -4 -4 -4 -4 
-4 -4 -4 -8 -96 -96 -48 -4 -4 -4 -4 -4 -4 -4 -4 -4 -4 -4 -4 -4 -4 -4 -4 -4 -4 -4 -4 -4 -4 -4 -4 -4 
-4 -4 -4 -4 -4 -4 -4 -4 -4 -4 -4 -4 0 -4 -4 -4 -4 -4 -4 -4 -4 -4 -4 -4 -4 -4 -4 -4 -4 -4 -4 -4 
-4 -4 -4 -4 -4 -4 -4 -4 -4 -4 -4 -4 -4 -4 -4 -4 -92 -96 -92 -8 -4 -4 -4 -4 -4 -4 -4 -4 -4 -4 -4 -4 
-4 -4 -4 -4 -4 -4 -4 -4 -4 -4 -4 -4 -4 -4 -4 -4 -4 -4 -4 -4 -4 -4 -4 -4 0 -4 -4 -4 -4 -4 -4 -4 
-4 -4 -4 -4 -4 -4 -4 -4 -4 -4 -4 -4 -4 -4 -4 -4 -4 -4 -4 -4 -4 -4 -4 -4 -4 -4 -4 -4 -52 -96 -96 -48 
-4 -4 -4 -4 -4 -4 -4 -4 -4 -4 -4 -4 -4 -4 -4 -4 -4 -4 -4 -4 -4 -4 -4 -4 -4 -4 -4 -4 -4 -4 -4 -4 
-4 -4 -4 -4 0 -4 -4 -4 -4 -4 -4 -4 -4 -4 -4 -4 -4 -4 -4 -4 -4 -4 -4 -4 -4 -4 -4 -4 -4 -4 -4 -4 
-4 -4 -4 -4 -4 -4 -4 -4 -48 -96 -96 -92 -4 -4 -4 -4 -4 -4 -4 -4 -4 -4 -4 -4 -4 -4 -4 -4 -4 -4 -4 -4 
-4 -4 -4 -4 -4 -4 -4 -4 -4 -4 -4 -4 -4 -4 -4 -4 0 -4 -4 -4 -4 -4 -4 -4 -4 -4 -4 -4 -4 -4 -4 -4 
-4 -4 -4 -4 -4 -4 -4 -4 -4 -4 -4 -4 -4 -4 -4 -4 -4 -4 -4 -4 -8 -96 -96 -96 -52 -4 -4 -4 -4 -4 -4 -4 
-4 -4 -4 -4 -4 -4 -4 -4 -4 -4 -4 -4 -4 -4 -4 -4 -4 -4 -4 -4 -4 -4 -4 -4 -4 -4 -4 -4 0 -4 -4 -4 
-4 -4 -4 -4 -4 -4 -4 -4 -4 -4 -4 -4 -4 -4 -4 -4 -4 -4 -4 -4 -4 -4 -4 -4 -4 -4 -4 -4 -4 -4 -4 -4 
-4 -92 -96 -96 -92 -4 -4 -4 -4 -4 -4 -4 -4 -4 -4 -4 -4 -4 -4 -4 -4 -4 -4 -4 -4 -4 -4 -4 -4 -4 -4 -4 
-4 -4 -4 -4 -4 -4 -4 -4 0 -4 -4 -4 -4 -4 -4 -4 -4 -4 -4 -4 -4 -4 -4 -4 -4 -4 -4 -4 -4 -4 -4 -4 
-4 -4 -4 -4 -4 -4 -4 -4 -4 -4 -4 -4 -4 -52 -96 -96 -96 -52 -4 -4 -4 -4 -4 -4 -4 -4 -4 -4 -4 -4 -4 -4 
-4 -4 -4 -4 -4 -4 -4 -4 -4 -4 -4 -4 -4 -4 -4 -4 -4 -4 -4 -4 0 -4 -4 -4 -4 -4 -4 -4 -4 -4 -4 -4 
-4 -4 -4 -4 -4 -4 -4 -4 -4 -4 -4 -4 -4 -4 -4 -4 -4 -4 -4 -4 -4 -4 -4 -4 -4 -44 -96 -96 -96 -96 -4 -4 
-4 -4 -4 -4 -4 -4 -4 -4 -4 -4 -4 -4 -4 -4 -4 -4 -4 -4 -4 -4 -4 -4 -4 -4 -4 -4 -4 -4 -4 -4 -4 -4 
0 -4 -4 -4 -4 -4 -4 -4 -4 -4 -4 -4 -4 -4 -4 -4 -4 -4 -4 -4 -4 -4 -4 -4 -4 -4 -4 -4 -4 -4 -4 -4 
-4 -4 -4 -4 -4 -8 -96 -96 -96 -96 -52 -4 -4 -4 -4 -4 -4 -4 -4 -4 -4 -4 -4 -4 -4 -4 -4 -4 -4 -4 -4 -4 
-4 -4 -4 -4 -4 -4 -4 -4 -4 -4 -4 -4 0 -4 -4 -4 -4 -4 -4 -4 -4 -4 -4 -4 -4 -4 -4 -4 -4 -4 -4 -4 
-4 -4 -4 -4 -4 -4 -4 -4 -4 -4 -4 -4 -4 -4 -4 -4 -4 -4 -92 -96 -96 -96 -96 -4 -4 -4 -4 -4 -4 -4 -4 -4 
-4 -4 -4 -4 -4 -4 -4 -4 -4 -4 -4 -4 -4 -4 -4 -4 -4 -4 -4 -4 -4 -4 -4 -4 0 -4 -4 -4 -4 -4 -4 -4 
-4 -4 -4 -4 -4 -4 -4 -4 -4 -4 -4 -4 -4 -4 -4 -4 -4 -4 -4 -4 -4 -4 -4 -4 -4 -4 -4 -4 -4 -4 -52 -96 
-96 -96 -96 -52 -4 -4 -4 -4 -4 -4 -4 -4 -4 -4 -4 -4 -4 -4 -4 -4 -4 -4 -4 -4 -4 -4 -4 -4 -4 -4 -4 -4 
-4 -4 -4 -4 0 -4 -4 -4 -4 -4 -4 -4 -4 -4 -4 -4 -4 -4 -4 -4 -4 -4 -4 -4 -4 -4 -4 -4 -4 -4 -4 -4 
-4 -4 -4 -4 -4 -4 -4 -4 -4 -4 -12 -96 -96 -96 -96 -92 -8 -4 -4 -4 -4 -4 -4 -4 -4 -4 -4 -4 -4 -4 -4 -4 
-4 -4 -4 -4 -4 -4 -4 -4 -4 -4 -4 -4 -4 -4 -4 -4 0 -4 -4 -4 -4 -4 -4 -4 -4 -4 -4 -4 -4 -4 -4 -4 
-4 -4 -4 -4 -4 -4 -4 -4 -4 -4 -4 -4 -4 -4 -4 -4 -4 -4 -4 -4 -4 -4 -4 -96 -96 -96 -96 -96 -52 -4 -4 -4 
-4 -4 -4 -4 -4 -4 -4 -4 -4 -4 -4 -4 -4 -4 -4 -4 -4 -4 -4 -4 -4 -4 -4 -4 -4 -4 -4 -4 0 -4 -4 -4 
-4 -4 -4 -4 -4 -4 -4 -4 -4 -4 -4 -4 -4 -4 -4 -4 -4 -4 -4 -4 -4 -4 -4 -4 -3 -39 -75 -75 -75 -39 -3 -4 
-4 -4 -4 -56 -96 -96 -96 -96 -92 -8 -4 -4 -4 -4 -4 -39 -75 -75 -39 -4 -4 -4 -4 -4 -4 -4 -4 -4 -4 -4 -4 -4 
-4 -4 -4 -4 -4 -4 -4 -4 0 -4 -4 -4 -4 -4 -4 -4 -4 -4 -4 -4 -4 -4 -4 -4 -4 -4 -4 -4 -4 -4 -4 -4 
-4 -4 -4 -75 74 39 35 35 35 39 106 -39 -4 -4 -4 -52 -96 -96 -96 -96 -96 -52 -4 -4 -4 -40 110 39 35 35 39 110 
-39 -4 -4 -4 -4 -4 -4 -4 -4 -4 -4 -4 -4 -4 -4 -4 -4 -4 -4 -4 0 -4 -4 -4 -4 -4 -4 -4 -4 -4 -4 -4 
-4 -4 -4 -4 -4 -4 -4 -4 -4 -4 -4 -4 -4 -111 74 39 35 35 35 35 35 35 35 39 -75 -4 -4 -12 -96 -96 -96 -96 
-96 -92 -4 -4 -111 38 35 35 35 35 35 35 74 -39 -4 -4 -4 -4 -4 -4 -4 -4 -4 -4 -4 -4 -4 -4 -4 -4 -4 -4 
0 -4 -4 -4 -4 -4 -4 -4 -4 -4 -40 37 110 -39 -4 -4 -4 -4 -4 -4 -4 -4 -4 -4 109 39 35 35 39 35 35 35 
35 39 35 35 39 -110 -3 -4 -96 -96 -96 -96 -96 -96 -52 -75 38 35 35 35 35 39 35 35 35 110 -4 -4 -4 -4 -4 -4 
-4 -4 -4 -4 -4 -4 -4 -4 -4 -4 -4 -4 0 -4 -4 -4 -4 -4 -4 -4 -4 -4 -112 1 35 38 -111 -3 -4 -4 -4 -4 
-4 -4 -39 110 35 35 35 35 35 35 35 35 35 35 35 35 35 39 74 -75 -92 -96 -96 -96 -96 -96 -96 34 35 39 35 35 
35 35 35 35 35 39 -111 -3 -4 -4 -4 -111 109 -4 -4 -4 -4 -4 -4 -4 -4 -4 -4 -4 0 -4 -4 -4 -4 -4 -4 -4 
-4 -4 -80 1 35 35 35 70 110 -111 -111 -79 -79 110 39 35 35 39 35 35 35 35 35 35 39 35 35 39 35 35 35 39 
97 -96 -96 -96 -96 -96 -96 97 35 35 35 39 35 35 35 35 35 35 39 106 -110 -111 106 35 110 -4 -4 -4 -4 -4 -4 -4 
-4 -4 -4 -4 0 -4 -4 -4 -4 -4 -4 -4 -4 -4 -112 1 35 35 35 35 35 35 35 35 35 35 35 35 35 35 35 39 
35 35 35 35 35 35 35 35 35 39 35 35 66 -96 -96 -96 -96 -96 -96 -96 66 35 39 35 35 35 35 39 35 35 35 35 
35 35 35 35 -114 -4 -4 -4 -4 -4 -4 -4 -4 -4 -4 -4 0 -4 -4 -4 -4 -4 -4 -4 -4 -4 -112 1 35 35 35 35 
35 35 35 35 35 39 35 35 35 39 35 35 38 74 73 37 2 2 35 35 35 35 35 35 34 -96 -96 -96 -96 -96 -96 -96 
97 35 34 74 73 37 2 34 35 35 35 35 35 35 35 35 110 -4 -4 -4 -4 -4 -4 -4 -4 -4 -4 -4 0 -4 -4 -4 
-4 -4 -4 -4 -4 -4 -112 1 35 35 35 35 35 39 35 35 35 35 35 35 35 39 106 -43 -3 -4 -4 -4 -76 108 32 1 
35 35 35 35 35 -127 -96 -96 -96 -96 -96 -96 -96 109 -39 -4 -4 -8 -112 36 2 35 35 35 35 35 39 35 -114 -4 -4 -4 
-4 -4 -4 -4 -4 -4 -4 -4 0 -4 -4 -4 -4 -4 -4 -4 -4 -4 -76 0 2 34 39 35 35 35 35 39 35 35 35 39 
74 -75 -3 -4 -4 -4 -4 -4 -4 -4 -40 104 1 2 35 39 35 97 -96 -96 -96 -96 -96 -96 -96 -52 -4 -4 -4 -4 -4 -40 
72 1 35 35 35 35 35 39 -110 -4 -4 -4 -4 -4 -4 -4 -4 -4 -4 -4 0 -4 -4 -4 -4 -4 -4 -4 -4 -4 -4 -40 
108 1 1 2 34 35 35 35 35 34 74 -79 -3 -4 -4 -4 -4 -4 -4 -4 -4 -4 -4 -4 -76 68 1 2 34 66 -96 -96 
-96 -96 -96 -96 -96 -96 -8 -4 -4 -4 -4 -4 -40 36 1 35 35 39 38 -111 -4 -4 -4 -4 -4 -4 -4 -4 -4 -4 -4 -4 
0 -4 -4 -4 -4 -4 -4 -4 -4 -4 -4 -4 -4 -40 -80 -112 108 105 105 -115 -111 -44 -4 -4 -4 -4 -4 -4 -4 -4 -4 -4 
-4 -4 -4 -4 -4 -4 -40 -112 104 73 -96 -96 -96 -96 -96 -96 -96 -96 -52 -4 -4 -4 -4 -4 -4 -4 -112 72 109 -111 -39 -4 
-4 -4 -4 -4 -4 -4 -4 -4 -4 -4 -4 -4 0 -4 -4 -4 -4 -4 -4 -4 -4 -4 -4 -4 -4 -4 -4 -4 -4 -48 -92 -48 
-4 -4 -4 -4 -4 -4 -4 -4 -4 -4 -4 -4 -4 -4 -4 -4 -4 -4 -4 -4 -4 -4 -56 -96 -96 -96 -96 -96 -96 -96 -96 -8 
-4 -4 -4 -4 -4 -4 -4 -4 -4 -4 -4 -4 -4 -4 -4 -4 -4 -4 -4 -4 -4 -4 -4 -4 0 -4 -4 -4 -4 -4 -4 -4 
-4 -4 -4 -4 -4 -4 -4 -4 -4 -12 -96 -96 -96 -52 -12 -4 -4 -4 -4 -4 -4 -4 -4 -4 -4 -4 -4 -4 -4 -4 -4 -4 
-4 -4 -48 -96 -96 -96 -96 -96 -96 -96 -96 -52 -4 -4 -4 -4 -4 -4 -4 -4 -4 -4 -4 -4 -4 -4 -4 -4 -4 -4 -4 -4 
-4 -4 -4 -4 0 -4 -4 -4 -4 -4 -4 -4 -4 -4 -4 -4 -4 -4 -4 -4 -4 -8 -96 -96 -96 -96 -96 -92 -48 -4 -4 -4 
-4 -4 -4 -4 -4 -4 -4 -4 -4 -4 -4 -4 -4 -4 -12 -96 -96 -96 -96 -96 -96 -96 -96 -96 -8 -4 -4 -4 -4 -4 -4 -4 
-4 -4 -4 -4 -4 -4 -4 -4 -4 -4 -4 -4 -4 -4 -4 -4 0 -4 -4 -4 -4 -4 -4 -4 -4 -4 -4 -4 -4 -4 -4 -4 
-4 -4 -92 -96 -96 -96 -96 -96 -96 -92 -52 -12 -39 -75 -110 -114 -114 -75 -39 -4 -4 -4 -4 -4 -4 -4 -4 -92 -96 -96 -96 -96 
-96 -96 -96 -96 -88 -114 -75 -3 -4 -4 -4 -4 -4 -4 -4 -4 -4 -4 -4 -4 -4 -4 -4 -4 -4 -4 -4 -4 0 -4 -4 -4 
-4 -4 -4 -4 -4 -4 -4 -4 -4 -4 -4 -4 -4 -4 -56 -96 -96 -96 -96 -96 -96 -96 -96 -96 -92 97 34 35 35 35 74 -75 
-4 -4 -4 -4 -4 -4 -4 -56 -96 -96 -96 -96 -96 -96 -96 -96 -96 66 35 74 -39 -4 -4 -4 -4 -4 -4 -4 -4 -4 -4 -4 
-4 -4 -4 -4 -4 -4 -4 -4 0 -4 -4 -4 -4 -4 -4 -4 -4 -4 -4 -40 -3 -4 -4 -4 -4 -4 -48 -96 -96 -96 -96 -96 
-96 -96 -96 -96 -96 -96 -96 97 66 39 35 39 -111 -4 -4 -4 -4 -4 -4 -48 -96 -96 -96 -96 -96 -96 -96 -96 -96 97 39 35 
38 -39 -4 -4 -4 -4 -4 -4 -4 -4 -4 -4 -4 -4 -4 -4 -4 -4 -4 -4 0 -4 -4 -4 -4 -4 -4 -4 -4 -4 -76 1 
74 -75 -4 -4 -4 -4 -44 -96 -96 -96 -96 -96 -96 -96 -96 -96 -96 -96 -96 -96 -96 -128 97 34 39 110 -39 -4 -4 -4 -4 -8 
-96 -96 -96 -96 -96 -96 -96 -96 -96 -96 66 35 35 74 -3 -4 -4 -4 -4 -4 -39 -4 -4 -4 -4 -4 -4 -4 -4 -4 -4 -4 
0 -4 -4 -4 -4 -4 -4 -4 -4 -4 -112 1 35 39 110 -39 -4 -4 -8 -96 -96 -96 -96 -96 -96 -96 -96 -96 -96 -96 -96 -96 
-96 -96 -96 -96 97 66 70 -110 -39 -4 -4 -4 -92 -96 -96 -96 -96 -96 -96 -96 -96 -96 97 39 35 35 110 -39 -4 -4 -3 73 
-114 -4 -4 -4 -4 -4 -4 -4 -4 -4 -4 -4 0 -4 -4 -4 -4 -4 -4 -4 -4 -4 -112 1 35 35 35 39 74 110 110 -96 
-96 -96 -96 -96 -96 -96 -96 -96 -96 -96 -96 -96 -96 -96 -96 -96 -96 -96 -128 97 70 110 110 74 -123 -96 -96 -96 -96 -96 -96 -96 
-96 -96 -96 66 39 35 35 70 106 110 74 35 -114 -4 -4 -4 -4 -4 -4 -4 -4 -4 -4 -4 0 -4 -4 -4 -4 -4 -4 -4 
-4 -4 -80 1 35 35 35 39 35 35 35 -127 -96 -96 -96 -96 -96 -96 -96 -96 -96 -96 -96 -96 -96 -96 -96 -96 -96 -96 -96 -96 
-128 -127 66 35 97 -96 -96 -96 -96 -96 -96 -96 -96 -96 -96 -127 35 35 35 35 35 35 35 35 110 -4 -4 -4 -4 -4 -4 -4 
-4 -4 -4 -4 0 -4 -4 -4 -4 -4 -4 -4 -4 -4 -112 1 35 35 35 35 35 35 35 97 -96 -96 -96 -96 -96 -96 -96 -96 
-96 -96 -96 -96 -96 -96 -96 -96 -96 -96 -96 -96 -96 -96 -96 -128 -127 -96 -96 -96 -96 -96 -96 -96 -96 -96 -96 -96 66 39 35 35 
39 35 35 35 -114 -4 -4 -4 -4 -4 -4 -4 -4 -4 -4 -4 0 -4 -4 -4 -4 -4 -4 -4 -4 -4 -80 1 35 35 35 35 
35 35 35 66 -96 -96 -96 -96 -96 -96 -96 -96 -96 -96 -96 -96 -96 -96 -96 -96 -96 -96 -96 -96 -96 -96 -96 -96 -96 -96 -96 -96 
-96 -96 -96 -96 -96 -96 -96 -96 -127 34 39 35 35 35 35 35 110 -4 -4 -4 -4 -4 -4 -4 -4 -4 -4 -4 0 -4 -4 -4 
-4 -4 -4 -4 -4 -4 -40 68 1 34 35 35 35 39 35 34 -96 -96 -96 -96 -96 -96 -96 -96 -96 -96 -96 -96 -96 -96 -96 -96 
-96 -96 -96 -96 -96 -96 -96 -96 -96 -96 -96 -96 -96 -96 -96 -96 -96 -96 -96 -96 -96 33 35 35 35 35 35 39 -79 -4 -4 -4 
-4 -4 -4 -4 -4 -4 -4 -4 0 -4 -4 -4 -4 -4 -4 -4 -4 -4 -4 -4 -76 72 1 2 2 35 34 34 -128 -96 -96 -96 
-96 -96 -96 -96 -96 -96 -96 -96 -96 -96 -96 -96 -96 -96 -96 -96 -96 -96 -96 -96 -96 -96 -96 -96 -96 -96 -96 -96 -96 -96 -96 -96 
-96 -128 1 2 35 39 74 -75 -4 -4 -4 -4 -4 -4 -4 -4 -4 -4 -4 -4 0 -4 -4 -4 -4 -4 -4 -4 -4 -4 -4 -4 
-4 -4 -40 -40 -112 -80 -111 -76 -56 -96 -96 -96 -96 -96 -96 -96 -96 -96 -96 -96 -96 -96 -96 -96 -96 -96 -96 -96 -96 -96 -96 -96 
-96 -96 -96 -96 -96 -96 -96 -96 -96 -96 -96 -96 -96 -96 -84 108 -111 -44 -4 -4 -4 -4 -4 -4 -4 -4 -4 -4 -4 -4 -4 -4 
0 -4 -4 -4 -4 -4 -4 -4 -4 -4 -4 -4 -4 -4 -4 -4 -4 -4 -4 -4 -48 -96 -96 -96 -96 -96 -96 -96 -96 -96 -96 -96 
-96 -96 -96 -96 -96 -96 -96 -96 -96 -96 -96 -96 -96 -96 -96 -96 -96 -96 -96 -96 -96 -96 -96 -96 -96 -96 -56 -4 -4 -4 -4 -4 
-4 -4 -4 -4 -4 -4 -4 -4 -4 -4 -4 -4 0 -4 -4 -4 -4 -4 -4 -4 -4 -4 -4 -4 -4 -4 -4 -4 -4 -4 -4 -4 
-12 -96 -96 -96 -96 -96 -96 -96 -96 -96 -96 -56 -8 -12 -52 -56 -92 -96 -96 -96 -96 -96 -96 -96 -96 -96 -96 -96 -96 -96 -96 -96 
-96 -96 -96 -96 -96 -96 -96 -12 -4 -4 -4 -4 -4 -4 -4 -4 -4 -4 -4 -4 -4 -4 -4 -4 0 -4 -4 -4 -4 -4 -4 -4 
-4 -4 -4 -4 -4 -4 -4 -4 -4 -4 -4 -4 -4 -96 -96 -96 -96 -96 -96 -96 -96 -96 -96 -96 -43 -39 -4 -4 -8 -8 -12 -52 
-56 -96 -96 -96 -96 -96 -96 -96 -96 -96 -96 -96 -96 -96 -96 -96 -96 -96 -96 -56 -4 -4 -4 -4 -4 -4 -4 -4 -4 -4 -4 -4 
-4 -4 -4 -4 0 -4 -4 -4 -4 -4 -4 -4 -4 -4 -4 -4 -4 -4 -4 -4 -4 -4 -4 -4 -4 -92 -96 -96 -96 -96 -96 -96 
-96 -96 -96 -96 97 38 -110 -3 -4 -4 -4 -4 -4 -8 -12 -48 -52 -92 -96 -96 -96 -96 -96 -96 -96 -96 -96 -96 -96 -96 -96 -96 
-12 -4 -4 -4 -4 -4 -4 -4 -4 -4 -4 -4 -4 -4 -4 -4 0 -4 -4 -4 -4 -4 -4 -4 -4 -4 -4 -4 -4 -4 -4 -4 
-4 -4 -4 -4 -4 -52 -96 -96 -96 -96 -96 -96 -96 -96 -96 -96 -128 39 35 106 -39 -4 -4 -4 -4 -4 -4 -4 -4 -4 -8 -48 
97 -127 -96 -96 -96 -96 -96 -96 -96 -96 -96 -96 -56 -4 -4 -4 -4 -4 -4 -4 -4 -4 -4 -4 -4 -4 -4 -4 0 -4 -4 -4 
-4 -4 -4 -4 -4 -4 104 69 -75 -3 -4 -4 -4 -4 -4 -4 -4 -48 -96 -96 -96 -96 -96 -96 -96 -96 -96 -96 -96 66 35 39 
70 -75 -4 -4 -4 -4 -4 -4 -4 -4 -39 74 35 35 39 66 97 97 -128 -96 -96 -96 -96 -96 -96 -12 -4 -40 -4 -4 -4 -4 
-4 -4 -4 -4 -4 -4 -4 -4 0 -4 -4 -4 -4 -4 -4 -4 -4 -4 68 2 35 74 -75 -3 -4 -4 -4 -4 -4 -12 -96 -96 
-96 -96 -96 -96 -96 -96 -96 -96 -96 97 35 35 35 39 110 -39 -4 -4 -4 -4 -4 -75 70 35 35 35 35 35 35 35 35 34 
66 97 -123 -92 -96 -56 -39 73 -39 -4 -4 -4 -4 -4 -4 -4 -4 -4 -4 -4 0 -4 -4 -4 -4 -4 -4 -4 -4 -4 68 2 
35 35 35 39 110 -79 -75 -75 -110 70 -96 -96 -96 -96 -96 -96 -96 -96 -96 -96 -96 -96 38 35 35 35 35 39 74 110 -114 110 
74 39 35 39 35 35 39 35 35 35 39 35 35 35 39 74 106 102 70 39 -39 -4 -4 -4 -4 -4 -4 -4 -4 -4 -4 -4 
0 -4 -4 -4 -4 -4 -4 -4 -4 -4 68 2 35 35 35 39 35 35 35 35 35 35 -128 -96 -96 -96 -96 -96 -96 -96 -96 -96 
-96 -96 66 35 35 35 39 35 35 35 35 35 35 35 39 35 35 35 35 35 35 35 35 35 35 35 35 35 39 35 35 39 
-39 -4 -4 -4 -4 -4 -4 -4 -4 -4 -4 -4 0 -4 -4 -4 -4 -4 -4 -4 -4 -4 68 2 35 35 35 35 35 35 35 35 
35 39 97 -96 -96 -96 -96 -96 -96 -96 -96 -96 -96 -96 -127 39 35 35 35 39 35 35 35 39 35 35 35 35 35 39 70 73 
69 1 1 35 35 39 35 35 35 35 35 39 -39 -4 -4 -4 -4 -4 -4 -4 -4 -4 -4 -4 0 -4 -4 -4 -4 -4 -4 -4 
-4 -4 68 2 35 35 35 35 35 35 39 35 35 35 97 -96 -96 -96 -96 -96 -96 -96 -96 -96 -96 -96 -96 34 35 35 35 35 
35 35 35 35 35 35 35 35 39 -75 -4 -4 -4 -40 108 0 2 35 35 35 35 35 39 35 -39 -4 -4 -4 -4 -4 -4 -4 
-4 -4 -4 -4 0 -4 -4 -4 -4 -4 -4 -4 -4 -4 108 1 2 35 35 35 35 35 35 35 35 35 66 -96 -96 -96 -96 -96 
-96 -96 -96 -96 -96 -96 -96 64 1 34 35 35 35 35 35 35 35 35 39 106 -39 -4 -4 -4 -4 -4 -4 -76 36 1 35 35 
39 35 35 74 -39 -4 -4 -4 -4 -4 -4 -4 -4 -4 -4 -4 0 -4 -4 -4 -4 -4 -4 -4 -4 -4 -4 -76 108 37 2 34 
35 35 39 35 35 74 -115 -96 -96 -96 -96 -96 -96 -96 -96 -96 -96 -96 -96 -92 -112 68 1 34 2 39 35 35 35 74 -75 -3 
-4 -4 -4 -4 -4 -4 -4 -4 -80 0 1 34 35 34 110 -39 -4 -4 -4 -4 -4 -4 -4 -4 -4 -4 -4 -4 0 -4 -4 -4 
-4 -4 -4 -4 -4 -4 -4 -4 -4 -4 -44 -112 108 109 109 -111 -39 -4 -4 -92 -96 -96 -96 -96 -96 -96 -96 -96 -96 -96 -96 -96 
-12 -4 -76 108 72 69 37 109 -75 -4 -4 -4 -4 -4 -4 -4 -4 -4 -4 -4 -4 -40 108 72 -115 -39 -4 -4 -4 -4 -4 -4 
-4 -4 -4 -4 -4 -4 -4 -4 0 -4 -4 -4 -4 -4 -4 -4 -4 -4 -4 -4 -4 -4 -4 -4 -4 -4 -4 -4 -4 -4 -4 -52 
-96 -96 -96 -96 -96 -96 -96 -96 -96 -96 -96 -96 -52 -4 -4 -4 -4 -4 -4 -4 -4 -4 -4 -4 -4 -4 -4 -4 -4 -4 -4 -4 
-4 -4 -4 -4 -4 -4 -4 -4 -4 -4 -4 -4 -4 -4 -4 -4 -4 -4 -4 -4 0 -4 -4 -4 -4 -4 -4 -4 -4 -4 -4 -4 
-4 -4 -4 -4 -4 -4 -4 -4 -4 -4 -4 -12 -96 -96 -96 -96 -96 -96 -96 -96 -96 -96 -96 -96 -92 -4 -4 -4 -4 -4 -4 -4 
-4 -4 -4 -4 -4 -4 -4 -4 -4 -4 -4 -4 -4 -4 -4 -4 -4 -4 -4 -4 -4 -4 -4 -4 -4 -4 -4 -4 -4 -4 -4 -4 
0 -4 -4 -4 -4 -4 -4 -4 -4 -4 -4 -4 -4 -4 -4 -4 -4 -4 -4 -4 -4 -4 -4 -12 -96 -96 -96 -96 -96 -96 -96 -96 
-96 -96 -96 -96 -96 -44 -4 -4 -4 -4 -4 -4 -4 -4 -4 -4 -4 -4 -4 -4 -4 -4 -4 -4 -4 -4 -4 -4 -4 -4 -4 -4 
-4 -4 -4 -4 -4 -4 -4 -4 -4 -4 -4 -4 0 -4 -4 -4 -4 -4 -4 -4 -4 -4 -4 -4 -4 -4 -4 -4 -4 -4 -4 -4 
-4 -4 -4 -4 -92 -96 -96 -96 -96 -96 -96 -96 -96 -96 -96 -96 -96 -52 -4 -4 -4 -4 -4 -4 -4 -4 -4 -4 -4 -4 -4 -4 
-4 -4 -4 -4 -4 -4 -4 -4 -4 -4 -4 -4 -4 -4 -4 -4 -4 -4 -4 -4 -4 -4 -4 -4 0 -4 -4 -4 -4 -4 -4 -4 
-4 -4 -4 -4 -4 -4 -4 -4 -4 -4 -4 -4 -4 -4 -4 -4 -56 -96 -96 -96 -96 -96 -96 -96 -96 -96 -96 -96 -96 -92 -4 -4 
-4 -4 -4 -4 -4 -4 -4 -4 -4 -4 -4 -4 -4 -4 -4 -4 -4 -4 -4 -4 -4 -4 -4 -4 -4 -4 -4 -4 -4 -4 -4 -4 
-4 -4 -4 -4 0 -4 -4 -4 -4 -4 -4 -4 -4 -4 -4 -4 -4 -4 -4 -4 -4 -4 -4 -4 -4 -4 -4 -4 -52 -96 -96 -96 
-96 -96 -96 -96 -96 -96 -96 -96 -96 -96 -48 -4 -4 -4 -4 -4 -4 -4 -4 -4 -4 -4 -4 -4 -4 -4 -4 -4 -4 -4 -4 -4 
-4 -4 -4 -4 -4 -4 -4 -4 -4 -4 -4 -4 -4 -4 -4 -4 0 -4 -4 -4 -4 -4 -4 -4 -4 -4 -4 -4 -4 -4 -4 -4 
-4 -4 -4 -4 -4 -4 -4 -4 -12 -96 -96 -96 -96 -96 -96 -96 -96 -96 -96 -96 -96 -96 -56 -4 -4 -4 -4 -4 -4 -4 -4 -4 
-4 -4 -4 -4 -4 -4 -4 -4 -4 -4 -4 -4 -4 -4 -4 -4 -4 -4 -4 -4 -4 -4 -4 -4 -4 -4 -4 -4 0 -4 -4 -4 
-4 -4 -4 -4 -4 -4 -4 -4 -4 -4 -4 -4 -4 -4 -4 -4 -4 -4 -4 -4 -8 -96 -96 -96 -96 -96 -96 -96 -96 -96 -96 -96 
-96 -96 -96 -8 -4 -4 -4 -4 -4 -4 -4 -4 -4 -4 -4 -4 -4 -4 -4 -4 -4 -4 -4 -4 -4 -4 -4 -4 -4 -4 -4 -4 
-4 -4 -4 -4 -4 -4 -4 -4 0 -4 -4 -4 -4 -4 -4 -4 -4 -4 -4 -4 -4 -4 -4 -4 -4 -4 -4 -4 -4 -4 -4 -4 
-4 -92 -96 -96 -96 -96 -96 -96 -96 -96 -96 -96 -96 -96 -96 -52 -4 -4 -4 -4 -4 -4 -4 -4 -4 -4 -4 -4 -4 -4 -4 -4 
-4 -4 -4 -4 -4 -4 -4 -4 -4 -4 -4 -4 -4 -4 -4 -4 -4 -4 -4 -4 0 -4 -4 -4 -4 -4 -4 -4 -4 -4 -4 -4 
-4 -4 -4 -4 -4 -4 -4 -4 -4 -4 -4 -4 -4 -56 -96 -96 -96 -96 -96 -96 -96 -96 -96 -96 -96 -96 -96 -92 -4 -4 -4 -4 
-4 -4 -4 -4 -4 -4 -4 -4 -4 -4 -4 -4 -4 -4 -4 -4 -4 -4 -4 -4 -4 -4 -4 -4 -4 -4 -4 -4 -4 -4 -4 -4 
0 -4 -4 -4 -4 -4 -4 -4 -4 -4 -4 -4 -4 -4 -4 -4 -4 -4 -4 -4 -4 -4 -4 -4 -4 -52 -96 -96 -96 -96 -96 -96 
-96 -96 -96 -96 -96 -96 -96 -96 -12 -4 -4 -4 -4 -4 -4 -4 -4 -4 -4 -4 -4 -4 -4 -4 -4 -4 -4 -4 -4 -4 -4 -4 
-4 -4 -4 -4 -4 -4 -4 -4 -4 -4 -4 -4 0 -4 -4 -4 -4 -4 -4 -4 -4 -4 -4 -4 -4 -4 -4 -4 -4 -4 -4 -4 
-4 -4 -4 -4 -4 -12 -96 -96 -96 -96 -96 -96 -96 -96 -96 -96 -96 -96 -96 -96 -52 -4 -4 -4 -4 -4 -4 -4 -4 -4 -4 -4 
-4 -4 -4 -4 -4 -4 -4 -4 -4 -4 -4 -4 -4 -4 -4 -4 -4 -4 -4 -4 -4 -4 -4 -4 0 -4 -4 -4 -4 -4 -4 -4 
-4 -4 -4 -4 -4 -4 -4 -4 -4 -4 -4 -4 -4 -4 -4 -4 -4 -8 -96 -96 -96 -96 -96 -96 -96 -96 -96 -96 -96 -96 -96 -96 
-92 -8 -4 -4 -4 -4 -4 -4 -4 -4 -4 -4 -4 -4 -4 -4 -4 -4 -4 -4 -4 -4 -4 -4 -4 -4 -4 -4 -4 -4 -4 -4 
-4 -4 -4 -4 0 -4 -4 -4 -4 -4 -4 -4 -4 -4 -4 -4 -4 -4 -4 -4 -4 -4 -4 -4 -4 -4 -4 -4 -4 -4 -92 -96 
-96 -96 -96 -96 -96 -96 -96 -96 -96 -96 -96 -96 -96 -48 -4 -4 -4 -4 -4 -4 -4 -4 -4 -4 -4 -4 -4 -4 -4 -4 -4 -4 
-4 -4 -4 -4 -4 -4 -4 -4 -4 -4 -4 -4 -4 -4 -4 -4 0 -4 -4 -4 -4 -4 -4 -4 -4 -4 -4 -4 -4 -4 -4 -4 
-4 -4 -4 -4 -4 -4 -4 -4 -4 -4 -56 -96 -96 -96 -96 -96 -96 -96 -96 -96 -96 -96 -96 -96 -96 -56 -4 -4 -4 -4 -4 -4 
-4 -4 -4 -4 -4 -4 -4 -4 -4 -4 -4 -4 -4 -4 -4 -4 -4 -4 -4 -4 -4 -4 -4 -4 -4 -4 -4 -4 0 -4 -4 -4 
-4 -4 -4 -4 -4 -4 -4 -4 -4 -4 -4 -4 -4 -4 -4 -4 -4 -4 -4 -4 -4 -4 -52 -96 -96 -96 -96 -96 -96 -96 -96 -96 
-96 -96 -96 -96 -96 -96 -8 -4 -4 -4 -4 -4 -4 -4 -4 -4 -4 -4 -4 -4 -4 -4 -4 -4 -4 -4 -4 -4 -4 -4 -4 -4 
-4 -4 -4 -4 -4 -4 -4 -4 0 -4 -4 -4 -4 -4 -4 -4 -4 -4 -4 -4 -4 -4 -4 -4 -4 -4 -4 -4 -4 -4 -4 -4 
-4 -4 -12 -96 -96 -96 -96 -96 -96 -96 -96 -96 -96 -96 -96 -96 -96 -96 -52 -4 -4 -4 -4 -4 -4 -4 -4 -4 -4 -4 -4 -4 
-4 -4 -4 -4 -4 -4 -4 -4 -4 -4 -4 -4 -4 -4 -4 -4 -4 -4 -4 -4 0 -4 -4 -4 -4 -4 -4 -4 -4 -4 -4 -4 
-4 -4 -4 -4 -4 -4 -4 -4 -4 -4 -4 -4 -4 -4 -8 -96 -96 -96 -96 -96 -96 -96 -96 -96 -96 -96 -96 -96 -96 -96 -92 -4 
-4 -4 -4 -4 -4 -4 -4 -4 -4 -4 -4 -4 -4 -4 -4 -4 -4 -4 -4 -4 -4 -4 -4 -4 -4 -4 -4 -4 -4 -4 -4 -4 
0 -4 -4 -4 -4 -4 -4 -4 -4 -4 -4 -4 -4 -4 -4 -4 -4 -4 -4 -4 -4 -4 -4 -4 -4 -4 -4 -92 -96 -96 -96 -96 
-96 -96 -96 -96 -96 -96 -96 -96 -96 -96 -96 -12 -4 -4 -4 -4 -4 -4 -4 -4 -4 -4 -4 -4 -4 -4 -4 -4 -4 -4 -4 -4 
-4 -4 -4 -4 -4 -4 -4 -4 -4 -4 -4 -4 0 -4 -4 -4 -4 -4 -4 -4 -4 -4 -4 -4 -4 -4 -4 -4 -4 -4 -4 -4 
-4 -4 -4 -4 -4 -4 -4 -52 -56 -56 -56 -56 -56 -56 -56 -92 -56 -56 -56 -56 -56 -56 -92 -48 -4 -4 -4 -4 -4 -4 -4 -4 
-4 -4 -4 -4 -4 -4 -4 -4 -4 -4 -4 -4 -4 -4 -4 -4 -4 -4 -4 -4 -4 -4 -4 -4 0 -4 -4 -4 -4 -4 -4 -4 
-4 -4 -4 -4 -4 -4 -4 -4 -4 -4 -4 -4 -4 -4 -4 -4 -4 -4 -4 -4 -4 -4 -4 -4 -4 -4 -4 -4 -4 -4 -4 -4 
-4 -4 -4 -4 -4 -4 -4 -4 -4 -4 -4 -4 -4 -4 -4 -4 -4 -4 -4 -4 -4 -4 -4 -4 -4 -4 -4 -4 -4 -4 -4 -4 
-4 -4 -4 -4 0 -4 -4 -4 -4 -4 -4 -4 -4 -4 -4 -4 -4 -4 -4 -4 -4 -4 -4 -4 -4 -4 -4 -4 -4 -4 -4 -4 
-4 -4 -4 -4 -4 -4 -4 -4 -4 -4 -4 -4 -4 -4 -4 -4 -4 -4 -4 -4 -4 -4 -4 -4 -4 -4 -4 -4 -4 -4 -4 -4 
-4 -4 -4 -4 -4 -4 -4 -4 -4 -4 -4 -4 -4 -4 -4 -4 0 -4 -4 -4 -4 -4 -4 -4 -4 -4 -4 -4 -4 -4 -4 -4 
-4 -4 -4 -4 -4 -4 -4 -4 -4 -4 -4 -4 -4 -4 -4 -4 -4 -4 -4 -4 -4 -4 -4 -4 -4 -4 -4 -4 -4 -4 -4 -4 
-4 -4 -4 -4 -4 -4 -4 -4 -4 -4 -4 -4 -4 -4 -4 -4 -4 -4 -4 -4 -4 -4 -4 -4 -4 -4 -4 -4 0 -4 -4 -4 
-4 -4 -4 -4 -4 -4 -4 -4 -4 -4 -4 -4 -4 -4 -4 -4 -4 -4 -4 -4 -4 -4 -4 -4 -4 -4 -4 -4 -4 -4 -4 -4 
-4 -4 -4 -4 -4 -4 -4 -4 -4 -4 -4 -4 -4 -4 -4 -4 -4 -4 -4 -4 -4 -4 -4 -4 -4 -4 -4 -4 -4 -4 -4 -4 
-4 -4 -4 -4 -4 -4 -4 -4 0 -4 -4 -4 -4 -4 -4 -4 -4 -4 -4 -4 -4 -4 -4 -4 -4 -4 -4 -4 -4 -4 -4 -4 
-4 -4 -4 -4 -4 -4 -4 -4 -4 -4 -4 -4 -4 -4 -4 -4 -4 -4 -4 -4 -4 -4 -4 -4 -4 -4 -4 -4 -4 -4 -4 -4 
-4 -4 -4 -4 -4 -4 -4 -4 -4 -4 -4 -4 -4 -4 -4 -4 -4 -4 -4 -4 0 -4 -4 -4 -4 -4 -4 -4 -4 -4 -4 -4 
-4 -4 -4 -4 -4 -4 -4 -4 -4 -4 -4 -4 -4 -4 -4 -4 -4 -4 -4 -4 -4 -4 -4 -4 -4 -4 -4 -4 -4 -4 -4 -4 
-4 -4 -4 -4 -4 -4 -4 -4 -4 -4 -4 -4 -4 -4 -4 -4 -4 -4 -4 -4 -4 -4 -4 -4 -4 -4 -4 -4 -4 -4 -4 -4 
0 -4 -4 -4 -4 -4 -4 -4 -4 -4 -4 -4 -4 -4 -4 -4 -4 -4 -4 -4 -4 -4 -4 -4 -4 -4 -4 -4 -4 -4 -4 -4 
-4 -4 -4 -4 -4 -4 -4 -4 -4 -4 -4 -4 -4 -4 -4 -4 -4 -4 -4 -4 -4 -4 -4 -4 -4 -4 -4 -4 -4 -4 -4 -4 
-4 -4 -4 -4 -4 -4 -4 -4 -4 -4 -4 -4 0 -4 -4 -4 -4 -4 -4 -4 -4 -4 -4 -4 -4 -4 -4 -4 -4 -4 -4 -4 
-4 -4 -4 -4 -4 -4 -4 -4 -4 -4 -4 -4 -4 -4 -4 -4 -4 -4 -4 -4 -4 -4 -4 -4 -4 -4 -4 -4 -4 -4 -4 -4 
-4 -4 -4 -4 -4 -4 -4 -4 -4 -4 -4 -4 -4 -4 -4 -4 -4 -4 -4 -4 -4 -4 -4 -4 0 -4 -4 -4 -4 -4 -4 -4 
-4 -4 -4 -4 -4 -4 -4 -4 -4 -4 -4 -4 -4 -4 -4 -4 -4 -4 -4 -4 -4 -4 -4 -4 -4 -4 -4 -4 -4 -4 -4 -4 
-4 -4 -4 -4 -4 -4 -4 -4 -4 -4 -4 -4 -4 -4 -4 -4 -4 -4 -4 -4 -4 -4 -4 -4 -4 -4 -4 -4 -4 -4 -4 -4 
-4 -4 -4 -4 0 -4 -4 -4 -4 -4 -4 -4 -4 -4 -4 -4 -4 -4 -4 -4 -4 -4 -4 -4 -4 -4 -4 -4 -4 -4 -4 -4 
-4 -4 -4 -4 -4 -4 -4 -4 -4 -4 -4 -4 -4 -4 -4 -4 -4 -4 -4 -4 -4 -4 -4 -4 -4 -4 -4 -4 -4 -4 -4 -4 
-4 -4 -4 -4 -4 -4 -4 -4 -4 -4 -4 -4 -4 -4 -4 -4 0 -4 -4 -4 -4 -4 -4 -4 -4 -4 -4 -4 -4 -4 -4 -4 
-4 -4 -4 -4 -4 -4 -4 -4 -4 -4 -4 -4 -4 -4 -4 -4 -4 -4 -4 -4 -4 -4 -4 -4 -4 -4 -4 -4 -4 -4 -4 -4 
-4 -4 -4 -4 -4 -4 -4 -4 -4 -4 -4 -4 -4 -4 -4 -4 -4 -4 -4 -4 -4 -4 -4 -4 -4 -4 -4 -4 0 -4 -4 -4 
-4 -4 -4 -4 -4 -4 -4 -4 -4 -4 -4 -4 -4 -4 -4 -4 -4 -4 -4 -4 -4 -4 -4 -4 -4 -4 -4 -4 -4 -4 -4 -4 
-4 -4 -4 -4 -4 -4 -4 -4 -4 -4 -4 -4 -4 -4 -4 -4 -4 -4 -4 -4 -4 -4 -4 -4 -4 -4 -4 -4 -4 -4 -4 -4 
-4 -4 -4 -4 -4 -4 -4 -4 0 -4 -4 -4 -4 -4 -4 -4 -4 -4 -4 -4 -4 -4 -4 -4 -4 -4 -4 -4 -4 -4 -4 -4 
-4 -4 -4 -4 -4 -4 -4 -4 -4 -4 -4 -4 -4 -4 -4 -4 -4 -4 -4 -4 -4 -4 -4 -4 -4 -4 -4 -4 -4 -4 -4 -4 
-4 -4 -4 -4 -4 -4 -4 -4 -4 -4 -4 -4 -4 -4 -4 -4 -4 -4 -4 -4 0 -4 -4 -4 -4 -4 -4 -4 -4 -4 -4 -4 
-4 -4 -4 -4 -4 -4 -4 -4 -4 -4 -4 -4 -4 -4 -4 -4 -4 -4 -4 -4 -4 -4 -4 -4 -4 -4 -4 -4 -4 -4 -4 -4 
-4 -4 -4 -4 -4 -4 -4 -4 -4 -4 -4 -4 -4 -4 -4 -4 -4 -4 -4 -4 -4 -4 -4 -4 -4 -4 -4 -4 -4 -4 -4 -4 
0 -4 -4 -4 -4 -4 -4 -4 -4 -4 -4 -4 -4 -4 -4 -4 -4 -4 -4 -4 -4 -4 -4 -4 -4 -4 -4 -4 -4 -4 -4 -4 
-4 -4 -4 -4 -4 -4 -4 -4 -4 -4 -4 -4 -4 -4 -4 -4 -4 -4 -4 -4 -4 -4 -4 -4 -4 -4 -4 -4 -4 -4 -4 -4 
-4 -4 -4 -4 -4 -4 -4 -4 -4 -4 -4 -4 0 -4 -4 -4 -4 -4 -4 -4 -4 -4 -4 -4 -4 -4 -4 -4 -4 -4 -4 -4 
-4 -4 -4 -4 -4 -4 -4 -4 -4 -4 -4 -4 -4 -4 -4 -4 -4 -4 -4 -4 -4 -4 -4 -4 -4 -4 -4 -4 -4 -4 -4 -4 
-4 -4 -4 -4 -4 -4 -4 -4 -4 -4 -4 -4 -4 -4 -4 -4 -4 -4 -4 -4 -4 -4 -4 -4 0 -4 -4 -4 -4 -4 -4 -4 
-4 -4 -4 -4 -4 -4 -4 -4 -4 -4 -4 -4 -4 -4 -4 -4 -4 -4 -4 -4 -4 -4 -4 -4 -4 -4 -4 -4 -4 -4 -4 -4 
-4 -4 -4 -4 -4 -4 -4 -4 -4 -4 -4 -4 -4 -4 -4 -4 -4 -4 -4 -4 -4 -4 -4 -4 -4 -4 -4 -4 -4 -4 -4 -4 
-4 -4 -4 -4 0 -4 -4 -4 -4 -4 -4 -4 -4 -4 -4 -4 -4 -4 -4 -4 -4 -4 -4 -4 -4 -4 -4 -4 -4 -4 -4 -4 
-4 -4 -4 -4 -4 -4 -4 -4 -4 -4 -4 -4 -4 -4 -4 -4 -4 -4 -4 -4 -4 -4 -4 -4 -4 -4 -4 -4 -4 -4 -4 -4 
-4 -4 -4 -4 -4 -4 -4 -4 -4 -4 -4 -4 -4 -4 -4 -4 0 0 0 0 0 0 0 0 0 0 0 0 0 105 4 -109 
4 2 16 0 0 120 1 -117 8 -72 16 -89 8 0 0 0 0 0 0 0 0 
]]>
</Image>
</inet:Report>
