<?xml version="1.0" encoding="UTF-8" standalone="yes" ?>

<inet:Report xmlns:inet="http://www.inetsoftware.de" major_version="10" minor_version="0" major_xml_version="8" minor_xml_version="2" count="3" id="0">
  <Database>
    <QueryChanges mask="0" count="2">
      <Attribute name="queryChange" value="null"/>
      <Attribute name="queryChange" value="null"/>
    </QueryChanges>
  </Database>
  <FormulaFields>
  </FormulaFields>
  <PromptFields>
    <Field type="PromptVarField" valueType="11">
      <Attribute name="name" value="wilayah"/>
      <Attribute name="allow_multiple_values" value="false"/>
      <Attribute name="discrete_or_range" value="0"/>
      <Attribute name="allow editing" value="true"/>
      <Attribute name="description_only" value="false"/>
      <Attribute name="edit mask" value=""/>
      <Attribute name="prompt_text" value=""/>
      <Attribute name="use_range" value="false"/>
    </Field>
    <Field type="PromptVarField" valueType="11">
      <Attribute name="name" value="cabang"/>
      <Attribute name="allow_multiple_values" value="false"/>
      <Attribute name="discrete_or_range" value="0"/>
      <Attribute name="allow editing" value="true"/>
      <Attribute name="description_only" value="false"/>
      <Attribute name="edit mask" value=""/>
      <Attribute name="prompt_text" value=""/>
      <Attribute name="use_range" value="false"/>
    </Field>
    <Field type="PromptVarField" valueType="11">
      <Attribute name="name" value="ranting"/>
      <Attribute name="allow_multiple_values" value="false"/>
      <Attribute name="discrete_or_range" value="0"/>
      <Attribute name="allow editing" value="true"/>
      <Attribute name="description_only" value="false"/>
      <Attribute name="edit mask" value=""/>
      <Attribute name="prompt_text" value=""/>
      <Attribute name="use_range" value="false"/>
    </Field>
    <Field type="PromptVarField" valueType="11">
      <Attribute name="name" value="alamat"/>
      <Attribute name="allow_multiple_values" value="false"/>
      <Attribute name="discrete_or_range" value="0"/>
      <Attribute name="allow editing" value="true"/>
      <Attribute name="description_only" value="false"/>
      <Attribute name="edit mask" value=""/>
      <Attribute name="prompt_text" value=""/>
      <Attribute name="use_range" value="false"/>
    </Field>
    <Field type="PromptVarField" valueType="11">
      <Attribute name="name" value="pejabat"/>
      <Attribute name="allow_multiple_values" value="false"/>
      <Attribute name="discrete_or_range" value="0"/>
      <Attribute name="allow editing" value="true"/>
      <Attribute name="description_only" value="false"/>
      <Attribute name="edit mask" value=""/>
      <Attribute name="prompt_text" value=""/>
      <Attribute name="use_range" value="false"/>
    </Field>
    <Field type="PromptVarField" valueType="11">
      <Attribute name="name" value="jabatan"/>
      <Attribute name="allow_multiple_values" value="false"/>
      <Attribute name="discrete_or_range" value="0"/>
      <Attribute name="allow editing" value="true"/>
      <Attribute name="description_only" value="false"/>
      <Attribute name="edit mask" value=""/>
      <Attribute name="prompt_text" value=""/>
      <Attribute name="use_range" value="false"/>
    </Field>
    <Field type="PromptVarField" valueType="11">
      <Attribute name="name" value="nama"/>
      <Attribute name="allow_multiple_values" value="false"/>
      <Attribute name="discrete_or_range" value="0"/>
      <Attribute name="allow editing" value="true"/>
      <Attribute name="description_only" value="false"/>
      <Attribute name="edit mask" value=""/>
      <Attribute name="prompt_text" value=""/>
      <Attribute name="use_range" value="false"/>
    </Field>
    <Field type="PromptVarField" valueType="11">
      <Attribute name="name" value="idpel"/>
      <Attribute name="allow_multiple_values" value="false"/>
      <Attribute name="discrete_or_range" value="0"/>
      <Attribute name="allow editing" value="true"/>
      <Attribute name="description_only" value="false"/>
      <Attribute name="edit mask" value=""/>
      <Attribute name="prompt_text" value=""/>
      <Attribute name="use_range" value="false"/>
    </Field>
    <Field type="PromptVarField" valueType="11">
      <Attribute name="name" value="namapnj"/>
      <Attribute name="allow_multiple_values" value="false"/>
      <Attribute name="discrete_or_range" value="0"/>
      <Attribute name="allow editing" value="true"/>
      <Attribute name="description_only" value="false"/>
      <Attribute name="edit mask" value=""/>
      <Attribute name="prompt_text" value=""/>
      <Attribute name="use_range" value="false"/>
    </Field>
    <Field type="PromptVarField" valueType="11">
      <Attribute name="name" value="nokontrak"/>
      <Attribute name="allow_multiple_values" value="false"/>
      <Attribute name="discrete_or_range" value="0"/>
      <Attribute name="allow editing" value="true"/>
      <Attribute name="description_only" value="false"/>
      <Attribute name="edit mask" value=""/>
      <Attribute name="prompt_text" value=""/>
      <Attribute name="use_range" value="false"/>
    </Field>
    <Field type="PromptVarField" valueType="11">
      <Attribute name="name" value="nokontrol"/>
      <Attribute name="allow_multiple_values" value="false"/>
      <Attribute name="discrete_or_range" value="0"/>
      <Attribute name="allow editing" value="true"/>
      <Attribute name="description_only" value="false"/>
      <Attribute name="edit mask" value=""/>
      <Attribute name="prompt_text" value=""/>
      <Attribute name="use_range" value="false"/>
    </Field>
    <Field type="PromptVarField" valueType="11">
      <Attribute name="name" value="tarip"/>
      <Attribute name="allow_multiple_values" value="false"/>
      <Attribute name="discrete_or_range" value="0"/>
      <Attribute name="allow editing" value="true"/>
      <Attribute name="description_only" value="false"/>
      <Attribute name="edit mask" value=""/>
      <Attribute name="prompt_text" value=""/>
      <Attribute name="use_range" value="false"/>
    </Field>
    <Field type="PromptVarField" valueType="6">
      <Attribute name="name" value="daya"/>
      <Attribute name="allow_multiple_values" value="false"/>
      <Attribute name="discrete_or_range" value="0"/>
      <Attribute name="allow editing" value="true"/>
      <Attribute name="description_only" value="false"/>
      <Attribute name="edit mask" value=""/>
      <Attribute name="prompt_text" value=""/>
      <Attribute name="use_range" value="false"/>
    </Field>
    <Field type="PromptVarField" valueType="11">
      <Attribute name="name" value="kogol"/>
      <Attribute name="allow_multiple_values" value="false"/>
      <Attribute name="discrete_or_range" value="0"/>
      <Attribute name="allow editing" value="true"/>
      <Attribute name="description_only" value="false"/>
      <Attribute name="edit mask" value=""/>
      <Attribute name="prompt_text" value=""/>
      <Attribute name="use_range" value="false"/>
    </Field>
    <Field type="PromptVarField" valueType="11">
      <Attribute name="name" value="thblawal"/>
      <Attribute name="allow_multiple_values" value="false"/>
      <Attribute name="discrete_or_range" value="0"/>
      <Attribute name="allow editing" value="true"/>
      <Attribute name="description_only" value="false"/>
      <Attribute name="edit mask" value=""/>
      <Attribute name="prompt_text" value=""/>
      <Attribute name="use_range" value="false"/>
    </Field>
    <Field type="PromptVarField" valueType="11">
      <Attribute name="name" value="thblakhir"/>
      <Attribute name="allow_multiple_values" value="false"/>
      <Attribute name="discrete_or_range" value="0"/>
      <Attribute name="allow editing" value="true"/>
      <Attribute name="description_only" value="false"/>
      <Attribute name="edit mask" value=""/>
      <Attribute name="prompt_text" value=""/>
      <Attribute name="use_range" value="false"/>
    </Field>
    <Field type="PromptVarField" valueType="6">
      <Attribute name="name" value="lembar"/>
      <Attribute name="allow_multiple_values" value="false"/>
      <Attribute name="discrete_or_range" value="0"/>
      <Attribute name="allow editing" value="true"/>
      <Attribute name="description_only" value="false"/>
      <Attribute name="edit mask" value=""/>
      <Attribute name="prompt_text" value=""/>
      <Attribute name="use_range" value="false"/>
    </Field>
    <Field type="PromptVarField" valueType="6">
      <Attribute name="name" value="rptag"/>
      <Attribute name="allow_multiple_values" value="false"/>
      <Attribute name="discrete_or_range" value="0"/>
      <Attribute name="allow editing" value="true"/>
      <Attribute name="description_only" value="false"/>
      <Attribute name="edit mask" value=""/>
      <Attribute name="prompt_text" value=""/>
      <Attribute name="use_range" value="false"/>
    </Field>
    <Field type="PromptVarField" valueType="11">
      <Attribute name="name" value="rpbk"/>
      <Attribute name="allow_multiple_values" value="false"/>
      <Attribute name="discrete_or_range" value="0"/>
      <Attribute name="allow editing" value="true"/>
      <Attribute name="description_only" value="false"/>
      <Attribute name="edit mask" value=""/>
      <Attribute name="prompt_text" value=""/>
      <Attribute name="use_range" value="false"/>
    </Field>
    <Field type="PromptVarField" valueType="6">
      <Attribute name="name" value="rptotal"/>
      <Attribute name="allow_multiple_values" value="false"/>
      <Attribute name="discrete_or_range" value="0"/>
      <Attribute name="allow editing" value="true"/>
      <Attribute name="description_only" value="false"/>
      <Attribute name="edit mask" value=""/>
      <Attribute name="prompt_text" value=""/>
      <Attribute name="use_range" value="false"/>
    </Field>
    <Field type="PromptVarField" valueType="11">
      <Attribute name="name" value="notul603"/>
      <Attribute name="allow_multiple_values" value="false"/>
      <Attribute name="discrete_or_range" value="0"/>
      <Attribute name="allow editing" value="true"/>
      <Attribute name="description_only" value="false"/>
      <Attribute name="edit mask" value=""/>
      <Attribute name="prompt_text" value=""/>
      <Attribute name="use_range" value="false"/>
    </Field>
    <Field type="PromptVarField" valueType="11">
      <Attribute name="name" value="notul601"/>
      <Attribute name="allow_multiple_values" value="false"/>
      <Attribute name="discrete_or_range" value="0"/>
      <Attribute name="allow editing" value="true"/>
      <Attribute name="description_only" value="false"/>
      <Attribute name="edit mask" value=""/>
      <Attribute name="prompt_text" value=""/>
      <Attribute name="use_range" value="false"/>
    </Field>
  </PromptFields>
  <SQLFields>
  </SQLFields>
  <SummaryFields>
  </SummaryFields>
  <SortFields>
  </SortFields>
  <GroupNameFields count="0">
  </GroupNameFields>
  <ReportProperties>
    <Attribute name="page width" value="12240"/>
    <Attribute name="page height" value="15840"/>
    <Attribute name="page orientation" value="1"/>
    <Attribute name="page margin left" value="0"/>
    <Attribute name="page margin right" value="0"/>
    <Attribute name="page margin top" value="0"/>
    <Attribute name="page margin bottom" value="0"/>
    <Attribute name="report title" value=""/>
    <Attribute name="report author" value=""/>
    <Attribute name="report keywords" value=""/>
    <Attribute name="report subject" value=""/>
    <Attribute name="report template" value=""/>
    <Attribute name="report comments" value=""/>
    <Attribute name="report last saved" value="14 Jan 2014 01:29:21 GMT"/>
    <Attribute name="report created" value="8 Nov 2002 04:09:07 GMT"/>
    <Attribute name="mailing label type 1" value=""/>
    <Attribute name="mailing label type 2" value=""/>
    <Attribute name="format with multiple columns" value="false"/>
    <Attribute name="mailing label width" value="0"/>
    <Attribute name="mailing label height" value="0"/>
    <Attribute name="mailing label distance vertical" value="0"/>
    <Attribute name="mailing label distance horizontal" value="0"/>
    <Attribute name="across then down" value="false"/>
    <Attribute name="format groups with multiple columns" value="false"/>
    <Attribute name="distinct" value="false"/>
    <Attribute name="show suppressed nodes" value="true"/>
    <Attribute name="ignore filtering" value="false"/>
    <Attribute name="ignore sorting" value="false"/>
    <Attribute name="convert date time" value="2"/>
    <Attribute name="suppress if no rows" value="false"/>
    <Attribute name="convert null values to default" value="false"/>
    <Attribute name="hide PageFooter inside ReportHeader" value="true"/>
    <Attribute name="form print" value="false"/>
    <Attribute name="printing enabled" value="true"/>
    <Attribute name="clipboard enabled" value="true"/>
    <Attribute name="export enabled" value="true"/>
    <Attribute name="group tree visible" value="true"/>
  </ReportProperties>
  <AreaPair type="PageAreaPair" id="0">
    <Area type="PageHeader" count="1">
      <AreaProperties>
        <Attribute name="keep together" value="true"/>
        <Attribute name="hold minimal pagefooter free" value="1"/>
      </AreaProperties>
      <Section type="PageHeader" count="0" width="12240" height="226" id="0">
        <SectionProperties>
          <Attribute name="drill down" value="true"/>
          <Attribute name="suppress" value="true"/>
          <Attribute name="keep together" value="true"/>
          <Attribute name="hold minimal pagefooter free" value="1"/>
        </SectionProperties>
      </Section>
    </Area>
    <Area type="PageFooter" count="1">
      <AreaProperties>
        <Attribute name="keep together" value="true"/>
        <Attribute name="hold minimal pagefooter free" value="1"/>
      </AreaProperties>
      <Section type="PageFooter" count="0" width="12240" height="0" id="1">
        <SectionProperties>
          <Attribute name="drill down" value="true"/>
          <Attribute name="suppress" value="true"/>
          <Attribute name="keep together" value="true"/>
          <Attribute name="hold minimal pagefooter free" value="1"/>
        </SectionProperties>
      </Section>
    </Area>
  </AreaPair>
  <AreaPair type="ReportAreaPair" id="0">
    <Area type="ReportHeader" count="1">
      <AreaProperties>
        <Attribute name="new page before" value="true"/>
        <Attribute name="hold minimal pagefooter free" value="1"/>
      </AreaProperties>
      <Section type="ReportHeader" count="0" width="12240" height="0" id="2">
        <SectionProperties>
          <Attribute name="drill down" value="true"/>
          <Attribute name="suppress" value="true"/>
          <Attribute name="keep together" value="true"/>
          <Attribute name="hold minimal pagefooter free" value="1"/>
        </SectionProperties>
      </Section>
    </Area>
    <Area type="ReportFooter" count="1">
      <AreaProperties>
        <Attribute name="new page after" value="true"/>
        <Attribute name="hold minimal pagefooter free" value="1"/>
      </AreaProperties>
      <Section type="ReportFooter" count="0" width="12240" height="0" id="3">
        <SectionProperties>
          <Attribute name="drill down" value="true"/>
          <Attribute name="suppress" value="true"/>
          <Attribute name="keep together" value="true"/>
          <Attribute name="hold minimal pagefooter free" value="1"/>
        </SectionProperties>
      </Section>
    </Area>
  </AreaPair>
  <AreaPair type="DetailArea" id="1">
    <Area type="Detail" count="1">
      <AreaProperties>
        <Attribute name="hold minimal pagefooter free" value="1"/>
      </AreaProperties>
      <Section type="Detail" count="40" width="12240" height="15201" id="4">
        <SectionProperties>
          <Attribute name="keep together" value="true"/>
          <Attribute name="hold minimal pagefooter free" value="1"/>
        </SectionProperties>
        <Element type="Line" x2_position="4920" y2_position="13440" x_position="4920" y_position="6240" width="0" height="7200">
          <LineProperties>
            <Attribute name="id" value="4"/>
          </LineProperties>
        </Element>
        <Element type="Line" x2_position="8040" y2_position="13440" x_position="8040" y_position="6240" width="0" height="7200">
          <LineProperties>
            <Attribute name="id" value="4"/>
          </LineProperties>
        </Element>
        <Element type="Line" x2_position="10920" y2_position="13440" x_position="10920" y_position="5760" width="0" height="7680">
          <LineProperties>
            <Attribute name="id" value="4"/>
          </LineProperties>
        </Element>
        <Element type="Line" x2_position="1800" y2_position="13440" x_position="1800" y_position="5760" width="0" height="7680">
          <LineProperties>
            <Attribute name="id" value="4"/>
          </LineProperties>
        </Element>
        <Element type="Line" x2_position="10905" y2_position="13425" x_position="1800" y_position="13425" width="9105" height="0">
          <LineProperties>
            <Attribute name="id" value="4"/>
          </LineProperties>
        </Element>
        <Element type="Line" x2_position="10905" y2_position="6720" x_position="1800" y_position="6720" width="9105" height="0">
          <LineProperties>
            <Attribute name="id" value="4"/>
          </LineProperties>
        </Element>
        <Element type="Line" x2_position="10920" y2_position="6240" x_position="1800" y_position="6240" width="9120" height="0">
          <LineProperties>
            <Attribute name="id" value="4"/>
          </LineProperties>
        </Element>
        <Element type="Line" x2_position="10920" y2_position="5760" x_position="1800" y_position="5760" width="9120" height="0">
          <LineProperties>
            <Attribute name="id" value="4"/>
          </LineProperties>
        </Element>
        <Element type="Text" count="1" x_position="8040" y_position="13800" width="2760" height="240">
          <CommonProperties>
            <Attribute name="keep together" value="true"/>
            <Attribute name="close border on page break" value="false"/>
          </CommonProperties>
          <Element type="Paragraph" count="1">
            <CommonProperties>
              <Attribute name="horizontal align" value="2"/>
            </CommonProperties>
            <Element type="FieldPart">
              <FontProperties>
                <Attribute name="font name" value="Verdana"/>
                <Attribute name="font size" value="160"/>
              </FontProperties>
              <Reference name="field" type="PromptVarField" refname="?jabatan"/>
            </Element>
          </Element>
        </Element>
        <Element type="Text" count="1" x_position="4080" y_position="3840" width="120" height="216">
          <CommonProperties>
            <Attribute name="keep together" value="true"/>
            <Attribute name="close border on page break" value="false"/>
          </CommonProperties>
          <Element type="Paragraph" count="1">
            <CommonProperties>
              <Attribute name="horizontal align" value="1"/>
            </CommonProperties>
            <Element type="TextPart">
              <FontProperties>
                <Attribute name="font name" value="Times New Roman"/>
                <Attribute name="font size" value="200"/>
              </FontProperties>
            <![CDATA[/]]>
            </Element>
          </Element>
        </Element>
        <Element type="Text" count="1" x_position="600" y_position="1440" width="11520" height="360">
          <CommonProperties>
            <Attribute name="keep together" value="true"/>
            <Attribute name="close border on page break" value="false"/>
          </CommonProperties>
          <Element type="Paragraph" count="1">
            <CommonProperties>
              <Attribute name="horizontal align" value="2"/>
            </CommonProperties>
            <Element type="TextPart">
              <FontProperties>
                <Attribute name="font name" value="Times New Roman"/>
                <Attribute name="font size" value="220"/>
                <Attribute name="font style" value="5"/>
                <Attribute name="underline" value="true"/>
              </FontProperties>
            <![CDATA[PEMBERITAHUAN PELAKSANAAN PEMUTUSAN RAMPUNG SAMBUNGAN TENAGA LISTRIK]]>
            </Element>
          </Element>
        </Element>
        <Element type="Text" count="1" x_position="600" y_position="2040" width="2400" height="240">
          <CommonProperties>
            <Attribute name="keep together" value="true"/>
            <Attribute name="close border on page break" value="false"/>
          </CommonProperties>
          <Element type="Paragraph" count="1">
            <CommonProperties>
              <Attribute name="horizontal align" value="1"/>
            </CommonProperties>
            <Element type="TextPart">
              <FontProperties>
                <Attribute name="font name" value="Verdana"/>
                <Attribute name="font size" value="160"/>
              </FontProperties>
            <![CDATA[Kepada yang terhormat :]]>
            </Element>
          </Element>
        </Element>
        <Element type="Text" count="1" x_position="600" y_position="2400" width="2160" height="240">
          <CommonProperties>
            <Attribute name="keep together" value="true"/>
            <Attribute name="close border on page break" value="false"/>
          </CommonProperties>
          <Element type="Paragraph" count="1">
            <CommonProperties>
              <Attribute name="horizontal align" value="1"/>
            </CommonProperties>
            <Element type="TextPart">
              <FontProperties>
                <Attribute name="font name" value="Verdana"/>
              </FontProperties>
            <![CDATA[N a m a]]>
            </Element>
          </Element>
        </Element>
        <Element type="Text" count="1" x_position="600" y_position="2760" width="2160" height="240">
          <CommonProperties>
            <Attribute name="keep together" value="true"/>
            <Attribute name="close border on page break" value="false"/>
          </CommonProperties>
          <Element type="Paragraph" count="1">
            <CommonProperties>
              <Attribute name="horizontal align" value="1"/>
            </CommonProperties>
            <Element type="TextPart">
              <FontProperties>
                <Attribute name="font name" value="Verdana"/>
              </FontProperties>
            <![CDATA[Id Pelanggan]]>
            </Element>
          </Element>
        </Element>
        <Element type="Text" count="1" x_position="6600" y_position="2760" width="4440" height="216">
          <CommonProperties>
            <Attribute name="keep together" value="true"/>
            <Attribute name="close border on page break" value="false"/>
          </CommonProperties>
          <Element type="Paragraph" count="2">
            <CommonProperties>
              <Attribute name="horizontal align" value="1"/>
            </CommonProperties>
            <Element type="TextPart">
              <FontProperties>
                <Attribute name="font name" value="Verdana"/>
              </FontProperties>
            <![CDATA[No. Kontrol 	: ]]>
            </Element>
            <Element type="FieldPart">
              <FontProperties>
                <Attribute name="font name" value="Verdana"/>
              </FontProperties>
              <Reference name="field" type="PromptVarField" refname="?nokontrol"/>
            </Element>
          </Element>
        </Element>
        <Element type="Text" count="1" x_position="600" y_position="3120" width="2160" height="216">
          <CommonProperties>
            <Attribute name="keep together" value="true"/>
            <Attribute name="close border on page break" value="false"/>
          </CommonProperties>
          <Element type="Paragraph" count="1">
            <CommonProperties>
              <Attribute name="horizontal align" value="1"/>
            </CommonProperties>
            <Element type="TextPart">
              <FontProperties>
                <Attribute name="font name" value="Verdana"/>
              </FontProperties>
            <![CDATA[A l a m a t]]>
            </Element>
          </Element>
        </Element>
        <Element type="Text" count="1" x_position="600" y_position="3480" width="2160" height="216">
          <CommonProperties>
            <Attribute name="keep together" value="true"/>
            <Attribute name="close border on page break" value="false"/>
          </CommonProperties>
          <Element type="Paragraph" count="1">
            <CommonProperties>
              <Attribute name="horizontal align" value="1"/>
            </CommonProperties>
            <Element type="TextPart">
              <FontProperties>
                <Attribute name="font name" value="Verdana"/>
              </FontProperties>
            <![CDATA[Tarip / Daya / Gol]]>
            </Element>
          </Element>
        </Element>
        <Element type="Text" count="1" x_position="600" y_position="3840" width="2160" height="216">
          <CommonProperties>
            <Attribute name="keep together" value="true"/>
            <Attribute name="close border on page break" value="false"/>
          </CommonProperties>
          <Element type="Paragraph" count="1">
            <CommonProperties>
              <Attribute name="horizontal align" value="1"/>
            </CommonProperties>
            <Element type="TextPart">
              <FontProperties>
                <Attribute name="font name" value="Verdana"/>
              </FontProperties>
            <![CDATA[Kode Gardu / No Tiang]]>
            </Element>
          </Element>
        </Element>
        <Element type="Text" count="6" x_position="600" y_position="4200" width="11400" height="1320">
          <CommonProperties>
            <Attribute name="keep together" value="true"/>
            <Attribute name="close border on page break" value="false"/>
          </CommonProperties>
          <Element type="Paragraph" count="2">
            <CommonProperties>
              <Attribute name="horizontal align" value="4"/>
            </CommonProperties>
            <Element type="TextPart">
              <FontProperties>
                <Attribute name="font name" value="Verdana"/>
                <Attribute name="font size" value="160"/>
              </FontProperties>
            <![CDATA[Sehubungan dengan Surat Pemberitahuan Pelaksanaan Pemutusan Sementara sebelumnya Nomor :  ]]>
            </Element>
            <Element type="FieldPart">
              <FontProperties>
                <Attribute name="font name" value="Verdana"/>
                <Attribute name="font size" value="160"/>
              </FontProperties>
              <Reference name="field" type="PromptVarField" refname="?notul601"/>
            </Element>
          </Element>
          <Element type="Paragraph" count="1">
            <CommonProperties>
              <Attribute name="horizontal align" value="4"/>
            </CommonProperties>
            <Element type="TextPart">
              <FontProperties>
                <Attribute name="font name" value="Verdana"/>
                <Attribute name="font size" value="160"/>
              </FontProperties>
            <![CDATA[ternyata hingga saat ini Anda belum juga melunasi rekening listrik beserta Biaya Keterlambatan yang seluruhnya ]]>
            </Element>
          </Element>
          <Element type="Paragraph" count="3">
            <CommonProperties>
              <Attribute name="horizontal align" value="4"/>
            </CommonProperties>
            <Element type="TextPart">
              <FontProperties>
                <Attribute name="font name" value="Verdana"/>
                <Attribute name="font size" value="160"/>
              </FontProperties>
            <![CDATA[berjumlah Rp. ]]>
            </Element>
            <Element type="FieldPart">
              <FontProperties>
                <Attribute name="font name" value="Verdana"/>
                <Attribute name="font size" value="160"/>
              </FontProperties>
              <NumberProperties>
                <Attribute name="system default number type" value="2"/>
                <Attribute name="n decimal places" value="0"/>
                <Attribute name="rounding type" value="11"/>
                <Attribute name="thousand separators symbol" value=","/>
                <Attribute name="decimal separators symbol" value="."/>
                <Attribute name="currency symbol" value="$"/>
                <Attribute name="allow field clipping" value="false"/>
              </NumberProperties>
              <Reference name="field" type="PromptVarField" refname="?rptotal"/>
            </Element>
            <Element type="TextPart">
              <FontProperties>
                <Attribute name="font name" value="Verdana"/>
                <Attribute name="font size" value="160"/>
              </FontProperties>
            <![CDATA[ sebagaimana dimaksud dalam surat tersebut diatas, maka dengan ini diberitahukan bahwa ]]>
            </Element>
          </Element>
          <Element type="Paragraph" count="1">
            <CommonProperties>
              <Attribute name="horizontal align" value="4"/>
            </CommonProperties>
            <Element type="TextPart">
              <FontProperties>
                <Attribute name="font name" value="Verdana"/>
                <Attribute name="font size" value="160"/>
              </FontProperties>
            <![CDATA[pada hari ini sambungan tenaga listrik ke instalasi Anda terpaksa kami putus rampung.]]>
            </Element>
          </Element>
          <Element type="Paragraph" count="1">
            <CommonProperties>
              <Attribute name="horizontal align" value="4"/>
            </CommonProperties>
            <Element type="TextPart">
              <FontProperties>
                <Attribute name="font name" value="Verdana"/>
                <Attribute name="font size" value="160"/>
              </FontProperties>
            <![CDATA[]]>
            </Element>
          </Element>
          <Element type="Paragraph" count="1">
            <CommonProperties>
              <Attribute name="horizontal align" value="4"/>
            </CommonProperties>
            <Element type="TextPart">
              <FontProperties>
                <Attribute name="font name" value="Verdana"/>
                <Attribute name="font size" value="160"/>
              </FontProperties>
            <![CDATA[Demikian mohon maklum.]]>
            </Element>
          </Element>
        </Element>
        <Element type="Text" count="1" x_position="8040" y_position="13560" width="2760" height="216">
          <CommonProperties>
            <Attribute name="keep together" value="true"/>
            <Attribute name="close border on page break" value="false"/>
          </CommonProperties>
          <Element type="Paragraph" count="3">
            <CommonProperties>
              <Attribute name="horizontal align" value="2"/>
            </CommonProperties>
            <Element type="FieldPart">
              <FontProperties>
                <Attribute name="font name" value="Verdana"/>
                <Attribute name="font size" value="160"/>
              </FontProperties>
              <Reference name="field" type="PromptVarField" refname="?ranting"/>
            </Element>
            <Element type="TextPart">
              <FontProperties>
                <Attribute name="font name" value="Verdana"/>
                <Attribute name="font size" value="160"/>
              </FontProperties>
            <![CDATA[, ]]>
            </Element>
            <Element type="FieldPart">
              <FontProperties>
                <Attribute name="font name" value="Verdana"/>
                <Attribute name="font size" value="160"/>
              </FontProperties>
              <DateProperties>
                <Attribute name="date windows default type" value="2"/>
                <Attribute name="date order" value="2"/>
                <Attribute name="year type" value="1"/>
                <Attribute name="date first separator" value="/"/>
                <Attribute name="date second separator" value="/"/>
              </DateProperties>
              <Reference name="field" type="SpecialVarField" id="0"/>
            </Element>
          </Element>
        </Element>
        <Element type="Text" count="1" x_position="1920" y_position="13560" width="1080" height="216">
          <CommonProperties>
            <Attribute name="keep together" value="true"/>
            <Attribute name="close border on page break" value="false"/>
          </CommonProperties>
          <Element type="Paragraph" count="1">
            <CommonProperties>
              <Attribute name="horizontal align" value="1"/>
            </CommonProperties>
            <Element type="TextPart">
              <FontProperties>
                <Attribute name="font name" value="Times New Roman"/>
                <Attribute name="font size" value="200"/>
              </FontProperties>
            <![CDATA[TUL VI - 03]]>
            </Element>
          </Element>
        </Element>
        <Element type="Text" count="1" x_position="240" y_position="240" width="6960" height="240">
          <CommonProperties>
            <Attribute name="keep together" value="true"/>
            <Attribute name="close border on page break" value="false"/>
          </CommonProperties>
          <Element type="Paragraph" count="2">
            <CommonProperties>
              <Attribute name="horizontal align" value="1"/>
            </CommonProperties>
            <Element type="TextPart">
              <FontProperties>
                <Attribute name="font name" value="Tahoma"/>
                <Attribute name="font size" value="200"/>
                <Attribute name="font style" value="1"/>
              </FontProperties>
            <![CDATA[PT PLN (Persero) Wilayah ]]>
            </Element>
            <Element type="FieldPart">
              <FontProperties>
                <Attribute name="font name" value="Tahoma"/>
                <Attribute name="font size" value="200"/>
                <Attribute name="font style" value="1"/>
              </FontProperties>
              <Reference name="field" type="PromptVarField" refname="?wilayah"/>
            </Element>
          </Element>
        </Element>
        <Element type="Text" count="1" x_position="240" y_position="720" width="6960" height="240">
          <CommonProperties>
            <Attribute name="keep together" value="true"/>
            <Attribute name="close border on page break" value="false"/>
          </CommonProperties>
          <Element type="Paragraph" count="2">
            <CommonProperties>
              <Attribute name="horizontal align" value="1"/>
            </CommonProperties>
            <Element type="TextPart">
              <FontProperties>
                <Attribute name="font name" value="Tahoma"/>
                <Attribute name="font size" value="200"/>
                <Attribute name="font style" value="1"/>
              </FontProperties>
            <![CDATA[Ranting ]]>
            </Element>
            <Element type="FieldPart">
              <FontProperties>
                <Attribute name="font name" value="Tahoma"/>
                <Attribute name="font size" value="200"/>
                <Attribute name="font style" value="1"/>
              </FontProperties>
              <Reference name="field" type="PromptVarField" refname="?ranting"/>
            </Element>
          </Element>
        </Element>
        <Element type="Text" count="1" x_position="240" y_position="480" width="6960" height="240">
          <CommonProperties>
            <Attribute name="keep together" value="true"/>
            <Attribute name="close border on page break" value="false"/>
          </CommonProperties>
          <Element type="Paragraph" count="2">
            <CommonProperties>
              <Attribute name="horizontal align" value="1"/>
            </CommonProperties>
            <Element type="TextPart">
              <FontProperties>
                <Attribute name="font name" value="Tahoma"/>
                <Attribute name="font size" value="200"/>
                <Attribute name="font style" value="1"/>
              </FontProperties>
            <![CDATA[Cabang ]]>
            </Element>
            <Element type="FieldPart">
              <FontProperties>
                <Attribute name="font name" value="Tahoma"/>
                <Attribute name="font size" value="200"/>
                <Attribute name="font style" value="1"/>
              </FontProperties>
              <Reference name="field" type="PromptVarField" refname="?cabang"/>
            </Element>
          </Element>
        </Element>
        <Element type="Text" count="1" x_position="8640" y_position="240" width="2760" height="226">
          <CommonProperties>
            <Attribute name="keep together" value="true"/>
            <Attribute name="close border on page break" value="false"/>
          </CommonProperties>
          <Element type="Paragraph" count="2">
            <CommonProperties>
              <Attribute name="horizontal align" value="1"/>
            </CommonProperties>
            <Element type="TextPart">
              <FontProperties>
                <Attribute name="font name" value="Verdana"/>
                <Attribute name="font size" value="160"/>
              </FontProperties>
            <![CDATA[NO : ]]>
            </Element>
            <Element type="FieldPart">
              <FontProperties>
                <Attribute name="font name" value="Verdana"/>
                <Attribute name="font size" value="160"/>
              </FontProperties>
              <Reference name="field" type="PromptVarField" refname="?notul603"/>
            </Element>
          </Element>
        </Element>
        <Element type="Text" count="1" x_position="2880" y_position="2400" width="3480" height="226">
          <CommonProperties>
            <Attribute name="keep together" value="true"/>
            <Attribute name="close border on page break" value="false"/>
          </CommonProperties>
          <Element type="Paragraph" count="2">
            <CommonProperties>
              <Attribute name="horizontal align" value="1"/>
            </CommonProperties>
            <Element type="TextPart">
              <FontProperties>
                <Attribute name="font name" value="Times New Roman"/>
                <Attribute name="font size" value="200"/>
              </FontProperties>
            <![CDATA[: ]]>
            </Element>
            <Element type="FieldPart">
              <FontProperties>
                <Attribute name="font name" value="Times New Roman"/>
                <Attribute name="font size" value="200"/>
              </FontProperties>
              <Reference name="field" type="PromptVarField" refname="?nama"/>
            </Element>
          </Element>
        </Element>
        <Element type="Text" count="1" x_position="2880" y_position="2760" width="3480" height="226">
          <CommonProperties>
            <Attribute name="keep together" value="true"/>
            <Attribute name="close border on page break" value="false"/>
          </CommonProperties>
          <Element type="Paragraph" count="2">
            <CommonProperties>
              <Attribute name="horizontal align" value="1"/>
            </CommonProperties>
            <Element type="TextPart">
              <FontProperties>
                <Attribute name="font name" value="Times New Roman"/>
                <Attribute name="font size" value="200"/>
              </FontProperties>
            <![CDATA[: ]]>
            </Element>
            <Element type="FieldPart">
              <FontProperties>
                <Attribute name="font name" value="Times New Roman"/>
                <Attribute name="font size" value="200"/>
              </FontProperties>
              <Reference name="field" type="PromptVarField" refname="?idpel"/>
            </Element>
          </Element>
        </Element>
        <Element type="Text" count="1" x_position="2880" y_position="3120" width="3480" height="226">
          <CommonProperties>
            <Attribute name="keep together" value="true"/>
            <Attribute name="close border on page break" value="false"/>
          </CommonProperties>
          <Element type="Paragraph" count="2">
            <CommonProperties>
              <Attribute name="horizontal align" value="1"/>
            </CommonProperties>
            <Element type="TextPart">
              <FontProperties>
                <Attribute name="font name" value="Times New Roman"/>
                <Attribute name="font size" value="200"/>
              </FontProperties>
            <![CDATA[: ]]>
            </Element>
            <Element type="FieldPart">
              <FontProperties>
                <Attribute name="font name" value="Times New Roman"/>
                <Attribute name="font size" value="200"/>
              </FontProperties>
              <Reference name="field" type="PromptVarField" refname="?namapnj"/>
            </Element>
          </Element>
        </Element>
        <Element type="Text" count="1" x_position="2880" y_position="3480" width="3480" height="226">
          <CommonProperties>
            <Attribute name="keep together" value="true"/>
            <Attribute name="close border on page break" value="false"/>
          </CommonProperties>
          <Element type="Paragraph" count="6">
            <CommonProperties>
              <Attribute name="horizontal align" value="1"/>
            </CommonProperties>
            <Element type="TextPart">
              <FontProperties>
                <Attribute name="font name" value="Times New Roman"/>
                <Attribute name="font size" value="200"/>
              </FontProperties>
            <![CDATA[: ]]>
            </Element>
            <Element type="FieldPart">
              <FontProperties>
                <Attribute name="font name" value="Times New Roman"/>
                <Attribute name="font size" value="200"/>
              </FontProperties>
              <Reference name="field" type="PromptVarField" refname="?tarip"/>
            </Element>
            <Element type="TextPart">
              <FontProperties>
                <Attribute name="font name" value="Times New Roman"/>
                <Attribute name="font size" value="200"/>
              </FontProperties>
            <![CDATA[ / ]]>
            </Element>
            <Element type="FieldPart">
              <FontProperties>
                <Attribute name="font name" value="Times New Roman"/>
                <Attribute name="font size" value="200"/>
              </FontProperties>
              <NumberProperties>
                <Attribute name="system default number type" value="2"/>
                <Attribute name="n decimal places" value="0"/>
                <Attribute name="rounding type" value="11"/>
                <Attribute name="thousand separators symbol" value=","/>
                <Attribute name="decimal separators symbol" value="."/>
                <Attribute name="currency symbol" value="$"/>
                <Attribute name="allow field clipping" value="false"/>
              </NumberProperties>
              <Reference name="field" type="PromptVarField" refname="?daya"/>
            </Element>
            <Element type="TextPart">
              <FontProperties>
                <Attribute name="font name" value="Times New Roman"/>
                <Attribute name="font size" value="200"/>
              </FontProperties>
            <![CDATA[ / ]]>
            </Element>
            <Element type="FieldPart">
              <FontProperties>
                <Attribute name="font name" value="Times New Roman"/>
                <Attribute name="font size" value="200"/>
              </FontProperties>
              <Reference name="field" type="PromptVarField" refname="?kogol"/>
            </Element>
          </Element>
        </Element>
        <Element type="Text" count="1" x_position="2880" y_position="3840" width="120" height="226">
          <CommonProperties>
            <Attribute name="keep together" value="true"/>
            <Attribute name="close border on page break" value="false"/>
          </CommonProperties>
          <Element type="Paragraph" count="1">
            <CommonProperties>
              <Attribute name="horizontal align" value="1"/>
            </CommonProperties>
            <Element type="TextPart">
              <FontProperties>
                <Attribute name="font name" value="Times New Roman"/>
                <Attribute name="font size" value="200"/>
              </FontProperties>
            <![CDATA[:]]>
            </Element>
          </Element>
        </Element>
        <Element type="Text" count="28" x_position="5280" y_position="6840" width="2520" height="6480">
          <CommonProperties>
            <Attribute name="keep together" value="true"/>
            <Attribute name="close border on page break" value="false"/>
          </CommonProperties>
          <Element type="Paragraph" count="1">
            <CommonProperties>
              <Attribute name="horizontal align" value="1"/>
            </CommonProperties>
            <Element type="TextPart">
              <FontProperties>
                <Attribute name="font name" value="Arial"/>
                <Attribute name="font size" value="200"/>
              </FontProperties>
            <![CDATA[.........................................]]>
            </Element>
          </Element>
          <Element type="Paragraph" count="1">
            <CommonProperties>
              <Attribute name="horizontal align" value="1"/>
            </CommonProperties>
            <Element type="TextPart">
              <FontProperties>
                <Attribute name="font name" value="Arial"/>
                <Attribute name="font size" value="200"/>
              </FontProperties>
            <![CDATA[]]>
            </Element>
          </Element>
          <Element type="Paragraph" count="1">
            <CommonProperties>
              <Attribute name="horizontal align" value="1"/>
            </CommonProperties>
            <Element type="TextPart">
              <FontProperties>
                <Attribute name="font name" value="Arial"/>
                <Attribute name="font size" value="200"/>
              </FontProperties>
            <![CDATA[.........................................]]>
            </Element>
          </Element>
          <Element type="Paragraph" count="1">
            <CommonProperties>
              <Attribute name="horizontal align" value="1"/>
            </CommonProperties>
            <Element type="TextPart">
              <FontProperties>
                <Attribute name="font name" value="Arial"/>
                <Attribute name="font size" value="200"/>
              </FontProperties>
            <![CDATA[..................../....................]]>
            </Element>
          </Element>
          <Element type="Paragraph" count="1">
            <CommonProperties>
              <Attribute name="horizontal align" value="1"/>
            </CommonProperties>
            <Element type="TextPart">
              <FontProperties>
                <Attribute name="font name" value="Arial"/>
                <Attribute name="font size" value="200"/>
              </FontProperties>
            <![CDATA[........ x ............. Amp]]>
            </Element>
          </Element>
          <Element type="Paragraph" count="1">
            <CommonProperties>
              <Attribute name="horizontal align" value="1"/>
            </CommonProperties>
            <Element type="TextPart">
              <FontProperties>
                <Attribute name="font name" value="Arial"/>
                <Attribute name="font size" value="200"/>
              </FontProperties>
            <![CDATA[]]>
            </Element>
          </Element>
          <Element type="Paragraph" count="1">
            <CommonProperties>
              <Attribute name="horizontal align" value="1"/>
            </CommonProperties>
            <Element type="TextPart">
              <FontProperties>
                <Attribute name="font name" value="Arial"/>
                <Attribute name="font size" value="200"/>
              </FontProperties>
            <![CDATA[.........................................]]>
            </Element>
          </Element>
          <Element type="Paragraph" count="1">
            <CommonProperties>
              <Attribute name="horizontal align" value="1"/>
            </CommonProperties>
            <Element type="TextPart">
              <FontProperties>
                <Attribute name="font name" value="Arial"/>
                <Attribute name="font size" value="200"/>
              </FontProperties>
            <![CDATA[.........................................]]>
            </Element>
          </Element>
          <Element type="Paragraph" count="1">
            <CommonProperties>
              <Attribute name="horizontal align" value="1"/>
            </CommonProperties>
            <Element type="TextPart">
              <FontProperties>
                <Attribute name="font name" value="Arial"/>
                <Attribute name="font size" value="200"/>
              </FontProperties>
            <![CDATA[.........................................]]>
            </Element>
          </Element>
          <Element type="Paragraph" count="1">
            <CommonProperties>
              <Attribute name="horizontal align" value="1"/>
            </CommonProperties>
            <Element type="TextPart">
              <FontProperties>
                <Attribute name="font name" value="Arial"/>
                <Attribute name="font size" value="200"/>
              </FontProperties>
            <![CDATA[.........................................]]>
            </Element>
          </Element>
          <Element type="Paragraph" count="1">
            <CommonProperties>
              <Attribute name="horizontal align" value="1"/>
            </CommonProperties>
            <Element type="TextPart">
              <FontProperties>
                <Attribute name="font name" value="Arial"/>
                <Attribute name="font size" value="200"/>
              </FontProperties>
            <![CDATA[.........................................]]>
            </Element>
          </Element>
          <Element type="Paragraph" count="1">
            <CommonProperties>
              <Attribute name="horizontal align" value="1"/>
            </CommonProperties>
            <Element type="TextPart">
              <FontProperties>
                <Attribute name="font name" value="Arial"/>
                <Attribute name="font size" value="200"/>
              </FontProperties>
            <![CDATA[..../5A, ........./.......... Amp]]>
            </Element>
          </Element>
          <Element type="Paragraph" count="1">
            <CommonProperties>
              <Attribute name="horizontal align" value="1"/>
            </CommonProperties>
            <Element type="TextPart">
              <FontProperties>
                <Attribute name="font name" value="Arial"/>
                <Attribute name="font size" value="200"/>
              </FontProperties>
            <![CDATA[.........................................]]>
            </Element>
          </Element>
          <Element type="Paragraph" count="1">
            <CommonProperties>
              <Attribute name="horizontal align" value="1"/>
            </CommonProperties>
            <Element type="TextPart">
              <FontProperties>
                <Attribute name="font name" value="Arial"/>
                <Attribute name="font size" value="200"/>
              </FontProperties>
            <![CDATA[........ x ............. Amp]]>
            </Element>
          </Element>
          <Element type="Paragraph" count="1">
            <CommonProperties>
              <Attribute name="horizontal align" value="1"/>
            </CommonProperties>
            <Element type="TextPart">
              <FontProperties>
                <Attribute name="font name" value="Arial"/>
                <Attribute name="font size" value="200"/>
              </FontProperties>
            <![CDATA[]]>
            </Element>
          </Element>
          <Element type="Paragraph" count="1">
            <CommonProperties>
              <Attribute name="horizontal align" value="1"/>
            </CommonProperties>
            <Element type="TextPart">
              <FontProperties>
                <Attribute name="font name" value="Arial"/>
                <Attribute name="font size" value="200"/>
              </FontProperties>
            <![CDATA[.........................................]]>
            </Element>
          </Element>
          <Element type="Paragraph" count="1">
            <CommonProperties>
              <Attribute name="horizontal align" value="1"/>
            </CommonProperties>
            <Element type="TextPart">
              <FontProperties>
                <Attribute name="font name" value="Arial"/>
                <Attribute name="font size" value="200"/>
              </FontProperties>
            <![CDATA[.........................................]]>
            </Element>
          </Element>
          <Element type="Paragraph" count="1">
            <CommonProperties>
              <Attribute name="horizontal align" value="1"/>
            </CommonProperties>
            <Element type="TextPart">
              <FontProperties>
                <Attribute name="font name" value="Arial"/>
                <Attribute name="font size" value="200"/>
              </FontProperties>
            <![CDATA[.........................................]]>
            </Element>
          </Element>
          <Element type="Paragraph" count="1">
            <CommonProperties>
              <Attribute name="horizontal align" value="1"/>
            </CommonProperties>
            <Element type="TextPart">
              <FontProperties>
                <Attribute name="font name" value="Arial"/>
                <Attribute name="font size" value="200"/>
              </FontProperties>
            <![CDATA[.........................................]]>
            </Element>
          </Element>
          <Element type="Paragraph" count="1">
            <CommonProperties>
              <Attribute name="horizontal align" value="1"/>
            </CommonProperties>
            <Element type="TextPart">
              <FontProperties>
                <Attribute name="font name" value="Arial"/>
                <Attribute name="font size" value="200"/>
              </FontProperties>
            <![CDATA[..../5A, ........./.......... Amp]]>
            </Element>
          </Element>
          <Element type="Paragraph" count="1">
            <CommonProperties>
              <Attribute name="horizontal align" value="1"/>
            </CommonProperties>
            <Element type="TextPart">
              <FontProperties>
                <Attribute name="font name" value="Arial"/>
                <Attribute name="font size" value="200"/>
              </FontProperties>
            <![CDATA[.........................................]]>
            </Element>
          </Element>
          <Element type="Paragraph" count="1">
            <CommonProperties>
              <Attribute name="horizontal align" value="1"/>
            </CommonProperties>
            <Element type="TextPart">
              <FontProperties>
                <Attribute name="font name" value="Arial"/>
                <Attribute name="font size" value="200"/>
              </FontProperties>
            <![CDATA[]]>
            </Element>
          </Element>
          <Element type="Paragraph" count="1">
            <CommonProperties>
              <Attribute name="horizontal align" value="1"/>
            </CommonProperties>
            <Element type="TextPart">
              <FontProperties>
                <Attribute name="font name" value="Arial"/>
                <Attribute name="font size" value="200"/>
              </FontProperties>
            <![CDATA[.........................................]]>
            </Element>
          </Element>
          <Element type="Paragraph" count="1">
            <CommonProperties>
              <Attribute name="horizontal align" value="1"/>
            </CommonProperties>
            <Element type="TextPart">
              <FontProperties>
                <Attribute name="font name" value="Arial"/>
                <Attribute name="font size" value="200"/>
              </FontProperties>
            <![CDATA[.........................................]]>
            </Element>
          </Element>
          <Element type="Paragraph" count="1">
            <CommonProperties>
              <Attribute name="horizontal align" value="1"/>
            </CommonProperties>
            <Element type="TextPart">
              <FontProperties>
                <Attribute name="font name" value="Arial"/>
                <Attribute name="font size" value="200"/>
              </FontProperties>
            <![CDATA[.........................................]]>
            </Element>
          </Element>
          <Element type="Paragraph" count="1">
            <CommonProperties>
              <Attribute name="horizontal align" value="1"/>
            </CommonProperties>
            <Element type="TextPart">
              <FontProperties>
                <Attribute name="font name" value="Arial"/>
                <Attribute name="font size" value="200"/>
              </FontProperties>
            <![CDATA[................................ Volt]]>
            </Element>
          </Element>
          <Element type="Paragraph" count="1">
            <CommonProperties>
              <Attribute name="horizontal align" value="1"/>
            </CommonProperties>
            <Element type="TextPart">
              <FontProperties>
                <Attribute name="font name" value="Arial"/>
                <Attribute name="font size" value="200"/>
              </FontProperties>
            <![CDATA[.........................................]]>
            </Element>
          </Element>
          <Element type="Paragraph" count="1">
            <CommonProperties>
              <Attribute name="horizontal align" value="1"/>
            </CommonProperties>
            <Element type="TextPart">
              <FontProperties>
                <Attribute name="font name" value="Arial"/>
                <Attribute name="font size" value="200"/>
              </FontProperties>
            <![CDATA[Kapasitas..................kVA]]>
            </Element>
          </Element>
        </Element>
        <Element type="Text" count="28" x_position="8280" y_position="6840" width="2520" height="6480">
          <CommonProperties>
            <Attribute name="keep together" value="true"/>
            <Attribute name="close border on page break" value="false"/>
          </CommonProperties>
          <Element type="Paragraph" count="1">
            <CommonProperties>
              <Attribute name="horizontal align" value="1"/>
            </CommonProperties>
            <Element type="TextPart">
              <FontProperties>
                <Attribute name="font name" value="Arial"/>
                <Attribute name="font size" value="200"/>
              </FontProperties>
            <![CDATA[.........................................]]>
            </Element>
          </Element>
          <Element type="Paragraph" count="1">
            <CommonProperties>
              <Attribute name="horizontal align" value="1"/>
            </CommonProperties>
            <Element type="TextPart">
              <FontProperties>
                <Attribute name="font name" value="Arial"/>
                <Attribute name="font size" value="200"/>
              </FontProperties>
            <![CDATA[]]>
            </Element>
          </Element>
          <Element type="Paragraph" count="1">
            <CommonProperties>
              <Attribute name="horizontal align" value="1"/>
            </CommonProperties>
            <Element type="TextPart">
              <FontProperties>
                <Attribute name="font name" value="Arial"/>
                <Attribute name="font size" value="200"/>
              </FontProperties>
            <![CDATA[.........................................]]>
            </Element>
          </Element>
          <Element type="Paragraph" count="1">
            <CommonProperties>
              <Attribute name="horizontal align" value="1"/>
            </CommonProperties>
            <Element type="TextPart">
              <FontProperties>
                <Attribute name="font name" value="Arial"/>
                <Attribute name="font size" value="200"/>
              </FontProperties>
            <![CDATA[..................../....................]]>
            </Element>
          </Element>
          <Element type="Paragraph" count="1">
            <CommonProperties>
              <Attribute name="horizontal align" value="1"/>
            </CommonProperties>
            <Element type="TextPart">
              <FontProperties>
                <Attribute name="font name" value="Arial"/>
                <Attribute name="font size" value="200"/>
              </FontProperties>
            <![CDATA[........ x ............. Amp]]>
            </Element>
          </Element>
          <Element type="Paragraph" count="1">
            <CommonProperties>
              <Attribute name="horizontal align" value="1"/>
            </CommonProperties>
            <Element type="TextPart">
              <FontProperties>
                <Attribute name="font name" value="Arial"/>
                <Attribute name="font size" value="200"/>
              </FontProperties>
            <![CDATA[]]>
            </Element>
          </Element>
          <Element type="Paragraph" count="1">
            <CommonProperties>
              <Attribute name="horizontal align" value="1"/>
            </CommonProperties>
            <Element type="TextPart">
              <FontProperties>
                <Attribute name="font name" value="Arial"/>
                <Attribute name="font size" value="200"/>
              </FontProperties>
            <![CDATA[.........................................]]>
            </Element>
          </Element>
          <Element type="Paragraph" count="1">
            <CommonProperties>
              <Attribute name="horizontal align" value="1"/>
            </CommonProperties>
            <Element type="TextPart">
              <FontProperties>
                <Attribute name="font name" value="Arial"/>
                <Attribute name="font size" value="200"/>
              </FontProperties>
            <![CDATA[.........................................]]>
            </Element>
          </Element>
          <Element type="Paragraph" count="1">
            <CommonProperties>
              <Attribute name="horizontal align" value="1"/>
            </CommonProperties>
            <Element type="TextPart">
              <FontProperties>
                <Attribute name="font name" value="Arial"/>
                <Attribute name="font size" value="200"/>
              </FontProperties>
            <![CDATA[.........................................]]>
            </Element>
          </Element>
          <Element type="Paragraph" count="1">
            <CommonProperties>
              <Attribute name="horizontal align" value="1"/>
            </CommonProperties>
            <Element type="TextPart">
              <FontProperties>
                <Attribute name="font name" value="Arial"/>
                <Attribute name="font size" value="200"/>
              </FontProperties>
            <![CDATA[.........................................]]>
            </Element>
          </Element>
          <Element type="Paragraph" count="1">
            <CommonProperties>
              <Attribute name="horizontal align" value="1"/>
            </CommonProperties>
            <Element type="TextPart">
              <FontProperties>
                <Attribute name="font name" value="Arial"/>
                <Attribute name="font size" value="200"/>
              </FontProperties>
            <![CDATA[.........................................]]>
            </Element>
          </Element>
          <Element type="Paragraph" count="1">
            <CommonProperties>
              <Attribute name="horizontal align" value="1"/>
            </CommonProperties>
            <Element type="TextPart">
              <FontProperties>
                <Attribute name="font name" value="Arial"/>
                <Attribute name="font size" value="200"/>
              </FontProperties>
            <![CDATA[..../5A, ........./.......... Amp]]>
            </Element>
          </Element>
          <Element type="Paragraph" count="1">
            <CommonProperties>
              <Attribute name="horizontal align" value="1"/>
            </CommonProperties>
            <Element type="TextPart">
              <FontProperties>
                <Attribute name="font name" value="Arial"/>
                <Attribute name="font size" value="200"/>
              </FontProperties>
            <![CDATA[.........................................]]>
            </Element>
          </Element>
          <Element type="Paragraph" count="1">
            <CommonProperties>
              <Attribute name="horizontal align" value="1"/>
            </CommonProperties>
            <Element type="TextPart">
              <FontProperties>
                <Attribute name="font name" value="Arial"/>
                <Attribute name="font size" value="200"/>
              </FontProperties>
            <![CDATA[........ x ............. Amp]]>
            </Element>
          </Element>
          <Element type="Paragraph" count="1">
            <CommonProperties>
              <Attribute name="horizontal align" value="1"/>
            </CommonProperties>
            <Element type="TextPart">
              <FontProperties>
                <Attribute name="font name" value="Arial"/>
                <Attribute name="font size" value="200"/>
              </FontProperties>
            <![CDATA[]]>
            </Element>
          </Element>
          <Element type="Paragraph" count="1">
            <CommonProperties>
              <Attribute name="horizontal align" value="1"/>
            </CommonProperties>
            <Element type="TextPart">
              <FontProperties>
                <Attribute name="font name" value="Arial"/>
                <Attribute name="font size" value="200"/>
              </FontProperties>
            <![CDATA[.........................................]]>
            </Element>
          </Element>
          <Element type="Paragraph" count="1">
            <CommonProperties>
              <Attribute name="horizontal align" value="1"/>
            </CommonProperties>
            <Element type="TextPart">
              <FontProperties>
                <Attribute name="font name" value="Arial"/>
                <Attribute name="font size" value="200"/>
              </FontProperties>
            <![CDATA[.........................................]]>
            </Element>
          </Element>
          <Element type="Paragraph" count="1">
            <CommonProperties>
              <Attribute name="horizontal align" value="1"/>
            </CommonProperties>
            <Element type="TextPart">
              <FontProperties>
                <Attribute name="font name" value="Arial"/>
                <Attribute name="font size" value="200"/>
              </FontProperties>
            <![CDATA[.........................................]]>
            </Element>
          </Element>
          <Element type="Paragraph" count="1">
            <CommonProperties>
              <Attribute name="horizontal align" value="1"/>
            </CommonProperties>
            <Element type="TextPart">
              <FontProperties>
                <Attribute name="font name" value="Arial"/>
                <Attribute name="font size" value="200"/>
              </FontProperties>
            <![CDATA[.........................................]]>
            </Element>
          </Element>
          <Element type="Paragraph" count="1">
            <CommonProperties>
              <Attribute name="horizontal align" value="1"/>
            </CommonProperties>
            <Element type="TextPart">
              <FontProperties>
                <Attribute name="font name" value="Arial"/>
                <Attribute name="font size" value="200"/>
              </FontProperties>
            <![CDATA[..../5A, ........./.......... Amp]]>
            </Element>
          </Element>
          <Element type="Paragraph" count="1">
            <CommonProperties>
              <Attribute name="horizontal align" value="1"/>
            </CommonProperties>
            <Element type="TextPart">
              <FontProperties>
                <Attribute name="font name" value="Arial"/>
                <Attribute name="font size" value="200"/>
              </FontProperties>
            <![CDATA[.........................................]]>
            </Element>
          </Element>
          <Element type="Paragraph" count="1">
            <CommonProperties>
              <Attribute name="horizontal align" value="1"/>
            </CommonProperties>
            <Element type="TextPart">
              <FontProperties>
                <Attribute name="font name" value="Arial"/>
                <Attribute name="font size" value="200"/>
              </FontProperties>
            <![CDATA[]]>
            </Element>
          </Element>
          <Element type="Paragraph" count="1">
            <CommonProperties>
              <Attribute name="horizontal align" value="1"/>
            </CommonProperties>
            <Element type="TextPart">
              <FontProperties>
                <Attribute name="font name" value="Arial"/>
                <Attribute name="font size" value="200"/>
              </FontProperties>
            <![CDATA[.........................................]]>
            </Element>
          </Element>
          <Element type="Paragraph" count="1">
            <CommonProperties>
              <Attribute name="horizontal align" value="1"/>
            </CommonProperties>
            <Element type="TextPart">
              <FontProperties>
                <Attribute name="font name" value="Arial"/>
                <Attribute name="font size" value="200"/>
              </FontProperties>
            <![CDATA[.........................................]]>
            </Element>
          </Element>
          <Element type="Paragraph" count="1">
            <CommonProperties>
              <Attribute name="horizontal align" value="1"/>
            </CommonProperties>
            <Element type="TextPart">
              <FontProperties>
                <Attribute name="font name" value="Arial"/>
                <Attribute name="font size" value="200"/>
              </FontProperties>
            <![CDATA[.........................................]]>
            </Element>
          </Element>
          <Element type="Paragraph" count="1">
            <CommonProperties>
              <Attribute name="horizontal align" value="1"/>
            </CommonProperties>
            <Element type="TextPart">
              <FontProperties>
                <Attribute name="font name" value="Arial"/>
                <Attribute name="font size" value="200"/>
              </FontProperties>
            <![CDATA[................................ Volt]]>
            </Element>
          </Element>
          <Element type="Paragraph" count="1">
            <CommonProperties>
              <Attribute name="horizontal align" value="1"/>
            </CommonProperties>
            <Element type="TextPart">
              <FontProperties>
                <Attribute name="font name" value="Arial"/>
                <Attribute name="font size" value="200"/>
              </FontProperties>
            <![CDATA[.........................................]]>
            </Element>
          </Element>
          <Element type="Paragraph" count="1">
            <CommonProperties>
              <Attribute name="horizontal align" value="1"/>
            </CommonProperties>
            <Element type="TextPart">
              <FontProperties>
                <Attribute name="font name" value="Arial"/>
                <Attribute name="font size" value="200"/>
              </FontProperties>
            <![CDATA[Kapasitas..................kVA]]>
            </Element>
          </Element>
        </Element>
        <Element type="Text" count="1" x_position="3000" y_position="6360" width="840" height="240">
          <CommonProperties>
            <Attribute name="keep together" value="true"/>
            <Attribute name="close border on page break" value="false"/>
          </CommonProperties>
          <Element type="Paragraph" count="1">
            <CommonProperties>
              <Attribute name="horizontal align" value="1"/>
            </CommonProperties>
            <Element type="TextPart">
              <FontProperties>
                <Attribute name="font name" value="Arial"/>
                <Attribute name="font size" value="200"/>
                <Attribute name="font style" value="1"/>
              </FontProperties>
            <![CDATA[URAIAN]]>
            </Element>
          </Element>
        </Element>
        <Element type="Text" count="1" x_position="6000" y_position="6360" width="1080" height="240">
          <CommonProperties>
            <Attribute name="keep together" value="true"/>
            <Attribute name="close border on page break" value="false"/>
          </CommonProperties>
          <Element type="Paragraph" count="1">
            <CommonProperties>
              <Attribute name="horizontal align" value="1"/>
            </CommonProperties>
            <Element type="TextPart">
              <FontProperties>
                <Attribute name="font name" value="Arial"/>
                <Attribute name="font size" value="200"/>
                <Attribute name="font style" value="1"/>
              </FontProperties>
            <![CDATA[DIPASANG]]>
            </Element>
          </Element>
        </Element>
        <Element type="Text" count="1" x_position="8880" y_position="6360" width="1320" height="240">
          <CommonProperties>
            <Attribute name="keep together" value="true"/>
            <Attribute name="close border on page break" value="false"/>
          </CommonProperties>
          <Element type="Paragraph" count="1">
            <CommonProperties>
              <Attribute name="horizontal align" value="1"/>
            </CommonProperties>
            <Element type="TextPart">
              <FontProperties>
                <Attribute name="font name" value="Arial"/>
                <Attribute name="font size" value="200"/>
                <Attribute name="font style" value="1"/>
              </FontProperties>
            <![CDATA[DIBONGKAR]]>
            </Element>
          </Element>
        </Element>
        <Element type="Text" count="2" x_position="240" y_position="960" width="6960" height="240">
          <CommonProperties>
            <Attribute name="keep together" value="true"/>
            <Attribute name="close border on page break" value="false"/>
          </CommonProperties>
          <Element type="Paragraph" count="2">
            <CommonProperties>
              <Attribute name="horizontal align" value="1"/>
            </CommonProperties>
            <Element type="TextPart">
              <FontProperties>
                <Attribute name="font name" value="Verdana"/>
                <Attribute name="font size" value="160"/>
              </FontProperties>
            <![CDATA[Alamat ]]>
            </Element>
            <Element type="FieldPart">
              <FontProperties>
                <Attribute name="font name" value="Verdana"/>
                <Attribute name="font size" value="160"/>
              </FontProperties>
              <Reference name="field" type="PromptVarField" refname="?alamat"/>
            </Element>
          </Element>
          <Element type="Paragraph" count="1">
            <CommonProperties>
              <Attribute name="horizontal align" value="1"/>
            </CommonProperties>
            <Element type="TextPart">
              <FontProperties>
                <Attribute name="font name" value="Verdana"/>
                <Attribute name="font size" value="160"/>
              </FontProperties>
            <![CDATA[]]>
            </Element>
          </Element>
        </Element>
        <Element type="Text" count="1" x_position="5280" y_position="5880" width="2880" height="240">
          <CommonProperties>
            <Attribute name="keep together" value="true"/>
            <Attribute name="close border on page break" value="false"/>
          </CommonProperties>
          <Element type="Paragraph" count="1">
            <CommonProperties>
              <Attribute name="horizontal align" value="1"/>
            </CommonProperties>
            <Element type="TextPart">
              <FontProperties>
                <Attribute name="font name" value="Arial"/>
                <Attribute name="font size" value="220"/>
                <Attribute name="font style" value="1"/>
              </FontProperties>
            <![CDATA[P E L A K S A N A A N]]>
            </Element>
          </Element>
        </Element>
        <Element type="Text" count="29" x_position="2040" y_position="6840" width="2640" height="6600">
          <CommonProperties>
            <Attribute name="keep together" value="true"/>
            <Attribute name="close border on page break" value="false"/>
          </CommonProperties>
          <Element type="Paragraph" count="1">
            <CommonProperties>
              <Attribute name="horizontal align" value="1"/>
            </CommonProperties>
            <Element type="TextPart">
              <FontProperties>
                <Attribute name="font name" value="Arial"/>
                <Attribute name="font size" value="200"/>
              </FontProperties>
            <![CDATA[1.  Letak APP]]>
            </Element>
          </Element>
          <Element type="Paragraph" count="1">
            <CommonProperties>
              <Attribute name="horizontal align" value="1"/>
            </CommonProperties>
            <Element type="TextPart">
              <FontProperties>
                <Attribute name="font name" value="Arial"/>
                <Attribute name="font size" value="200"/>
              </FontProperties>
            <![CDATA[2.  Alat Pembatas :]]>
            </Element>
          </Element>
          <Element type="Paragraph" count="1">
            <CommonProperties>
              <Attribute name="horizontal align" value="1"/>
            </CommonProperties>
            <Element type="TextPart">
              <FontProperties>
                <Attribute name="font name" value="Arial"/>
                <Attribute name="font size" value="200"/>
              </FontProperties>
            <![CDATA[	a. Tanggal]]>
            </Element>
          </Element>
          <Element type="Paragraph" count="1">
            <CommonProperties>
              <Attribute name="horizontal align" value="1"/>
            </CommonProperties>
            <Element type="TextPart">
              <FontProperties>
                <Attribute name="font name" value="Arial"/>
                <Attribute name="font size" value="200"/>
              </FontProperties>
            <![CDATA[	b. Merk/Type]]>
            </Element>
          </Element>
          <Element type="Paragraph" count="1">
            <CommonProperties>
              <Attribute name="horizontal align" value="1"/>
            </CommonProperties>
            <Element type="TextPart">
              <FontProperties>
                <Attribute name="font name" value="Arial"/>
                <Attribute name="font size" value="200"/>
              </FontProperties>
            <![CDATA[	c. Ukuran/Setting]]>
            </Element>
          </Element>
          <Element type="Paragraph" count="1">
            <CommonProperties>
              <Attribute name="horizontal align" value="1"/>
            </CommonProperties>
            <Element type="TextPart">
              <FontProperties>
                <Attribute name="font name" value="Arial"/>
                <Attribute name="font size" value="200"/>
              </FontProperties>
            <![CDATA[3.  Meter kWh :]]>
            </Element>
          </Element>
          <Element type="Paragraph" count="1">
            <CommonProperties>
              <Attribute name="horizontal align" value="1"/>
            </CommonProperties>
            <Element type="TextPart">
              <FontProperties>
                <Attribute name="font name" value="Arial"/>
                <Attribute name="font size" value="200"/>
              </FontProperties>
            <![CDATA[	a. Merk/Type/Nomor]]>
            </Element>
          </Element>
          <Element type="Paragraph" count="1">
            <CommonProperties>
              <Attribute name="horizontal align" value="1"/>
            </CommonProperties>
            <Element type="TextPart">
              <FontProperties>
                <Attribute name="font name" value="Arial"/>
                <Attribute name="font size" value="200"/>
              </FontProperties>
            <![CDATA[	b. Tahun Tera/Buat]]>
            </Element>
          </Element>
          <Element type="Paragraph" count="1">
            <CommonProperties>
              <Attribute name="horizontal align" value="1"/>
            </CommonProperties>
            <Element type="TextPart">
              <FontProperties>
                <Attribute name="font name" value="Arial"/>
                <Attribute name="font size" value="200"/>
              </FontProperties>
            <![CDATA[	c. Konstanta Meter]]>
            </Element>
          </Element>
          <Element type="Paragraph" count="1">
            <CommonProperties>
              <Attribute name="horizontal align" value="1"/>
            </CommonProperties>
            <Element type="TextPart">
              <FontProperties>
                <Attribute name="font name" value="Arial"/>
                <Attribute name="font size" value="200"/>
              </FontProperties>
            <![CDATA[	d. Stand Meter LWBP]]>
            </Element>
          </Element>
          <Element type="Paragraph" count="1">
            <CommonProperties>
              <Attribute name="horizontal align" value="1"/>
            </CommonProperties>
            <Element type="TextPart">
              <FontProperties>
                <Attribute name="font name" value="Arial"/>
                <Attribute name="font size" value="200"/>
              </FontProperties>
            <![CDATA[	e. Stand Meter WBP]]>
            </Element>
          </Element>
          <Element type="Paragraph" count="1">
            <CommonProperties>
              <Attribute name="horizontal align" value="1"/>
            </CommonProperties>
            <Element type="TextPart">
              <FontProperties>
                <Attribute name="font name" value="Arial"/>
                <Attribute name="font size" value="200"/>
              </FontProperties>
            <![CDATA[	f. Trafo Arus/Tegangan]]>
            </Element>
          </Element>
          <Element type="Paragraph" count="1">
            <CommonProperties>
              <Attribute name="horizontal align" value="1"/>
            </CommonProperties>
            <Element type="TextPart">
              <FontProperties>
                <Attribute name="font name" value="Arial"/>
                <Attribute name="font size" value="200"/>
              </FontProperties>
            <![CDATA[	g. Faktor Kali]]>
            </Element>
          </Element>
          <Element type="Paragraph" count="1">
            <CommonProperties>
              <Attribute name="horizontal align" value="1"/>
            </CommonProperties>
            <Element type="TextPart">
              <FontProperties>
                <Attribute name="font name" value="Arial"/>
                <Attribute name="font size" value="200"/>
              </FontProperties>
            <![CDATA[	h. Ukuran/Setting]]>
            </Element>
          </Element>
          <Element type="Paragraph" count="1">
            <CommonProperties>
              <Attribute name="horizontal align" value="1"/>
            </CommonProperties>
            <Element type="TextPart">
              <FontProperties>
                <Attribute name="font name" value="Arial"/>
                <Attribute name="font size" value="200"/>
              </FontProperties>
            <![CDATA[4.  Meter kVArh :]]>
            </Element>
          </Element>
          <Element type="Paragraph" count="1">
            <CommonProperties>
              <Attribute name="horizontal align" value="1"/>
            </CommonProperties>
            <Element type="TextPart">
              <FontProperties>
                <Attribute name="font name" value="Arial"/>
                <Attribute name="font size" value="200"/>
              </FontProperties>
            <![CDATA[	a. Merk/Type/nomor]]>
            </Element>
          </Element>
          <Element type="Paragraph" count="1">
            <CommonProperties>
              <Attribute name="horizontal align" value="1"/>
            </CommonProperties>
            <Element type="TextPart">
              <FontProperties>
                <Attribute name="font name" value="Arial"/>
                <Attribute name="font size" value="200"/>
              </FontProperties>
            <![CDATA[	b. Tahun Tera/Buat]]>
            </Element>
          </Element>
          <Element type="Paragraph" count="1">
            <CommonProperties>
              <Attribute name="horizontal align" value="1"/>
            </CommonProperties>
            <Element type="TextPart">
              <FontProperties>
                <Attribute name="font name" value="Arial"/>
                <Attribute name="font size" value="200"/>
              </FontProperties>
            <![CDATA[	c. Kontanta Meter]]>
            </Element>
          </Element>
          <Element type="Paragraph" count="1">
            <CommonProperties>
              <Attribute name="horizontal align" value="1"/>
            </CommonProperties>
            <Element type="TextPart">
              <FontProperties>
                <Attribute name="font name" value="Arial"/>
                <Attribute name="font size" value="200"/>
              </FontProperties>
            <![CDATA[	d. Stand Meter]]>
            </Element>
          </Element>
          <Element type="Paragraph" count="1">
            <CommonProperties>
              <Attribute name="horizontal align" value="1"/>
            </CommonProperties>
            <Element type="TextPart">
              <FontProperties>
                <Attribute name="font name" value="Arial"/>
                <Attribute name="font size" value="200"/>
              </FontProperties>
            <![CDATA[	e. Trafo Arus/Tegangan]]>
            </Element>
          </Element>
          <Element type="Paragraph" count="1">
            <CommonProperties>
              <Attribute name="horizontal align" value="1"/>
            </CommonProperties>
            <Element type="TextPart">
              <FontProperties>
                <Attribute name="font name" value="Arial"/>
                <Attribute name="font size" value="200"/>
              </FontProperties>
            <![CDATA[	f. Faktor Kali]]>
            </Element>
          </Element>
          <Element type="Paragraph" count="1">
            <CommonProperties>
              <Attribute name="horizontal align" value="1"/>
            </CommonProperties>
            <Element type="TextPart">
              <FontProperties>
                <Attribute name="font name" value="Arial"/>
                <Attribute name="font size" value="200"/>
              </FontProperties>
            <![CDATA[5.  Sakelar Waktu :]]>
            </Element>
          </Element>
          <Element type="Paragraph" count="1">
            <CommonProperties>
              <Attribute name="horizontal align" value="1"/>
            </CommonProperties>
            <Element type="TextPart">
              <FontProperties>
                <Attribute name="font name" value="Arial"/>
                <Attribute name="font size" value="200"/>
              </FontProperties>
            <![CDATA[	a. Merk/Type/Nomor]]>
            </Element>
          </Element>
          <Element type="Paragraph" count="1">
            <CommonProperties>
              <Attribute name="horizontal align" value="1"/>
            </CommonProperties>
            <Element type="TextPart">
              <FontProperties>
                <Attribute name="font name" value="Arial"/>
                <Attribute name="font size" value="200"/>
              </FontProperties>
            <![CDATA[6.  Nomor Gardu/Tiang]]>
            </Element>
          </Element>
          <Element type="Paragraph" count="1">
            <CommonProperties>
              <Attribute name="horizontal align" value="1"/>
            </CommonProperties>
            <Element type="TextPart">
              <FontProperties>
                <Attribute name="font name" value="Arial"/>
                <Attribute name="font size" value="200"/>
              </FontProperties>
            <![CDATA[7.  Fasa]]>
            </Element>
          </Element>
          <Element type="Paragraph" count="1">
            <CommonProperties>
              <Attribute name="horizontal align" value="1"/>
            </CommonProperties>
            <Element type="TextPart">
              <FontProperties>
                <Attribute name="font name" value="Arial"/>
                <Attribute name="font size" value="200"/>
              </FontProperties>
            <![CDATA[8.  Tegangan Nominal]]>
            </Element>
          </Element>
          <Element type="Paragraph" count="1">
            <CommonProperties>
              <Attribute name="horizontal align" value="1"/>
            </CommonProperties>
            <Element type="TextPart">
              <FontProperties>
                <Attribute name="font name" value="Arial"/>
                <Attribute name="font size" value="200"/>
              </FontProperties>
            <![CDATA[9.  Pengukuran]]>
            </Element>
          </Element>
          <Element type="Paragraph" count="1">
            <CommonProperties>
              <Attribute name="horizontal align" value="1"/>
            </CommonProperties>
            <Element type="TextPart">
              <FontProperties>
                <Attribute name="font name" value="Arial"/>
                <Attribute name="font size" value="200"/>
              </FontProperties>
            <![CDATA[10.Menggunakan Trafo PLN]]>
            </Element>
          </Element>
          <Element type="Paragraph" count="1">
            <CommonProperties>
              <Attribute name="horizontal align" value="1"/>
            </CommonProperties>
            <Element type="TextPart">
              <FontProperties>
                <Attribute name="font name" value="Arial"/>
                <Attribute name="font size" value="200"/>
              </FontProperties>
            <![CDATA[]]>
            </Element>
          </Element>
        </Element>
        <Element type="Text" count="1" x_position="6600" y_position="3120" width="4440" height="216">
          <CommonProperties>
            <Attribute name="keep together" value="true"/>
            <Attribute name="close border on page break" value="false"/>
          </CommonProperties>
          <Element type="Paragraph" count="2">
            <CommonProperties>
              <Attribute name="horizontal align" value="1"/>
            </CommonProperties>
            <Element type="TextPart">
              <FontProperties>
                <Attribute name="font name" value="Verdana"/>
              </FontProperties>
            <![CDATA[No. Kontrak 	: ]]>
            </Element>
            <Element type="FieldPart">
              <FontProperties>
                <Attribute name="font name" value="Verdana"/>
              </FontProperties>
              <Reference name="field" type="PromptVarField" refname="?nokontrak"/>
            </Element>
          </Element>
        </Element>
        <Element type="Text" count="1" x_position="8040" y_position="14880" width="2760" height="240">
          <CommonProperties>
            <Attribute name="keep together" value="true"/>
            <Attribute name="close border on page break" value="false"/>
          </CommonProperties>
          <Element type="Paragraph" count="1">
            <CommonProperties>
              <Attribute name="horizontal align" value="2"/>
            </CommonProperties>
            <Element type="FieldPart">
              <FontProperties>
                <Attribute name="font name" value="Verdana"/>
                <Attribute name="font size" value="160"/>
              </FontProperties>
              <Reference name="field" type="PromptVarField" refname="?pejabat"/>
            </Element>
          </Element>
        </Element>
      </Section>
    </Area>
  </AreaPair>
</inet:Report>
