<?xml version="1.0" encoding="UTF-8" standalone="yes" ?>

<inet:Report xmlns:inet="http://www.inetsoftware.de" major_version="10" minor_version="0" major_xml_version="8" minor_xml_version="2" count="3" id="0">
    <Datasource>
      <DataSourceConfiguration name="adoplus.dll">
      </DataSourceConfiguration>
      <Tablesource alias="X" databaseIdentifier="X">
        <Column name="NOMER601" type="11" />
        <Column name="UNITUP" type="11" />
        <Column name="IDPEL" type="11" />
        <Column name="NOKONTRAK" type="11" />
        <Column name="NOKONTROL" type="11" />
        <Column name="KDGARDU" type="11" />
        <Column name="NOTIANG" type="11" />
        <Column name="NAMA" type="11" />
        <Column name="NAMAPNJ" type="11" />
        <Column name="TARIP" type="11" />
        <Column name="DAYA" type="6" />
        <Column name="KOGOL" type="11" />
        <Column name="THBLAWAL" type="11" />
        <Column name="THBLAKHIR" type="11" />
        <Column name="LEMBAR" type="6" />
        <Column name="RPTAG" type="6" />
        <Column name="RPBK" type="6" />
        <Column name="TGL_JATUH_TEMPO_601" type="15" />
        <Column name="NO_60" type="6" />
        <Column name="NO_601" type="6" />
        <Column name="NO_TUL601" type="6" />
        <Column name="TGL_TUL601" type="15" />
        <Column name="THBLREK" type="11" />
        <Column name="DIDPEL" type="11" />
        <Column name="DTHBL" type="11" />
        <Column name="DBULAN" type="11" />
        <Column name="DPRPPAL" type="6" />
        <Column name="DRPPPN" type="6" />
        <Column name="DRPPPJ" type="6" />
        <Column name="DRPTRAFO" type="6" />
        <Column name="DRPMAT" type="6" />
        <Column name="DRPBK" type="6" />
      </Tablesource>
    </Datasource>
  <Database>
    <QueryChanges mask="0" count="2">
      <Attribute name="queryChange" value="null"/>
      <Attribute name="queryChange" value="null"/>
    </QueryChanges>
  </Database>
  <FormulaFields>
  </FormulaFields>
  <PromptFields>
    <Field type="PromptVarField" valueType="11">
      <Attribute name="name" value="wilayah"/>
      <Attribute name="allow_multiple_values" value="false"/>
      <Attribute name="discrete_or_range" value="0"/>
      <Attribute name="allow editing" value="true"/>
      <Attribute name="description_only" value="false"/>
      <Attribute name="edit mask" value=""/>
      <Attribute name="prompt_text" value=""/>
      <Attribute name="use_range" value="false"/>
    </Field>
    <Field type="PromptVarField" valueType="11">
      <Attribute name="name" value="cabang"/>
      <Attribute name="allow_multiple_values" value="false"/>
      <Attribute name="discrete_or_range" value="0"/>
      <Attribute name="allow editing" value="true"/>
      <Attribute name="description_only" value="false"/>
      <Attribute name="edit mask" value=""/>
      <Attribute name="prompt_text" value=""/>
      <Attribute name="use_range" value="false"/>
    </Field>
    <Field type="PromptVarField" valueType="11">
      <Attribute name="name" value="ranting"/>
      <Attribute name="allow_multiple_values" value="false"/>
      <Attribute name="discrete_or_range" value="0"/>
      <Attribute name="allow editing" value="true"/>
      <Attribute name="description_only" value="false"/>
      <Attribute name="edit mask" value=""/>
      <Attribute name="prompt_text" value=""/>
      <Attribute name="use_range" value="false"/>
    </Field>
    <Field type="PromptVarField" valueType="11">
      <Attribute name="name" value="alamat"/>
      <Attribute name="allow_multiple_values" value="false"/>
      <Attribute name="discrete_or_range" value="0"/>
      <Attribute name="allow editing" value="true"/>
      <Attribute name="description_only" value="false"/>
      <Attribute name="edit mask" value=""/>
      <Attribute name="prompt_text" value=""/>
      <Attribute name="use_range" value="false"/>
    </Field>
    <Field type="PromptVarField" valueType="11">
      <Attribute name="name" value="pejabat"/>
      <Attribute name="allow_multiple_values" value="false"/>
      <Attribute name="discrete_or_range" value="0"/>
      <Attribute name="allow editing" value="true"/>
      <Attribute name="description_only" value="false"/>
      <Attribute name="edit mask" value=""/>
      <Attribute name="prompt_text" value=""/>
      <Attribute name="use_range" value="false"/>
    </Field>
    <Field type="PromptVarField" valueType="11">
      <Attribute name="name" value="jabatan"/>
      <Attribute name="allow_multiple_values" value="false"/>
      <Attribute name="discrete_or_range" value="0"/>
      <Attribute name="allow editing" value="true"/>
      <Attribute name="description_only" value="false"/>
      <Attribute name="edit mask" value=""/>
      <Attribute name="prompt_text" value=""/>
      <Attribute name="use_range" value="false"/>
    </Field>
  </PromptFields>
  <SQLFields>
  </SQLFields>
  <SummaryFields>
  </SummaryFields>
  <SortFields>
  </SortFields>
  <GroupNameFields count="0">
  </GroupNameFields>
  <ReportProperties>
    <Attribute name="page width" value="12240"/>
    <Attribute name="page height" value="15840"/>
    <Attribute name="page orientation" value="1"/>
    <Attribute name="page margin left" value="187"/>
    <Attribute name="page margin right" value="187"/>
    <Attribute name="page margin top" value="187"/>
    <Attribute name="page margin bottom" value="187"/>
    <Attribute name="report title" value=""/>
    <Attribute name="report author" value=""/>
    <Attribute name="report keywords" value=""/>
    <Attribute name="report subject" value=""/>
    <Attribute name="report template" value=""/>
    <Attribute name="report comments" value=""/>
    <Attribute name="report last saved" value="14 Jan 2014 01:28:52 GMT"/>
    <Attribute name="report created" value="1 Oct 2004 13:04:01 GMT"/>
    <Attribute name="mailing label type 1" value=""/>
    <Attribute name="mailing label type 2" value=""/>
    <Attribute name="format with multiple columns" value="false"/>
    <Attribute name="mailing label width" value="0"/>
    <Attribute name="mailing label height" value="0"/>
    <Attribute name="mailing label distance vertical" value="0"/>
    <Attribute name="mailing label distance horizontal" value="0"/>
    <Attribute name="across then down" value="false"/>
    <Attribute name="format groups with multiple columns" value="false"/>
    <Attribute name="distinct" value="false"/>
    <Attribute name="show suppressed nodes" value="true"/>
    <Attribute name="ignore filtering" value="false"/>
    <Attribute name="ignore sorting" value="false"/>
    <Attribute name="convert date time" value="2"/>
    <Attribute name="suppress if no rows" value="false"/>
    <Attribute name="convert null values to default" value="false"/>
    <Attribute name="hide PageFooter inside ReportHeader" value="true"/>
    <Attribute name="form print" value="false"/>
    <Attribute name="printing enabled" value="true"/>
    <Attribute name="clipboard enabled" value="true"/>
    <Attribute name="export enabled" value="true"/>
    <Attribute name="group tree visible" value="true"/>
  </ReportProperties>
  <AreaPair type="PageAreaPair" id="0">
    <Area type="PageHeader" count="1">
      <AreaProperties>
        <Attribute name="keep together" value="true"/>
        <Attribute name="hold minimal pagefooter free" value="1"/>
      </AreaProperties>
      <Section type="PageHeader" count="65" width="11866" height="10246" id="0">
        <SectionProperties>
          <Attribute name="keep together" value="true"/>
          <Attribute name="hold minimal pagefooter free" value="1"/>
        </SectionProperties>
        <Element type="Box" x2_position="960" y2_position="2880" x_position="240" y_position="1680" width="720" height="1200">
          <CommonProperties>
            <Attribute name="close border on page break" value="false"/>
          </CommonProperties>
          <BoxProperties>
              <LineProperties>
                <Attribute name="id" value="0"/>
              </LineProperties>
          </BoxProperties>
        </Element>
        <Element type="Box" x2_position="6840" y2_position="2640" x_position="6000" y_position="1680" width="840" height="960">
          <CommonProperties>
            <Attribute name="close border on page break" value="false"/>
          </CommonProperties>
          <BoxProperties>
              <LineProperties>
                <Attribute name="id" value="0"/>
              </LineProperties>
          </BoxProperties>
        </Element>
        <Element type="Box" x2_position="10800" y2_position="7200" x_position="240" y_position="5160" width="10560" height="2040">
          <CommonProperties>
            <Attribute name="close border on page break" value="false"/>
          </CommonProperties>
          <BoxProperties>
              <LineProperties>
                <Attribute name="id" value="0"/>
              </LineProperties>
          </BoxProperties>
        </Element>
        <Element type="Line" x2_position="960" y2_position="1920" x_position="240" y_position="1920" width="720" height="0">
          <LineProperties>
            <Attribute name="id" value="0"/>
          </LineProperties>
        </Element>
        <Element type="Line" x2_position="960" y2_position="2160" x_position="240" y_position="2160" width="720" height="0">
          <LineProperties>
            <Attribute name="id" value="0"/>
          </LineProperties>
        </Element>
        <Element type="Line" x2_position="960" y2_position="2400" x_position="240" y_position="2400" width="720" height="0">
          <LineProperties>
            <Attribute name="id" value="0"/>
          </LineProperties>
        </Element>
        <Element type="Line" x2_position="960" y2_position="2640" x_position="255" y_position="2640" width="705" height="0">
          <LineProperties>
            <Attribute name="id" value="0"/>
          </LineProperties>
        </Element>
        <Element type="Line" x2_position="6825" y2_position="1920" x_position="6000" y_position="1920" width="825" height="0">
          <LineProperties>
            <Attribute name="id" value="0"/>
          </LineProperties>
        </Element>
        <Element type="Line" x2_position="6825" y2_position="2160" x_position="6000" y_position="2160" width="825" height="0">
          <LineProperties>
            <Attribute name="id" value="0"/>
          </LineProperties>
        </Element>
        <Element type="Line" x2_position="6825" y2_position="2400" x_position="6000" y_position="2400" width="825" height="0">
          <LineProperties>
            <Attribute name="id" value="0"/>
          </LineProperties>
        </Element>
        <Element type="Line" x2_position="10800" y2_position="5580" x_position="270" y_position="5580" width="10530" height="0">
          <LineProperties>
            <Attribute name="id" value="0"/>
          </LineProperties>
        </Element>
        <Element type="Line" x2_position="10800" y2_position="5910" x_position="240" y_position="5910" width="10560" height="0">
          <LineProperties>
            <Attribute name="id" value="0"/>
          </LineProperties>
        </Element>
        <Element type="Line" x2_position="10770" y2_position="6240" x_position="240" y_position="6240" width="10530" height="0">
          <LineProperties>
            <Attribute name="id" value="0"/>
          </LineProperties>
        </Element>
        <Element type="Line" x2_position="10800" y2_position="6555" x_position="240" y_position="6555" width="10560" height="0">
          <LineProperties>
            <Attribute name="id" value="0"/>
          </LineProperties>
        </Element>
        <Element type="Line" x2_position="10770" y2_position="6840" x_position="240" y_position="6840" width="10530" height="0">
          <LineProperties>
            <Attribute name="id" value="0"/>
          </LineProperties>
        </Element>
        <Element type="Line" x2_position="870" y2_position="7200" x_position="870" y_position="5175" width="0" height="2025">
          <LineProperties>
            <Attribute name="id" value="0"/>
          </LineProperties>
        </Element>
        <Element type="Line" x2_position="3045" y2_position="7200" x_position="3045" y_position="5160" width="0" height="2040">
          <LineProperties>
            <Attribute name="id" value="0"/>
          </LineProperties>
        </Element>
        <Element type="Line" x2_position="4815" y2_position="7200" x_position="4815" y_position="5160" width="0" height="2040">
          <LineProperties>
            <Attribute name="id" value="0"/>
          </LineProperties>
        </Element>
        <Element type="Line" x2_position="6390" y2_position="7200" x_position="6390" y_position="5175" width="0" height="2025">
          <LineProperties>
            <Attribute name="id" value="0"/>
          </LineProperties>
        </Element>
        <Element type="Text" count="1" x_position="240" y_position="120" width="2040" height="226">
          <CommonProperties>
            <Attribute name="keep together" value="true"/>
            <Attribute name="close border on page break" value="false"/>
          </CommonProperties>
          <Element type="Paragraph" count="1">
            <CommonProperties>
              <Attribute name="horizontal align" value="1"/>
            </CommonProperties>
            <Element type="TextPart">
              <FontProperties>
                <Attribute name="font name" value="Verdana"/>
                <Attribute name="font size" value="160"/>
              </FontProperties>
            <![CDATA[Diperintahkan kepada :]]>
            </Element>
          </Element>
        </Element>
        <Element type="Text" count="1" x_position="4560" y_position="120" width="2280" height="226">
          <CommonProperties>
            <Attribute name="keep together" value="true"/>
            <Attribute name="close border on page break" value="false"/>
          </CommonProperties>
          <Element type="Paragraph" count="1">
            <CommonProperties>
              <Attribute name="horizontal align" value="1"/>
            </CommonProperties>
            <Element type="TextPart">
              <FontProperties>
                <Attribute name="font name" value="Verdana"/>
                <Attribute name="font size" value="160"/>
              </FontProperties>
            <![CDATA[1.  .............................]]>
            </Element>
          </Element>
        </Element>
        <Element type="Text" count="1" x_position="4560" y_position="360" width="2280" height="226">
          <CommonProperties>
            <Attribute name="keep together" value="true"/>
            <Attribute name="close border on page break" value="false"/>
          </CommonProperties>
          <Element type="Paragraph" count="1">
            <CommonProperties>
              <Attribute name="horizontal align" value="1"/>
            </CommonProperties>
            <Element type="TextPart">
              <FontProperties>
                <Attribute name="font name" value="Verdana"/>
                <Attribute name="font size" value="160"/>
              </FontProperties>
            <![CDATA[2.  ............................]]>
            </Element>
          </Element>
        </Element>
        <Element type="Text" count="1" x_position="4560" y_position="600" width="2280" height="226">
          <CommonProperties>
            <Attribute name="keep together" value="true"/>
            <Attribute name="close border on page break" value="false"/>
          </CommonProperties>
          <Element type="Paragraph" count="1">
            <CommonProperties>
              <Attribute name="horizontal align" value="1"/>
            </CommonProperties>
            <Element type="TextPart">
              <FontProperties>
                <Attribute name="font name" value="Verdana"/>
                <Attribute name="font size" value="160"/>
              </FontProperties>
            <![CDATA[3   ...........................]]>
            </Element>
          </Element>
        </Element>
        <Element type="Text" count="1" x_position="240" y_position="1200" width="5520" height="226">
          <CommonProperties>
            <Attribute name="keep together" value="true"/>
            <Attribute name="close border on page break" value="false"/>
          </CommonProperties>
          <Element type="Paragraph" count="1">
            <CommonProperties>
              <Attribute name="horizontal align" value="1"/>
            </CommonProperties>
            <Element type="TextPart">
              <FontProperties>
                <Attribute name="font name" value="Verdana"/>
                <Attribute name="font size" value="160"/>
              </FontProperties>
            <![CDATA[Untuk Melaksanakan Pemasangan/penyambungan/Pembongkaran :]]>
            </Element>
          </Element>
        </Element>
        <Element type="Text" count="1" x_position="1080" y_position="1680" width="2640" height="226">
          <CommonProperties>
            <Attribute name="keep together" value="true"/>
            <Attribute name="close border on page break" value="false"/>
          </CommonProperties>
          <Element type="Paragraph" count="1">
            <CommonProperties>
              <Attribute name="horizontal align" value="1"/>
            </CommonProperties>
            <Element type="TextPart">
              <FontProperties>
                <Attribute name="font name" value="Verdana"/>
                <Attribute name="font size" value="160"/>
              </FontProperties>
            <![CDATA[Penyambungan baru (Mutasi A)]]>
            </Element>
          </Element>
        </Element>
        <Element type="Text" count="1" x_position="1080" y_position="1920" width="3000" height="226">
          <CommonProperties>
            <Attribute name="keep together" value="true"/>
            <Attribute name="close border on page break" value="false"/>
          </CommonProperties>
          <Element type="Paragraph" count="1">
            <CommonProperties>
              <Attribute name="horizontal align" value="1"/>
            </CommonProperties>
            <Element type="TextPart">
              <FontProperties>
                <Attribute name="font name" value="Verdana"/>
                <Attribute name="font size" value="160"/>
              </FontProperties>
            <![CDATA[Perubahan Golongan Tarif (Mutasi B)]]>
            </Element>
          </Element>
        </Element>
        <Element type="Text" count="1" x_position="1080" y_position="2160" width="3000" height="226">
          <CommonProperties>
            <Attribute name="keep together" value="true"/>
            <Attribute name="close border on page break" value="false"/>
          </CommonProperties>
          <Element type="Paragraph" count="1">
            <CommonProperties>
              <Attribute name="horizontal align" value="1"/>
            </CommonProperties>
            <Element type="TextPart">
              <FontProperties>
                <Attribute name="font name" value="Verdana"/>
                <Attribute name="font size" value="160"/>
              </FontProperties>
            <![CDATA[Perubahan Daya (Mutasi E)]]>
            </Element>
          </Element>
        </Element>
        <Element type="Text" count="1" x_position="1080" y_position="2400" width="1659" height="226">
          <CommonProperties>
            <Attribute name="keep together" value="true"/>
            <Attribute name="close border on page break" value="false"/>
          </CommonProperties>
          <Element type="Paragraph" count="1">
            <CommonProperties>
              <Attribute name="horizontal align" value="1"/>
            </CommonProperties>
            <Element type="TextPart">
              <FontProperties>
                <Attribute name="font name" value="Verdana"/>
                <Attribute name="font size" value="160"/>
              </FontProperties>
            <![CDATA[APP (Mutasi J)]]>
            </Element>
          </Element>
        </Element>
        <Element type="Text" count="1" x_position="1080" y_position="2640" width="4560" height="226">
          <CommonProperties>
            <Attribute name="keep together" value="true"/>
            <Attribute name="close border on page break" value="false"/>
          </CommonProperties>
          <Element type="Paragraph" count="1">
            <CommonProperties>
              <Attribute name="horizontal align" value="1"/>
            </CommonProperties>
            <Element type="TextPart">
              <FontProperties>
                <Attribute name="font name" value="Verdana"/>
                <Attribute name="font size" value="160"/>
              </FontProperties>
            <![CDATA[Trafo arus, trafo tegangan, faktor kali meter (Mutasi K)]]>
            </Element>
          </Element>
        </Element>
        <Element type="Text" count="1" x_position="360" y_position="1680" width="600" height="240">
          <CommonProperties>
            <Attribute name="keep together" value="true"/>
            <Attribute name="close border on page break" value="false"/>
          </CommonProperties>
          <Element type="Paragraph" count="1">
            <CommonProperties>
              <Attribute name="horizontal align" value="1"/>
            </CommonProperties>
            <Element type="TextPart">
              <FontProperties>
                <Attribute name="font name" value="Verdana"/>
                <Attribute name="font size" value="160"/>
              </FontProperties>
            <![CDATA[1.]]>
            </Element>
          </Element>
        </Element>
        <Element type="Text" count="1" x_position="360" y_position="1920" width="600" height="226">
          <CommonProperties>
            <Attribute name="keep together" value="true"/>
            <Attribute name="close border on page break" value="false"/>
          </CommonProperties>
          <Element type="Paragraph" count="1">
            <CommonProperties>
              <Attribute name="horizontal align" value="1"/>
            </CommonProperties>
            <Element type="TextPart">
              <FontProperties>
                <Attribute name="font name" value="Verdana"/>
                <Attribute name="font size" value="160"/>
              </FontProperties>
            <![CDATA[2.]]>
            </Element>
          </Element>
        </Element>
        <Element type="Text" count="1" x_position="360" y_position="2160" width="600" height="226">
          <CommonProperties>
            <Attribute name="keep together" value="true"/>
            <Attribute name="close border on page break" value="false"/>
          </CommonProperties>
          <Element type="Paragraph" count="1">
            <CommonProperties>
              <Attribute name="horizontal align" value="1"/>
            </CommonProperties>
            <Element type="TextPart">
              <FontProperties>
                <Attribute name="font name" value="Verdana"/>
                <Attribute name="font size" value="160"/>
              </FontProperties>
            <![CDATA[3.]]>
            </Element>
          </Element>
        </Element>
        <Element type="Text" count="1" x_position="360" y_position="2400" width="600" height="226">
          <CommonProperties>
            <Attribute name="keep together" value="true"/>
            <Attribute name="close border on page break" value="false"/>
          </CommonProperties>
          <Element type="Paragraph" count="1">
            <CommonProperties>
              <Attribute name="horizontal align" value="1"/>
            </CommonProperties>
            <Element type="TextPart">
              <FontProperties>
                <Attribute name="font name" value="Verdana"/>
                <Attribute name="font size" value="160"/>
              </FontProperties>
            <![CDATA[4.]]>
            </Element>
          </Element>
        </Element>
        <Element type="Text" count="1" x_position="360" y_position="2640" width="600" height="226">
          <CommonProperties>
            <Attribute name="keep together" value="true"/>
            <Attribute name="close border on page break" value="false"/>
          </CommonProperties>
          <Element type="Paragraph" count="1">
            <CommonProperties>
              <Attribute name="horizontal align" value="1"/>
            </CommonProperties>
            <Element type="TextPart">
              <FontProperties>
                <Attribute name="font name" value="Verdana"/>
                <Attribute name="font size" value="160"/>
              </FontProperties>
            <![CDATA[5.]]>
            </Element>
          </Element>
        </Element>
        <Element type="Text" count="1" x_position="7080" y_position="1680" width="4200" height="226">
          <CommonProperties>
            <Attribute name="keep together" value="true"/>
            <Attribute name="close border on page break" value="false"/>
          </CommonProperties>
          <Element type="Paragraph" count="1">
            <CommonProperties>
              <Attribute name="horizontal align" value="1"/>
            </CommonProperties>
            <Element type="TextPart">
              <FontProperties>
                <Attribute name="font name" value="Verdana"/>
                <Attribute name="font size" value="160"/>
              </FontProperties>
            <![CDATA[Gardu, tiang/SLP/SMP/SLTM/SLTT (Mutasi L)]]>
            </Element>
          </Element>
        </Element>
        <Element type="Text" count="1" x_position="7080" y_position="1920" width="2160" height="226">
          <CommonProperties>
            <Attribute name="keep together" value="true"/>
            <Attribute name="close border on page break" value="false"/>
          </CommonProperties>
          <Element type="Paragraph" count="1">
            <CommonProperties>
              <Attribute name="horizontal align" value="1"/>
            </CommonProperties>
            <Element type="TextPart">
              <FontProperties>
                <Attribute name="font name" value="Verdana"/>
                <Attribute name="font size" value="160"/>
              </FontProperties>
            <![CDATA[Pasang kembali (Mutasi P)]]>
            </Element>
          </Element>
        </Element>
        <Element type="Text" count="1" x_position="7080" y_position="2160" width="2640" height="226">
          <CommonProperties>
            <Attribute name="keep together" value="true"/>
            <Attribute name="close border on page break" value="false"/>
          </CommonProperties>
          <Element type="Paragraph" count="1">
            <CommonProperties>
              <Attribute name="horizontal align" value="1"/>
            </CommonProperties>
            <Element type="TextPart">
              <FontProperties>
                <Attribute name="font name" value="Verdana"/>
                <Attribute name="font size" value="160"/>
              </FontProperties>
            <![CDATA[Penyambungan Sementara ]]>
            </Element>
          </Element>
        </Element>
        <Element type="Text" count="1" x_position="6120" y_position="1680" width="720" height="226">
          <CommonProperties>
            <Attribute name="keep together" value="true"/>
            <Attribute name="close border on page break" value="false"/>
          </CommonProperties>
          <Element type="Paragraph" count="1">
            <CommonProperties>
              <Attribute name="horizontal align" value="1"/>
            </CommonProperties>
            <Element type="TextPart">
              <FontProperties>
                <Attribute name="font name" value="Verdana"/>
                <Attribute name="font size" value="160"/>
              </FontProperties>
            <![CDATA[6.]]>
            </Element>
          </Element>
        </Element>
        <Element type="Text" count="1" x_position="6120" y_position="1920" width="600" height="226">
          <CommonProperties>
            <Attribute name="keep together" value="true"/>
            <Attribute name="close border on page break" value="false"/>
          </CommonProperties>
          <Element type="Paragraph" count="1">
            <CommonProperties>
              <Attribute name="horizontal align" value="1"/>
            </CommonProperties>
            <Element type="TextPart">
              <FontProperties>
                <Attribute name="font name" value="Verdana"/>
                <Attribute name="font size" value="160"/>
              </FontProperties>
            <![CDATA[7.]]>
            </Element>
          </Element>
        </Element>
        <Element type="Text" count="1" x_position="6120" y_position="2160" width="600" height="226">
          <CommonProperties>
            <Attribute name="keep together" value="true"/>
            <Attribute name="close border on page break" value="false"/>
          </CommonProperties>
          <Element type="Paragraph" count="1">
            <CommonProperties>
              <Attribute name="horizontal align" value="1"/>
            </CommonProperties>
            <Element type="TextPart">
              <FontProperties>
                <Attribute name="font name" value="Verdana"/>
                <Attribute name="font size" value="160"/>
              </FontProperties>
            <![CDATA[8.]]>
            </Element>
          </Element>
        </Element>
        <Element type="Text" count="1" x_position="6120" y_position="2400" width="600" height="226">
          <CommonProperties>
            <Attribute name="keep together" value="true"/>
            <Attribute name="close border on page break" value="false"/>
          </CommonProperties>
          <Element type="Paragraph" count="1">
            <CommonProperties>
              <Attribute name="horizontal align" value="1"/>
            </CommonProperties>
            <Element type="TextPart">
              <FontProperties>
                <Attribute name="font name" value="Verdana"/>
                <Attribute name="font size" value="160"/>
              </FontProperties>
            <![CDATA[9.]]>
            </Element>
          </Element>
        </Element>
        <Element type="Text" count="1" x_position="240" y_position="3120" width="1659" height="226">
          <CommonProperties>
            <Attribute name="keep together" value="true"/>
            <Attribute name="close border on page break" value="false"/>
          </CommonProperties>
          <Element type="Paragraph" count="1">
            <CommonProperties>
              <Attribute name="horizontal align" value="1"/>
            </CommonProperties>
            <Element type="TextPart">
              <FontProperties>
                <Attribute name="font name" value="Verdana"/>
                <Attribute name="font size" value="160"/>
              </FontProperties>
            <![CDATA[Pada Pelanggan]]>
            </Element>
          </Element>
        </Element>
        <Element type="Text" count="1" x_position="240" y_position="3480" width="7320" height="226">
          <CommonProperties>
            <Attribute name="keep together" value="true"/>
            <Attribute name="close border on page break" value="false"/>
          </CommonProperties>
          <Element type="Paragraph" count="6">
            <CommonProperties>
              <Attribute name="horizontal align" value="1"/>
            </CommonProperties>
            <Element type="TextPart">
              <FontProperties>
                <Attribute name="font name" value="Verdana"/>
                <Attribute name="font size" value="160"/>
              </FontProperties>
            <![CDATA[Id Pelanggan/Kontrak/RBM	: ]]>
            </Element>
            <Element type="FieldPart">
              <FontProperties>
                <Attribute name="font name" value="Verdana"/>
                <Attribute name="font size" value="160"/>
              </FontProperties>
              <Reference name="field" type="DatabaseField" refname="X.IDPEL"/>
            </Element>
            <Element type="TextPart">
              <FontProperties>
                <Attribute name="font name" value="Verdana"/>
                <Attribute name="font size" value="160"/>
              </FontProperties>
            <![CDATA[ / ]]>
            </Element>
            <Element type="FieldPart">
              <FontProperties>
                <Attribute name="font name" value="Verdana"/>
                <Attribute name="font size" value="160"/>
              </FontProperties>
              <Reference name="field" type="DatabaseField" refname="X.NOKONTRAK"/>
            </Element>
            <Element type="TextPart">
              <FontProperties>
                <Attribute name="font name" value="Verdana"/>
                <Attribute name="font size" value="160"/>
              </FontProperties>
            <![CDATA[ / ]]>
            </Element>
            <Element type="FieldPart">
              <FontProperties>
                <Attribute name="font name" value="Verdana"/>
                <Attribute name="font size" value="160"/>
              </FontProperties>
              <Reference name="field" type="DatabaseField" refname="X.KDGARDU"/>
            </Element>
          </Element>
        </Element>
        <Element type="Text" count="1" x_position="240" y_position="3720" width="7320" height="226">
          <CommonProperties>
            <Attribute name="keep together" value="true"/>
            <Attribute name="close border on page break" value="false"/>
          </CommonProperties>
          <Element type="Paragraph" count="2">
            <CommonProperties>
              <Attribute name="horizontal align" value="1"/>
            </CommonProperties>
            <Element type="TextPart">
              <FontProperties>
                <Attribute name="font name" value="Verdana"/>
                <Attribute name="font size" value="160"/>
              </FontProperties>
            <![CDATA[Nama                          		: ]]>
            </Element>
            <Element type="FieldPart">
              <FontProperties>
                <Attribute name="font name" value="Verdana"/>
                <Attribute name="font size" value="160"/>
              </FontProperties>
              <Reference name="field" type="DatabaseField" refname="X.NAMA"/>
            </Element>
          </Element>
        </Element>
        <Element type="Text" count="1" x_position="240" y_position="3960" width="7320" height="226">
          <CommonProperties>
            <Attribute name="keep together" value="true"/>
            <Attribute name="close border on page break" value="false"/>
          </CommonProperties>
          <Element type="Paragraph" count="2">
            <CommonProperties>
              <Attribute name="horizontal align" value="1"/>
            </CommonProperties>
            <Element type="TextPart">
              <FontProperties>
                <Attribute name="font name" value="Verdana"/>
                <Attribute name="font size" value="160"/>
              </FontProperties>
            <![CDATA[Alamat                        		: ]]>
            </Element>
            <Element type="FieldPart">
              <FontProperties>
                <Attribute name="font name" value="Verdana"/>
                <Attribute name="font size" value="160"/>
              </FontProperties>
              <Reference name="field" type="DatabaseField" refname="X.NAMAPNJ"/>
            </Element>
          </Element>
        </Element>
        <Element type="Text" count="1" x_position="240" y_position="4200" width="7320" height="226">
          <CommonProperties>
            <Attribute name="keep together" value="true"/>
            <Attribute name="close border on page break" value="false"/>
          </CommonProperties>
          <Element type="Paragraph" count="2">
            <CommonProperties>
              <Attribute name="horizontal align" value="1"/>
            </CommonProperties>
            <Element type="TextPart">
              <FontProperties>
                <Attribute name="font name" value="Verdana"/>
                <Attribute name="font size" value="160"/>
              </FontProperties>
            <![CDATA[Golongan Tarif             		: ]]>
            </Element>
            <Element type="FieldPart">
              <FontProperties>
                <Attribute name="font name" value="Verdana"/>
                <Attribute name="font size" value="160"/>
              </FontProperties>
              <Reference name="field" type="DatabaseField" refname="X.TARIP"/>
            </Element>
          </Element>
        </Element>
        <Element type="Text" count="1" x_position="240" y_position="4440" width="7320" height="226">
          <CommonProperties>
            <Attribute name="keep together" value="true"/>
            <Attribute name="close border on page break" value="false"/>
          </CommonProperties>
          <Element type="Paragraph" count="2">
            <CommonProperties>
              <Attribute name="horizontal align" value="1"/>
            </CommonProperties>
            <Element type="TextPart">
              <FontProperties>
                <Attribute name="font name" value="Verdana"/>
                <Attribute name="font size" value="160"/>
              </FontProperties>
            <![CDATA[Daya                           		: ]]>
            </Element>
            <Element type="FieldPart">
              <FontProperties>
                <Attribute name="font name" value="Verdana"/>
                <Attribute name="font size" value="160"/>
              </FontProperties>
              <NumberProperties>
                <Attribute name="system default number type" value="2"/>
                <Attribute name="n decimal places" value="0"/>
                <Attribute name="rounding type" value="11"/>
                <Attribute name="thousand separators symbol" value=","/>
                <Attribute name="decimal separators symbol" value="."/>
                <Attribute name="currency symbol" value="$"/>
                <Attribute name="allow field clipping" value="false"/>
              </NumberProperties>
              <Reference name="field" type="DatabaseField" refname="X.DAYA"/>
            </Element>
          </Element>
        </Element>
        <Element type="Text" count="1" x_position="240" y_position="4800" width="3120" height="226">
          <CommonProperties>
            <Attribute name="keep together" value="true"/>
            <Attribute name="close border on page break" value="false"/>
          </CommonProperties>
          <Element type="Paragraph" count="1">
            <CommonProperties>
              <Attribute name="horizontal align" value="1"/>
            </CommonProperties>
            <Element type="TextPart">
              <FontProperties>
                <Attribute name="font name" value="Verdana"/>
                <Attribute name="font size" value="160"/>
              </FontProperties>
            <![CDATA[Dengan Data Pendukung     :]]>
            </Element>
          </Element>
        </Element>
        <Element type="Text" count="1" x_position="360" y_position="5280" width="360" height="226">
          <CommonProperties>
            <Attribute name="keep together" value="true"/>
            <Attribute name="close border on page break" value="false"/>
          </CommonProperties>
          <Element type="Paragraph" count="1">
            <CommonProperties>
              <Attribute name="horizontal align" value="1"/>
            </CommonProperties>
            <Element type="TextPart">
              <FontProperties>
                <Attribute name="font name" value="Tahoma"/>
              </FontProperties>
            <![CDATA[NO]]>
            </Element>
          </Element>
        </Element>
        <Element type="Text" count="1" x_position="1560" y_position="5280" width="1080" height="226">
          <CommonProperties>
            <Attribute name="keep together" value="true"/>
            <Attribute name="close border on page break" value="false"/>
          </CommonProperties>
          <Element type="Paragraph" count="1">
            <CommonProperties>
              <Attribute name="horizontal align" value="1"/>
            </CommonProperties>
            <Element type="TextPart">
              <FontProperties>
                <Attribute name="font name" value="Tahoma"/>
              </FontProperties>
            <![CDATA[URAIAN]]>
            </Element>
          </Element>
        </Element>
        <Element type="Text" count="1" x_position="3480" y_position="5280" width="1080" height="226">
          <CommonProperties>
            <Attribute name="keep together" value="true"/>
            <Attribute name="close border on page break" value="false"/>
          </CommonProperties>
          <Element type="Paragraph" count="1">
            <CommonProperties>
              <Attribute name="horizontal align" value="1"/>
            </CommonProperties>
            <Element type="TextPart">
              <FontProperties>
                <Attribute name="font name" value="Tahoma"/>
              </FontProperties>
            <![CDATA[TANGGAL]]>
            </Element>
          </Element>
        </Element>
        <Element type="Text" count="1" x_position="5280" y_position="5280" width="840" height="226">
          <CommonProperties>
            <Attribute name="keep together" value="true"/>
            <Attribute name="close border on page break" value="false"/>
          </CommonProperties>
          <Element type="Paragraph" count="1">
            <CommonProperties>
              <Attribute name="horizontal align" value="1"/>
            </CommonProperties>
            <Element type="TextPart">
              <FontProperties>
                <Attribute name="font name" value="Tahoma"/>
              </FontProperties>
            <![CDATA[NOMOR]]>
            </Element>
          </Element>
        </Element>
        <Element type="Text" count="1" x_position="8040" y_position="5280" width="1659" height="226">
          <CommonProperties>
            <Attribute name="keep together" value="true"/>
            <Attribute name="close border on page break" value="false"/>
          </CommonProperties>
          <Element type="Paragraph" count="1">
            <CommonProperties>
              <Attribute name="horizontal align" value="1"/>
            </CommonProperties>
            <Element type="TextPart">
              <FontProperties>
                <Attribute name="font name" value="Tahoma"/>
              </FontProperties>
            <![CDATA[KETERANGAN]]>
            </Element>
          </Element>
        </Element>
        <Element type="Text" count="1" x_position="360" y_position="5640" width="480" height="226">
          <CommonProperties>
            <Attribute name="keep together" value="true"/>
            <Attribute name="close border on page break" value="false"/>
          </CommonProperties>
          <Element type="Paragraph" count="1">
            <CommonProperties>
              <Attribute name="horizontal align" value="1"/>
            </CommonProperties>
            <Element type="TextPart">
              <FontProperties>
                <Attribute name="font name" value="Tahoma"/>
              </FontProperties>
            <![CDATA[      1]]>
            </Element>
          </Element>
        </Element>
        <Element type="Text" count="1" x_position="360" y_position="6000" width="480" height="226">
          <CommonProperties>
            <Attribute name="keep together" value="true"/>
            <Attribute name="close border on page break" value="false"/>
          </CommonProperties>
          <Element type="Paragraph" count="1">
            <CommonProperties>
              <Attribute name="horizontal align" value="1"/>
            </CommonProperties>
            <Element type="TextPart">
              <FontProperties>
                <Attribute name="font name" value="Tahoma"/>
              </FontProperties>
            <![CDATA[      2]]>
            </Element>
          </Element>
        </Element>
        <Element type="Text" count="1" x_position="360" y_position="6600" width="480" height="226">
          <CommonProperties>
            <Attribute name="keep together" value="true"/>
            <Attribute name="close border on page break" value="false"/>
          </CommonProperties>
          <Element type="Paragraph" count="1">
            <CommonProperties>
              <Attribute name="horizontal align" value="1"/>
            </CommonProperties>
            <Element type="TextPart">
              <FontProperties>
                <Attribute name="font name" value="Tahoma"/>
              </FontProperties>
            <![CDATA[      4]]>
            </Element>
          </Element>
        </Element>
        <Element type="Text" count="1" x_position="360" y_position="6960" width="480" height="226">
          <CommonProperties>
            <Attribute name="keep together" value="true"/>
            <Attribute name="close border on page break" value="false"/>
          </CommonProperties>
          <Element type="Paragraph" count="1">
            <CommonProperties>
              <Attribute name="horizontal align" value="1"/>
            </CommonProperties>
            <Element type="TextPart">
              <FontProperties>
                <Attribute name="font name" value="Tahoma"/>
              </FontProperties>
            <![CDATA[      5]]>
            </Element>
          </Element>
        </Element>
        <Element type="Text" count="1" x_position="360" y_position="6360" width="480" height="240">
          <CommonProperties>
            <Attribute name="keep together" value="true"/>
            <Attribute name="close border on page break" value="false"/>
          </CommonProperties>
          <Element type="Paragraph" count="1">
            <CommonProperties>
              <Attribute name="horizontal align" value="1"/>
            </CommonProperties>
            <Element type="TextPart">
              <FontProperties>
                <Attribute name="font name" value="Tahoma"/>
              </FontProperties>
            <![CDATA[      3]]>
            </Element>
          </Element>
        </Element>
        <Element type="Text" count="1" x_position="240" y_position="7440" width="2520" height="226">
          <CommonProperties>
            <Attribute name="keep together" value="true"/>
            <Attribute name="close border on page break" value="false"/>
          </CommonProperties>
          <Element type="Paragraph" count="1">
            <CommonProperties>
              <Attribute name="horizontal align" value="1"/>
            </CommonProperties>
            <Element type="TextPart">
              <FontProperties>
                <Attribute name="font name" value="Verdana"/>
                <Attribute name="font size" value="160"/>
              </FontProperties>
            <![CDATA[Berita Acara Pelaksanaan    :]]>
            </Element>
          </Element>
        </Element>
        <Element type="Text" count="1" x_position="240" y_position="7680" width="720" height="226">
          <CommonProperties>
            <Attribute name="keep together" value="true"/>
            <Attribute name="close border on page break" value="false"/>
          </CommonProperties>
          <Element type="Paragraph" count="1">
            <CommonProperties>
              <Attribute name="horizontal align" value="1"/>
            </CommonProperties>
            <Element type="TextPart">
              <FontProperties>
                <Attribute name="font name" value="Verdana"/>
                <Attribute name="font size" value="160"/>
              </FontProperties>
            <![CDATA[No.BAP/]]>
            </Element>
          </Element>
        </Element>
        <Element type="Text" count="1" x_position="240" y_position="8160" width="1659" height="226">
          <CommonProperties>
            <Attribute name="keep together" value="true"/>
            <Attribute name="close border on page break" value="false"/>
          </CommonProperties>
          <Element type="Paragraph" count="1">
            <CommonProperties>
              <Attribute name="horizontal align" value="1"/>
            </CommonProperties>
            <Element type="TextPart">
              <FontProperties>
                <Attribute name="font name" value="Verdana"/>
                <Attribute name="font size" value="160"/>
              </FontProperties>
            <![CDATA[Catatan   :]]>
            </Element>
          </Element>
        </Element>
        <Element type="Text" count="1" x_position="7080" y_position="2400" width="3840" height="226">
          <CommonProperties>
            <Attribute name="keep together" value="true"/>
            <Attribute name="close border on page break" value="false"/>
          </CommonProperties>
          <Element type="Paragraph" count="1">
            <CommonProperties>
              <Attribute name="horizontal align" value="1"/>
            </CommonProperties>
            <Element type="TextPart">
              <FontProperties>
                <Attribute name="font name" value="Verdana"/>
                <Attribute name="font size" value="160"/>
              </FontProperties>
            <![CDATA[Bongkar Rampung / Tunggakan Rekening Listrik]]>
            </Element>
          </Element>
        </Element>
        <Element type="Text" count="1" x_position="8040" y_position="8760" width="2760" height="226">
          <CommonProperties>
            <Attribute name="keep together" value="true"/>
            <Attribute name="close border on page break" value="false"/>
          </CommonProperties>
          <Element type="Paragraph" count="3">
            <CommonProperties>
              <Attribute name="horizontal align" value="1"/>
            </CommonProperties>
            <Element type="FieldPart">
              <FontProperties>
                <Attribute name="font name" value="Verdana"/>
                <Attribute name="font size" value="160"/>
              </FontProperties>
              <Reference name="field" type="PromptVarField" refname="?ranting"/>
            </Element>
            <Element type="TextPart">
              <FontProperties>
                <Attribute name="font name" value="Verdana"/>
                <Attribute name="font size" value="160"/>
              </FontProperties>
            <![CDATA[, ]]>
            </Element>
            <Element type="FieldPart">
              <FontProperties>
                <Attribute name="font name" value="Verdana"/>
                <Attribute name="font size" value="160"/>
              </FontProperties>
              <DateProperties>
                <Attribute name="date windows default type" value="2"/>
                <Attribute name="date order" value="2"/>
                <Attribute name="month type" value="0"/>
                <Attribute name="day type" value="0"/>
                <Attribute name="date first separator" value="/"/>
                <Attribute name="date second separator" value="/"/>
              </DateProperties>
              <Reference name="field" type="SpecialVarField" id="0"/>
            </Element>
          </Element>
        </Element>
        <Element type="Text" count="1" x_position="8040" y_position="9000" width="2760" height="226">
          <CommonProperties>
            <Attribute name="keep together" value="true"/>
            <Attribute name="close border on page break" value="false"/>
          </CommonProperties>
          <Element type="Paragraph" count="1">
            <CommonProperties>
              <Attribute name="horizontal align" value="2"/>
            </CommonProperties>
            <Element type="FieldPart">
              <FontProperties>
                <Attribute name="font name" value="Verdana"/>
                <Attribute name="font size" value="160"/>
              </FontProperties>
              <Reference name="field" type="PromptVarField" refname="?jabatan"/>
            </Element>
          </Element>
        </Element>
        <Element type="Text" count="1" x_position="8040" y_position="9960" width="2760" height="226">
          <CommonProperties>
            <Attribute name="keep together" value="true"/>
            <Attribute name="close border on page break" value="false"/>
          </CommonProperties>
          <Element type="Paragraph" count="1">
            <CommonProperties>
              <Attribute name="horizontal align" value="2"/>
            </CommonProperties>
            <Element type="FieldPart">
              <FontProperties>
                <Attribute name="font name" value="Verdana"/>
                <Attribute name="font size" value="160"/>
              </FontProperties>
              <Reference name="field" type="PromptVarField" refname="?pejabat"/>
            </Element>
          </Element>
        </Element>
      </Section>
    </Area>
    <Area type="PageFooter" count="1">
      <AreaProperties>
        <Attribute name="print at bottom of page" value="true"/>
        <Attribute name="new page after" value="true"/>
        <Attribute name="keep together" value="true"/>
        <Attribute name="hold minimal pagefooter free" value="1"/>
      </AreaProperties>
      <Section type="PageFooter" count="1" width="11866" height="226" id="1">
        <SectionProperties>
          <Attribute name="keep together" value="true"/>
          <Attribute name="hold minimal pagefooter free" value="1"/>
        </SectionProperties>
        <Element type="Text" count="1" x_position="120" y_position="0" width="1320" height="226">
          <CommonProperties>
            <Attribute name="keep together" value="true"/>
            <Attribute name="close border on page break" value="false"/>
          </CommonProperties>
          <Element type="Paragraph" count="1">
            <CommonProperties>
              <Attribute name="horizontal align" value="1"/>
            </CommonProperties>
            <Element type="TextPart">
              <FontProperties>
                <Attribute name="font name" value="Tahoma"/>
                <Attribute name="font style" value="1"/>
              </FontProperties>
            <![CDATA[TUL I-09]]>
            </Element>
          </Element>
        </Element>
      </Section>
    </Area>
  </AreaPair>
  <AreaPair type="ReportAreaPair" id="0">
    <Area type="ReportHeader" count="1">
      <AreaProperties>
        <Attribute name="new page before" value="true"/>
        <Attribute name="hold minimal pagefooter free" value="1"/>
      </AreaProperties>
      <Section type="ReportHeader" count="6" width="11866" height="2266" id="2">
        <SectionProperties>
          <Attribute name="keep together" value="true"/>
          <Attribute name="hold minimal pagefooter free" value="1"/>
        </SectionProperties>
        <Element type="Text" count="1" x_position="4200" y_position="1440" width="3600" height="360">
          <CommonProperties>
            <Attribute name="keep together" value="true"/>
            <Attribute name="close border on page break" value="false"/>
          </CommonProperties>
          <Element type="Paragraph" count="1">
            <CommonProperties>
              <Attribute name="horizontal align" value="1"/>
            </CommonProperties>
            <Element type="TextPart">
              <FontProperties>
                <Attribute name="font name" value="Tahoma"/>
                <Attribute name="font size" value="280"/>
                <Attribute name="font style" value="1"/>
              </FontProperties>
            <![CDATA[SURAT PERINTAH KERJA]]>
            </Element>
          </Element>
        </Element>
        <Element type="Text" count="1" x_position="4920" y_position="240" width="5880" height="192">
          <CommonProperties>
            <Attribute name="keep together" value="true"/>
            <Attribute name="close border on page break" value="false"/>
          </CommonProperties>
          <Element type="Paragraph" count="3">
            <CommonProperties>
              <Attribute name="horizontal align" value="3"/>
            </CommonProperties>
            <Element type="TextPart">
              <FontProperties>
                <Attribute name="font name" value="Courier New"/>
              </FontProperties>
            <![CDATA[No.SPK : ]]>
            </Element>
            <Element type="FieldPart">
              <FontProperties>
                <Attribute name="font name" value="Courier New"/>
              </FontProperties>
              <Reference name="field" type="DatabaseField" refname="X.THBLREK"/>
            </Element>
            <Element type="TextPart">
              <FontProperties>
                <Attribute name="font name" value="Courier New"/>
              </FontProperties>
            <![CDATA[ ]]>
            </Element>
          </Element>
        </Element>
        <Element type="Text" count="1" x_position="240" y_position="240" width="4800" height="240">
          <CommonProperties>
            <Attribute name="keep together" value="true"/>
            <Attribute name="close border on page break" value="false"/>
          </CommonProperties>
          <Element type="Paragraph" count="1">
            <CommonProperties>
              <Attribute name="horizontal align" value="1"/>
            </CommonProperties>
            <Element type="TextPart">
              <FontProperties>
                <Attribute name="font name" value="Tahoma"/>
                <Attribute name="font size" value="200"/>
              </FontProperties>
            <![CDATA[PT PLN (Persero) ]]>
            </Element>
          </Element>
        </Element>
        <Element type="Text" count="1" x_position="240" y_position="480" width="4800" height="240">
          <CommonProperties>
            <Attribute name="keep together" value="true"/>
            <Attribute name="close border on page break" value="false"/>
          </CommonProperties>
          <Element type="Paragraph" count="2">
            <CommonProperties>
              <Attribute name="horizontal align" value="1"/>
            </CommonProperties>
            <Element type="TextPart">
              <FontProperties>
                <Attribute name="font name" value="Tahoma"/>
                <Attribute name="font size" value="200"/>
              </FontProperties>
            <![CDATA[Wilayah ]]>
            </Element>
            <Element type="FieldPart">
              <FontProperties>
                <Attribute name="font name" value="Tahoma"/>
                <Attribute name="font size" value="200"/>
              </FontProperties>
              <Reference name="field" type="PromptVarField" refname="?wilayah"/>
            </Element>
          </Element>
        </Element>
        <Element type="Text" count="1" x_position="240" y_position="720" width="4800" height="240">
          <CommonProperties>
            <Attribute name="keep together" value="true"/>
            <Attribute name="close border on page break" value="false"/>
          </CommonProperties>
          <Element type="Paragraph" count="2">
            <CommonProperties>
              <Attribute name="horizontal align" value="1"/>
            </CommonProperties>
            <Element type="TextPart">
              <FontProperties>
                <Attribute name="font name" value="Tahoma"/>
                <Attribute name="font size" value="200"/>
              </FontProperties>
            <![CDATA[Cabang ]]>
            </Element>
            <Element type="FieldPart">
              <FontProperties>
                <Attribute name="font name" value="Tahoma"/>
                <Attribute name="font size" value="200"/>
              </FontProperties>
              <Reference name="field" type="PromptVarField" refname="?cabang"/>
            </Element>
          </Element>
        </Element>
        <Element type="Text" count="1" x_position="240" y_position="960" width="4800" height="240">
          <CommonProperties>
            <Attribute name="keep together" value="true"/>
            <Attribute name="close border on page break" value="false"/>
          </CommonProperties>
          <Element type="Paragraph" count="2">
            <CommonProperties>
              <Attribute name="horizontal align" value="1"/>
            </CommonProperties>
            <Element type="TextPart">
              <FontProperties>
                <Attribute name="font name" value="Tahoma"/>
                <Attribute name="font size" value="200"/>
              </FontProperties>
            <![CDATA[Ranting ]]>
            </Element>
            <Element type="FieldPart">
              <FontProperties>
                <Attribute name="font name" value="Tahoma"/>
                <Attribute name="font size" value="200"/>
              </FontProperties>
              <Reference name="field" type="PromptVarField" refname="?ranting"/>
            </Element>
          </Element>
        </Element>
      </Section>
    </Area>
    <Area type="ReportFooter" count="1">
      <AreaProperties>
        <Attribute name="new page after" value="true"/>
        <Attribute name="hold minimal pagefooter free" value="1"/>
      </AreaProperties>
      <Section type="ReportFooter" count="0" width="11866" height="0" id="3">
        <SectionProperties>
          <Attribute name="keep together" value="true"/>
          <Attribute name="hold minimal pagefooter free" value="1"/>
        </SectionProperties>
      </Section>
    </Area>
  </AreaPair>
  <AreaPair type="DetailArea" id="1">
    <Area type="Detail" count="1">
      <AreaProperties>
        <Attribute name="hold minimal pagefooter free" value="1"/>
      </AreaProperties>
      <Section type="Detail" count="0" width="11866" height="0" id="4">
        <SectionProperties>
          <Attribute name="drill down" value="true"/>
          <Attribute name="suppress" value="true"/>
          <Attribute name="keep together" value="true"/>
          <Attribute name="hold minimal pagefooter free" value="1"/>
        </SectionProperties>
      </Section>
    </Area>
  </AreaPair>
</inet:Report>
