<?xml version="1.0" encoding="UTF-8" standalone="yes" ?>

<inet:Report xmlns:inet="http://www.inetsoftware.de" major_version="10" minor_version="0" major_xml_version="8" minor_xml_version="2" count="6" id="0">
    <Datasource>
      <DataSourceConfiguration name="adoplus.dll">
      </DataSourceConfiguration>
      <Tablesource alias="T404" databaseIdentifier="T404">
        <Column name="HEADER1" type="11" />
        <Column name="HEADER2" type="11" />
        <Column name="HEADER3" type="11" />
        <Column name="HEADER4" type="11" />
        <Column name="KODE" type="11" />
        <Column name="KETERANGAN" type="11" />
        <Column name="UNIT" type="11" />
        <Column name="THBL" type="11" />
        <Column name="UNSUR" type="11" />
        <Column name="PETUGAS" type="11" />
        <Column name="LBR0" type="6" />
        <Column name="RP0" type="6" />
        <Column name="LBR1" type="6" />
        <Column name="RP1" type="6" />
        <Column name="LBR2" type="6" />
        <Column name="RP2" type="6" />
        <Column name="LBR3" type="6" />
        <Column name="RP3" type="6" />
        <Column name="LBR4" type="6" />
        <Column name="RP4" type="6" />
        <Column name="LBR5" type="6" />
        <Column name="RP5" type="6" />
        <Column name="ISPOSTING" type="11" />
        <Column name="TANGGAL" type="15" />
        <Column name="TEMP1" type="11" />
        <Column name="TEMP2" type="11" />
        <Column name="TEMP3" type="11" />
        <Column name="TEMP4" type="11" />
        <Column name="TEMP5" type="11" />
      </Tablesource>
    </Datasource>
  <Database>
    <QueryChanges mask="0" count="2">
      <Attribute name="queryChange" value="null"/>
      <Attribute name="queryChange" value="null"/>
    </QueryChanges>
  </Database>
  <FormulaFields>
    <Field type="FormulaField" valueType="11">
      <Attribute name="name" value="angka"/>
      <Attribute name="shortName" value="angka"/>
      <Attribute name="formula type" value="0"/>
      <Attribute name="basic syntax" value="false"/>
      <![CDATA[mid({T404.KODE},1,1)]]>
    </Field>
    <Field type="FormulaField" valueType="6">
      <Attribute name="name" value="1lbr0"/>
      <Attribute name="shortName" value="1lbr0"/>
      <Attribute name="formula type" value="0"/>
      <Attribute name="basic syntax" value="false"/>
      <![CDATA[sum({T404.LBR0},{T404.HEADER1})
]]>
    </Field>
    <Field type="FormulaField" valueType="6">
      <Attribute name="name" value="rp0"/>
      <Attribute name="shortName" value="rp0"/>
      <Attribute name="formula type" value="0"/>
      <Attribute name="basic syntax" value="false"/>
      <![CDATA[sum({T404.rp0},{T404.HEADER1})]]>
    </Field>
    <Field type="FormulaField" valueType="6">
      <Attribute name="name" value="lbr1"/>
      <Attribute name="shortName" value="lbr1"/>
      <Attribute name="formula type" value="0"/>
      <Attribute name="basic syntax" value="false"/>
      <![CDATA[sum({T404.LBR1},{T404.HEADER1})]]>
    </Field>
    <Field type="FormulaField" valueType="6">
      <Attribute name="name" value="rp1"/>
      <Attribute name="shortName" value="rp1"/>
      <Attribute name="formula type" value="0"/>
      <Attribute name="basic syntax" value="false"/>
      <![CDATA[sum({T404.rp1},{T404.HEADER1})]]>
    </Field>
    <Field type="FormulaField" valueType="6">
      <Attribute name="name" value="lbr2"/>
      <Attribute name="shortName" value="lbr2"/>
      <Attribute name="formula type" value="0"/>
      <Attribute name="basic syntax" value="false"/>
      <![CDATA[sum({T404.LBR2},{T404.HEADER1})]]>
    </Field>
    <Field type="FormulaField" valueType="6">
      <Attribute name="name" value="rp2"/>
      <Attribute name="shortName" value="rp2"/>
      <Attribute name="formula type" value="0"/>
      <Attribute name="basic syntax" value="false"/>
      <![CDATA[sum({T404.rp2},{T404.HEADER1})]]>
    </Field>
    <Field type="FormulaField" valueType="6">
      <Attribute name="name" value="lbr3"/>
      <Attribute name="shortName" value="lbr3"/>
      <Attribute name="formula type" value="0"/>
      <Attribute name="basic syntax" value="false"/>
      <![CDATA[sum({T404.LBR3},{T404.HEADER1})]]>
    </Field>
    <Field type="FormulaField" valueType="6">
      <Attribute name="name" value="rp3"/>
      <Attribute name="shortName" value="rp3"/>
      <Attribute name="formula type" value="0"/>
      <Attribute name="basic syntax" value="false"/>
      <![CDATA[sum({T404.rp3},{T404.HEADER1})]]>
    </Field>
    <Field type="FormulaField" valueType="6">
      <Attribute name="name" value="lbr4"/>
      <Attribute name="shortName" value="lbr4"/>
      <Attribute name="formula type" value="0"/>
      <Attribute name="basic syntax" value="false"/>
      <![CDATA[sum({T404.LBR4},{T404.HEADER1})]]>
    </Field>
    <Field type="FormulaField" valueType="6">
      <Attribute name="name" value="rp4"/>
      <Attribute name="shortName" value="rp4"/>
      <Attribute name="formula type" value="0"/>
      <Attribute name="basic syntax" value="false"/>
      <![CDATA[sum({T404.rp4},{T404.HEADER1})]]>
    </Field>
    <Field type="FormulaField" valueType="6">
      <Attribute name="name" value="lbr5"/>
      <Attribute name="shortName" value="lbr5"/>
      <Attribute name="formula type" value="0"/>
      <Attribute name="basic syntax" value="false"/>
      <![CDATA[sum({T404.LBR5},{T404.HEADER1})]]>
    </Field>
    <Field type="FormulaField" valueType="6">
      <Attribute name="name" value="rp5"/>
      <Attribute name="shortName" value="rp5"/>
      <Attribute name="formula type" value="0"/>
      <Attribute name="basic syntax" value="false"/>
      <![CDATA[sum({T404.rp5},{T404.HEADER1})]]>
    </Field>
    <Field type="FormulaField" valueType="6">
      <Attribute name="name" value="tbh_lbr0"/>
      <Attribute name="shortName" value="tbh_lbr0"/>
      <Attribute name="formula type" value="0"/>
      <Attribute name="basic syntax" value="false"/>
      <![CDATA[if mid({T404.KODE},1,1)="3" then
    sum({T404.LBR0},{T404.HEADER1})]]>
    </Field>
    <Field type="FormulaField" valueType="6">
      <Attribute name="name" value="tbh_rp0"/>
      <Attribute name="shortName" value="tbh_rp0"/>
      <Attribute name="formula type" value="0"/>
      <Attribute name="basic syntax" value="false"/>
      <![CDATA[if mid({T404.KODE},1,1)="3" then
    sum({T404.rp1},{T404.HEADER1})]]>
    </Field>
    <Field type="FormulaField" valueType="6">
      <Attribute name="name" value="tbh_lbr1"/>
      <Attribute name="shortName" value="tbh_lbr1"/>
      <Attribute name="formula type" value="0"/>
      <Attribute name="basic syntax" value="false"/>
      <![CDATA[if mid({T404.KODE},1,1)="3" then
    sum({T404.LBR1},{T404.HEADER1})]]>
    </Field>
    <Field type="FormulaField" valueType="6">
      <Attribute name="name" value="krg_lbr0"/>
      <Attribute name="shortName" value="krg_lbr0"/>
      <Attribute name="formula type" value="0"/>
      <Attribute name="basic syntax" value="false"/>
      <![CDATA[if mid({T404.KODE},1,1)="2" then
    sum({T404.LBR0},{T404.HEADER1})]]>
    </Field>
    <Field type="FormulaField" valueType="6">
      <Attribute name="name" value="krg_rp0"/>
      <Attribute name="shortName" value="krg_rp0"/>
      <Attribute name="formula type" value="0"/>
      <Attribute name="basic syntax" value="false"/>
      <![CDATA[if mid({T404.KODE},1,1)="2" then
    sum({T404.rp0},{T404.HEADER1})]]>
    </Field>
    <Field type="FormulaField" valueType="6">
      <Attribute name="name" value="krg_lbr1"/>
      <Attribute name="shortName" value="krg_lbr1"/>
      <Attribute name="formula type" value="0"/>
      <Attribute name="basic syntax" value="false"/>
      <![CDATA[if mid({T404.KODE},1,1)="2" then
    sum({T404.LBR1},{T404.HEADER1})]]>
    </Field>
    <Field type="FormulaField" valueType="6">
      <Attribute name="name" value="SA_lbr0"/>
      <Attribute name="shortName" value="SA_lbr0"/>
      <Attribute name="formula type" value="0"/>
      <Attribute name="basic syntax" value="false"/>
      <![CDATA[{@tbh_lbr0}-{@krg_lbr0}]]>
    </Field>
  </FormulaFields>
  <PromptFields>
    <Field type="PromptVarField" valueType="11">
      <Attribute name="name" value="wilayah"/>
      <Attribute name="allow_multiple_values" value="false"/>
      <Attribute name="discrete_or_range" value="0"/>
      <Attribute name="allow editing" value="true"/>
      <Attribute name="description_only" value="false"/>
      <Attribute name="edit mask" value=""/>
      <Attribute name="prompt_text" value=""/>
      <Attribute name="use_range" value="false"/>
    </Field>
    <Field type="PromptVarField" valueType="11">
      <Attribute name="name" value="cabang"/>
      <Attribute name="allow_multiple_values" value="false"/>
      <Attribute name="discrete_or_range" value="0"/>
      <Attribute name="allow editing" value="true"/>
      <Attribute name="description_only" value="false"/>
      <Attribute name="edit mask" value=""/>
      <Attribute name="prompt_text" value=""/>
      <Attribute name="use_range" value="false"/>
    </Field>
    <Field type="PromptVarField" valueType="11">
      <Attribute name="name" value="ranting"/>
      <Attribute name="allow_multiple_values" value="false"/>
      <Attribute name="discrete_or_range" value="0"/>
      <Attribute name="allow editing" value="true"/>
      <Attribute name="description_only" value="false"/>
      <Attribute name="edit mask" value=""/>
      <Attribute name="prompt_text" value=""/>
      <Attribute name="use_range" value="false"/>
    </Field>
    <Field type="PromptVarField" valueType="11">
      <Attribute name="name" value="alamat"/>
      <Attribute name="allow_multiple_values" value="false"/>
      <Attribute name="discrete_or_range" value="0"/>
      <Attribute name="allow editing" value="true"/>
      <Attribute name="description_only" value="false"/>
      <Attribute name="edit mask" value=""/>
      <Attribute name="prompt_text" value=""/>
      <Attribute name="use_range" value="false"/>
    </Field>
  </PromptFields>
  <SQLFields>
  </SQLFields>
  <SummaryFields>
    <Field type="SummaryField" valueType="6">
      <Attribute name="name" value="Sum (T404.LBR0, T404.HEADER1)"/>
      <Reference name="id" type="DatabaseField" refname="T404.LBR0"/>
      <Attribute name="operation" value="0"/>
      <Attribute name="summary_nth" value="0"/>
      <Attribute name="summary_type" value="1"/>
      <Attribute name="chartFieldSelect" value="2"/>
      <Attribute name="group_number" value="1"/>
      <Attribute name="group number type" value="0"/>
      <Attribute name="show as percent value" value="false"/>
      <Attribute name="execute on db" value="false"/>
    </Field>
    <Field type="SummaryField" valueType="6">
      <Attribute name="name" value="Sum (T404.RP0, T404.HEADER1)"/>
      <Reference name="id" type="DatabaseField" refname="T404.RP0"/>
      <Attribute name="operation" value="0"/>
      <Attribute name="summary_nth" value="0"/>
      <Attribute name="summary_type" value="1"/>
      <Attribute name="chartFieldSelect" value="2"/>
      <Attribute name="group_number" value="1"/>
      <Attribute name="group number type" value="0"/>
      <Attribute name="show as percent value" value="false"/>
      <Attribute name="execute on db" value="false"/>
    </Field>
    <Field type="SummaryField" valueType="6">
      <Attribute name="name" value="Sum (T404.LBR1, T404.HEADER1)"/>
      <Reference name="id" type="DatabaseField" refname="T404.LBR1"/>
      <Attribute name="operation" value="0"/>
      <Attribute name="summary_nth" value="0"/>
      <Attribute name="summary_type" value="1"/>
      <Attribute name="chartFieldSelect" value="2"/>
      <Attribute name="group_number" value="1"/>
      <Attribute name="group number type" value="0"/>
      <Attribute name="show as percent value" value="false"/>
      <Attribute name="execute on db" value="false"/>
    </Field>
    <Field type="SummaryField" valueType="6">
      <Attribute name="name" value="Sum (T404.RP1, T404.HEADER1)"/>
      <Reference name="id" type="DatabaseField" refname="T404.RP1"/>
      <Attribute name="operation" value="0"/>
      <Attribute name="summary_nth" value="0"/>
      <Attribute name="summary_type" value="1"/>
      <Attribute name="chartFieldSelect" value="2"/>
      <Attribute name="group_number" value="1"/>
      <Attribute name="group number type" value="0"/>
      <Attribute name="show as percent value" value="false"/>
      <Attribute name="execute on db" value="false"/>
    </Field>
    <Field type="SummaryField" valueType="6">
      <Attribute name="name" value="Sum (T404.LBR2, T404.HEADER1)"/>
      <Reference name="id" type="DatabaseField" refname="T404.LBR2"/>
      <Attribute name="operation" value="0"/>
      <Attribute name="summary_nth" value="0"/>
      <Attribute name="summary_type" value="1"/>
      <Attribute name="chartFieldSelect" value="2"/>
      <Attribute name="group_number" value="1"/>
      <Attribute name="group number type" value="0"/>
      <Attribute name="show as percent value" value="false"/>
      <Attribute name="execute on db" value="false"/>
    </Field>
    <Field type="SummaryField" valueType="6">
      <Attribute name="name" value="Sum (T404.RP2, T404.HEADER1)"/>
      <Reference name="id" type="DatabaseField" refname="T404.RP2"/>
      <Attribute name="operation" value="0"/>
      <Attribute name="summary_nth" value="0"/>
      <Attribute name="summary_type" value="1"/>
      <Attribute name="chartFieldSelect" value="2"/>
      <Attribute name="group_number" value="1"/>
      <Attribute name="group number type" value="0"/>
      <Attribute name="show as percent value" value="false"/>
      <Attribute name="execute on db" value="false"/>
    </Field>
    <Field type="SummaryField" valueType="6">
      <Attribute name="name" value="Sum (T404.LBR3, T404.HEADER1)"/>
      <Reference name="id" type="DatabaseField" refname="T404.LBR3"/>
      <Attribute name="operation" value="0"/>
      <Attribute name="summary_nth" value="0"/>
      <Attribute name="summary_type" value="1"/>
      <Attribute name="chartFieldSelect" value="2"/>
      <Attribute name="group_number" value="1"/>
      <Attribute name="group number type" value="0"/>
      <Attribute name="show as percent value" value="false"/>
      <Attribute name="execute on db" value="false"/>
    </Field>
    <Field type="SummaryField" valueType="6">
      <Attribute name="name" value="Sum (T404.RP3, T404.HEADER1)"/>
      <Reference name="id" type="DatabaseField" refname="T404.RP3"/>
      <Attribute name="operation" value="0"/>
      <Attribute name="summary_nth" value="0"/>
      <Attribute name="summary_type" value="1"/>
      <Attribute name="chartFieldSelect" value="2"/>
      <Attribute name="group_number" value="1"/>
      <Attribute name="group number type" value="0"/>
      <Attribute name="show as percent value" value="false"/>
      <Attribute name="execute on db" value="false"/>
    </Field>
    <Field type="SummaryField" valueType="6">
      <Attribute name="name" value="Sum (T404.LBR4, T404.HEADER1)"/>
      <Reference name="id" type="DatabaseField" refname="T404.LBR4"/>
      <Attribute name="operation" value="0"/>
      <Attribute name="summary_nth" value="0"/>
      <Attribute name="summary_type" value="1"/>
      <Attribute name="chartFieldSelect" value="2"/>
      <Attribute name="group_number" value="1"/>
      <Attribute name="group number type" value="0"/>
      <Attribute name="show as percent value" value="false"/>
      <Attribute name="execute on db" value="false"/>
    </Field>
    <Field type="SummaryField" valueType="6">
      <Attribute name="name" value="Sum (T404.RP4, T404.HEADER1)"/>
      <Reference name="id" type="DatabaseField" refname="T404.RP4"/>
      <Attribute name="operation" value="0"/>
      <Attribute name="summary_nth" value="0"/>
      <Attribute name="summary_type" value="1"/>
      <Attribute name="chartFieldSelect" value="2"/>
      <Attribute name="group_number" value="1"/>
      <Attribute name="group number type" value="0"/>
      <Attribute name="show as percent value" value="false"/>
      <Attribute name="execute on db" value="false"/>
    </Field>
    <Field type="SummaryField" valueType="6">
      <Attribute name="name" value="Sum (T404.LBR5, T404.HEADER1)"/>
      <Reference name="id" type="DatabaseField" refname="T404.LBR5"/>
      <Attribute name="operation" value="0"/>
      <Attribute name="summary_nth" value="0"/>
      <Attribute name="summary_type" value="1"/>
      <Attribute name="chartFieldSelect" value="2"/>
      <Attribute name="group_number" value="1"/>
      <Attribute name="group number type" value="0"/>
      <Attribute name="show as percent value" value="false"/>
      <Attribute name="execute on db" value="false"/>
    </Field>
    <Field type="SummaryField" valueType="6">
      <Attribute name="name" value="Sum (T404.RP5, T404.HEADER1)"/>
      <Reference name="id" type="DatabaseField" refname="T404.RP5"/>
      <Attribute name="operation" value="0"/>
      <Attribute name="summary_nth" value="0"/>
      <Attribute name="summary_type" value="1"/>
      <Attribute name="chartFieldSelect" value="2"/>
      <Attribute name="group_number" value="1"/>
      <Attribute name="group number type" value="0"/>
      <Attribute name="show as percent value" value="false"/>
      <Attribute name="execute on db" value="false"/>
    </Field>
  </SummaryFields>
  <SortFields>
    <Field type="SortField" valueType="11">
      <Attribute name="name" value="T404.KODE"/>
      <Attribute name="shortName" value="KODE"/>
      <Reference name="id" type="DatabaseField" refname="T404.KODE"/>
      <Attribute name="operation" value="0"/>
    </Field>
  </SortFields>
  <GroupNameFields count="3">
    <Field type="GroupNameField" valueType="11">
      <Attribute name="name" value=""/>
      <Attribute name="group number type" value="0"/>
      <Attribute name="group_number" value="0"/>
    </Field>
    <Field type="GroupNameField" valueType="11">
      <Attribute name="name" value=""/>
      <Attribute name="group number type" value="0"/>
      <Attribute name="group_number" value="1"/>
    </Field>
    <Field type="GroupNameField" valueType="11">
      <Attribute name="name" value=""/>
      <Attribute name="group number type" value="0"/>
      <Attribute name="group_number" value="2"/>
    </Field>
  </GroupNameFields>
  <ReportProperties>
    <Attribute name="page width" value="12240"/>
    <Attribute name="page height" value="20160"/>
    <Attribute name="page orientation" value="1"/>
    <Attribute name="page margin left" value="176"/>
    <Attribute name="page margin right" value="113"/>
    <Attribute name="page margin top" value="170"/>
    <Attribute name="page margin bottom" value="170"/>
    <Attribute name="report title" value=""/>
    <Attribute name="report author" value=""/>
    <Attribute name="report keywords" value=""/>
    <Attribute name="report subject" value=""/>
    <Attribute name="report template" value=""/>
    <Attribute name="report comments" value=""/>
    <Attribute name="report last saved" value="14 Jan 2014 01:33:33 GMT"/>
    <Attribute name="report created" value="11 Jul 2005 12:58:07 GMT"/>
    <Attribute name="mailing label type 1" value=""/>
    <Attribute name="mailing label type 2" value=""/>
    <Attribute name="format with multiple columns" value="false"/>
    <Attribute name="mailing label width" value="0"/>
    <Attribute name="mailing label height" value="0"/>
    <Attribute name="mailing label distance vertical" value="0"/>
    <Attribute name="mailing label distance horizontal" value="0"/>
    <Attribute name="across then down" value="false"/>
    <Attribute name="format groups with multiple columns" value="false"/>
    <Attribute name="distinct" value="false"/>
    <Attribute name="show suppressed nodes" value="true"/>
    <Attribute name="ignore filtering" value="false"/>
    <Attribute name="ignore sorting" value="false"/>
    <Attribute name="convert date time" value="2"/>
    <Attribute name="suppress if no rows" value="false"/>
    <Attribute name="convert null values to default" value="false"/>
    <Attribute name="hide PageFooter inside ReportHeader" value="true"/>
    <Attribute name="form print" value="false"/>
    <Attribute name="printing enabled" value="true"/>
    <Attribute name="clipboard enabled" value="true"/>
    <Attribute name="export enabled" value="true"/>
    <Attribute name="group tree visible" value="true"/>
  </ReportProperties>
  <AreaPair type="PageAreaPair" id="0">
    <Area type="PageHeader" count="1">
      <AreaProperties>
        <Attribute name="keep together" value="true"/>
        <Attribute name="hold minimal pagefooter free" value="1"/>
      </AreaProperties>
      <Section type="PageHeader" count="34" width="11951" height="525" id="0">
        <SectionProperties>
          <Attribute name="keep together" value="true"/>
          <Attribute name="hold minimal pagefooter free" value="1"/>
        </SectionProperties>
        <Element type="Box" x2_position="11880" y2_position="231" x_position="120" y_position="0" width="11760" height="3489">
          <CommonProperties>
            <Attribute name="close border on page break" value="false"/>
          </CommonProperties>
          <BoxProperties>
              <LineProperties>
                <Attribute name="id" value="3"/>
              </LineProperties>
          </BoxProperties>
        </Element>
        <Element type="Line" x2_position="2565" y2_position="219" x_position="2565" y_position="0" width="0" height="3477">
          <LineProperties>
            <Attribute name="id" value="3"/>
          </LineProperties>
        </Element>
        <Element type="Line" x2_position="11880" y2_position="480" x_position="120" y_position="480" width="11760" height="0">
          <LineProperties>
            <Attribute name="id" value="0"/>
          </LineProperties>
        </Element>
        <Element type="Line" x2_position="4155" y2_position="219" x_position="4155" y_position="0" width="0" height="3477">
          <LineProperties>
            <Attribute name="id" value="3"/>
          </LineProperties>
        </Element>
        <Element type="Line" x2_position="5610" y2_position="219" x_position="5610" y_position="0" width="0" height="3477">
          <LineProperties>
            <Attribute name="id" value="3"/>
          </LineProperties>
        </Element>
        <Element type="Line" x2_position="6930" y2_position="219" x_position="6930" y_position="0" width="0" height="3477">
          <LineProperties>
            <Attribute name="id" value="3"/>
          </LineProperties>
        </Element>
        <Element type="Line" x2_position="8460" y2_position="219" x_position="8460" y_position="0" width="0" height="3477">
          <LineProperties>
            <Attribute name="id" value="3"/>
          </LineProperties>
        </Element>
        <Element type="Line" x2_position="10020" y2_position="219" x_position="10020" y_position="0" width="0" height="3477">
          <LineProperties>
            <Attribute name="id" value="3"/>
          </LineProperties>
        </Element>
        <Element type="Line" x2_position="3120" y2_position="231" x_position="3120" y_position="240" width="0" height="3249">
          <LineProperties>
            <Attribute name="id" value="3"/>
          </LineProperties>
        </Element>
        <Element type="Line" x2_position="4650" y2_position="231" x_position="4650" y_position="240" width="0" height="3249">
          <LineProperties>
            <Attribute name="id" value="3"/>
          </LineProperties>
        </Element>
        <Element type="Line" x2_position="9060" y2_position="231" x_position="9060" y_position="240" width="0" height="3249">
          <LineProperties>
            <Attribute name="id" value="3"/>
          </LineProperties>
        </Element>
        <Element type="Line" x2_position="7485" y2_position="231" x_position="7485" y_position="240" width="0" height="3249">
          <LineProperties>
            <Attribute name="id" value="3"/>
          </LineProperties>
        </Element>
        <Element type="Line" x2_position="6090" y2_position="231" x_position="6090" y_position="240" width="0" height="3249">
          <LineProperties>
            <Attribute name="id" value="3"/>
          </LineProperties>
        </Element>
        <Element type="Line" x2_position="10620" y2_position="226" x_position="10620" y_position="240" width="0" height="3244">
          <LineProperties>
            <Attribute name="id" value="3"/>
          </LineProperties>
        </Element>
        <Element type="Line" x2_position="11880" y2_position="230" x_position="2565" y_position="230" width="9315" height="0">
          <LineProperties>
            <Attribute name="id" value="0"/>
          </LineProperties>
        </Element>
        <Element type="Text" count="1" x_position="240" y_position="0" width="2280" height="232">
          <CommonProperties>
            <Attribute name="keep together" value="true"/>
            <Attribute name="close border on page break" value="false"/>
          </CommonProperties>
          <Element type="Paragraph" count="1">
            <CommonProperties>
              <Attribute name="horizontal align" value="2"/>
            </CommonProperties>
            <Element type="TextPart">
              <FontProperties>
                <Attribute name="font name" value="Arial Narrow"/>
                <Attribute name="font size" value="160"/>
              </FontProperties>
            <![CDATA[U R A I A N]]>
            </Element>
          </Element>
        </Element>
        <Element type="Text" count="1" x_position="2640" y_position="240" width="480" height="232">
          <CommonProperties>
            <Attribute name="keep together" value="true"/>
            <Attribute name="close border on page break" value="false"/>
          </CommonProperties>
          <Element type="Paragraph" count="1">
            <CommonProperties>
              <Attribute name="horizontal align" value="2"/>
            </CommonProperties>
            <Element type="TextPart">
              <FontProperties>
                <Attribute name="font name" value="Arial Narrow"/>
                <Attribute name="font size" value="160"/>
              </FontProperties>
            <![CDATA[Lbr.]]>
            </Element>
          </Element>
        </Element>
        <Element type="Text" count="1" x_position="3240" y_position="240" width="840" height="232">
          <CommonProperties>
            <Attribute name="keep together" value="true"/>
            <Attribute name="close border on page break" value="false"/>
          </CommonProperties>
          <Element type="Paragraph" count="1">
            <CommonProperties>
              <Attribute name="horizontal align" value="2"/>
            </CommonProperties>
            <Element type="TextPart">
              <FontProperties>
                <Attribute name="font name" value="Arial Narrow"/>
                <Attribute name="font size" value="160"/>
              </FontProperties>
            <![CDATA[Rp.]]>
            </Element>
          </Element>
        </Element>
        <Element type="Text" count="1" x_position="4200" y_position="240" width="360" height="232">
          <CommonProperties>
            <Attribute name="keep together" value="true"/>
            <Attribute name="close border on page break" value="false"/>
          </CommonProperties>
          <Element type="Paragraph" count="1">
            <CommonProperties>
              <Attribute name="horizontal align" value="2"/>
            </CommonProperties>
            <Element type="TextPart">
              <FontProperties>
                <Attribute name="font name" value="Arial Narrow"/>
                <Attribute name="font size" value="160"/>
              </FontProperties>
            <![CDATA[Lbr.]]>
            </Element>
          </Element>
        </Element>
        <Element type="Text" count="1" x_position="4680" y_position="240" width="840" height="232">
          <CommonProperties>
            <Attribute name="keep together" value="true"/>
            <Attribute name="close border on page break" value="false"/>
          </CommonProperties>
          <Element type="Paragraph" count="1">
            <CommonProperties>
              <Attribute name="horizontal align" value="2"/>
            </CommonProperties>
            <Element type="TextPart">
              <FontProperties>
                <Attribute name="font name" value="Arial Narrow"/>
                <Attribute name="font size" value="160"/>
              </FontProperties>
            <![CDATA[Rp.]]>
            </Element>
          </Element>
        </Element>
        <Element type="Text" count="1" x_position="5640" y_position="240" width="360" height="232">
          <CommonProperties>
            <Attribute name="keep together" value="true"/>
            <Attribute name="close border on page break" value="false"/>
          </CommonProperties>
          <Element type="Paragraph" count="1">
            <CommonProperties>
              <Attribute name="horizontal align" value="2"/>
            </CommonProperties>
            <Element type="TextPart">
              <FontProperties>
                <Attribute name="font name" value="Arial Narrow"/>
                <Attribute name="font size" value="160"/>
              </FontProperties>
            <![CDATA[Lbr.]]>
            </Element>
          </Element>
        </Element>
        <Element type="Text" count="1" x_position="6120" y_position="240" width="720" height="232">
          <CommonProperties>
            <Attribute name="keep together" value="true"/>
            <Attribute name="close border on page break" value="false"/>
          </CommonProperties>
          <Element type="Paragraph" count="1">
            <CommonProperties>
              <Attribute name="horizontal align" value="2"/>
            </CommonProperties>
            <Element type="TextPart">
              <FontProperties>
                <Attribute name="font name" value="Arial Narrow"/>
                <Attribute name="font size" value="160"/>
              </FontProperties>
            <![CDATA[Rp.]]>
            </Element>
          </Element>
        </Element>
        <Element type="Text" count="1" x_position="6960" y_position="240" width="480" height="240">
          <CommonProperties>
            <Attribute name="keep together" value="true"/>
            <Attribute name="close border on page break" value="false"/>
          </CommonProperties>
          <Element type="Paragraph" count="1">
            <CommonProperties>
              <Attribute name="horizontal align" value="2"/>
            </CommonProperties>
            <Element type="TextPart">
              <FontProperties>
                <Attribute name="font name" value="Arial Narrow"/>
                <Attribute name="font size" value="160"/>
              </FontProperties>
            <![CDATA[Lbr.]]>
            </Element>
          </Element>
        </Element>
        <Element type="Text" count="1" x_position="7560" y_position="240" width="840" height="232">
          <CommonProperties>
            <Attribute name="keep together" value="true"/>
            <Attribute name="close border on page break" value="false"/>
          </CommonProperties>
          <Element type="Paragraph" count="1">
            <CommonProperties>
              <Attribute name="horizontal align" value="2"/>
            </CommonProperties>
            <Element type="TextPart">
              <FontProperties>
                <Attribute name="font name" value="Arial Narrow"/>
                <Attribute name="font size" value="160"/>
              </FontProperties>
            <![CDATA[Rp.]]>
            </Element>
          </Element>
        </Element>
        <Element type="Text" count="1" x_position="8520" y_position="240" width="480" height="232">
          <CommonProperties>
            <Attribute name="keep together" value="true"/>
            <Attribute name="close border on page break" value="false"/>
          </CommonProperties>
          <Element type="Paragraph" count="1">
            <CommonProperties>
              <Attribute name="horizontal align" value="2"/>
            </CommonProperties>
            <Element type="TextPart">
              <FontProperties>
                <Attribute name="font name" value="Arial Narrow"/>
                <Attribute name="font size" value="160"/>
              </FontProperties>
            <![CDATA[Lbr.]]>
            </Element>
          </Element>
        </Element>
        <Element type="Text" count="1" x_position="9120" y_position="240" width="840" height="232">
          <CommonProperties>
            <Attribute name="keep together" value="true"/>
            <Attribute name="close border on page break" value="false"/>
          </CommonProperties>
          <Element type="Paragraph" count="1">
            <CommonProperties>
              <Attribute name="horizontal align" value="2"/>
            </CommonProperties>
            <Element type="TextPart">
              <FontProperties>
                <Attribute name="font name" value="Arial Narrow"/>
                <Attribute name="font size" value="160"/>
              </FontProperties>
            <![CDATA[Rp.]]>
            </Element>
          </Element>
        </Element>
        <Element type="Text" count="1" x_position="10080" y_position="240" width="480" height="232">
          <CommonProperties>
            <Attribute name="keep together" value="true"/>
            <Attribute name="close border on page break" value="false"/>
          </CommonProperties>
          <Element type="Paragraph" count="1">
            <CommonProperties>
              <Attribute name="horizontal align" value="2"/>
            </CommonProperties>
            <Element type="TextPart">
              <FontProperties>
                <Attribute name="font name" value="Arial Narrow"/>
                <Attribute name="font size" value="160"/>
              </FontProperties>
            <![CDATA[Lbr.]]>
            </Element>
          </Element>
        </Element>
        <Element type="Text" count="1" x_position="10680" y_position="240" width="1080" height="232">
          <CommonProperties>
            <Attribute name="keep together" value="true"/>
            <Attribute name="close border on page break" value="false"/>
          </CommonProperties>
          <Element type="Paragraph" count="1">
            <CommonProperties>
              <Attribute name="horizontal align" value="2"/>
            </CommonProperties>
            <Element type="TextPart">
              <FontProperties>
                <Attribute name="font name" value="Arial Narrow"/>
                <Attribute name="font size" value="160"/>
              </FontProperties>
            <![CDATA[Rp.]]>
            </Element>
          </Element>
        </Element>
        <Element type="Text" count="1" x_position="10080" y_position="0" width="1680" height="232">
          <CommonProperties>
            <Attribute name="keep together" value="true"/>
            <Attribute name="close border on page break" value="false"/>
          </CommonProperties>
          <Element type="Paragraph" count="1">
            <CommonProperties>
              <Attribute name="horizontal align" value="2"/>
            </CommonProperties>
            <Element type="TextPart">
              <FontProperties>
                <Attribute name="font name" value="Arial Narrow"/>
                <Attribute name="font size" value="160"/>
              </FontProperties>
            <![CDATA[JUMLAH]]>
            </Element>
          </Element>
        </Element>
        <Element type="Text" count="1" x_position="8520" y_position="0" width="1440" height="232">
          <CommonProperties>
            <Attribute name="keep together" value="true"/>
            <Attribute name="close border on page break" value="false"/>
          </CommonProperties>
          <Element type="Paragraph" count="1">
            <CommonProperties>
              <Attribute name="horizontal align" value="2"/>
            </CommonProperties>
            <Element type="TextPart">
              <FontProperties>
                <Attribute name="font name" value="Arial Narrow"/>
                <Attribute name="font size" value="160"/>
              </FontProperties>
            <![CDATA[BUMN]]>
            </Element>
          </Element>
        </Element>
        <Element type="Text" count="1" x_position="6960" y_position="0" width="1440" height="240">
          <CommonProperties>
            <Attribute name="keep together" value="true"/>
            <Attribute name="close border on page break" value="false"/>
          </CommonProperties>
          <Element type="Paragraph" count="1">
            <CommonProperties>
              <Attribute name="horizontal align" value="2"/>
            </CommonProperties>
            <Element type="TextPart">
              <FontProperties>
                <Attribute name="font name" value="Arial Narrow"/>
                <Attribute name="font size" value="160"/>
              </FontProperties>
            <![CDATA[PEMDA]]>
            </Element>
          </Element>
        </Element>
        <Element type="Text" count="1" x_position="5640" y_position="0" width="1200" height="232">
          <CommonProperties>
            <Attribute name="keep together" value="true"/>
            <Attribute name="close border on page break" value="false"/>
          </CommonProperties>
          <Element type="Paragraph" count="1">
            <CommonProperties>
              <Attribute name="horizontal align" value="2"/>
            </CommonProperties>
            <Element type="TextPart">
              <FontProperties>
                <Attribute name="font name" value="Arial Narrow"/>
                <Attribute name="font size" value="160"/>
              </FontProperties>
            <![CDATA[INS VERTIKAL]]>
            </Element>
          </Element>
        </Element>
        <Element type="Text" count="1" x_position="4200" y_position="0" width="1320" height="232">
          <CommonProperties>
            <Attribute name="keep together" value="true"/>
            <Attribute name="close border on page break" value="false"/>
          </CommonProperties>
          <Element type="Paragraph" count="1">
            <CommonProperties>
              <Attribute name="horizontal align" value="2"/>
            </CommonProperties>
            <Element type="TextPart">
              <FontProperties>
                <Attribute name="font name" value="Arial Narrow"/>
                <Attribute name="font size" value="160"/>
              </FontProperties>
            <![CDATA[TNI/POLRI]]>
            </Element>
          </Element>
        </Element>
        <Element type="Text" count="1" x_position="2640" y_position="0" width="1440" height="232">
          <CommonProperties>
            <Attribute name="keep together" value="true"/>
            <Attribute name="close border on page break" value="false"/>
          </CommonProperties>
          <Element type="Paragraph" count="1">
            <CommonProperties>
              <Attribute name="horizontal align" value="2"/>
            </CommonProperties>
            <Element type="TextPart">
              <FontProperties>
                <Attribute name="font name" value="Arial Narrow"/>
                <Attribute name="font size" value="160"/>
              </FontProperties>
            <![CDATA[UMUM]]>
            </Element>
          </Element>
        </Element>
      </Section>
    </Area>
    <Area type="PageFooter" count="1">
      <AreaProperties>
        <Attribute name="print at bottom of page" value="true"/>
        <Attribute name="new page after" value="true"/>
        <Attribute name="keep together" value="true"/>
        <Attribute name="hold minimal pagefooter free" value="1"/>
      </AreaProperties>
      <Section type="PageFooter" count="4" width="11951" height="696" id="1">
        <SectionProperties>
          <Attribute name="keep together" value="true"/>
          <Attribute name="hold minimal pagefooter free" value="1"/>
        </SectionProperties>
        <Element type="FieldElement" x_position="12840" y_position="240" width="832" height="232">
          <CommonProperties>
            <Attribute name="keep together" value="true"/>
            <Attribute name="close border on page break" value="false"/>
          </CommonProperties>
          <FontProperties>
            <Attribute name="font name" value="Times New Roman"/>
            <Attribute name="font size" value="200"/>
          </FontProperties>
          <NumberProperties>
            <Attribute name="n decimal places" value="0"/>
            <Attribute name="rounding type" value="11"/>
            <Attribute name="thousand separators symbol" value=","/>
            <Attribute name="decimal separators symbol" value="."/>
            <Attribute name="currency symbol" value=""/>
          </NumberProperties>
          <Reference name="field" type="SpecialVarField" id="17"/>
        </Element>
        <Element type="Text" count="1" x_position="120" y_position="240" width="2640" height="176">
          <CommonProperties>
            <Attribute name="keep together" value="true"/>
            <Attribute name="close border on page break" value="false"/>
          </CommonProperties>
          <Element type="Paragraph" count="3">
            <CommonProperties>
              <Attribute name="horizontal align" value="1"/>
            </CommonProperties>
            <Element type="TextPart">
              <FontProperties>
                <Attribute name="font name" value="Arial Narrow"/>
                <Attribute name="font size" value="140"/>
              </FontProperties>
            <![CDATA[[ Tanggal Cetak :  ]]>
            </Element>
            <Element type="FieldPart">
              <FontProperties>
                <Attribute name="font name" value="Arial Narrow"/>
                <Attribute name="font size" value="140"/>
              </FontProperties>
              <DateProperties>
                <Attribute name="date windows default type" value="2"/>
                <Attribute name="date order" value="1"/>
                <Attribute name="year type" value="1"/>
              </DateProperties>
              <Reference name="field" type="SpecialVarField" id="0"/>
            </Element>
            <Element type="TextPart">
              <FontProperties>
                <Attribute name="font name" value="Arial Narrow"/>
                <Attribute name="font size" value="140"/>
              </FontProperties>
            <![CDATA[ ]]]>
            </Element>
          </Element>
        </Element>
        <Element type="Text" count="1" x_position="120" y_position="480" width="2640" height="176">
          <CommonProperties>
            <Attribute name="keep together" value="true"/>
            <Attribute name="close border on page break" value="false"/>
          </CommonProperties>
          <Element type="Paragraph" count="3">
            <CommonProperties>
              <Attribute name="horizontal align" value="1"/>
            </CommonProperties>
            <Element type="TextPart">
              <FontProperties>
                <Attribute name="font name" value="Arial Narrow"/>
                <Attribute name="font size" value="140"/>
              </FontProperties>
            <![CDATA[[Dicetak Oleh : ]]>
            </Element>
            <Element type="FieldPart">
              <FontProperties>
                <Attribute name="font name" value="Arial Narrow"/>
                <Attribute name="font size" value="140"/>
              </FontProperties>
              <Reference name="field" type="DatabaseField" refname="T404.TEMP1"/>
            </Element>
            <Element type="TextPart">
              <FontProperties>
                <Attribute name="font name" value="Arial Narrow"/>
                <Attribute name="font size" value="140"/>
              </FontProperties>
            <![CDATA[ ]]]>
            </Element>
          </Element>
        </Element>
        <Element type="Text" count="1" x_position="120" y_position="0" width="2640" height="176">
          <CommonProperties>
            <Attribute name="keep together" value="true"/>
            <Attribute name="close border on page break" value="false"/>
          </CommonProperties>
          <Element type="Paragraph" count="1">
            <CommonProperties>
              <Attribute name="horizontal align" value="1"/>
            </CommonProperties>
            <Element type="TextPart">
              <FontProperties>
                <Attribute name="font name" value="Arial Narrow"/>
                <Attribute name="font size" value="140"/>
              </FontProperties>
            <![CDATA[[ Laporan  TUL IV - 04 ]]]>
            </Element>
          </Element>
        </Element>
      </Section>
    </Area>
  </AreaPair>
  <AreaPair type="ReportAreaPair" id="0">
    <Area type="ReportHeader" count="1">
      <AreaProperties>
        <Attribute name="new page before" value="true"/>
        <Attribute name="hold minimal pagefooter free" value="1"/>
      </AreaProperties>
      <Section type="ReportHeader" count="5" width="11951" height="955" id="2">
        <SectionProperties>
          <Attribute name="keep together" value="true"/>
          <Attribute name="hold minimal pagefooter free" value="1"/>
        </SectionProperties>
        <Element type="Text" count="1" x_position="2640" y_position="240" width="6480" height="232">
          <CommonProperties>
            <Attribute name="keep together" value="true"/>
            <Attribute name="close border on page break" value="false"/>
          </CommonProperties>
          <Element type="Paragraph" count="2">
            <CommonProperties>
              <Attribute name="horizontal align" value="2"/>
            </CommonProperties>
            <Element type="TextPart">
              <FontProperties>
                <Attribute name="font name" value="Arial"/>
                <Attribute name="font size" value="200"/>
              </FontProperties>
            <![CDATA[LAPORAN PIUTANG PELANGGAN ]]>
            </Element>
            <Element type="FieldPart">
              <FontProperties>
                <Attribute name="font name" value="Arial"/>
                <Attribute name="font size" value="200"/>
              </FontProperties>
              <Reference name="field" type="DatabaseField" refname="T404.UNSUR"/>
            </Element>
          </Element>
        </Element>
        <Element type="Text" count="1" x_position="2640" y_position="480" width="6480" height="232">
          <CommonProperties>
            <Attribute name="keep together" value="true"/>
            <Attribute name="close border on page break" value="false"/>
          </CommonProperties>
          <Element type="Paragraph" count="2">
            <CommonProperties>
              <Attribute name="horizontal align" value="2"/>
            </CommonProperties>
            <Element type="TextPart">
              <FontProperties>
                <Attribute name="font name" value="Arial"/>
                <Attribute name="font size" value="200"/>
              </FontProperties>
            <![CDATA[BULAN TAHUN ]]>
            </Element>
            <Element type="FieldPart">
              <FontProperties>
                <Attribute name="font name" value="Arial"/>
                <Attribute name="font size" value="200"/>
              </FontProperties>
              <Reference name="field" type="DatabaseField" refname="T404.THBL"/>
            </Element>
          </Element>
        </Element>
        <Element type="Text" count="1" x_position="120" y_position="0" width="4680" height="232">
          <CommonProperties>
            <Attribute name="keep together" value="true"/>
            <Attribute name="close border on page break" value="false"/>
          </CommonProperties>
          <Element type="Paragraph" count="2">
            <CommonProperties>
              <Attribute name="horizontal align" value="1"/>
            </CommonProperties>
            <Element type="TextPart">
              <FontProperties>
                <Attribute name="font name" value="Arial Narrow"/>
                <Attribute name="font size" value="140"/>
              </FontProperties>
            <![CDATA[PT. PLN PERSERO WILAYAH ]]>
            </Element>
            <Element type="FieldPart">
              <FontProperties>
                <Attribute name="font name" value="Arial Narrow"/>
                <Attribute name="font size" value="140"/>
              </FontProperties>
              <Reference name="field" type="PromptVarField" refname="?wilayah"/>
            </Element>
          </Element>
        </Element>
        <Element type="Text" count="1" x_position="120" y_position="240" width="4680" height="232">
          <CommonProperties>
            <Attribute name="keep together" value="true"/>
            <Attribute name="close border on page break" value="false"/>
          </CommonProperties>
          <Element type="Paragraph" count="2">
            <CommonProperties>
              <Attribute name="horizontal align" value="1"/>
            </CommonProperties>
            <Element type="TextPart">
              <FontProperties>
                <Attribute name="font name" value="Arial Narrow"/>
                <Attribute name="font size" value="140"/>
              </FontProperties>
            <![CDATA[CABANG ]]>
            </Element>
            <Element type="FieldPart">
              <FontProperties>
                <Attribute name="font name" value="Arial Narrow"/>
                <Attribute name="font size" value="140"/>
              </FontProperties>
              <Reference name="field" type="PromptVarField" refname="?cabang"/>
            </Element>
          </Element>
        </Element>
        <Element type="Text" count="1" x_position="120" y_position="720" width="4680" height="232">
          <CommonProperties>
            <Attribute name="keep together" value="true"/>
            <Attribute name="close border on page break" value="false"/>
          </CommonProperties>
          <Element type="Paragraph" count="4">
            <CommonProperties>
              <Attribute name="horizontal align" value="1"/>
            </CommonProperties>
            <Element type="TextPart">
              <FontProperties>
                <Attribute name="font name" value="Arial Narrow"/>
                <Attribute name="font size" value="140"/>
              </FontProperties>
            <![CDATA[UNIT : ]]>
            </Element>
            <Element type="FieldPart">
              <FontProperties>
                <Attribute name="font name" value="Arial Narrow"/>
                <Attribute name="font size" value="140"/>
              </FontProperties>
              <Reference name="field" type="DatabaseField" refname="T404.UNIT"/>
            </Element>
            <Element type="TextPart">
              <FontProperties>
                <Attribute name="font name" value="Arial Narrow"/>
                <Attribute name="font size" value="140"/>
              </FontProperties>
            <![CDATA[ - ]]>
            </Element>
            <Element type="FieldPart">
              <FontProperties>
                <Attribute name="font name" value="Arial Narrow"/>
                <Attribute name="font size" value="140"/>
              </FontProperties>
              <Reference name="field" type="PromptVarField" refname="?ranting"/>
            </Element>
          </Element>
        </Element>
      </Section>
    </Area>
    <Area type="ReportFooter" count="1">
      <AreaProperties>
        <Attribute name="new page after" value="true"/>
        <Attribute name="hold minimal pagefooter free" value="1"/>
      </AreaProperties>
      <Section type="ReportFooter" count="1" width="11951" height="232" id="3">
        <SectionProperties>
          <Attribute name="keep together" value="true"/>
          <Attribute name="hold minimal pagefooter free" value="1"/>
        </SectionProperties>
        <Element type="FieldElement" x_position="2640" y_position="0" width="420" height="176">
          <CommonProperties>
            <Attribute name="keep together" value="true"/>
            <Attribute name="close border on page break" value="false"/>
          </CommonProperties>
          <FontProperties>
            <Attribute name="font name" value="Arial Narrow"/>
            <Attribute name="font size" value="140"/>
          </FontProperties>
          <NumberProperties>
            <Attribute name="system default number type" value="2"/>
            <Attribute name="n decimal places" value="0"/>
            <Attribute name="rounding type" value="11"/>
            <Attribute name="thousand separators symbol" value="."/>
            <Attribute name="decimal separators symbol" value=","/>
            <Attribute name="currency symbol" value=""/>
          </NumberProperties>
          <Reference name="field" type="FormulaField" refname="@SA_lbr0"/>
        </Element>
      </Section>
    </Area>
  </AreaPair>
  <AreaPair type="GroupAreaPair" id="1">
    <AreaPairProperties>
      <Reference name="id" type="DatabaseField" refname="T404.HEADER1"/>
      <Reference name="group name" type="GroupNameField" id="0"/>
    </AreaPairProperties>
    <Area type="GroupHeader" count="1">
      <AreaProperties>
        <Attribute name="hold minimal pagefooter free" value="1"/>
      </AreaProperties>
      <Section type="GroupHeader" count="1" width="11951" height="232" id="4">
        <SectionProperties>
          <Attribute name="keep together" value="true"/>
          <Attribute name="hold minimal pagefooter free" value="1"/>
        </SectionProperties>
        <Element type="FieldElement" x_position="255" y_position="0" width="2265" height="232">
          <CommonProperties>
            <Attribute name="horizontal align" value="1"/>
            <Attribute name="keep together" value="true"/>
            <Attribute name="close border on page break" value="false"/>
          </CommonProperties>
          <FontProperties>
            <Attribute name="font name" value="Arial Narrow"/>
            <Attribute name="font size" value="140"/>
          </FontProperties>
          <Reference name="field" type="GroupNameField" id="0"/>
        </Element>
      </Section>
    </Area>
    <Area type="GroupFooter" count="1">
      <AreaProperties>
        <Attribute name="hold minimal pagefooter free" value="1"/>
      </AreaProperties>
      <Section type="GroupFooter" count="15" width="11951" height="255" id="5">
        <SectionProperties>
          <Attribute name="keep together" value="true"/>
          <Attribute name="hold minimal pagefooter free" value="1"/>
        </SectionProperties>
        <Element type="Line" x2_position="11880" y2_position="0" x_position="120" y_position="0" width="11760" height="0">
          <LineProperties>
            <Attribute name="id" value="5"/>
          </LineProperties>
        </Element>
        <Element type="Line" x2_position="11880" y2_position="240" x_position="120" y_position="240" width="11760" height="0">
          <LineProperties>
            <Attribute name="id" value="5"/>
          </LineProperties>
        </Element>
        <Element type="Text" count="1" x_position="240" y_position="0" width="2160" height="232">
          <CommonProperties>
            <Attribute name="keep together" value="true"/>
            <Attribute name="close border on page break" value="false"/>
          </CommonProperties>
          <Element type="Paragraph" count="2">
            <CommonProperties>
              <Attribute name="horizontal align" value="2"/>
            </CommonProperties>
            <Element type="TextPart">
              <FontProperties>
                <Attribute name="font name" value="Arial Narrow"/>
                <Attribute name="font size" value="160"/>
                <Attribute name="font style" value="1"/>
              </FontProperties>
            <![CDATA[JUMLAH ]]>
            </Element>
            <Element type="FieldPart">
              <FontProperties>
                <Attribute name="font name" value="Arial Narrow"/>
                <Attribute name="font size" value="160"/>
                <Attribute name="font style" value="1"/>
              </FontProperties>
              <Reference name="field" type="FormulaField" refname="@angka"/>
            </Element>
          </Element>
        </Element>
        <Element type="FieldElement" x_position="2640" y_position="0" width="420" height="176">
          <CommonProperties>
            <Attribute name="keep together" value="true"/>
            <Attribute name="close border on page break" value="false"/>
          </CommonProperties>
          <FontProperties>
            <Attribute name="font name" value="Arial Narrow"/>
            <Attribute name="font size" value="140"/>
          </FontProperties>
          <NumberProperties>
            <Attribute name="system default number type" value="2"/>
            <Attribute name="n decimal places" value="0"/>
            <Attribute name="rounding type" value="11"/>
            <Attribute name="thousand separators symbol" value="."/>
            <Attribute name="decimal separators symbol" value=","/>
            <Attribute name="currency symbol" value=""/>
          </NumberProperties>
          <Reference name="field" type="FormulaField" refname="@1lbr0"/>
        </Element>
        <Element type="FieldElement" x_position="3120" y_position="0" width="945" height="176">
          <CommonProperties>
            <Attribute name="keep together" value="true"/>
            <Attribute name="close border on page break" value="false"/>
          </CommonProperties>
          <FontProperties>
            <Attribute name="font name" value="Arial Narrow"/>
            <Attribute name="font size" value="140"/>
          </FontProperties>
          <NumberProperties>
            <Attribute name="system default number type" value="2"/>
            <Attribute name="n decimal places" value="0"/>
            <Attribute name="rounding type" value="11"/>
            <Attribute name="thousand separators symbol" value="."/>
            <Attribute name="decimal separators symbol" value=","/>
            <Attribute name="currency symbol" value=""/>
          </NumberProperties>
          <Reference name="field" type="FormulaField" refname="@rp0"/>
        </Element>
        <Element type="FieldElement" x_position="4200" y_position="0" width="378" height="176">
          <CommonProperties>
            <Attribute name="keep together" value="true"/>
            <Attribute name="close border on page break" value="false"/>
          </CommonProperties>
          <FontProperties>
            <Attribute name="font name" value="Arial Narrow"/>
            <Attribute name="font size" value="140"/>
          </FontProperties>
          <NumberProperties>
            <Attribute name="system default number type" value="2"/>
            <Attribute name="n decimal places" value="0"/>
            <Attribute name="rounding type" value="11"/>
            <Attribute name="thousand separators symbol" value="."/>
            <Attribute name="decimal separators symbol" value=","/>
            <Attribute name="currency symbol" value=""/>
          </NumberProperties>
          <Reference name="field" type="FormulaField" refname="@lbr1"/>
        </Element>
        <Element type="FieldElement" x_position="4680" y_position="0" width="840" height="176">
          <CommonProperties>
            <Attribute name="keep together" value="true"/>
            <Attribute name="close border on page break" value="false"/>
          </CommonProperties>
          <FontProperties>
            <Attribute name="font name" value="Arial Narrow"/>
            <Attribute name="font size" value="140"/>
          </FontProperties>
          <NumberProperties>
            <Attribute name="system default number type" value="2"/>
            <Attribute name="n decimal places" value="0"/>
            <Attribute name="rounding type" value="11"/>
            <Attribute name="thousand separators symbol" value="."/>
            <Attribute name="decimal separators symbol" value=","/>
            <Attribute name="currency symbol" value=""/>
          </NumberProperties>
          <Reference name="field" type="FormulaField" refname="@rp1"/>
        </Element>
        <Element type="FieldElement" x_position="5640" y_position="0" width="357" height="176">
          <CommonProperties>
            <Attribute name="keep together" value="true"/>
            <Attribute name="close border on page break" value="false"/>
          </CommonProperties>
          <FontProperties>
            <Attribute name="font name" value="Arial Narrow"/>
            <Attribute name="font size" value="140"/>
          </FontProperties>
          <NumberProperties>
            <Attribute name="system default number type" value="2"/>
            <Attribute name="n decimal places" value="0"/>
            <Attribute name="rounding type" value="11"/>
            <Attribute name="thousand separators symbol" value="."/>
            <Attribute name="decimal separators symbol" value=","/>
            <Attribute name="currency symbol" value=""/>
          </NumberProperties>
          <Reference name="field" type="FormulaField" refname="@lbr2"/>
        </Element>
        <Element type="FieldElement" x_position="6120" y_position="0" width="735" height="176">
          <CommonProperties>
            <Attribute name="keep together" value="true"/>
            <Attribute name="close border on page break" value="false"/>
          </CommonProperties>
          <FontProperties>
            <Attribute name="font name" value="Arial Narrow"/>
            <Attribute name="font size" value="140"/>
          </FontProperties>
          <NumberProperties>
            <Attribute name="system default number type" value="2"/>
            <Attribute name="n decimal places" value="0"/>
            <Attribute name="rounding type" value="11"/>
            <Attribute name="thousand separators symbol" value="."/>
            <Attribute name="decimal separators symbol" value=","/>
            <Attribute name="currency symbol" value=""/>
          </NumberProperties>
          <Reference name="field" type="FormulaField" refname="@rp2"/>
        </Element>
        <Element type="FieldElement" x_position="6960" y_position="0" width="420" height="176">
          <CommonProperties>
            <Attribute name="keep together" value="true"/>
            <Attribute name="close border on page break" value="false"/>
          </CommonProperties>
          <FontProperties>
            <Attribute name="font name" value="Arial Narrow"/>
            <Attribute name="font size" value="140"/>
          </FontProperties>
          <NumberProperties>
            <Attribute name="system default number type" value="2"/>
            <Attribute name="n decimal places" value="0"/>
            <Attribute name="rounding type" value="11"/>
            <Attribute name="thousand separators symbol" value="."/>
            <Attribute name="decimal separators symbol" value=","/>
            <Attribute name="currency symbol" value=""/>
          </NumberProperties>
          <Reference name="field" type="FormulaField" refname="@lbr3"/>
        </Element>
        <Element type="FieldElement" x_position="7560" y_position="0" width="855" height="176">
          <CommonProperties>
            <Attribute name="keep together" value="true"/>
            <Attribute name="close border on page break" value="false"/>
          </CommonProperties>
          <FontProperties>
            <Attribute name="font name" value="Arial Narrow"/>
            <Attribute name="font size" value="140"/>
          </FontProperties>
          <NumberProperties>
            <Attribute name="system default number type" value="2"/>
            <Attribute name="n decimal places" value="0"/>
            <Attribute name="rounding type" value="11"/>
            <Attribute name="thousand separators symbol" value="."/>
            <Attribute name="decimal separators symbol" value=","/>
            <Attribute name="currency symbol" value=""/>
          </NumberProperties>
          <Reference name="field" type="FormulaField" refname="@rp3"/>
        </Element>
        <Element type="FieldElement" x_position="8520" y_position="0" width="435" height="176">
          <CommonProperties>
            <Attribute name="keep together" value="true"/>
            <Attribute name="close border on page break" value="false"/>
          </CommonProperties>
          <FontProperties>
            <Attribute name="font name" value="Arial Narrow"/>
            <Attribute name="font size" value="140"/>
          </FontProperties>
          <NumberProperties>
            <Attribute name="system default number type" value="2"/>
            <Attribute name="n decimal places" value="0"/>
            <Attribute name="rounding type" value="11"/>
            <Attribute name="thousand separators symbol" value="."/>
            <Attribute name="decimal separators symbol" value=","/>
            <Attribute name="currency symbol" value=""/>
          </NumberProperties>
          <Reference name="field" type="FormulaField" refname="@lbr4"/>
        </Element>
        <Element type="FieldElement" x_position="9120" y_position="0" width="870" height="176">
          <CommonProperties>
            <Attribute name="keep together" value="true"/>
            <Attribute name="close border on page break" value="false"/>
          </CommonProperties>
          <FontProperties>
            <Attribute name="font name" value="Arial Narrow"/>
            <Attribute name="font size" value="140"/>
          </FontProperties>
          <NumberProperties>
            <Attribute name="system default number type" value="2"/>
            <Attribute name="n decimal places" value="0"/>
            <Attribute name="rounding type" value="11"/>
            <Attribute name="thousand separators symbol" value="."/>
            <Attribute name="decimal separators symbol" value=","/>
            <Attribute name="currency symbol" value=""/>
          </NumberProperties>
          <Reference name="field" type="FormulaField" refname="@rp4"/>
        </Element>
        <Element type="FieldElement" x_position="10080" y_position="0" width="525" height="176">
          <CommonProperties>
            <Attribute name="keep together" value="true"/>
            <Attribute name="close border on page break" value="false"/>
          </CommonProperties>
          <FontProperties>
            <Attribute name="font name" value="Arial Narrow"/>
            <Attribute name="font size" value="140"/>
          </FontProperties>
          <NumberProperties>
            <Attribute name="system default number type" value="2"/>
            <Attribute name="n decimal places" value="0"/>
            <Attribute name="rounding type" value="11"/>
            <Attribute name="thousand separators symbol" value="."/>
            <Attribute name="decimal separators symbol" value=","/>
            <Attribute name="currency symbol" value=""/>
          </NumberProperties>
          <Reference name="field" type="FormulaField" refname="@lbr5"/>
        </Element>
        <Element type="FieldElement" x_position="10680" y_position="0" width="1053" height="176">
          <CommonProperties>
            <Attribute name="keep together" value="true"/>
            <Attribute name="close border on page break" value="false"/>
          </CommonProperties>
          <FontProperties>
            <Attribute name="font name" value="Arial Narrow"/>
            <Attribute name="font size" value="140"/>
          </FontProperties>
          <NumberProperties>
            <Attribute name="system default number type" value="2"/>
            <Attribute name="n decimal places" value="0"/>
            <Attribute name="rounding type" value="11"/>
            <Attribute name="thousand separators symbol" value="."/>
            <Attribute name="decimal separators symbol" value=","/>
            <Attribute name="currency symbol" value=""/>
          </NumberProperties>
          <Reference name="field" type="FormulaField" refname="@rp5"/>
        </Element>
      </Section>
    </Area>
  </AreaPair>
  <AreaPair type="GroupAreaPair" id="2">
    <AreaPairProperties>
      <Reference name="id" type="DatabaseField" refname="T404.HEADER2"/>
      <Reference name="group name" type="GroupNameField" id="1"/>
    </AreaPairProperties>
    <Area type="GroupHeader" count="1">
      <AreaProperties>
        <Attribute name="hold minimal pagefooter free" value="1"/>
      </AreaProperties>
      <Section type="GroupHeader" count="1" width="11951" height="238" id="6">
        <SectionProperties>
          <Attribute name="keep together" value="true"/>
          <Attribute name="hold minimal pagefooter free" value="1"/>
        </SectionProperties>
        <Element type="FieldElement" x_position="240" y_position="0" width="2280" height="238">
          <CommonProperties>
            <Attribute name="horizontal align" value="1"/>
            <Attribute name="keep together" value="true"/>
            <Attribute name="close border on page break" value="false"/>
          </CommonProperties>
          <FontProperties>
            <Attribute name="font name" value="Arial Narrow"/>
            <Attribute name="font size" value="140"/>
          </FontProperties>
          <Reference name="field" type="GroupNameField" id="1"/>
        </Element>
      </Section>
    </Area>
    <Area type="GroupFooter" count="1">
      <AreaProperties>
        <Attribute name="hold minimal pagefooter free" value="1"/>
      </AreaProperties>
      <Section type="GroupFooter" count="0" width="11951" height="0" id="7">
        <SectionProperties>
          <Attribute name="drill down" value="true"/>
          <Attribute name="suppress" value="true"/>
          <Attribute name="keep together" value="true"/>
          <Attribute name="hold minimal pagefooter free" value="1"/>
        </SectionProperties>
      </Section>
    </Area>
  </AreaPair>
  <AreaPair type="GroupAreaPair" id="3">
    <AreaPairProperties>
      <Reference name="id" type="DatabaseField" refname="T404.HEADER3"/>
      <Reference name="group name" type="GroupNameField" id="2"/>
    </AreaPairProperties>
    <Area type="GroupHeader" count="1">
      <AreaProperties>
        <Attribute name="hold minimal pagefooter free" value="1"/>
      </AreaProperties>
      <Section type="GroupHeader" count="1" width="11951" height="232" id="8">
        <SectionProperties>
          <Attribute name="keep together" value="true"/>
          <Attribute name="hold minimal pagefooter free" value="1"/>
        </SectionProperties>
        <Element type="FieldElement" x_position="240" y_position="0" width="2280" height="232">
          <CommonProperties>
            <Attribute name="horizontal align" value="1"/>
            <Attribute name="keep together" value="true"/>
            <Attribute name="close border on page break" value="false"/>
          </CommonProperties>
          <FontProperties>
            <Attribute name="font name" value="Arial Narrow"/>
            <Attribute name="font size" value="140"/>
          </FontProperties>
          <Reference name="field" type="GroupNameField" id="2"/>
        </Element>
      </Section>
    </Area>
    <Area type="GroupFooter" count="1">
      <AreaProperties>
        <Attribute name="hold minimal pagefooter free" value="1"/>
      </AreaProperties>
      <Section type="GroupFooter" count="0" width="11951" height="0" id="9">
        <SectionProperties>
          <Attribute name="drill down" value="true"/>
          <Attribute name="suppress" value="true"/>
          <Attribute name="keep together" value="true"/>
          <Attribute name="hold minimal pagefooter free" value="1"/>
        </SectionProperties>
      </Section>
    </Area>
  </AreaPair>
  <AreaPair type="DetailArea" id="4">
    <Area type="Detail" count="1">
      <AreaProperties>
        <Attribute name="hold minimal pagefooter free" value="1"/>
      </AreaProperties>
      <Section type="Detail" count="13" width="11951" height="176" id="10">
        <SectionProperties>
          <Attribute name="keep together" value="true"/>
          <Attribute name="hold minimal pagefooter free" value="1"/>
        </SectionProperties>
        <Element type="FieldElement" x_position="2640" y_position="0" width="420" height="176">
          <CommonProperties>
            <Attribute name="keep together" value="true"/>
            <Attribute name="close border on page break" value="false"/>
          </CommonProperties>
          <FontProperties>
            <Attribute name="font name" value="Arial Narrow"/>
            <Attribute name="font size" value="140"/>
          </FontProperties>
          <NumberProperties>
            <Attribute name="system default number type" value="2"/>
            <Attribute name="n decimal places" value="0"/>
            <Attribute name="rounding type" value="11"/>
            <Attribute name="thousand separators symbol" value="."/>
            <Attribute name="decimal separators symbol" value=","/>
            <Attribute name="currency symbol" value=""/>
          </NumberProperties>
          <Reference name="field" type="DatabaseField" refname="T404.LBR0"/>
        </Element>
        <Element type="FieldElement" x_position="3120" y_position="0" width="945" height="176">
          <CommonProperties>
            <Attribute name="keep together" value="true"/>
            <Attribute name="close border on page break" value="false"/>
          </CommonProperties>
          <FontProperties>
            <Attribute name="font name" value="Arial Narrow"/>
            <Attribute name="font size" value="140"/>
          </FontProperties>
          <NumberProperties>
            <Attribute name="system default number type" value="2"/>
            <Attribute name="n decimal places" value="0"/>
            <Attribute name="rounding type" value="11"/>
            <Attribute name="thousand separators symbol" value="."/>
            <Attribute name="decimal separators symbol" value=","/>
            <Attribute name="currency symbol" value=""/>
          </NumberProperties>
          <Reference name="field" type="DatabaseField" refname="T404.RP0"/>
        </Element>
        <Element type="FieldElement" x_position="4200" y_position="0" width="378" height="176">
          <CommonProperties>
            <Attribute name="keep together" value="true"/>
            <Attribute name="close border on page break" value="false"/>
          </CommonProperties>
          <FontProperties>
            <Attribute name="font name" value="Arial Narrow"/>
            <Attribute name="font size" value="140"/>
          </FontProperties>
          <NumberProperties>
            <Attribute name="system default number type" value="2"/>
            <Attribute name="n decimal places" value="0"/>
            <Attribute name="rounding type" value="11"/>
            <Attribute name="thousand separators symbol" value="."/>
            <Attribute name="decimal separators symbol" value=","/>
            <Attribute name="currency symbol" value=""/>
          </NumberProperties>
          <Reference name="field" type="DatabaseField" refname="T404.LBR1"/>
        </Element>
        <Element type="FieldElement" x_position="4680" y_position="0" width="840" height="176">
          <CommonProperties>
            <Attribute name="keep together" value="true"/>
            <Attribute name="close border on page break" value="false"/>
          </CommonProperties>
          <FontProperties>
            <Attribute name="font name" value="Arial Narrow"/>
            <Attribute name="font size" value="140"/>
          </FontProperties>
          <NumberProperties>
            <Attribute name="system default number type" value="2"/>
            <Attribute name="n decimal places" value="0"/>
            <Attribute name="rounding type" value="11"/>
            <Attribute name="thousand separators symbol" value="."/>
            <Attribute name="decimal separators symbol" value=","/>
            <Attribute name="currency symbol" value=""/>
          </NumberProperties>
          <Reference name="field" type="DatabaseField" refname="T404.RP1"/>
        </Element>
        <Element type="FieldElement" x_position="5640" y_position="0" width="357" height="176">
          <CommonProperties>
            <Attribute name="keep together" value="true"/>
            <Attribute name="close border on page break" value="false"/>
          </CommonProperties>
          <FontProperties>
            <Attribute name="font name" value="Arial Narrow"/>
            <Attribute name="font size" value="140"/>
          </FontProperties>
          <NumberProperties>
            <Attribute name="system default number type" value="2"/>
            <Attribute name="n decimal places" value="0"/>
            <Attribute name="rounding type" value="11"/>
            <Attribute name="thousand separators symbol" value="."/>
            <Attribute name="decimal separators symbol" value=","/>
            <Attribute name="currency symbol" value=""/>
          </NumberProperties>
          <Reference name="field" type="DatabaseField" refname="T404.LBR2"/>
        </Element>
        <Element type="FieldElement" x_position="6120" y_position="0" width="735" height="176">
          <CommonProperties>
            <Attribute name="keep together" value="true"/>
            <Attribute name="close border on page break" value="false"/>
          </CommonProperties>
          <FontProperties>
            <Attribute name="font name" value="Arial Narrow"/>
            <Attribute name="font size" value="140"/>
          </FontProperties>
          <NumberProperties>
            <Attribute name="system default number type" value="2"/>
            <Attribute name="n decimal places" value="0"/>
            <Attribute name="rounding type" value="11"/>
            <Attribute name="thousand separators symbol" value="."/>
            <Attribute name="decimal separators symbol" value=","/>
            <Attribute name="currency symbol" value=""/>
          </NumberProperties>
          <Reference name="field" type="DatabaseField" refname="T404.RP2"/>
        </Element>
        <Element type="FieldElement" x_position="6960" y_position="0" width="420" height="176">
          <CommonProperties>
            <Attribute name="keep together" value="true"/>
            <Attribute name="close border on page break" value="false"/>
          </CommonProperties>
          <FontProperties>
            <Attribute name="font name" value="Arial Narrow"/>
            <Attribute name="font size" value="140"/>
          </FontProperties>
          <NumberProperties>
            <Attribute name="system default number type" value="2"/>
            <Attribute name="n decimal places" value="0"/>
            <Attribute name="rounding type" value="11"/>
            <Attribute name="thousand separators symbol" value="."/>
            <Attribute name="decimal separators symbol" value=","/>
            <Attribute name="currency symbol" value=""/>
          </NumberProperties>
          <Reference name="field" type="DatabaseField" refname="T404.LBR3"/>
        </Element>
        <Element type="FieldElement" x_position="7560" y_position="0" width="855" height="176">
          <CommonProperties>
            <Attribute name="keep together" value="true"/>
            <Attribute name="close border on page break" value="false"/>
          </CommonProperties>
          <FontProperties>
            <Attribute name="font name" value="Arial Narrow"/>
            <Attribute name="font size" value="140"/>
          </FontProperties>
          <NumberProperties>
            <Attribute name="system default number type" value="2"/>
            <Attribute name="n decimal places" value="0"/>
            <Attribute name="rounding type" value="11"/>
            <Attribute name="thousand separators symbol" value="."/>
            <Attribute name="decimal separators symbol" value=","/>
            <Attribute name="currency symbol" value=""/>
          </NumberProperties>
          <Reference name="field" type="DatabaseField" refname="T404.RP3"/>
        </Element>
        <Element type="FieldElement" x_position="8520" y_position="0" width="435" height="176">
          <CommonProperties>
            <Attribute name="keep together" value="true"/>
            <Attribute name="close border on page break" value="false"/>
          </CommonProperties>
          <FontProperties>
            <Attribute name="font name" value="Arial Narrow"/>
            <Attribute name="font size" value="140"/>
          </FontProperties>
          <NumberProperties>
            <Attribute name="system default number type" value="2"/>
            <Attribute name="n decimal places" value="0"/>
            <Attribute name="rounding type" value="11"/>
            <Attribute name="thousand separators symbol" value="."/>
            <Attribute name="decimal separators symbol" value=","/>
            <Attribute name="currency symbol" value=""/>
          </NumberProperties>
          <Reference name="field" type="DatabaseField" refname="T404.LBR4"/>
        </Element>
        <Element type="FieldElement" x_position="9120" y_position="0" width="870" height="176">
          <CommonProperties>
            <Attribute name="keep together" value="true"/>
            <Attribute name="close border on page break" value="false"/>
          </CommonProperties>
          <FontProperties>
            <Attribute name="font name" value="Arial Narrow"/>
            <Attribute name="font size" value="140"/>
          </FontProperties>
          <NumberProperties>
            <Attribute name="system default number type" value="2"/>
            <Attribute name="n decimal places" value="0"/>
            <Attribute name="rounding type" value="11"/>
            <Attribute name="thousand separators symbol" value="."/>
            <Attribute name="decimal separators symbol" value=","/>
            <Attribute name="currency symbol" value=""/>
          </NumberProperties>
          <Reference name="field" type="DatabaseField" refname="T404.RP4"/>
        </Element>
        <Element type="FieldElement" x_position="10080" y_position="0" width="525" height="176">
          <CommonProperties>
            <Attribute name="keep together" value="true"/>
            <Attribute name="close border on page break" value="false"/>
          </CommonProperties>
          <FontProperties>
            <Attribute name="font name" value="Arial Narrow"/>
            <Attribute name="font size" value="140"/>
          </FontProperties>
          <NumberProperties>
            <Attribute name="system default number type" value="2"/>
            <Attribute name="n decimal places" value="0"/>
            <Attribute name="rounding type" value="11"/>
            <Attribute name="thousand separators symbol" value="."/>
            <Attribute name="decimal separators symbol" value=","/>
            <Attribute name="currency symbol" value=""/>
          </NumberProperties>
          <Reference name="field" type="DatabaseField" refname="T404.LBR5"/>
        </Element>
        <Element type="FieldElement" x_position="10680" y_position="0" width="1053" height="176">
          <CommonProperties>
            <Attribute name="keep together" value="true"/>
            <Attribute name="close border on page break" value="false"/>
          </CommonProperties>
          <FontProperties>
            <Attribute name="font name" value="Arial Narrow"/>
            <Attribute name="font size" value="140"/>
          </FontProperties>
          <NumberProperties>
            <Attribute name="system default number type" value="2"/>
            <Attribute name="n decimal places" value="0"/>
            <Attribute name="rounding type" value="11"/>
            <Attribute name="thousand separators symbol" value="."/>
            <Attribute name="decimal separators symbol" value=","/>
            <Attribute name="currency symbol" value=""/>
          </NumberProperties>
          <Reference name="field" type="DatabaseField" refname="T404.RP5"/>
        </Element>
        <Element type="FieldElement" x_position="570" y_position="0" width="1920" height="176">
          <CommonProperties>
            <Attribute name="horizontal align" value="1"/>
            <Attribute name="keep together" value="true"/>
            <Attribute name="close border on page break" value="false"/>
          </CommonProperties>
          <FontProperties>
            <Attribute name="font name" value="Arial Narrow"/>
            <Attribute name="font size" value="140"/>
          </FontProperties>
          <Reference name="field" type="DatabaseField" refname="T404.HEADER4"/>
        </Element>
      </Section>
    </Area>
  </AreaPair>
</inet:Report>
