<?xml version="1.0" encoding="UTF-8" standalone="yes" ?>

<inet:Report xmlns:inet="http://www.inetsoftware.de" major_version="10" minor_version="0" major_xml_version="8" minor_xml_version="2" count="3" id="0">
    <Datasource>
      <DataSourceConfiguration name="adoplus.dll">
      </DataSourceConfiguration>
      <Tablesource alias="VIEW_REPORT_21UPLOAD_GAGALDPP" databaseIdentifier="VIEW_REPORT_21UPLOAD_GAGALDPP">
        <Column name="TGLCETAK" type="15" />
        <Column name="TANGGAL" type="11" />
        <Column name="WKTBAYAR" type="11" />
        <Column name="KDPP" type="11" />
        <Column name="IDPEL" type="11" />
        <Column name="BLTH" type="11" />
        <Column name="NOREK" type="11" />
        <Column name="TGLTRANSAKSI" type="15" />
        <Column name="RPTAG" type="6" />
        <Column name="RPBK" type="6" />
        <Column name="RPBK_DPP" type="6" />
        <Column name="KODEGAGAL" type="6" />
        <Column name="KDGERAKKELUAR_DPP" type="11" />
        <Column name="TGLBAYAR_DPP" type="11" />
        <Column name="KDPP_DPP" type="11" />
      </Tablesource>
    </Datasource>
  <Database>
    <QueryChanges mask="0" count="2">
      <Attribute name="queryChange" value="null"/>
      <Attribute name="queryChange" value="null"/>
    </QueryChanges>
  </Database>
  <FormulaFields>
  </FormulaFields>
  <PromptFields>
    <Field type="PromptVarField" valueType="11">
      <Attribute name="name" value="wilayah"/>
      <Attribute name="allow_multiple_values" value="false"/>
      <Attribute name="discrete_or_range" value="0"/>
      <Attribute name="allow editing" value="true"/>
      <Attribute name="description_only" value="false"/>
      <Attribute name="edit mask" value=""/>
      <Attribute name="prompt_text" value=""/>
      <Attribute name="use_range" value="false"/>
    </Field>
    <Field type="PromptVarField" valueType="11">
      <Attribute name="name" value="cabang"/>
      <Attribute name="allow_multiple_values" value="false"/>
      <Attribute name="discrete_or_range" value="0"/>
      <Attribute name="allow editing" value="true"/>
      <Attribute name="description_only" value="false"/>
      <Attribute name="edit mask" value=""/>
      <Attribute name="prompt_text" value=""/>
      <Attribute name="use_range" value="false"/>
    </Field>
    <Field type="PromptVarField" valueType="11">
      <Attribute name="name" value="ranting"/>
      <Attribute name="allow_multiple_values" value="false"/>
      <Attribute name="discrete_or_range" value="0"/>
      <Attribute name="allow editing" value="true"/>
      <Attribute name="description_only" value="false"/>
      <Attribute name="edit mask" value=""/>
      <Attribute name="prompt_text" value=""/>
      <Attribute name="use_range" value="false"/>
    </Field>
    <Field type="PromptVarField" valueType="11">
      <Attribute name="name" value="alamat"/>
      <Attribute name="allow_multiple_values" value="false"/>
      <Attribute name="discrete_or_range" value="0"/>
      <Attribute name="allow editing" value="true"/>
      <Attribute name="description_only" value="false"/>
      <Attribute name="edit mask" value=""/>
      <Attribute name="prompt_text" value=""/>
      <Attribute name="use_range" value="false"/>
    </Field>
    <Field type="PromptVarField" valueType="11">
      <Attribute name="name" value="petugascetak"/>
      <Attribute name="allow_multiple_values" value="false"/>
      <Attribute name="discrete_or_range" value="0"/>
      <Attribute name="allow editing" value="true"/>
      <Attribute name="description_only" value="false"/>
      <Attribute name="edit mask" value=""/>
      <Attribute name="prompt_text" value=""/>
      <Attribute name="use_range" value="false"/>
    </Field>
    <Field type="PromptVarField" valueType="11">
      <Attribute name="name" value="bulantahun"/>
      <Attribute name="allow_multiple_values" value="false"/>
      <Attribute name="discrete_or_range" value="0"/>
      <Attribute name="allow editing" value="true"/>
      <Attribute name="description_only" value="false"/>
      <Attribute name="edit mask" value=""/>
      <Attribute name="prompt_text" value=""/>
      <Attribute name="use_range" value="false"/>
    </Field>
    <Field type="PromptVarField" valueType="11">
      <Attribute name="name" value="tanggal"/>
      <Attribute name="allow_multiple_values" value="false"/>
      <Attribute name="discrete_or_range" value="0"/>
      <Attribute name="allow editing" value="true"/>
      <Attribute name="description_only" value="false"/>
      <Attribute name="edit mask" value=""/>
      <Attribute name="prompt_text" value=""/>
      <Attribute name="use_range" value="false"/>
    </Field>
    <Field type="PromptVarField" valueType="11">
      <Attribute name="name" value="tanggalend"/>
      <Attribute name="allow_multiple_values" value="false"/>
      <Attribute name="discrete_or_range" value="0"/>
      <Attribute name="allow editing" value="true"/>
      <Attribute name="description_only" value="false"/>
      <Attribute name="edit mask" value=""/>
      <Attribute name="prompt_text" value=""/>
      <Attribute name="use_range" value="false"/>
    </Field>
  </PromptFields>
  <SQLFields>
  </SQLFields>
  <SummaryFields>
  </SummaryFields>
  <SortFields>
  </SortFields>
  <GroupNameFields count="0">
  </GroupNameFields>
  <ReportProperties>
    <Attribute name="page width" value="15840"/>
    <Attribute name="page height" value="12240"/>
    <Attribute name="page orientation" value="2"/>
    <Attribute name="page margin left" value="187"/>
    <Attribute name="page margin right" value="187"/>
    <Attribute name="page margin top" value="357"/>
    <Attribute name="page margin bottom" value="187"/>
    <Attribute name="report title" value=""/>
    <Attribute name="report author" value=""/>
    <Attribute name="report keywords" value=""/>
    <Attribute name="report subject" value=""/>
    <Attribute name="report template" value=""/>
    <Attribute name="report comments" value=""/>
    <Attribute name="report last saved" value="13 Jan 2014 23:15:03 GMT"/>
    <Attribute name="report created" value="15 Feb 2004 17:33:40 GMT"/>
    <Attribute name="mailing label type 1" value=""/>
    <Attribute name="mailing label type 2" value=""/>
    <Attribute name="format with multiple columns" value="false"/>
    <Attribute name="mailing label width" value="0"/>
    <Attribute name="mailing label height" value="0"/>
    <Attribute name="mailing label distance vertical" value="0"/>
    <Attribute name="mailing label distance horizontal" value="0"/>
    <Attribute name="across then down" value="false"/>
    <Attribute name="format groups with multiple columns" value="false"/>
    <Attribute name="distinct" value="false"/>
    <Attribute name="show suppressed nodes" value="true"/>
    <Attribute name="ignore filtering" value="false"/>
    <Attribute name="ignore sorting" value="false"/>
    <Attribute name="convert date time" value="2"/>
    <Attribute name="suppress if no rows" value="false"/>
    <Attribute name="convert null values to default" value="false"/>
    <Attribute name="hide PageFooter inside ReportHeader" value="true"/>
    <Attribute name="form print" value="false"/>
    <Attribute name="printing enabled" value="true"/>
    <Attribute name="clipboard enabled" value="true"/>
    <Attribute name="export enabled" value="true"/>
    <Attribute name="group tree visible" value="true"/>
  </ReportProperties>
  <AreaPair type="PageAreaPair" id="0">
    <Area type="PageHeader" count="1">
      <AreaProperties>
        <Attribute name="keep together" value="true"/>
        <Attribute name="hold minimal pagefooter free" value="1"/>
      </AreaProperties>
      <Section type="PageHeader" count="26" width="15466" height="2583" id="0">
        <SectionProperties>
          <Attribute name="keep together" value="true"/>
          <Attribute name="hold minimal pagefooter free" value="1"/>
        </SectionProperties>
        <Element type="Line" x2_position="15360" y2_position="1792" x_position="68" y_position="1792" width="15292" height="0">
          <LineProperties>
            <Attribute name="style" value="4"/>
            <Attribute name="line width" value="0"/>
            <Attribute name="id" value="0"/>
          </LineProperties>
        </Element>
        <Element type="Line" x2_position="15364" y2_position="2508" x_position="68" y_position="2508" width="15296" height="0">
          <LineProperties>
            <Attribute name="style" value="4"/>
            <Attribute name="line width" value="0"/>
            <Attribute name="id" value="0"/>
          </LineProperties>
        </Element>
        <Element type="Line" x2_position="13600" y2_position="2132" x_position="2040" y_position="2132" width="11560" height="0">
          <LineProperties>
            <Attribute name="style" value="4"/>
            <Attribute name="line width" value="0"/>
            <Attribute name="id" value="0"/>
          </LineProperties>
        </Element>
        <Element type="Text" count="1" x_position="5372" y_position="2176" width="1292" height="232">
          <CommonProperties>
            <Attribute name="keep together" value="true"/>
            <Attribute name="close border on page break" value="false"/>
          </CommonProperties>
          <Element type="Paragraph" count="1">
            <CommonProperties>
              <Attribute name="horizontal align" value="3"/>
            </CommonProperties>
            <Element type="TextPart">
              <FontProperties>
                <Attribute name="font name" value="Times New Roman"/>
              </FontProperties>
            <![CDATA[RpTagihan]]>
            </Element>
          </Element>
        </Element>
        <Element type="Text" count="1" x_position="6732" y_position="2176" width="1156" height="232">
          <CommonProperties>
            <Attribute name="keep together" value="true"/>
            <Attribute name="close border on page break" value="false"/>
          </CommonProperties>
          <Element type="Paragraph" count="1">
            <CommonProperties>
              <Attribute name="horizontal align" value="3"/>
            </CommonProperties>
            <Element type="TextPart">
              <FontProperties>
                <Attribute name="font name" value="Times New Roman"/>
              </FontProperties>
            <![CDATA[RpBK]]>
            </Element>
          </Element>
        </Element>
        <Element type="Text" count="1" x_position="680" y_position="2176" width="1280" height="232">
          <CommonProperties>
            <Attribute name="keep together" value="true"/>
            <Attribute name="close border on page break" value="false"/>
          </CommonProperties>
          <Element type="Paragraph" count="1">
            <CommonProperties>
              <Attribute name="horizontal align" value="2"/>
            </CommonProperties>
            <Element type="TextPart">
              <FontProperties>
                <Attribute name="font name" value="Times New Roman"/>
              </FontProperties>
            <![CDATA[TglLunas]]>
            </Element>
          </Element>
        </Element>
        <Element type="Text" count="1" x_position="3808" y_position="2176" width="680" height="232">
          <CommonProperties>
            <Attribute name="keep together" value="true"/>
            <Attribute name="close border on page break" value="false"/>
          </CommonProperties>
          <Element type="Paragraph" count="1">
            <CommonProperties>
              <Attribute name="horizontal align" value="2"/>
            </CommonProperties>
            <Element type="TextPart">
              <FontProperties>
                <Attribute name="font name" value="Times New Roman"/>
              </FontProperties>
            <![CDATA[BlTh]]>
            </Element>
          </Element>
        </Element>
        <Element type="Text" count="1" x_position="68" y_position="2176" width="512" height="232">
          <CommonProperties>
            <Attribute name="keep together" value="true"/>
            <Attribute name="close border on page break" value="false"/>
          </CommonProperties>
          <Element type="Paragraph" count="1">
            <CommonProperties>
              <Attribute name="horizontal align" value="2"/>
            </CommonProperties>
            <Element type="TextPart">
              <FontProperties>
                <Attribute name="font name" value="Times New Roman"/>
              </FontProperties>
            <![CDATA[No]]>
            </Element>
          </Element>
        </Element>
        <Element type="Text" count="1" x_position="2040" y_position="1836" width="3808" height="232">
          <CommonProperties>
            <Attribute name="keep together" value="true"/>
            <Attribute name="close border on page break" value="false"/>
          </CommonProperties>
          <Element type="Paragraph" count="1">
            <CommonProperties>
              <Attribute name="horizontal align" value="1"/>
            </CommonProperties>
            <Element type="TextPart">
              <FontProperties>
                <Attribute name="font name" value="Times New Roman"/>
                <Attribute name="font style" value="1"/>
              </FontProperties>
            <![CDATA[GAGAL  LUNAS DPP]]>
            </Element>
          </Element>
        </Element>
        <Element type="Text" count="1" x_position="340" y_position="1496" width="952" height="208">
          <CommonProperties>
            <Attribute name="keep together" value="true"/>
            <Attribute name="close border on page break" value="false"/>
          </CommonProperties>
          <Element type="Paragraph" count="1">
            <CommonProperties>
              <Attribute name="horizontal align" value="2"/>
            </CommonProperties>
            <Element type="TextPart">
              <FontProperties>
                <Attribute name="font name" value="Times New Roman"/>
              </FontProperties>
            <![CDATA[KdPP :]]>
            </Element>
          </Element>
        </Element>
        <Element type="Text" count="2" x_position="5712" y_position="952" width="7004" height="226">
          <CommonProperties>
            <Attribute name="keep together" value="true"/>
            <Attribute name="close border on page break" value="false"/>
          </CommonProperties>
          <Element type="Paragraph" count="1">
            <CommonProperties>
              <Attribute name="horizontal align" value="2"/>
            </CommonProperties>
            <Element type="TextPart">
              <FontProperties>
                <Attribute name="font name" value="Times New Roman"/>
                <Attribute name="font size" value="200"/>
                <Attribute name="font style" value="1"/>
              </FontProperties>
            <![CDATA[UPLOAD DATA LUNAS PP OFFLINE, MANUAL, GIRALISASI]]>
            </Element>
          </Element>
          <Element type="Paragraph" count="1">
            <CommonProperties>
              <Attribute name="horizontal align" value="1"/>
            </CommonProperties>
            <Element type="TextPart">
              <FontProperties>
                <Attribute name="font name" value="Times New Roman"/>
                <Attribute name="font size" value="200"/>
                <Attribute name="font style" value="1"/>
              </FontProperties>
            <![CDATA[]]>
            </Element>
          </Element>
        </Element>
        <Element type="Picture" x_position="204" y_position="204" width="840" height="969">
          <CommonProperties>
            <Attribute name="keep together" value="true"/>
            <Attribute name="close border on page break" value="false"/>
          </CommonProperties>
          <PictureProperties>
            <Attribute name="scale width" value="0.747"/>
            <Attribute name="scale height" value="0.593"/>
            <Attribute name="scale option" value="1"/>
            <Attribute name="id" value="1"/>
          </PictureProperties>
        </Element>
        <Element type="Text" count="1" x_position="1156" y_position="204" width="3904" height="232">
          <CommonProperties>
            <Attribute name="keep together" value="true"/>
            <Attribute name="close border on page break" value="false"/>
          </CommonProperties>
          <Element type="Paragraph" count="2">
            <CommonProperties>
              <Attribute name="horizontal align" value="1"/>
            </CommonProperties>
            <Element type="TextPart">
              <FontProperties>
                <Attribute name="font name" value="Times New Roman"/>
                <Attribute name="font size" value="160"/>
              </FontProperties>
            <![CDATA[PT PLN (PERSERO) ]]>
            </Element>
            <Element type="FieldPart">
              <FontProperties>
                <Attribute name="font name" value="Times New Roman"/>
                <Attribute name="font size" value="160"/>
              </FontProperties>
              <Reference name="field" type="PromptVarField" refname="?wilayah"/>
            </Element>
          </Element>
        </Element>
        <Element type="Text" count="1" x_position="1156" y_position="476" width="3904" height="232">
          <CommonProperties>
            <Attribute name="keep together" value="true"/>
            <Attribute name="close border on page break" value="false"/>
          </CommonProperties>
          <Element type="Paragraph" count="2">
            <CommonProperties>
              <Attribute name="horizontal align" value="1"/>
            </CommonProperties>
            <Element type="TextPart">
              <FontProperties>
                <Attribute name="font name" value="Times New Roman"/>
                <Attribute name="font size" value="160"/>
              </FontProperties>
            <![CDATA[CABANG ]]>
            </Element>
            <Element type="FieldPart">
              <FontProperties>
                <Attribute name="font name" value="Times New Roman"/>
                <Attribute name="font size" value="160"/>
              </FontProperties>
              <Reference name="field" type="PromptVarField" refname="?cabang"/>
            </Element>
          </Element>
        </Element>
        <Element type="Text" count="1" x_position="1156" y_position="748" width="5056" height="232">
          <CommonProperties>
            <Attribute name="keep together" value="true"/>
            <Attribute name="close border on page break" value="false"/>
          </CommonProperties>
          <Element type="Paragraph" count="2">
            <CommonProperties>
              <Attribute name="horizontal align" value="1"/>
            </CommonProperties>
            <Element type="TextPart">
              <FontProperties>
                <Attribute name="font name" value="Times New Roman"/>
                <Attribute name="font size" value="160"/>
              </FontProperties>
            <![CDATA[RANTING/RAYON  ]]>
            </Element>
            <Element type="FieldPart">
              <FontProperties>
                <Attribute name="font name" value="Times New Roman"/>
                <Attribute name="font size" value="160"/>
              </FontProperties>
              <Reference name="field" type="PromptVarField" refname="?ranting"/>
            </Element>
          </Element>
        </Element>
        <Element type="Text" count="1" x_position="1156" y_position="1020" width="3904" height="232">
          <CommonProperties>
            <Attribute name="keep together" value="true"/>
            <Attribute name="close border on page break" value="false"/>
          </CommonProperties>
          <Element type="Paragraph" count="2">
            <CommonProperties>
              <Attribute name="horizontal align" value="1"/>
            </CommonProperties>
            <Element type="TextPart">
              <FontProperties>
                <Attribute name="font name" value="Times New Roman"/>
                <Attribute name="font size" value="160"/>
              </FontProperties>
            <![CDATA[ALAMAT ]]>
            </Element>
            <Element type="FieldPart">
              <FontProperties>
                <Attribute name="font name" value="Times New Roman"/>
                <Attribute name="font size" value="160"/>
              </FontProperties>
              <Reference name="field" type="PromptVarField" refname="?alamat"/>
            </Element>
          </Element>
        </Element>
        <Element type="Text" count="2" x_position="4012" y_position="544" width="10404" height="232">
          <CommonProperties>
            <Attribute name="keep together" value="true"/>
            <Attribute name="close border on page break" value="false"/>
          </CommonProperties>
          <Element type="Paragraph" count="1">
            <CommonProperties>
              <Attribute name="horizontal align" value="2"/>
            </CommonProperties>
            <Element type="TextPart">
              <FontProperties>
                <Attribute name="font name" value="Times New Roman"/>
                <Attribute name="font size" value="200"/>
              </FontProperties>
            <![CDATA[DAFTAR UPLOAD PELUNASAN REKENING LISTRIK OFFLINE]]>
            </Element>
          </Element>
          <Element type="Paragraph" count="1">
            <CommonProperties>
              <Attribute name="horizontal align" value="1"/>
            </CommonProperties>
            <Element type="TextPart">
              <FontProperties>
                <Attribute name="font name" value="Times New Roman"/>
                <Attribute name="font size" value="200"/>
              </FontProperties>
            <![CDATA[]]>
            </Element>
          </Element>
        </Element>
        <Element type="Text" count="1" x_position="2040" y_position="2176" width="1700" height="208">
          <CommonProperties>
            <Attribute name="keep together" value="true"/>
            <Attribute name="close border on page break" value="false"/>
          </CommonProperties>
          <Element type="Paragraph" count="1">
            <CommonProperties>
              <Attribute name="horizontal align" value="2"/>
            </CommonProperties>
            <Element type="TextPart">
              <FontProperties>
                <Attribute name="font name" value="Times New Roman"/>
              </FontProperties>
            <![CDATA[Idpel]]>
            </Element>
          </Element>
        </Element>
        <Element type="Text" count="1" x_position="4556" y_position="2176" width="680" height="232">
          <CommonProperties>
            <Attribute name="keep together" value="true"/>
            <Attribute name="close border on page break" value="false"/>
          </CommonProperties>
          <Element type="Paragraph" count="1">
            <CommonProperties>
              <Attribute name="horizontal align" value="2"/>
            </CommonProperties>
            <Element type="TextPart">
              <FontProperties>
                <Attribute name="font name" value="Times New Roman"/>
              </FontProperties>
            <![CDATA[Norekg]]>
            </Element>
          </Element>
        </Element>
        <Element type="Text" count="1" x_position="8024" y_position="2176" width="612" height="232">
          <CommonProperties>
            <Attribute name="keep together" value="true"/>
            <Attribute name="close border on page break" value="false"/>
          </CommonProperties>
          <Element type="Paragraph" count="1">
            <CommonProperties>
              <Attribute name="horizontal align" value="2"/>
            </CommonProperties>
            <Element type="TextPart">
              <FontProperties>
                <Attribute name="font name" value="Times New Roman"/>
              </FontProperties>
            <![CDATA[Kode]]>
            </Element>
          </Element>
        </Element>
        <Element type="Text" count="1" x_position="13736" y_position="2176" width="1496" height="232">
          <CommonProperties>
            <Attribute name="keep together" value="true"/>
            <Attribute name="close border on page break" value="false"/>
          </CommonProperties>
          <Element type="Paragraph" count="1">
            <CommonProperties>
              <Attribute name="horizontal align" value="1"/>
            </CommonProperties>
            <Element type="TextPart">
              <FontProperties>
                <Attribute name="font name" value="Times New Roman"/>
              </FontProperties>
            <![CDATA[TglUpload]]>
            </Element>
          </Element>
        </Element>
        <Element type="Text" count="1" x_position="8772" y_position="2176" width="1224" height="232">
          <CommonProperties>
            <Attribute name="keep together" value="true"/>
            <Attribute name="close border on page break" value="false"/>
          </CommonProperties>
          <Element type="Paragraph" count="1">
            <CommonProperties>
              <Attribute name="horizontal align" value="2"/>
            </CommonProperties>
            <Element type="TextPart">
              <FontProperties>
                <Attribute name="font name" value="Times New Roman"/>
              </FontProperties>
            <![CDATA[KdGerak_DPP]]>
            </Element>
          </Element>
        </Element>
        <Element type="FieldElement" x_position="1360" y_position="1496" width="2992" height="224">
          <CommonProperties>
            <Attribute name="keep together" value="true"/>
            <Attribute name="close border on page break" value="false"/>
          </CommonProperties>
          <FontProperties>
            <Attribute name="font name" value="Times New Roman"/>
            <Attribute name="font size" value="200"/>
            <Attribute name="font style" value="1"/>
          </FontProperties>
          <Reference name="field" type="DatabaseField" refname="VIEW_REPORT_21UPLOAD_GAGALDPP.KDPP"/>
        </Element>
        <Element type="Text" count="1" x_position="10200" y_position="2176" width="1088" height="232">
          <CommonProperties>
            <Attribute name="keep together" value="true"/>
            <Attribute name="close border on page break" value="false"/>
          </CommonProperties>
          <Element type="Paragraph" count="1">
            <CommonProperties>
              <Attribute name="horizontal align" value="2"/>
            </CommonProperties>
            <Element type="TextPart">
              <FontProperties>
                <Attribute name="font name" value="Times New Roman"/>
              </FontProperties>
            <![CDATA[TglbayarDPP]]>
            </Element>
          </Element>
        </Element>
        <Element type="Text" count="1" x_position="11492" y_position="2176" width="1428" height="232">
          <CommonProperties>
            <Attribute name="keep together" value="true"/>
            <Attribute name="close border on page break" value="false"/>
          </CommonProperties>
          <Element type="Paragraph" count="1">
            <CommonProperties>
              <Attribute name="horizontal align" value="1"/>
            </CommonProperties>
            <Element type="TextPart">
              <FontProperties>
                <Attribute name="font name" value="Times New Roman"/>
              </FontProperties>
            <![CDATA[KdPP_DPP]]>
            </Element>
          </Element>
        </Element>
        <Element type="Text" count="1" x_position="5576" y_position="1292" width="7232" height="232">
          <CommonProperties>
            <Attribute name="keep together" value="true"/>
            <Attribute name="close border on page break" value="false"/>
          </CommonProperties>
          <Element type="Paragraph" count="7">
            <CommonProperties>
              <Attribute name="horizontal align" value="2"/>
            </CommonProperties>
            <Element type="TextPart">
              <FontProperties>
                <Attribute name="font name" value="Times New Roman"/>
                <Attribute name="font size" value="200"/>
              </FontProperties>
            <![CDATA[TANGGAL : ]]>
            </Element>
            <Element type="FieldPart">
              <FontProperties>
                <Attribute name="font name" value="Times New Roman"/>
                <Attribute name="font size" value="200"/>
              </FontProperties>
              <Reference name="field" type="PromptVarField" refname="?tanggal"/>
            </Element>
            <Element type="FieldPart">
              <FontProperties>
                <Attribute name="font name" value="Times New Roman"/>
                <Attribute name="font size" value="200"/>
              </FontProperties>
              <Reference name="field" type="PromptVarField" refname="?bulantahun"/>
            </Element>
            <Element type="TextPart">
              <FontProperties>
                <Attribute name="font name" value="Times New Roman"/>
                <Attribute name="font size" value="200"/>
              </FontProperties>
            <![CDATA[  s/d ]]>
            </Element>
            <Element type="FieldPart">
              <FontProperties>
                <Attribute name="font name" value="Times New Roman"/>
                <Attribute name="font size" value="200"/>
              </FontProperties>
              <Reference name="field" type="PromptVarField" refname="?tanggalend"/>
            </Element>
            <Element type="TextPart">
              <FontProperties>
                <Attribute name="font name" value="Times New Roman"/>
                <Attribute name="font size" value="200"/>
              </FontProperties>
            <![CDATA[ ]]>
            </Element>
            <Element type="FieldPart">
              <FontProperties>
                <Attribute name="font name" value="Times New Roman"/>
                <Attribute name="font size" value="200"/>
              </FontProperties>
              <Reference name="field" type="PromptVarField" refname="?bulantahun"/>
            </Element>
          </Element>
        </Element>
      </Section>
    </Area>
    <Area type="PageFooter" count="1">
      <AreaProperties>
        <Attribute name="print at bottom of page" value="true"/>
        <Attribute name="new page after" value="true"/>
        <Attribute name="keep together" value="true"/>
        <Attribute name="hold minimal pagefooter free" value="1"/>
      </AreaProperties>
      <Section type="PageFooter" count="5" width="15466" height="296" id="1">
        <SectionProperties>
          <Attribute name="keep together" value="true"/>
          <Attribute name="hold minimal pagefooter free" value="1"/>
        </SectionProperties>
        <Element type="Line" x2_position="15360" y2_position="21" x_position="0" y_position="21" width="15360" height="0">
          <LineProperties>
            <Attribute name="style" value="4"/>
            <Attribute name="line width" value="0"/>
            <Attribute name="id" value="1"/>
          </LineProperties>
        </Element>
        <Element type="FieldElement" x_position="13056" y_position="64" width="1816" height="192">
          <CommonProperties>
            <Attribute name="keep together" value="true"/>
            <Attribute name="close border on page break" value="false"/>
          </CommonProperties>
          <FontProperties>
            <Attribute name="font name" value="Times New Roman"/>
            <Attribute name="font size" value="160"/>
          </FontProperties>
          <Reference name="field" type="SpecialVarField" id="16"/>
        </Element>
        <Element type="Text" count="1" x_position="340" y_position="68" width="4288" height="227">
          <CommonProperties>
            <Attribute name="keep together" value="true"/>
            <Attribute name="close border on page break" value="false"/>
          </CommonProperties>
          <Element type="Paragraph" count="2">
            <CommonProperties>
              <Attribute name="horizontal align" value="1"/>
            </CommonProperties>
            <Element type="TextPart">
              <FontProperties>
                <Attribute name="font name" value="Times New Roman"/>
              </FontProperties>
            <![CDATA[Petugas Cetak : ]]>
            </Element>
            <Element type="FieldPart">
              <FontProperties>
                <Attribute name="font name" value="Times New Roman"/>
              </FontProperties>
              <Reference name="field" type="PromptVarField" refname="?petugascetak"/>
            </Element>
          </Element>
        </Element>
        <Element type="Text" count="1" x_position="4828" y_position="68" width="1088" height="227">
          <CommonProperties>
            <Attribute name="keep together" value="true"/>
            <Attribute name="close border on page break" value="false"/>
          </CommonProperties>
          <Element type="Paragraph" count="1">
            <CommonProperties>
              <Attribute name="horizontal align" value="1"/>
            </CommonProperties>
            <Element type="TextPart">
              <FontProperties>
                <Attribute name="font name" value="Times New Roman"/>
              </FontProperties>
            <![CDATA[KdGerak : 21]]>
            </Element>
          </Element>
        </Element>
        <Element type="Text" count="1" x_position="6120" y_position="68" width="4288" height="227">
          <CommonProperties>
            <Attribute name="keep together" value="true"/>
            <Attribute name="close border on page break" value="false"/>
          </CommonProperties>
          <Element type="Paragraph" count="2">
            <CommonProperties>
              <Attribute name="horizontal align" value="1"/>
            </CommonProperties>
            <Element type="TextPart">
              <FontProperties>
                <Attribute name="font name" value="Times New Roman"/>
              </FontProperties>
            <![CDATA[Tanggal Cetak : ]]>
            </Element>
            <Element type="FieldPart">
              <FontProperties>
                <Attribute name="font name" value="Times New Roman"/>
              </FontProperties>
              <DateProperties>
                <Attribute name="date order" value="2"/>
                <Attribute name="year type" value="1"/>
                <Attribute name="month type" value="0"/>
                <Attribute name="day type" value="0"/>
                <Attribute name="date first separator" value="/"/>
                <Attribute name="date second separator" value="/"/>
              </DateProperties>
              <TimeProperties>
                <Attribute name="hour type" value="1"/>
                <Attribute name="am string" value="AM"/>
                <Attribute name="pm string" value="PM"/>
              </TimeProperties>
              <DateTimeProperties>
                <Attribute name="date time separator" value=" "/>
              </DateTimeProperties>
              <Reference name="field" type="DatabaseField" refname="VIEW_REPORT_21UPLOAD_GAGALDPP.TGLCETAK"/>
            </Element>
          </Element>
        </Element>
      </Section>
    </Area>
  </AreaPair>
  <AreaPair type="ReportAreaPair" id="0">
    <Area type="ReportHeader" count="1">
      <AreaProperties>
        <Attribute name="new page before" value="true"/>
        <Attribute name="hold minimal pagefooter free" value="1"/>
      </AreaProperties>
      <Section type="ReportHeader" count="0" width="15466" height="0" id="2">
        <SectionProperties>
          <Attribute name="drill down" value="true"/>
          <Attribute name="suppress" value="true"/>
          <Attribute name="keep together" value="true"/>
          <Attribute name="hold minimal pagefooter free" value="1"/>
        </SectionProperties>
      </Section>
    </Area>
    <Area type="ReportFooter" count="1">
      <AreaProperties>
        <Attribute name="suppress" value="true"/>
        <Attribute name="hold minimal pagefooter free" value="1"/>
      </AreaProperties>
      <Section type="ReportFooter" count="0" width="15466" height="0" id="3">
        <SectionProperties>
          <Attribute name="keep together" value="true"/>
          <Attribute name="hold minimal pagefooter free" value="1"/>
        </SectionProperties>
      </Section>
    </Area>
  </AreaPair>
  <AreaPair type="DetailArea" id="1">
    <Area type="Detail" count="1">
      <AreaProperties>
        <Attribute name="hold minimal pagefooter free" value="1"/>
      </AreaProperties>
      <Section type="Detail" count="13" width="15466" height="509" id="4">
        <SectionProperties>
          <Attribute name="keep together" value="true"/>
          <Attribute name="hold minimal pagefooter free" value="1"/>
        </SectionProperties>
        <Element type="Line" x2_position="15368" y2_position="408" x_position="68" y_position="408" width="15300" height="0">
          <LineProperties>
            <Attribute name="style" value="4"/>
            <Attribute name="line width" value="0"/>
            <Attribute name="id" value="4"/>
          </LineProperties>
        </Element>
        <Element type="FieldElement" x_position="68" y_position="68" width="460" height="216">
          <CommonProperties>
            <Attribute name="keep together" value="true"/>
            <Attribute name="close border on page break" value="false"/>
          </CommonProperties>
          <FontProperties>
            <Attribute name="font name" value="Times New Roman"/>
          </FontProperties>
          <NumberProperties>
            <Attribute name="n decimal places" value="0"/>
            <Attribute name="rounding type" value="11"/>
            <Attribute name="thousand separators symbol" value=","/>
            <Attribute name="decimal separators symbol" value="."/>
            <Attribute name="currency symbol" value=""/>
          </NumberProperties>
          <Reference name="field" type="SpecialVarField" id="13"/>
        </Element>
        <Element type="FieldElement" x_position="680" y_position="68" width="1224" height="224">
          <CommonProperties>
            <Attribute name="keep together" value="true"/>
            <Attribute name="close border on page break" value="false"/>
          </CommonProperties>
          <FontProperties>
            <Attribute name="font name" value="Times New Roman"/>
          </FontProperties>
          <Reference name="field" type="DatabaseField" refname="VIEW_REPORT_21UPLOAD_GAGALDPP.TANGGAL"/>
        </Element>
        <Element type="FieldElement" x_position="2040" y_position="68" width="1700" height="224">
          <CommonProperties>
            <Attribute name="keep together" value="true"/>
            <Attribute name="close border on page break" value="false"/>
          </CommonProperties>
          <FontProperties>
            <Attribute name="font name" value="Times New Roman"/>
          </FontProperties>
          <Reference name="field" type="DatabaseField" refname="VIEW_REPORT_21UPLOAD_GAGALDPP.IDPEL"/>
        </Element>
        <Element type="FieldElement" x_position="3808" y_position="68" width="630" height="224">
          <CommonProperties>
            <Attribute name="keep together" value="true"/>
            <Attribute name="close border on page break" value="false"/>
          </CommonProperties>
          <FontProperties>
            <Attribute name="font name" value="Times New Roman"/>
          </FontProperties>
          <Reference name="field" type="DatabaseField" refname="VIEW_REPORT_21UPLOAD_GAGALDPP.BLTH"/>
        </Element>
        <Element type="FieldElement" x_position="4488" y_position="68" width="748" height="224">
          <CommonProperties>
            <Attribute name="keep together" value="true"/>
            <Attribute name="close border on page break" value="false"/>
          </CommonProperties>
          <FontProperties>
            <Attribute name="font name" value="Times New Roman"/>
          </FontProperties>
          <Reference name="field" type="DatabaseField" refname="VIEW_REPORT_21UPLOAD_GAGALDPP.NOREK"/>
        </Element>
        <Element type="FieldElement" x_position="5372" y_position="68" width="1292" height="224">
          <CommonProperties>
            <Attribute name="keep together" value="true"/>
            <Attribute name="close border on page break" value="false"/>
          </CommonProperties>
          <FontProperties>
            <Attribute name="font name" value="Times New Roman"/>
          </FontProperties>
          <NumberProperties>
            <Attribute name="thousand separators symbol" value=","/>
            <Attribute name="decimal separators symbol" value="."/>
            <Attribute name="currency symbol" value=""/>
          </NumberProperties>
          <Reference name="field" type="DatabaseField" refname="VIEW_REPORT_21UPLOAD_GAGALDPP.RPTAG"/>
        </Element>
        <Element type="FieldElement" x_position="6800" y_position="68" width="1088" height="224">
          <CommonProperties>
            <Attribute name="keep together" value="true"/>
            <Attribute name="close border on page break" value="false"/>
          </CommonProperties>
          <FontProperties>
            <Attribute name="font name" value="Times New Roman"/>
          </FontProperties>
          <NumberProperties>
            <Attribute name="thousand separators symbol" value=","/>
            <Attribute name="decimal separators symbol" value="."/>
            <Attribute name="currency symbol" value=""/>
          </NumberProperties>
          <Reference name="field" type="DatabaseField" refname="VIEW_REPORT_21UPLOAD_GAGALDPP.RPBK"/>
        </Element>
        <Element type="FieldElement" x_position="8092" y_position="68" width="476" height="224">
          <CommonProperties>
            <Attribute name="keep together" value="true"/>
            <Attribute name="close border on page break" value="false"/>
          </CommonProperties>
          <FontProperties>
            <Attribute name="font name" value="Times New Roman"/>
          </FontProperties>
          <NumberProperties>
            <Attribute name="thousand separators symbol" value=","/>
            <Attribute name="decimal separators symbol" value="."/>
            <Attribute name="currency symbol" value=""/>
          </NumberProperties>
          <Reference name="field" type="DatabaseField" refname="VIEW_REPORT_21UPLOAD_GAGALDPP.KODEGAGAL"/>
        </Element>
        <Element type="FieldElement" x_position="13736" y_position="68" width="1496" height="224">
          <CommonProperties>
            <Attribute name="keep together" value="true"/>
            <Attribute name="close border on page break" value="false"/>
          </CommonProperties>
          <FontProperties>
            <Attribute name="font name" value="Times New Roman"/>
          </FontProperties>
          <DateProperties>
            <Attribute name="date order" value="2"/>
            <Attribute name="year type" value="1"/>
            <Attribute name="month type" value="0"/>
            <Attribute name="day type" value="0"/>
            <Attribute name="date first separator" value="/"/>
            <Attribute name="date second separator" value="/"/>
          </DateProperties>
          <TimeProperties>
            <Attribute name="hour type" value="1"/>
            <Attribute name="am string" value="AM"/>
            <Attribute name="pm string" value="PM"/>
          </TimeProperties>
          <Reference name="field" type="DatabaseField" refname="VIEW_REPORT_21UPLOAD_GAGALDPP.TGLTRANSAKSI"/>
        </Element>
        <Element type="FieldElement" x_position="8772" y_position="68" width="1156" height="224">
          <CommonProperties>
            <Attribute name="keep together" value="true"/>
            <Attribute name="close border on page break" value="false"/>
          </CommonProperties>
          <FontProperties>
            <Attribute name="font name" value="Times New Roman"/>
          </FontProperties>
          <Reference name="field" type="DatabaseField" refname="VIEW_REPORT_21UPLOAD_GAGALDPP.KDGERAKKELUAR_DPP"/>
        </Element>
        <Element type="FieldElement" x_position="10200" y_position="68" width="1156" height="224">
          <CommonProperties>
            <Attribute name="keep together" value="true"/>
            <Attribute name="close border on page break" value="false"/>
          </CommonProperties>
          <FontProperties>
            <Attribute name="font name" value="Times New Roman"/>
          </FontProperties>
          <Reference name="field" type="DatabaseField" refname="VIEW_REPORT_21UPLOAD_GAGALDPP.TGLBAYAR_DPP"/>
        </Element>
        <Element type="FieldElement" x_position="11492" y_position="68" width="1470" height="224">
          <CommonProperties>
            <Attribute name="keep together" value="true"/>
            <Attribute name="close border on page break" value="false"/>
          </CommonProperties>
          <FontProperties>
            <Attribute name="font name" value="Times New Roman"/>
          </FontProperties>
          <Reference name="field" type="DatabaseField" refname="VIEW_REPORT_21UPLOAD_GAGALDPP.KDPP_DPP"/>
        </Element>
      </Section>
    </Area>
  </AreaPair>
<Image count="9398" name="embedding 1">
<![CDATA[
66 77 -74 36 0 0 0 0 0 0 54 4 0 0 40 0 0 0 75 0 0 0 109 0 0 0 1 0 8 0 0 0 0 
0 0 0 0 0 -61 14 0 0 -61 14 0 0 0 0 0 0 0 0 0 0 0 0 0 -1 64 0 0 -1 -128 0 0 
-1 -1 0 0 -1 0 32 0 -1 64 32 0 -1 -128 32 0 -1 -1 32 0 -1 0 64 0 -1 64 64 0 -1 -128 64 0 
-1 -1 64 0 -1 0 96 0 -1 64 96 0 -1 -128 96 0 -1 -1 96 0 -1 0 -128 0 -1 64 -128 0 -1 -128 -128 0 
-1 -1 -128 0 -1 0 -96 0 -1 64 -96 0 -1 -128 -96 0 -1 -1 -96 0 -1 0 -64 0 -1 64 -64 0 -1 -128 -64 0 
-1 -1 -64 0 -1 0 -1 0 -1 64 -1 0 -1 -128 -1 0 -1 -1 -1 0 -1 0 0 32 -1 64 0 32 -1 -128 0 32 
-1 -1 0 32 -1 0 32 32 -1 64 32 32 -1 -128 32 32 -1 -1 32 32 -1 0 64 32 -1 64 64 32 -1 -128 64 32 
-1 -1 64 32 -1 0 96 32 -1 64 96 32 -1 -128 96 32 -1 -1 96 32 -1 0 -128 32 -1 64 -128 32 -1 -128 -128 32 
-1 -1 -128 32 -1 0 -96 32 -1 64 -96 32 -1 -128 -96 32 -1 -1 -96 32 -1 0 -64 32 -1 64 -64 32 -1 -128 -64 32 
-1 -1 -64 32 -1 0 -1 32 -1 64 -1 32 -1 -128 -1 32 -1 -1 -1 32 -1 0 0 64 -1 64 0 64 -1 -128 0 64 
-1 -1 0 64 -1 0 32 64 -1 64 32 64 -1 -128 32 64 -1 -1 32 64 -1 0 64 64 -1 64 64 64 -1 -128 64 64 
-1 -1 64 64 -1 0 96 64 -1 64 96 64 -1 -128 96 64 -1 -1 96 64 -1 0 -128 64 -1 64 -128 64 -1 -128 -128 64 
-1 -1 -128 64 -1 0 -96 64 -1 64 -96 64 -1 -128 -96 64 -1 -1 -96 64 -1 0 -64 64 -1 64 -64 64 -1 -128 -64 64 
-1 -1 -64 64 -1 0 -1 64 -1 64 -1 64 -1 -128 -1 64 -1 -1 -1 64 -1 0 0 96 -1 64 0 96 -1 -128 0 96 
-1 -1 0 96 -1 0 32 96 -1 64 32 96 -1 -128 32 96 -1 -1 32 96 -1 0 64 96 -1 64 64 96 -1 -128 64 96 
-1 -1 64 96 -1 0 96 96 -1 64 96 96 -1 -128 96 96 -1 -1 96 96 -1 0 -128 96 -1 64 -128 96 -1 -128 -128 96 
-1 -1 -128 96 -1 0 -96 96 -1 64 -96 96 -1 -128 -96 96 -1 -1 -96 96 -1 0 -64 96 -1 64 -64 96 -1 -128 -64 96 
-1 -1 -64 96 -1 0 -1 96 -1 64 -1 96 -1 -128 -1 96 -1 -1 -1 96 -1 0 0 -128 -1 64 0 -128 -1 -128 0 -128 
-1 -1 0 -128 -1 0 32 -128 -1 64 32 -128 -1 -128 32 -128 -1 -1 32 -128 -1 0 64 -128 -1 64 64 -128 -1 -128 64 -128 
-1 -1 64 -128 -1 0 96 -128 -1 64 96 -128 -1 -128 96 -128 -1 -1 96 -128 -1 0 -128 -128 -1 64 -128 -128 -1 -128 -128 -128 
-1 -1 -128 -128 -1 0 -96 -128 -1 64 -96 -128 -1 -128 -96 -128 -1 -1 -96 -128 -1 0 -64 -128 -1 64 -64 -128 -1 -128 -64 -128 
-1 -1 -64 -128 -1 0 -1 -128 -1 64 -1 -128 -1 -128 -1 -128 -1 -1 -1 -128 -1 0 0 -96 -1 64 0 -96 -1 -128 0 -96 
-1 -1 0 -96 -1 0 32 -96 -1 64 32 -96 -1 -128 32 -96 -1 -1 32 -96 -1 0 64 -96 -1 64 64 -96 -1 -128 64 -96 
-1 -1 64 -96 -1 0 96 -96 -1 64 96 -96 -1 -128 96 -96 -1 -1 96 -96 -1 0 -128 -96 -1 64 -128 -96 -1 -128 -128 -96 
-1 -1 -128 -96 -1 0 -96 -96 -1 64 -96 -96 -1 -128 -96 -96 -1 -1 -96 -96 -1 0 -64 -96 -1 64 -64 -96 -1 -128 -64 -96 
-1 -1 -64 -96 -1 0 -1 -96 -1 64 -1 -96 -1 -128 -1 -96 -1 -1 -1 -96 -1 0 0 -64 -1 64 0 -64 -1 -128 0 -64 
-1 -1 0 -64 -1 0 32 -64 -1 64 32 -64 -1 -128 32 -64 -1 -1 32 -64 -1 0 64 -64 -1 64 64 -64 -1 -128 64 -64 
-1 -1 64 -64 -1 0 96 -64 -1 64 96 -64 -1 -128 96 -64 -1 -1 96 -64 -1 0 -128 -64 -1 64 -128 -64 -1 -128 -128 -64 
-1 -1 -128 -64 -1 0 -96 -64 -1 64 -96 -64 -1 -128 -96 -64 -1 -1 -96 -64 -1 0 -64 -64 -1 64 -64 -64 -1 -128 -64 -64 
-1 -1 -64 -64 -1 0 -1 -64 -1 64 -1 -64 -1 -128 -1 -64 -1 -1 -1 -64 -1 0 0 -1 -1 64 0 -1 -1 -128 0 -1 
-1 -1 0 -1 -1 0 32 -1 -1 64 32 -1 -1 -128 32 -1 -1 -1 32 -1 -1 0 64 -1 -1 64 64 -1 -1 -128 64 -1 
-1 -1 64 -1 -1 0 96 -1 -1 64 96 -1 -1 -128 96 -1 -1 -1 96 -1 -1 0 -128 -1 -1 64 -128 -1 -1 -128 -128 -1 
-1 -1 -128 -1 -1 0 -96 -1 -1 64 -96 -1 -1 -128 -96 -1 -1 -1 -96 -1 -1 0 -64 -1 -1 64 -64 -1 -1 -128 -64 -1 
-1 -1 -64 -1 -1 0 -1 -1 -1 64 -1 -1 -1 -128 -1 -1 -1 -1 -1 -1 -1 -4 -4 -4 -4 -4 -4 -4 -4 -4 -4 -4 
-4 -4 -4 -4 -4 -4 -4 -4 -4 -4 -4 -4 -4 -4 -4 -4 -4 -4 -4 -4 -4 -4 -4 -4 -4 -4 -4 -4 -4 -4 -4 -4 
-4 -4 -4 -4 -4 -4 -4 -4 -4 -4 -4 -4 -4 -4 -4 -4 -4 -4 -4 -4 -4 -4 -4 -4 -4 -4 -4 -4 -4 -4 -4 -4 
0 -4 -4 -4 -4 -4 -4 -4 -4 -4 -4 -4 -4 -4 -4 -4 -4 -4 -4 -4 -4 -4 -4 -4 -4 -4 -4 -4 -4 -4 -4 -4 
-4 -4 -4 -4 -4 -4 -4 -4 -4 -4 -4 -4 -4 -4 -4 -4 -4 -4 -4 -4 -4 -4 -4 -4 -4 -4 -4 -4 -4 -4 -4 -4 
-4 -4 -4 -4 -4 -4 -4 -4 -4 -4 -4 -4 0 -4 -4 -4 -4 -4 -4 -4 -4 -4 -4 -4 -4 -4 -4 -4 -4 -4 -4 -4 
-4 -4 -4 -4 -4 -4 -4 -4 -4 -4 -4 -4 -4 -4 -4 -4 -4 -4 -4 -4 -4 -4 -4 -4 -4 -4 -4 -4 -4 -4 -4 -4 
-4 -4 -4 -4 -4 -4 -4 -4 -4 -4 -4 -4 -4 -4 -4 -4 -4 -4 -4 -4 -4 -4 -4 -4 0 -4 -4 -4 -4 -4 -4 -4 
-4 -4 -4 -4 -4 -4 -4 -4 -4 -4 -4 -4 -4 -4 -4 -4 -4 -4 -4 -4 -4 -4 -4 -4 -4 -4 -4 -4 -4 -4 -4 -4 
-4 -4 -4 -4 -4 -4 -4 -4 -4 -4 -4 -4 -4 -4 -4 -4 -4 -4 -4 -4 -4 -4 -4 -4 -4 -4 -4 -4 -4 -4 -4 -4 
-4 -4 -4 -4 0 -4 -4 -4 -4 -4 -4 -4 -4 -4 -4 -4 -4 -4 -4 -4 -4 -4 -4 -4 -4 -4 -4 -4 -4 -4 -4 -4 
-4 -4 -4 -4 -4 -4 -4 -4 -4 -4 -4 -4 -4 -4 -4 -4 -4 -4 -4 -4 -4 -4 -4 -4 -4 -4 -4 -4 -4 -4 -4 -4 
-4 -4 -4 -4 -4 -4 -4 -4 -4 -4 -4 -4 -4 -4 -4 -4 0 -4 -4 -4 -4 -4 -4 -4 -4 -4 -4 -4 -4 -4 -4 -4 
-4 -4 -4 -4 -4 -4 -4 -4 -4 -4 -4 -4 -4 -4 -4 -4 -4 -4 -4 -4 -4 -4 -4 -4 -4 -4 -4 -4 -4 -4 -4 -4 
-4 -4 -4 -4 -4 -4 -4 -4 -4 -4 -4 -4 -4 -4 -4 -4 -4 -4 -4 -4 -4 -4 -4 -4 -4 -4 -4 -4 0 -4 -4 -4 
-4 -4 -4 -4 -4 -4 -4 -4 -4 -4 -4 -4 -4 -4 -4 -4 -4 -4 -4 -4 -4 -4 -4 -4 -4 -4 -4 -4 -4 -4 -4 -4 
-4 -4 -4 -4 -4 -4 -4 -4 -4 -4 -4 -4 -4 -4 -4 -4 -4 -4 -4 -4 -4 -4 -4 -4 -4 -4 -4 -4 -4 -4 -4 -4 
-4 -4 -4 -4 -4 -4 -4 -4 0 -4 -4 -4 -4 -4 -4 -4 -4 -4 -4 -4 -4 -4 -4 -4 -4 -4 -4 -4 -4 -4 -4 -4 
-4 -4 -4 -4 -4 -4 -4 -4 -4 -4 -4 -4 -4 -4 -4 -4 -4 -4 -4 -4 -4 -4 -4 -4 -4 -4 -4 -4 -4 -4 -4 -4 
-4 -4 -4 -4 -4 -4 -4 -4 -4 -4 -4 -4 -4 -4 -4 -4 -4 -4 -4 -4 0 -4 -4 -4 -4 -4 -4 -4 -4 -4 -4 -4 
-4 -4 -4 -4 -4 -4 -4 -4 -4 -4 -4 -4 -4 -4 -4 -4 -4 -4 -4 -4 -4 -12 -4 -4 -4 -4 -4 -4 -4 -4 -4 -4 
-4 -4 -4 -4 -4 -4 -4 -4 -4 -4 -4 -4 -4 -4 -4 -4 -4 -4 -4 -4 -4 -4 -4 -4 -4 -4 -4 -4 -4 -4 -4 -4 
0 -4 -4 -4 -4 -4 -4 -4 -4 -4 -4 -4 -4 -4 -4 -4 -4 -4 -4 -4 -4 -4 -4 -4 -4 -4 -4 -4 -4 -4 -4 -4 
-4 -8 -48 -4 -4 -4 -4 -4 -4 -4 -4 -4 -4 -4 -4 -4 -4 -4 -4 -4 -4 -4 -4 -4 -4 -4 -4 -4 -4 -4 -4 -4 
-4 -4 -4 -4 -4 -4 -4 -4 -4 -4 -4 -4 0 -4 -4 -4 -4 -4 -4 -4 -4 -4 -4 -4 -4 -4 -4 -4 -4 -4 -4 -4 
-4 -4 -4 -4 -4 -4 -4 -4 -4 -4 -4 -4 -4 -4 -56 -4 -4 -4 -4 -4 -4 -4 -4 -4 -4 -4 -4 -4 -4 -4 -4 -4 
-4 -4 -4 -4 -4 -4 -4 -4 -4 -4 -4 -4 -4 -4 -4 -4 -4 -4 -4 -4 -4 -4 -4 -4 0 -4 -4 -4 -4 -4 -4 -4 
-4 -4 -4 -4 -4 -4 -4 -4 -4 -4 -4 -4 -4 -4 -4 -4 -4 -4 -4 -4 -4 -4 -4 -4 -4 -4 -56 -48 -4 -4 -4 -4 
-4 -4 -4 -4 -4 -4 -4 -4 -4 -4 -4 -4 -4 -4 -4 -4 -4 -4 -4 -4 -4 -4 -4 -4 -4 -4 -4 -4 -4 -4 -4 -4 
-4 -4 -4 -4 0 -4 -4 -4 -4 -4 -4 -4 -4 -4 -4 -4 -4 -4 -4 -4 -4 -4 -4 -4 -4 -4 -4 -4 -4 -4 -4 -4 
-4 -4 -4 -4 -4 -4 -48 -92 -4 -4 -4 -4 -4 -4 -4 -4 -4 -4 -4 -4 -4 -4 -4 -4 -4 -4 -4 -4 -4 -4 -4 -4 
-4 -4 -4 -4 -4 -4 -4 -4 -4 -4 -4 -4 -4 -4 -4 -4 0 -4 -4 -4 -4 -4 -4 -4 -4 -4 -4 -4 -4 -4 -4 -4 
-4 -4 -4 -4 -4 -4 -4 -4 -4 -4 -4 -4 -4 -4 -4 -4 -4 -4 -8 -96 -48 -4 -4 -4 -4 -4 -4 -4 -4 -4 -4 -4 
-4 -4 -4 -4 -4 -4 -4 -4 -4 -4 -4 -4 -4 -4 -4 -4 -4 -4 -4 -4 -4 -4 -4 -4 -4 -4 -4 -4 0 -4 -4 -4 
-4 -4 -4 -4 -4 -4 -4 -4 -4 -4 -4 -4 -4 -4 -4 -4 -4 -4 -4 -4 -4 -4 -4 -4 -4 -4 -4 -4 -4 -4 -4 -92 
-92 -4 -4 -4 -4 -4 -4 -4 -4 -4 -4 -4 -4 -4 -4 -4 -4 -4 -4 -4 -4 -4 -4 -4 -4 -4 -4 -4 -4 -4 -4 -4 
-4 -4 -4 -4 -4 -4 -4 -4 0 -4 -4 -4 -4 -4 -4 -4 -4 -4 -4 -4 -4 -4 -4 -4 -4 -4 -4 -4 -4 -4 -4 -4 
-4 -4 -4 -4 -4 -4 -4 -4 -4 -4 -4 -52 -96 -48 -4 -4 -4 -4 -4 -4 -4 -4 -4 -4 -4 -4 -4 -4 -4 -4 -4 -4 
-4 -4 -4 -4 -4 -4 -4 -4 -4 -4 -4 -4 -4 -4 -4 -4 -4 -4 -4 -4 0 -4 -4 -4 -4 -4 -4 -4 -4 -4 -4 -4 
-4 -4 -4 -4 -4 -4 -4 -4 -4 -4 -4 -4 -4 -4 -4 -4 -4 -4 -4 -4 -4 -4 -4 -48 -96 -92 -4 -4 -4 -4 -4 -4 
-4 -4 -4 -4 -4 -4 -4 -4 -4 -4 -4 -4 -4 -4 -4 -4 -4 -4 -4 -4 -4 -4 -4 -4 -4 -4 -4 -4 -4 -4 -4 -4 
0 -4 -4 -4 -4 -4 -4 -4 -4 -4 -4 -4 -4 -4 -4 -4 -4 -4 -4 -4 -4 -4 -4 -4 -4 -4 -4 -4 -4 -4 -4 -4 
-4 -4 -4 -8 -96 -96 -48 -4 -4 -4 -4 -4 -4 -4 -4 -4 -4 -4 -4 -4 -4 -4 -4 -4 -4 -4 -4 -4 -4 -4 -4 -4 
-4 -4 -4 -4 -4 -4 -4 -4 -4 -4 -4 -4 0 -4 -4 -4 -4 -4 -4 -4 -4 -4 -4 -4 -4 -4 -4 -4 -4 -4 -4 -4 
-4 -4 -4 -4 -4 -4 -4 -4 -4 -4 -4 -4 -4 -4 -4 -4 -92 -96 -92 -8 -4 -4 -4 -4 -4 -4 -4 -4 -4 -4 -4 -4 
-4 -4 -4 -4 -4 -4 -4 -4 -4 -4 -4 -4 -4 -4 -4 -4 -4 -4 -4 -4 -4 -4 -4 -4 0 -4 -4 -4 -4 -4 -4 -4 
-4 -4 -4 -4 -4 -4 -4 -4 -4 -4 -4 -4 -4 -4 -4 -4 -4 -4 -4 -4 -4 -4 -4 -4 -4 -4 -4 -4 -52 -96 -96 -48 
-4 -4 -4 -4 -4 -4 -4 -4 -4 -4 -4 -4 -4 -4 -4 -4 -4 -4 -4 -4 -4 -4 -4 -4 -4 -4 -4 -4 -4 -4 -4 -4 
-4 -4 -4 -4 0 -4 -4 -4 -4 -4 -4 -4 -4 -4 -4 -4 -4 -4 -4 -4 -4 -4 -4 -4 -4 -4 -4 -4 -4 -4 -4 -4 
-4 -4 -4 -4 -4 -4 -4 -4 -48 -96 -96 -92 -4 -4 -4 -4 -4 -4 -4 -4 -4 -4 -4 -4 -4 -4 -4 -4 -4 -4 -4 -4 
-4 -4 -4 -4 -4 -4 -4 -4 -4 -4 -4 -4 -4 -4 -4 -4 0 -4 -4 -4 -4 -4 -4 -4 -4 -4 -4 -4 -4 -4 -4 -4 
-4 -4 -4 -4 -4 -4 -4 -4 -4 -4 -4 -4 -4 -4 -4 -4 -4 -4 -4 -4 -8 -96 -96 -96 -52 -4 -4 -4 -4 -4 -4 -4 
-4 -4 -4 -4 -4 -4 -4 -4 -4 -4 -4 -4 -4 -4 -4 -4 -4 -4 -4 -4 -4 -4 -4 -4 -4 -4 -4 -4 0 -4 -4 -4 
-4 -4 -4 -4 -4 -4 -4 -4 -4 -4 -4 -4 -4 -4 -4 -4 -4 -4 -4 -4 -4 -4 -4 -4 -4 -4 -4 -4 -4 -4 -4 -4 
-4 -92 -96 -96 -92 -4 -4 -4 -4 -4 -4 -4 -4 -4 -4 -4 -4 -4 -4 -4 -4 -4 -4 -4 -4 -4 -4 -4 -4 -4 -4 -4 
-4 -4 -4 -4 -4 -4 -4 -4 0 -4 -4 -4 -4 -4 -4 -4 -4 -4 -4 -4 -4 -4 -4 -4 -4 -4 -4 -4 -4 -4 -4 -4 
-4 -4 -4 -4 -4 -4 -4 -4 -4 -4 -4 -4 -4 -52 -96 -96 -96 -52 -4 -4 -4 -4 -4 -4 -4 -4 -4 -4 -4 -4 -4 -4 
-4 -4 -4 -4 -4 -4 -4 -4 -4 -4 -4 -4 -4 -4 -4 -4 -4 -4 -4 -4 0 -4 -4 -4 -4 -4 -4 -4 -4 -4 -4 -4 
-4 -4 -4 -4 -4 -4 -4 -4 -4 -4 -4 -4 -4 -4 -4 -4 -4 -4 -4 -4 -4 -4 -4 -4 -4 -44 -96 -96 -96 -96 -4 -4 
-4 -4 -4 -4 -4 -4 -4 -4 -4 -4 -4 -4 -4 -4 -4 -4 -4 -4 -4 -4 -4 -4 -4 -4 -4 -4 -4 -4 -4 -4 -4 -4 
0 -4 -4 -4 -4 -4 -4 -4 -4 -4 -4 -4 -4 -4 -4 -4 -4 -4 -4 -4 -4 -4 -4 -4 -4 -4 -4 -4 -4 -4 -4 -4 
-4 -4 -4 -4 -4 -8 -96 -96 -96 -96 -52 -4 -4 -4 -4 -4 -4 -4 -4 -4 -4 -4 -4 -4 -4 -4 -4 -4 -4 -4 -4 -4 
-4 -4 -4 -4 -4 -4 -4 -4 -4 -4 -4 -4 0 -4 -4 -4 -4 -4 -4 -4 -4 -4 -4 -4 -4 -4 -4 -4 -4 -4 -4 -4 
-4 -4 -4 -4 -4 -4 -4 -4 -4 -4 -4 -4 -4 -4 -4 -4 -4 -4 -92 -96 -96 -96 -96 -4 -4 -4 -4 -4 -4 -4 -4 -4 
-4 -4 -4 -4 -4 -4 -4 -4 -4 -4 -4 -4 -4 -4 -4 -4 -4 -4 -4 -4 -4 -4 -4 -4 0 -4 -4 -4 -4 -4 -4 -4 
-4 -4 -4 -4 -4 -4 -4 -4 -4 -4 -4 -4 -4 -4 -4 -4 -4 -4 -4 -4 -4 -4 -4 -4 -4 -4 -4 -4 -4 -4 -52 -96 
-96 -96 -96 -52 -4 -4 -4 -4 -4 -4 -4 -4 -4 -4 -4 -4 -4 -4 -4 -4 -4 -4 -4 -4 -4 -4 -4 -4 -4 -4 -4 -4 
-4 -4 -4 -4 0 -4 -4 -4 -4 -4 -4 -4 -4 -4 -4 -4 -4 -4 -4 -4 -4 -4 -4 -4 -4 -4 -4 -4 -4 -4 -4 -4 
-4 -4 -4 -4 -4 -4 -4 -4 -4 -4 -12 -96 -96 -96 -96 -92 -8 -4 -4 -4 -4 -4 -4 -4 -4 -4 -4 -4 -4 -4 -4 -4 
-4 -4 -4 -4 -4 -4 -4 -4 -4 -4 -4 -4 -4 -4 -4 -4 0 -4 -4 -4 -4 -4 -4 -4 -4 -4 -4 -4 -4 -4 -4 -4 
-4 -4 -4 -4 -4 -4 -4 -4 -4 -4 -4 -4 -4 -4 -4 -4 -4 -4 -4 -4 -4 -4 -4 -96 -96 -96 -96 -96 -52 -4 -4 -4 
-4 -4 -4 -4 -4 -4 -4 -4 -4 -4 -4 -4 -4 -4 -4 -4 -4 -4 -4 -4 -4 -4 -4 -4 -4 -4 -4 -4 0 -4 -4 -4 
-4 -4 -4 -4 -4 -4 -4 -4 -4 -4 -4 -4 -4 -4 -4 -4 -4 -4 -4 -4 -4 -4 -4 -4 -3 -39 -75 -75 -75 -39 -3 -4 
-4 -4 -4 -56 -96 -96 -96 -96 -92 -8 -4 -4 -4 -4 -4 -39 -75 -75 -39 -4 -4 -4 -4 -4 -4 -4 -4 -4 -4 -4 -4 -4 
-4 -4 -4 -4 -4 -4 -4 -4 0 -4 -4 -4 -4 -4 -4 -4 -4 -4 -4 -4 -4 -4 -4 -4 -4 -4 -4 -4 -4 -4 -4 -4 
-4 -4 -4 -75 74 39 35 35 35 39 106 -39 -4 -4 -4 -52 -96 -96 -96 -96 -96 -52 -4 -4 -4 -40 110 39 35 35 39 110 
-39 -4 -4 -4 -4 -4 -4 -4 -4 -4 -4 -4 -4 -4 -4 -4 -4 -4 -4 -4 0 -4 -4 -4 -4 -4 -4 -4 -4 -4 -4 -4 
-4 -4 -4 -4 -4 -4 -4 -4 -4 -4 -4 -4 -4 -111 74 39 35 35 35 35 35 35 35 39 -75 -4 -4 -12 -96 -96 -96 -96 
-96 -92 -4 -4 -111 38 35 35 35 35 35 35 74 -39 -4 -4 -4 -4 -4 -4 -4 -4 -4 -4 -4 -4 -4 -4 -4 -4 -4 -4 
0 -4 -4 -4 -4 -4 -4 -4 -4 -4 -40 37 110 -39 -4 -4 -4 -4 -4 -4 -4 -4 -4 -4 109 39 35 35 39 35 35 35 
35 39 35 35 39 -110 -3 -4 -96 -96 -96 -96 -96 -96 -52 -75 38 35 35 35 35 39 35 35 35 110 -4 -4 -4 -4 -4 -4 
-4 -4 -4 -4 -4 -4 -4 -4 -4 -4 -4 -4 0 -4 -4 -4 -4 -4 -4 -4 -4 -4 -112 1 35 38 -111 -3 -4 -4 -4 -4 
-4 -4 -39 110 35 35 35 35 35 35 35 35 35 35 35 35 35 39 74 -75 -92 -96 -96 -96 -96 -96 -96 34 35 39 35 35 
35 35 35 35 35 39 -111 -3 -4 -4 -4 -111 109 -4 -4 -4 -4 -4 -4 -4 -4 -4 -4 -4 0 -4 -4 -4 -4 -4 -4 -4 
-4 -4 -80 1 35 35 35 70 110 -111 -111 -79 -79 110 39 35 35 39 35 35 35 35 35 35 39 35 35 39 35 35 35 39 
97 -96 -96 -96 -96 -96 -96 97 35 35 35 39 35 35 35 35 35 35 39 106 -110 -111 106 35 110 -4 -4 -4 -4 -4 -4 -4 
-4 -4 -4 -4 0 -4 -4 -4 -4 -4 -4 -4 -4 -4 -112 1 35 35 35 35 35 35 35 35 35 35 35 35 35 35 35 39 
35 35 35 35 35 35 35 35 35 39 35 35 66 -96 -96 -96 -96 -96 -96 -96 66 35 39 35 35 35 35 39 35 35 35 35 
35 35 35 35 -114 -4 -4 -4 -4 -4 -4 -4 -4 -4 -4 -4 0 -4 -4 -4 -4 -4 -4 -4 -4 -4 -112 1 35 35 35 35 
35 35 35 35 35 39 35 35 35 39 35 35 38 74 73 37 2 2 35 35 35 35 35 35 34 -96 -96 -96 -96 -96 -96 -96 
97 35 34 74 73 37 2 34 35 35 35 35 35 35 35 35 110 -4 -4 -4 -4 -4 -4 -4 -4 -4 -4 -4 0 -4 -4 -4 
-4 -4 -4 -4 -4 -4 -112 1 35 35 35 35 35 39 35 35 35 35 35 35 35 39 106 -43 -3 -4 -4 -4 -76 108 32 1 
35 35 35 35 35 -127 -96 -96 -96 -96 -96 -96 -96 109 -39 -4 -4 -8 -112 36 2 35 35 35 35 35 39 35 -114 -4 -4 -4 
-4 -4 -4 -4 -4 -4 -4 -4 0 -4 -4 -4 -4 -4 -4 -4 -4 -4 -76 0 2 34 39 35 35 35 35 39 35 35 35 39 
74 -75 -3 -4 -4 -4 -4 -4 -4 -4 -40 104 1 2 35 39 35 97 -96 -96 -96 -96 -96 -96 -96 -52 -4 -4 -4 -4 -4 -40 
72 1 35 35 35 35 35 39 -110 -4 -4 -4 -4 -4 -4 -4 -4 -4 -4 -4 0 -4 -4 -4 -4 -4 -4 -4 -4 -4 -4 -40 
108 1 1 2 34 35 35 35 35 34 74 -79 -3 -4 -4 -4 -4 -4 -4 -4 -4 -4 -4 -4 -76 68 1 2 34 66 -96 -96 
-96 -96 -96 -96 -96 -96 -8 -4 -4 -4 -4 -4 -40 36 1 35 35 39 38 -111 -4 -4 -4 -4 -4 -4 -4 -4 -4 -4 -4 -4 
0 -4 -4 -4 -4 -4 -4 -4 -4 -4 -4 -4 -4 -40 -80 -112 108 105 105 -115 -111 -44 -4 -4 -4 -4 -4 -4 -4 -4 -4 -4 
-4 -4 -4 -4 -4 -4 -40 -112 104 73 -96 -96 -96 -96 -96 -96 -96 -96 -52 -4 -4 -4 -4 -4 -4 -4 -112 72 109 -111 -39 -4 
-4 -4 -4 -4 -4 -4 -4 -4 -4 -4 -4 -4 0 -4 -4 -4 -4 -4 -4 -4 -4 -4 -4 -4 -4 -4 -4 -4 -4 -48 -92 -48 
-4 -4 -4 -4 -4 -4 -4 -4 -4 -4 -4 -4 -4 -4 -4 -4 -4 -4 -4 -4 -4 -4 -56 -96 -96 -96 -96 -96 -96 -96 -96 -8 
-4 -4 -4 -4 -4 -4 -4 -4 -4 -4 -4 -4 -4 -4 -4 -4 -4 -4 -4 -4 -4 -4 -4 -4 0 -4 -4 -4 -4 -4 -4 -4 
-4 -4 -4 -4 -4 -4 -4 -4 -4 -12 -96 -96 -96 -52 -12 -4 -4 -4 -4 -4 -4 -4 -4 -4 -4 -4 -4 -4 -4 -4 -4 -4 
-4 -4 -48 -96 -96 -96 -96 -96 -96 -96 -96 -52 -4 -4 -4 -4 -4 -4 -4 -4 -4 -4 -4 -4 -4 -4 -4 -4 -4 -4 -4 -4 
-4 -4 -4 -4 0 -4 -4 -4 -4 -4 -4 -4 -4 -4 -4 -4 -4 -4 -4 -4 -4 -8 -96 -96 -96 -96 -96 -92 -48 -4 -4 -4 
-4 -4 -4 -4 -4 -4 -4 -4 -4 -4 -4 -4 -4 -4 -12 -96 -96 -96 -96 -96 -96 -96 -96 -96 -8 -4 -4 -4 -4 -4 -4 -4 
-4 -4 -4 -4 -4 -4 -4 -4 -4 -4 -4 -4 -4 -4 -4 -4 0 -4 -4 -4 -4 -4 -4 -4 -4 -4 -4 -4 -4 -4 -4 -4 
-4 -4 -92 -96 -96 -96 -96 -96 -96 -92 -52 -12 -39 -75 -110 -114 -114 -75 -39 -4 -4 -4 -4 -4 -4 -4 -4 -92 -96 -96 -96 -96 
-96 -96 -96 -96 -88 -114 -75 -3 -4 -4 -4 -4 -4 -4 -4 -4 -4 -4 -4 -4 -4 -4 -4 -4 -4 -4 -4 -4 0 -4 -4 -4 
-4 -4 -4 -4 -4 -4 -4 -4 -4 -4 -4 -4 -4 -4 -56 -96 -96 -96 -96 -96 -96 -96 -96 -96 -92 97 34 35 35 35 74 -75 
-4 -4 -4 -4 -4 -4 -4 -56 -96 -96 -96 -96 -96 -96 -96 -96 -96 66 35 74 -39 -4 -4 -4 -4 -4 -4 -4 -4 -4 -4 -4 
-4 -4 -4 -4 -4 -4 -4 -4 0 -4 -4 -4 -4 -4 -4 -4 -4 -4 -4 -40 -3 -4 -4 -4 -4 -4 -48 -96 -96 -96 -96 -96 
-96 -96 -96 -96 -96 -96 -96 97 66 39 35 39 -111 -4 -4 -4 -4 -4 -4 -48 -96 -96 -96 -96 -96 -96 -96 -96 -96 97 39 35 
38 -39 -4 -4 -4 -4 -4 -4 -4 -4 -4 -4 -4 -4 -4 -4 -4 -4 -4 -4 0 -4 -4 -4 -4 -4 -4 -4 -4 -4 -76 1 
74 -75 -4 -4 -4 -4 -44 -96 -96 -96 -96 -96 -96 -96 -96 -96 -96 -96 -96 -96 -96 -128 97 34 39 110 -39 -4 -4 -4 -4 -8 
-96 -96 -96 -96 -96 -96 -96 -96 -96 -96 66 35 35 74 -3 -4 -4 -4 -4 -4 -39 -4 -4 -4 -4 -4 -4 -4 -4 -4 -4 -4 
0 -4 -4 -4 -4 -4 -4 -4 -4 -4 -112 1 35 39 110 -39 -4 -4 -8 -96 -96 -96 -96 -96 -96 -96 -96 -96 -96 -96 -96 -96 
-96 -96 -96 -96 97 66 70 -110 -39 -4 -4 -4 -92 -96 -96 -96 -96 -96 -96 -96 -96 -96 97 39 35 35 110 -39 -4 -4 -3 73 
-114 -4 -4 -4 -4 -4 -4 -4 -4 -4 -4 -4 0 -4 -4 -4 -4 -4 -4 -4 -4 -4 -112 1 35 35 35 39 74 110 110 -96 
-96 -96 -96 -96 -96 -96 -96 -96 -96 -96 -96 -96 -96 -96 -96 -96 -96 -96 -128 97 70 110 110 74 -123 -96 -96 -96 -96 -96 -96 -96 
-96 -96 -96 66 39 35 35 70 106 110 74 35 -114 -4 -4 -4 -4 -4 -4 -4 -4 -4 -4 -4 0 -4 -4 -4 -4 -4 -4 -4 
-4 -4 -80 1 35 35 35 39 35 35 35 -127 -96 -96 -96 -96 -96 -96 -96 -96 -96 -96 -96 -96 -96 -96 -96 -96 -96 -96 -96 -96 
-128 -127 66 35 97 -96 -96 -96 -96 -96 -96 -96 -96 -96 -96 -127 35 35 35 35 35 35 35 35 110 -4 -4 -4 -4 -4 -4 -4 
-4 -4 -4 -4 0 -4 -4 -4 -4 -4 -4 -4 -4 -4 -112 1 35 35 35 35 35 35 35 97 -96 -96 -96 -96 -96 -96 -96 -96 
-96 -96 -96 -96 -96 -96 -96 -96 -96 -96 -96 -96 -96 -96 -96 -128 -127 -96 -96 -96 -96 -96 -96 -96 -96 -96 -96 -96 66 39 35 35 
39 35 35 35 -114 -4 -4 -4 -4 -4 -4 -4 -4 -4 -4 -4 0 -4 -4 -4 -4 -4 -4 -4 -4 -4 -80 1 35 35 35 35 
35 35 35 66 -96 -96 -96 -96 -96 -96 -96 -96 -96 -96 -96 -96 -96 -96 -96 -96 -96 -96 -96 -96 -96 -96 -96 -96 -96 -96 -96 -96 
-96 -96 -96 -96 -96 -96 -96 -96 -127 34 39 35 35 35 35 35 110 -4 -4 -4 -4 -4 -4 -4 -4 -4 -4 -4 0 -4 -4 -4 
-4 -4 -4 -4 -4 -4 -40 68 1 34 35 35 35 39 35 34 -96 -96 -96 -96 -96 -96 -96 -96 -96 -96 -96 -96 -96 -96 -96 -96 
-96 -96 -96 -96 -96 -96 -96 -96 -96 -96 -96 -96 -96 -96 -96 -96 -96 -96 -96 -96 -96 33 35 35 35 35 35 39 -79 -4 -4 -4 
-4 -4 -4 -4 -4 -4 -4 -4 0 -4 -4 -4 -4 -4 -4 -4 -4 -4 -4 -4 -76 72 1 2 2 35 34 34 -128 -96 -96 -96 
-96 -96 -96 -96 -96 -96 -96 -96 -96 -96 -96 -96 -96 -96 -96 -96 -96 -96 -96 -96 -96 -96 -96 -96 -96 -96 -96 -96 -96 -96 -96 -96 
-96 -128 1 2 35 39 74 -75 -4 -4 -4 -4 -4 -4 -4 -4 -4 -4 -4 -4 0 -4 -4 -4 -4 -4 -4 -4 -4 -4 -4 -4 
-4 -4 -40 -40 -112 -80 -111 -76 -56 -96 -96 -96 -96 -96 -96 -96 -96 -96 -96 -96 -96 -96 -96 -96 -96 -96 -96 -96 -96 -96 -96 -96 
-96 -96 -96 -96 -96 -96 -96 -96 -96 -96 -96 -96 -96 -96 -84 108 -111 -44 -4 -4 -4 -4 -4 -4 -4 -4 -4 -4 -4 -4 -4 -4 
0 -4 -4 -4 -4 -4 -4 -4 -4 -4 -4 -4 -4 -4 -4 -4 -4 -4 -4 -4 -48 -96 -96 -96 -96 -96 -96 -96 -96 -96 -96 -96 
-96 -96 -96 -96 -96 -96 -96 -96 -96 -96 -96 -96 -96 -96 -96 -96 -96 -96 -96 -96 -96 -96 -96 -96 -96 -96 -56 -4 -4 -4 -4 -4 
-4 -4 -4 -4 -4 -4 -4 -4 -4 -4 -4 -4 0 -4 -4 -4 -4 -4 -4 -4 -4 -4 -4 -4 -4 -4 -4 -4 -4 -4 -4 -4 
-12 -96 -96 -96 -96 -96 -96 -96 -96 -96 -96 -56 -8 -12 -52 -56 -92 -96 -96 -96 -96 -96 -96 -96 -96 -96 -96 -96 -96 -96 -96 -96 
-96 -96 -96 -96 -96 -96 -96 -12 -4 -4 -4 -4 -4 -4 -4 -4 -4 -4 -4 -4 -4 -4 -4 -4 0 -4 -4 -4 -4 -4 -4 -4 
-4 -4 -4 -4 -4 -4 -4 -4 -4 -4 -4 -4 -4 -96 -96 -96 -96 -96 -96 -96 -96 -96 -96 -96 -43 -39 -4 -4 -8 -8 -12 -52 
-56 -96 -96 -96 -96 -96 -96 -96 -96 -96 -96 -96 -96 -96 -96 -96 -96 -96 -96 -56 -4 -4 -4 -4 -4 -4 -4 -4 -4 -4 -4 -4 
-4 -4 -4 -4 0 -4 -4 -4 -4 -4 -4 -4 -4 -4 -4 -4 -4 -4 -4 -4 -4 -4 -4 -4 -4 -92 -96 -96 -96 -96 -96 -96 
-96 -96 -96 -96 97 38 -110 -3 -4 -4 -4 -4 -4 -8 -12 -48 -52 -92 -96 -96 -96 -96 -96 -96 -96 -96 -96 -96 -96 -96 -96 -96 
-12 -4 -4 -4 -4 -4 -4 -4 -4 -4 -4 -4 -4 -4 -4 -4 0 -4 -4 -4 -4 -4 -4 -4 -4 -4 -4 -4 -4 -4 -4 -4 
-4 -4 -4 -4 -4 -52 -96 -96 -96 -96 -96 -96 -96 -96 -96 -96 -128 39 35 106 -39 -4 -4 -4 -4 -4 -4 -4 -4 -4 -8 -48 
97 -127 -96 -96 -96 -96 -96 -96 -96 -96 -96 -96 -56 -4 -4 -4 -4 -4 -4 -4 -4 -4 -4 -4 -4 -4 -4 -4 0 -4 -4 -4 
-4 -4 -4 -4 -4 -4 104 69 -75 -3 -4 -4 -4 -4 -4 -4 -4 -48 -96 -96 -96 -96 -96 -96 -96 -96 -96 -96 -96 66 35 39 
70 -75 -4 -4 -4 -4 -4 -4 -4 -4 -39 74 35 35 39 66 97 97 -128 -96 -96 -96 -96 -96 -96 -12 -4 -40 -4 -4 -4 -4 
-4 -4 -4 -4 -4 -4 -4 -4 0 -4 -4 -4 -4 -4 -4 -4 -4 -4 68 2 35 74 -75 -3 -4 -4 -4 -4 -4 -12 -96 -96 
-96 -96 -96 -96 -96 -96 -96 -96 -96 97 35 35 35 39 110 -39 -4 -4 -4 -4 -4 -75 70 35 35 35 35 35 35 35 35 34 
66 97 -123 -92 -96 -56 -39 73 -39 -4 -4 -4 -4 -4 -4 -4 -4 -4 -4 -4 0 -4 -4 -4 -4 -4 -4 -4 -4 -4 68 2 
35 35 35 39 110 -79 -75 -75 -110 70 -96 -96 -96 -96 -96 -96 -96 -96 -96 -96 -96 -96 38 35 35 35 35 39 74 110 -114 110 
74 39 35 39 35 35 39 35 35 35 39 35 35 35 39 74 106 102 70 39 -39 -4 -4 -4 -4 -4 -4 -4 -4 -4 -4 -4 
0 -4 -4 -4 -4 -4 -4 -4 -4 -4 68 2 35 35 35 39 35 35 35 35 35 35 -128 -96 -96 -96 -96 -96 -96 -96 -96 -96 
-96 -96 66 35 35 35 39 35 35 35 35 35 35 35 39 35 35 35 35 35 35 35 35 35 35 35 35 35 39 35 35 39 
-39 -4 -4 -4 -4 -4 -4 -4 -4 -4 -4 -4 0 -4 -4 -4 -4 -4 -4 -4 -4 -4 68 2 35 35 35 35 35 35 35 35 
35 39 97 -96 -96 -96 -96 -96 -96 -96 -96 -96 -96 -96 -127 39 35 35 35 39 35 35 35 39 35 35 35 35 35 39 70 73 
69 1 1 35 35 39 35 35 35 35 35 39 -39 -4 -4 -4 -4 -4 -4 -4 -4 -4 -4 -4 0 -4 -4 -4 -4 -4 -4 -4 
-4 -4 68 2 35 35 35 35 35 35 39 35 35 35 97 -96 -96 -96 -96 -96 -96 -96 -96 -96 -96 -96 -96 34 35 35 35 35 
35 35 35 35 35 35 35 35 39 -75 -4 -4 -4 -40 108 0 2 35 35 35 35 35 39 35 -39 -4 -4 -4 -4 -4 -4 -4 
-4 -4 -4 -4 0 -4 -4 -4 -4 -4 -4 -4 -4 -4 108 1 2 35 35 35 35 35 35 35 35 35 66 -96 -96 -96 -96 -96 
-96 -96 -96 -96 -96 -96 -96 64 1 34 35 35 35 35 35 35 35 35 39 106 -39 -4 -4 -4 -4 -4 -4 -76 36 1 35 35 
39 35 35 74 -39 -4 -4 -4 -4 -4 -4 -4 -4 -4 -4 -4 0 -4 -4 -4 -4 -4 -4 -4 -4 -4 -4 -76 108 37 2 34 
35 35 39 35 35 74 -115 -96 -96 -96 -96 -96 -96 -96 -96 -96 -96 -96 -96 -92 -112 68 1 34 2 39 35 35 35 74 -75 -3 
-4 -4 -4 -4 -4 -4 -4 -4 -80 0 1 34 35 34 110 -39 -4 -4 -4 -4 -4 -4 -4 -4 -4 -4 -4 -4 0 -4 -4 -4 
-4 -4 -4 -4 -4 -4 -4 -4 -4 -4 -44 -112 108 109 109 -111 -39 -4 -4 -92 -96 -96 -96 -96 -96 -96 -96 -96 -96 -96 -96 -96 
-12 -4 -76 108 72 69 37 109 -75 -4 -4 -4 -4 -4 -4 -4 -4 -4 -4 -4 -4 -40 108 72 -115 -39 -4 -4 -4 -4 -4 -4 
-4 -4 -4 -4 -4 -4 -4 -4 0 -4 -4 -4 -4 -4 -4 -4 -4 -4 -4 -4 -4 -4 -4 -4 -4 -4 -4 -4 -4 -4 -4 -52 
-96 -96 -96 -96 -96 -96 -96 -96 -96 -96 -96 -96 -52 -4 -4 -4 -4 -4 -4 -4 -4 -4 -4 -4 -4 -4 -4 -4 -4 -4 -4 -4 
-4 -4 -4 -4 -4 -4 -4 -4 -4 -4 -4 -4 -4 -4 -4 -4 -4 -4 -4 -4 0 -4 -4 -4 -4 -4 -4 -4 -4 -4 -4 -4 
-4 -4 -4 -4 -4 -4 -4 -4 -4 -4 -4 -12 -96 -96 -96 -96 -96 -96 -96 -96 -96 -96 -96 -96 -92 -4 -4 -4 -4 -4 -4 -4 
-4 -4 -4 -4 -4 -4 -4 -4 -4 -4 -4 -4 -4 -4 -4 -4 -4 -4 -4 -4 -4 -4 -4 -4 -4 -4 -4 -4 -4 -4 -4 -4 
0 -4 -4 -4 -4 -4 -4 -4 -4 -4 -4 -4 -4 -4 -4 -4 -4 -4 -4 -4 -4 -4 -4 -12 -96 -96 -96 -96 -96 -96 -96 -96 
-96 -96 -96 -96 -96 -44 -4 -4 -4 -4 -4 -4 -4 -4 -4 -4 -4 -4 -4 -4 -4 -4 -4 -4 -4 -4 -4 -4 -4 -4 -4 -4 
-4 -4 -4 -4 -4 -4 -4 -4 -4 -4 -4 -4 0 -4 -4 -4 -4 -4 -4 -4 -4 -4 -4 -4 -4 -4 -4 -4 -4 -4 -4 -4 
-4 -4 -4 -4 -92 -96 -96 -96 -96 -96 -96 -96 -96 -96 -96 -96 -96 -52 -4 -4 -4 -4 -4 -4 -4 -4 -4 -4 -4 -4 -4 -4 
-4 -4 -4 -4 -4 -4 -4 -4 -4 -4 -4 -4 -4 -4 -4 -4 -4 -4 -4 -4 -4 -4 -4 -4 0 -4 -4 -4 -4 -4 -4 -4 
-4 -4 -4 -4 -4 -4 -4 -4 -4 -4 -4 -4 -4 -4 -4 -4 -56 -96 -96 -96 -96 -96 -96 -96 -96 -96 -96 -96 -96 -92 -4 -4 
-4 -4 -4 -4 -4 -4 -4 -4 -4 -4 -4 -4 -4 -4 -4 -4 -4 -4 -4 -4 -4 -4 -4 -4 -4 -4 -4 -4 -4 -4 -4 -4 
-4 -4 -4 -4 0 -4 -4 -4 -4 -4 -4 -4 -4 -4 -4 -4 -4 -4 -4 -4 -4 -4 -4 -4 -4 -4 -4 -4 -52 -96 -96 -96 
-96 -96 -96 -96 -96 -96 -96 -96 -96 -96 -48 -4 -4 -4 -4 -4 -4 -4 -4 -4 -4 -4 -4 -4 -4 -4 -4 -4 -4 -4 -4 -4 
-4 -4 -4 -4 -4 -4 -4 -4 -4 -4 -4 -4 -4 -4 -4 -4 0 -4 -4 -4 -4 -4 -4 -4 -4 -4 -4 -4 -4 -4 -4 -4 
-4 -4 -4 -4 -4 -4 -4 -4 -12 -96 -96 -96 -96 -96 -96 -96 -96 -96 -96 -96 -96 -96 -56 -4 -4 -4 -4 -4 -4 -4 -4 -4 
-4 -4 -4 -4 -4 -4 -4 -4 -4 -4 -4 -4 -4 -4 -4 -4 -4 -4 -4 -4 -4 -4 -4 -4 -4 -4 -4 -4 0 -4 -4 -4 
-4 -4 -4 -4 -4 -4 -4 -4 -4 -4 -4 -4 -4 -4 -4 -4 -4 -4 -4 -4 -8 -96 -96 -96 -96 -96 -96 -96 -96 -96 -96 -96 
-96 -96 -96 -8 -4 -4 -4 -4 -4 -4 -4 -4 -4 -4 -4 -4 -4 -4 -4 -4 -4 -4 -4 -4 -4 -4 -4 -4 -4 -4 -4 -4 
-4 -4 -4 -4 -4 -4 -4 -4 0 -4 -4 -4 -4 -4 -4 -4 -4 -4 -4 -4 -4 -4 -4 -4 -4 -4 -4 -4 -4 -4 -4 -4 
-4 -92 -96 -96 -96 -96 -96 -96 -96 -96 -96 -96 -96 -96 -96 -52 -4 -4 -4 -4 -4 -4 -4 -4 -4 -4 -4 -4 -4 -4 -4 -4 
-4 -4 -4 -4 -4 -4 -4 -4 -4 -4 -4 -4 -4 -4 -4 -4 -4 -4 -4 -4 0 -4 -4 -4 -4 -4 -4 -4 -4 -4 -4 -4 
-4 -4 -4 -4 -4 -4 -4 -4 -4 -4 -4 -4 -4 -56 -96 -96 -96 -96 -96 -96 -96 -96 -96 -96 -96 -96 -96 -92 -4 -4 -4 -4 
-4 -4 -4 -4 -4 -4 -4 -4 -4 -4 -4 -4 -4 -4 -4 -4 -4 -4 -4 -4 -4 -4 -4 -4 -4 -4 -4 -4 -4 -4 -4 -4 
0 -4 -4 -4 -4 -4 -4 -4 -4 -4 -4 -4 -4 -4 -4 -4 -4 -4 -4 -4 -4 -4 -4 -4 -4 -52 -96 -96 -96 -96 -96 -96 
-96 -96 -96 -96 -96 -96 -96 -96 -12 -4 -4 -4 -4 -4 -4 -4 -4 -4 -4 -4 -4 -4 -4 -4 -4 -4 -4 -4 -4 -4 -4 -4 
-4 -4 -4 -4 -4 -4 -4 -4 -4 -4 -4 -4 0 -4 -4 -4 -4 -4 -4 -4 -4 -4 -4 -4 -4 -4 -4 -4 -4 -4 -4 -4 
-4 -4 -4 -4 -4 -12 -96 -96 -96 -96 -96 -96 -96 -96 -96 -96 -96 -96 -96 -96 -52 -4 -4 -4 -4 -4 -4 -4 -4 -4 -4 -4 
-4 -4 -4 -4 -4 -4 -4 -4 -4 -4 -4 -4 -4 -4 -4 -4 -4 -4 -4 -4 -4 -4 -4 -4 0 -4 -4 -4 -4 -4 -4 -4 
-4 -4 -4 -4 -4 -4 -4 -4 -4 -4 -4 -4 -4 -4 -4 -4 -4 -8 -96 -96 -96 -96 -96 -96 -96 -96 -96 -96 -96 -96 -96 -96 
-92 -8 -4 -4 -4 -4 -4 -4 -4 -4 -4 -4 -4 -4 -4 -4 -4 -4 -4 -4 -4 -4 -4 -4 -4 -4 -4 -4 -4 -4 -4 -4 
-4 -4 -4 -4 0 -4 -4 -4 -4 -4 -4 -4 -4 -4 -4 -4 -4 -4 -4 -4 -4 -4 -4 -4 -4 -4 -4 -4 -4 -4 -92 -96 
-96 -96 -96 -96 -96 -96 -96 -96 -96 -96 -96 -96 -96 -48 -4 -4 -4 -4 -4 -4 -4 -4 -4 -4 -4 -4 -4 -4 -4 -4 -4 -4 
-4 -4 -4 -4 -4 -4 -4 -4 -4 -4 -4 -4 -4 -4 -4 -4 0 -4 -4 -4 -4 -4 -4 -4 -4 -4 -4 -4 -4 -4 -4 -4 
-4 -4 -4 -4 -4 -4 -4 -4 -4 -4 -56 -96 -96 -96 -96 -96 -96 -96 -96 -96 -96 -96 -96 -96 -96 -56 -4 -4 -4 -4 -4 -4 
-4 -4 -4 -4 -4 -4 -4 -4 -4 -4 -4 -4 -4 -4 -4 -4 -4 -4 -4 -4 -4 -4 -4 -4 -4 -4 -4 -4 0 -4 -4 -4 
-4 -4 -4 -4 -4 -4 -4 -4 -4 -4 -4 -4 -4 -4 -4 -4 -4 -4 -4 -4 -4 -4 -52 -96 -96 -96 -96 -96 -96 -96 -96 -96 
-96 -96 -96 -96 -96 -96 -8 -4 -4 -4 -4 -4 -4 -4 -4 -4 -4 -4 -4 -4 -4 -4 -4 -4 -4 -4 -4 -4 -4 -4 -4 -4 
-4 -4 -4 -4 -4 -4 -4 -4 0 -4 -4 -4 -4 -4 -4 -4 -4 -4 -4 -4 -4 -4 -4 -4 -4 -4 -4 -4 -4 -4 -4 -4 
-4 -4 -12 -96 -96 -96 -96 -96 -96 -96 -96 -96 -96 -96 -96 -96 -96 -96 -52 -4 -4 -4 -4 -4 -4 -4 -4 -4 -4 -4 -4 -4 
-4 -4 -4 -4 -4 -4 -4 -4 -4 -4 -4 -4 -4 -4 -4 -4 -4 -4 -4 -4 0 -4 -4 -4 -4 -4 -4 -4 -4 -4 -4 -4 
-4 -4 -4 -4 -4 -4 -4 -4 -4 -4 -4 -4 -4 -4 -8 -96 -96 -96 -96 -96 -96 -96 -96 -96 -96 -96 -96 -96 -96 -96 -92 -4 
-4 -4 -4 -4 -4 -4 -4 -4 -4 -4 -4 -4 -4 -4 -4 -4 -4 -4 -4 -4 -4 -4 -4 -4 -4 -4 -4 -4 -4 -4 -4 -4 
0 -4 -4 -4 -4 -4 -4 -4 -4 -4 -4 -4 -4 -4 -4 -4 -4 -4 -4 -4 -4 -4 -4 -4 -4 -4 -4 -92 -96 -96 -96 -96 
-96 -96 -96 -96 -96 -96 -96 -96 -96 -96 -96 -12 -4 -4 -4 -4 -4 -4 -4 -4 -4 -4 -4 -4 -4 -4 -4 -4 -4 -4 -4 -4 
-4 -4 -4 -4 -4 -4 -4 -4 -4 -4 -4 -4 0 -4 -4 -4 -4 -4 -4 -4 -4 -4 -4 -4 -4 -4 -4 -4 -4 -4 -4 -4 
-4 -4 -4 -4 -4 -4 -4 -52 -56 -56 -56 -56 -56 -56 -56 -92 -56 -56 -56 -56 -56 -56 -92 -48 -4 -4 -4 -4 -4 -4 -4 -4 
-4 -4 -4 -4 -4 -4 -4 -4 -4 -4 -4 -4 -4 -4 -4 -4 -4 -4 -4 -4 -4 -4 -4 -4 0 -4 -4 -4 -4 -4 -4 -4 
-4 -4 -4 -4 -4 -4 -4 -4 -4 -4 -4 -4 -4 -4 -4 -4 -4 -4 -4 -4 -4 -4 -4 -4 -4 -4 -4 -4 -4 -4 -4 -4 
-4 -4 -4 -4 -4 -4 -4 -4 -4 -4 -4 -4 -4 -4 -4 -4 -4 -4 -4 -4 -4 -4 -4 -4 -4 -4 -4 -4 -4 -4 -4 -4 
-4 -4 -4 -4 0 -4 -4 -4 -4 -4 -4 -4 -4 -4 -4 -4 -4 -4 -4 -4 -4 -4 -4 -4 -4 -4 -4 -4 -4 -4 -4 -4 
-4 -4 -4 -4 -4 -4 -4 -4 -4 -4 -4 -4 -4 -4 -4 -4 -4 -4 -4 -4 -4 -4 -4 -4 -4 -4 -4 -4 -4 -4 -4 -4 
-4 -4 -4 -4 -4 -4 -4 -4 -4 -4 -4 -4 -4 -4 -4 -4 0 -4 -4 -4 -4 -4 -4 -4 -4 -4 -4 -4 -4 -4 -4 -4 
-4 -4 -4 -4 -4 -4 -4 -4 -4 -4 -4 -4 -4 -4 -4 -4 -4 -4 -4 -4 -4 -4 -4 -4 -4 -4 -4 -4 -4 -4 -4 -4 
-4 -4 -4 -4 -4 -4 -4 -4 -4 -4 -4 -4 -4 -4 -4 -4 -4 -4 -4 -4 -4 -4 -4 -4 -4 -4 -4 -4 0 -4 -4 -4 
-4 -4 -4 -4 -4 -4 -4 -4 -4 -4 -4 -4 -4 -4 -4 -4 -4 -4 -4 -4 -4 -4 -4 -4 -4 -4 -4 -4 -4 -4 -4 -4 
-4 -4 -4 -4 -4 -4 -4 -4 -4 -4 -4 -4 -4 -4 -4 -4 -4 -4 -4 -4 -4 -4 -4 -4 -4 -4 -4 -4 -4 -4 -4 -4 
-4 -4 -4 -4 -4 -4 -4 -4 0 -4 -4 -4 -4 -4 -4 -4 -4 -4 -4 -4 -4 -4 -4 -4 -4 -4 -4 -4 -4 -4 -4 -4 
-4 -4 -4 -4 -4 -4 -4 -4 -4 -4 -4 -4 -4 -4 -4 -4 -4 -4 -4 -4 -4 -4 -4 -4 -4 -4 -4 -4 -4 -4 -4 -4 
-4 -4 -4 -4 -4 -4 -4 -4 -4 -4 -4 -4 -4 -4 -4 -4 -4 -4 -4 -4 0 -4 -4 -4 -4 -4 -4 -4 -4 -4 -4 -4 
-4 -4 -4 -4 -4 -4 -4 -4 -4 -4 -4 -4 -4 -4 -4 -4 -4 -4 -4 -4 -4 -4 -4 -4 -4 -4 -4 -4 -4 -4 -4 -4 
-4 -4 -4 -4 -4 -4 -4 -4 -4 -4 -4 -4 -4 -4 -4 -4 -4 -4 -4 -4 -4 -4 -4 -4 -4 -4 -4 -4 -4 -4 -4 -4 
0 -4 -4 -4 -4 -4 -4 -4 -4 -4 -4 -4 -4 -4 -4 -4 -4 -4 -4 -4 -4 -4 -4 -4 -4 -4 -4 -4 -4 -4 -4 -4 
-4 -4 -4 -4 -4 -4 -4 -4 -4 -4 -4 -4 -4 -4 -4 -4 -4 -4 -4 -4 -4 -4 -4 -4 -4 -4 -4 -4 -4 -4 -4 -4 
-4 -4 -4 -4 -4 -4 -4 -4 -4 -4 -4 -4 0 -4 -4 -4 -4 -4 -4 -4 -4 -4 -4 -4 -4 -4 -4 -4 -4 -4 -4 -4 
-4 -4 -4 -4 -4 -4 -4 -4 -4 -4 -4 -4 -4 -4 -4 -4 -4 -4 -4 -4 -4 -4 -4 -4 -4 -4 -4 -4 -4 -4 -4 -4 
-4 -4 -4 -4 -4 -4 -4 -4 -4 -4 -4 -4 -4 -4 -4 -4 -4 -4 -4 -4 -4 -4 -4 -4 0 -4 -4 -4 -4 -4 -4 -4 
-4 -4 -4 -4 -4 -4 -4 -4 -4 -4 -4 -4 -4 -4 -4 -4 -4 -4 -4 -4 -4 -4 -4 -4 -4 -4 -4 -4 -4 -4 -4 -4 
-4 -4 -4 -4 -4 -4 -4 -4 -4 -4 -4 -4 -4 -4 -4 -4 -4 -4 -4 -4 -4 -4 -4 -4 -4 -4 -4 -4 -4 -4 -4 -4 
-4 -4 -4 -4 0 -4 -4 -4 -4 -4 -4 -4 -4 -4 -4 -4 -4 -4 -4 -4 -4 -4 -4 -4 -4 -4 -4 -4 -4 -4 -4 -4 
-4 -4 -4 -4 -4 -4 -4 -4 -4 -4 -4 -4 -4 -4 -4 -4 -4 -4 -4 -4 -4 -4 -4 -4 -4 -4 -4 -4 -4 -4 -4 -4 
-4 -4 -4 -4 -4 -4 -4 -4 -4 -4 -4 -4 -4 -4 -4 -4 0 -4 -4 -4 -4 -4 -4 -4 -4 -4 -4 -4 -4 -4 -4 -4 
-4 -4 -4 -4 -4 -4 -4 -4 -4 -4 -4 -4 -4 -4 -4 -4 -4 -4 -4 -4 -4 -4 -4 -4 -4 -4 -4 -4 -4 -4 -4 -4 
-4 -4 -4 -4 -4 -4 -4 -4 -4 -4 -4 -4 -4 -4 -4 -4 -4 -4 -4 -4 -4 -4 -4 -4 -4 -4 -4 -4 0 -4 -4 -4 
-4 -4 -4 -4 -4 -4 -4 -4 -4 -4 -4 -4 -4 -4 -4 -4 -4 -4 -4 -4 -4 -4 -4 -4 -4 -4 -4 -4 -4 -4 -4 -4 
-4 -4 -4 -4 -4 -4 -4 -4 -4 -4 -4 -4 -4 -4 -4 -4 -4 -4 -4 -4 -4 -4 -4 -4 -4 -4 -4 -4 -4 -4 -4 -4 
-4 -4 -4 -4 -4 -4 -4 -4 0 -4 -4 -4 -4 -4 -4 -4 -4 -4 -4 -4 -4 -4 -4 -4 -4 -4 -4 -4 -4 -4 -4 -4 
-4 -4 -4 -4 -4 -4 -4 -4 -4 -4 -4 -4 -4 -4 -4 -4 -4 -4 -4 -4 -4 -4 -4 -4 -4 -4 -4 -4 -4 -4 -4 -4 
-4 -4 -4 -4 -4 -4 -4 -4 -4 -4 -4 -4 -4 -4 -4 -4 -4 -4 -4 -4 0 -4 -4 -4 -4 -4 -4 -4 -4 -4 -4 -4 
-4 -4 -4 -4 -4 -4 -4 -4 -4 -4 -4 -4 -4 -4 -4 -4 -4 -4 -4 -4 -4 -4 -4 -4 -4 -4 -4 -4 -4 -4 -4 -4 
-4 -4 -4 -4 -4 -4 -4 -4 -4 -4 -4 -4 -4 -4 -4 -4 -4 -4 -4 -4 -4 -4 -4 -4 -4 -4 -4 -4 -4 -4 -4 -4 
0 -4 -4 -4 -4 -4 -4 -4 -4 -4 -4 -4 -4 -4 -4 -4 -4 -4 -4 -4 -4 -4 -4 -4 -4 -4 -4 -4 -4 -4 -4 -4 
-4 -4 -4 -4 -4 -4 -4 -4 -4 -4 -4 -4 -4 -4 -4 -4 -4 -4 -4 -4 -4 -4 -4 -4 -4 -4 -4 -4 -4 -4 -4 -4 
-4 -4 -4 -4 -4 -4 -4 -4 -4 -4 -4 -4 0 -4 -4 -4 -4 -4 -4 -4 -4 -4 -4 -4 -4 -4 -4 -4 -4 -4 -4 -4 
-4 -4 -4 -4 -4 -4 -4 -4 -4 -4 -4 -4 -4 -4 -4 -4 -4 -4 -4 -4 -4 -4 -4 -4 -4 -4 -4 -4 -4 -4 -4 -4 
-4 -4 -4 -4 -4 -4 -4 -4 -4 -4 -4 -4 -4 -4 -4 -4 -4 -4 -4 -4 -4 -4 -4 -4 0 -4 -4 -4 -4 -4 -4 -4 
-4 -4 -4 -4 -4 -4 -4 -4 -4 -4 -4 -4 -4 -4 -4 -4 -4 -4 -4 -4 -4 -4 -4 -4 -4 -4 -4 -4 -4 -4 -4 -4 
-4 -4 -4 -4 -4 -4 -4 -4 -4 -4 -4 -4 -4 -4 -4 -4 -4 -4 -4 -4 -4 -4 -4 -4 -4 -4 -4 -4 -4 -4 -4 -4 
-4 -4 -4 -4 0 -4 -4 -4 -4 -4 -4 -4 -4 -4 -4 -4 -4 -4 -4 -4 -4 -4 -4 -4 -4 -4 -4 -4 -4 -4 -4 -4 
-4 -4 -4 -4 -4 -4 -4 -4 -4 -4 -4 -4 -4 -4 -4 -4 -4 -4 -4 -4 -4 -4 -4 -4 -4 -4 -4 -4 -4 -4 -4 -4 
-4 -4 -4 -4 -4 -4 -4 -4 -4 -4 -4 -4 -4 -4 -4 -4 0 0 0 0 0 0 0 0 0 0 0 0 0 105 4 -109 
4 2 16 0 0 120 1 -117 8 -72 16 -89 8 0 0 0 0 0 0 0 0 
]]>
</Image>
</inet:Report>
