<?xml version="1.0" encoding="UTF-8" standalone="yes" ?>

<inet:Report xmlns:inet="http://www.inetsoftware.de" major_version="10" minor_version="0" major_xml_version="8" minor_xml_version="2" count="4" id="0">
    <Datasource>
      <DataSourceConfiguration name="adoplus.dll">
      </DataSourceConfiguration>
      <Tablesource alias="VIEW_REPORT_CILREK_DAFTAR" databaseIdentifier="VIEW_REPORT_CILREK_DAFTAR">
        <Column name="TGLCETAK" type="15" />
        <Column name="KDGERAK" type="11" />
        <Column name="KODE" type="11" />
        <Column name="KALI" type="6" />
        <Column name="BULAN" type="11" />
        <Column name="LBRREK" type="6" />
        <Column name="TANGGAL" type="11" />
        <Column name="UNITUP" type="11" />
        <Column name="KOGOL" type="11" />
        <Column name="IDPEL" type="11" />
        <Column name="NAMA" type="11" />
        <Column name="NOAGENDA" type="11" />
        <Column name="TGLBAYAR" type="11" />
        <Column name="WKTBAYAR" type="11" />
        <Column name="KDPP" type="11" />
        <Column name="KDPEMBAYAR" type="11" />
        <Column name="TGLSALDO" type="11" />
        <Column name="TGLTRANS" type="11" />
        <Column name="TGLBATALTRANS" type="11" />
        <Column name="TGKOREKSI" type="11" />
        <Column name="NOREK" type="11" />
        <Column name="RPTAG" type="6" />
        <Column name="RPPTL" type="6" />
        <Column name="RPTB" type="6" />
        <Column name="RPPPN" type="6" />
        <Column name="RPBPJU" type="6" />
        <Column name="RPTRAFO" type="6" />
        <Column name="RPSEWATRAFO" type="6" />
        <Column name="RPSEWAKAP" type="6" />
        <Column name="RPANGSA" type="6" />
        <Column name="RPANGSB" type="6" />
        <Column name="RPANGSC" type="6" />
        <Column name="RPMAT" type="6" />
        <Column name="RPPLN" type="6" />
        <Column name="RPREDUKSI" type="6" />
        <Column name="RPINSENTIF" type="6" />
        <Column name="RPDISINSENTIF" type="6" />
        <Column name="RPBK1" type="6" />
        <Column name="RPBK2" type="6" />
        <Column name="RPBK3" type="6" />
      </Tablesource>
    </Datasource>
  <Database>
    <QueryChanges mask="0" count="2">
      <Attribute name="queryChange" value="null"/>
      <Attribute name="queryChange" value="null"/>
    </QueryChanges>
  </Database>
  <FormulaFields>
  </FormulaFields>
  <PromptFields>
    <Field type="PromptVarField" valueType="11">
      <Attribute name="name" value="PAR_UPI"/>
      <Attribute name="allow_multiple_values" value="false"/>
      <Attribute name="discrete_or_range" value="0"/>
      <Attribute name="allow editing" value="true"/>
      <Attribute name="description_only" value="false"/>
      <Attribute name="edit mask" value=""/>
      <Attribute name="prompt_text" value=""/>
      <Attribute name="use_range" value="false"/>
    </Field>
    <Field type="PromptVarField" valueType="11">
      <Attribute name="name" value="PAR_AP"/>
      <Attribute name="allow_multiple_values" value="false"/>
      <Attribute name="discrete_or_range" value="0"/>
      <Attribute name="allow editing" value="true"/>
      <Attribute name="description_only" value="false"/>
      <Attribute name="edit mask" value=""/>
      <Attribute name="prompt_text" value=""/>
      <Attribute name="use_range" value="false"/>
    </Field>
    <Field type="PromptVarField" valueType="11">
      <Attribute name="name" value="PAR_UP"/>
      <Attribute name="allow_multiple_values" value="false"/>
      <Attribute name="discrete_or_range" value="0"/>
      <Attribute name="allow editing" value="true"/>
      <Attribute name="description_only" value="false"/>
      <Attribute name="edit mask" value=""/>
      <Attribute name="prompt_text" value=""/>
      <Attribute name="use_range" value="false"/>
    </Field>
    <Field type="PromptVarField" valueType="11">
      <Attribute name="name" value="petugascetak"/>
      <Attribute name="allow_multiple_values" value="false"/>
      <Attribute name="discrete_or_range" value="0"/>
      <Attribute name="allow editing" value="true"/>
      <Attribute name="description_only" value="false"/>
      <Attribute name="edit mask" value=""/>
      <Attribute name="prompt_text" value=""/>
      <Attribute name="use_range" value="false"/>
    </Field>
    <Field type="PromptVarField" valueType="11">
      <Attribute name="name" value="bulantahun"/>
      <Attribute name="allow_multiple_values" value="false"/>
      <Attribute name="discrete_or_range" value="0"/>
      <Attribute name="allow editing" value="true"/>
      <Attribute name="description_only" value="false"/>
      <Attribute name="edit mask" value=""/>
      <Attribute name="prompt_text" value=""/>
      <Attribute name="use_range" value="false"/>
    </Field>
  </PromptFields>
  <SQLFields>
  </SQLFields>
  <SummaryFields>
    <Field type="SummaryField" valueType="6">
      <Attribute name="name" value="Sum (VIEW_REPORT_CILREK_DAFTAR.LBRREK, VIEW_REPORT_CILREK_DAFTAR.UNITUP)"/>
      <Reference name="id" type="DatabaseField" refname="VIEW_REPORT_CILREK_DAFTAR.LBRREK"/>
      <Attribute name="operation" value="0"/>
      <Attribute name="summary_nth" value="0"/>
      <Attribute name="summary_type" value="1"/>
      <Attribute name="chartFieldSelect" value="2"/>
      <Attribute name="group_number" value="1"/>
      <Attribute name="group number type" value="0"/>
      <Attribute name="show as percent value" value="false"/>
      <Attribute name="execute on db" value="false"/>
    </Field>
    <Field type="SummaryField" valueType="6">
      <Attribute name="name" value="Sum (VIEW_REPORT_CILREK_DAFTAR.RPTAG, VIEW_REPORT_CILREK_DAFTAR.UNITUP)"/>
      <Reference name="id" type="DatabaseField" refname="VIEW_REPORT_CILREK_DAFTAR.RPTAG"/>
      <Attribute name="operation" value="0"/>
      <Attribute name="summary_nth" value="0"/>
      <Attribute name="summary_type" value="1"/>
      <Attribute name="chartFieldSelect" value="2"/>
      <Attribute name="group_number" value="1"/>
      <Attribute name="group number type" value="0"/>
      <Attribute name="show as percent value" value="false"/>
      <Attribute name="execute on db" value="false"/>
    </Field>
    <Field type="SummaryField" valueType="6">
      <Attribute name="name" value="Sum (VIEW_REPORT_CILREK_DAFTAR.LBRREK)"/>
      <Reference name="id" type="DatabaseField" refname="VIEW_REPORT_CILREK_DAFTAR.LBRREK"/>
      <Attribute name="operation" value="0"/>
      <Attribute name="summary_nth" value="0"/>
      <Attribute name="summary_type" value="1"/>
      <Attribute name="chartFieldSelect" value="2"/>
      <Attribute name="group number type" value="0"/>
      <Attribute name="show as percent value" value="false"/>
      <Attribute name="execute on db" value="false"/>
    </Field>
    <Field type="SummaryField" valueType="6">
      <Attribute name="name" value="Sum (VIEW_REPORT_CILREK_DAFTAR.RPTAG)"/>
      <Reference name="id" type="DatabaseField" refname="VIEW_REPORT_CILREK_DAFTAR.RPTAG"/>
      <Attribute name="operation" value="0"/>
      <Attribute name="summary_nth" value="0"/>
      <Attribute name="summary_type" value="1"/>
      <Attribute name="chartFieldSelect" value="2"/>
      <Attribute name="group number type" value="0"/>
      <Attribute name="show as percent value" value="false"/>
      <Attribute name="execute on db" value="false"/>
    </Field>
  </SummaryFields>
  <SortFields>
  </SortFields>
  <GroupNameFields count="1">
    <Field type="GroupNameField" valueType="11">
      <Attribute name="name" value=""/>
      <Attribute name="group number type" value="0"/>
      <Attribute name="group_number" value="0"/>
    </Field>
  </GroupNameFields>
  <ReportProperties>
    <Attribute name="page width" value="12240"/>
    <Attribute name="page height" value="15840"/>
    <Attribute name="page orientation" value="1"/>
    <Attribute name="page margin left" value="187"/>
    <Attribute name="page margin right" value="187"/>
    <Attribute name="page margin top" value="187"/>
    <Attribute name="page margin bottom" value="187"/>
    <Attribute name="report title" value=""/>
    <Attribute name="report author" value=""/>
    <Attribute name="report keywords" value=""/>
    <Attribute name="report subject" value=""/>
    <Attribute name="report template" value=""/>
    <Attribute name="report comments" value=""/>
    <Attribute name="report last saved" value="14 Jan 2014 00:21:26 GMT"/>
    <Attribute name="report created" value="26 Jul 2007 16:08:53 GMT"/>
    <Attribute name="mailing label type 1" value=""/>
    <Attribute name="mailing label type 2" value=""/>
    <Attribute name="format with multiple columns" value="false"/>
    <Attribute name="mailing label width" value="0"/>
    <Attribute name="mailing label height" value="0"/>
    <Attribute name="mailing label distance vertical" value="0"/>
    <Attribute name="mailing label distance horizontal" value="0"/>
    <Attribute name="across then down" value="false"/>
    <Attribute name="format groups with multiple columns" value="false"/>
    <Attribute name="distinct" value="false"/>
    <Attribute name="show suppressed nodes" value="true"/>
    <Attribute name="ignore filtering" value="false"/>
    <Attribute name="ignore sorting" value="false"/>
    <Attribute name="convert date time" value="2"/>
    <Attribute name="suppress if no rows" value="false"/>
    <Attribute name="convert null values to default" value="false"/>
    <Attribute name="hide PageFooter inside ReportHeader" value="true"/>
    <Attribute name="form print" value="false"/>
    <Attribute name="printing enabled" value="true"/>
    <Attribute name="clipboard enabled" value="true"/>
    <Attribute name="export enabled" value="true"/>
    <Attribute name="group tree visible" value="true"/>
  </ReportProperties>
  <AreaPair type="PageAreaPair" id="0">
    <Area type="PageHeader" count="1">
      <AreaProperties>
        <Attribute name="keep together" value="true"/>
        <Attribute name="hold minimal pagefooter free" value="1"/>
      </AreaProperties>
      <Section type="PageHeader" count="0" width="11866" height="200" id="0">
        <SectionProperties>
          <Attribute name="keep together" value="true"/>
          <Attribute name="hold minimal pagefooter free" value="1"/>
        </SectionProperties>
      </Section>
    </Area>
    <Area type="PageFooter" count="1">
      <AreaProperties>
        <Attribute name="print at bottom of page" value="true"/>
        <Attribute name="new page after" value="true"/>
        <Attribute name="keep together" value="true"/>
        <Attribute name="hold minimal pagefooter free" value="1"/>
      </AreaProperties>
      <Section type="PageFooter" count="4" width="11866" height="600" id="1">
        <SectionProperties>
          <Attribute name="keep together" value="true"/>
          <Attribute name="hold minimal pagefooter free" value="1"/>
        </SectionProperties>
        <Element type="Text" count="1" x_position="120" y_position="120" width="3975" height="200">
          <CommonProperties>
            <Attribute name="keep together" value="true"/>
            <Attribute name="close border on page break" value="false"/>
          </CommonProperties>
          <Element type="Paragraph" count="2">
            <CommonProperties>
              <Attribute name="horizontal align" value="1"/>
            </CommonProperties>
            <Element type="TextPart">
              <FontProperties>
                <Attribute name="font name" value="Verdana"/>
                <Attribute name="font size" value="160"/>
              </FontProperties>
            <![CDATA[Petugas Cetak : ]]>
            </Element>
            <Element type="FieldPart">
              <FontProperties>
                <Attribute name="font name" value="Verdana"/>
                <Attribute name="font size" value="160"/>
              </FontProperties>
              <Reference name="field" type="PromptVarField" refname="?petugascetak"/>
            </Element>
          </Element>
        </Element>
        <Element type="Text" count="1" x_position="4200" y_position="120" width="1680" height="200">
          <CommonProperties>
            <Attribute name="keep together" value="true"/>
            <Attribute name="close border on page break" value="false"/>
          </CommonProperties>
          <Element type="Paragraph" count="1">
            <CommonProperties>
              <Attribute name="horizontal align" value="1"/>
            </CommonProperties>
            <Element type="TextPart">
              <FontProperties>
                <Attribute name="font name" value="Verdana"/>
                <Attribute name="font size" value="160"/>
              </FontProperties>
            <![CDATA[Cicilan Rekening]]>
            </Element>
          </Element>
        </Element>
        <Element type="Text" count="1" x_position="6000" y_position="120" width="3960" height="200">
          <CommonProperties>
            <Attribute name="keep together" value="true"/>
            <Attribute name="close border on page break" value="false"/>
          </CommonProperties>
          <Element type="Paragraph" count="2">
            <CommonProperties>
              <Attribute name="horizontal align" value="1"/>
            </CommonProperties>
            <Element type="TextPart">
              <FontProperties>
                <Attribute name="font name" value="Verdana"/>
                <Attribute name="font size" value="160"/>
              </FontProperties>
            <![CDATA[Tanggal Cetak : ]]>
            </Element>
            <Element type="FieldPart">
              <FontProperties>
                <Attribute name="font name" value="Verdana"/>
                <Attribute name="font size" value="160"/>
              </FontProperties>
              <DateProperties>
                <Attribute name="date windows default type" value="2"/>
                <Attribute name="date order" value="1"/>
                <Attribute name="year type" value="1"/>
                <Attribute name="month type" value="2"/>
                <Attribute name="date era type" value="1"/>
              </DateProperties>
              <TimeProperties>
                <Attribute name="system default time type" value="2"/>
                <Attribute name="time base" value="1"/>
                <Attribute name="hour type" value="1"/>
                <Attribute name="second type" value="2"/>
                <Attribute name="minute second separator" value=""/>
                <Attribute name="am string" value=" am"/>
                <Attribute name="pm string" value=" pm"/>
              </TimeProperties>
              <DateTimeProperties>
                <Attribute name="date time order" value="2"/>
                <Attribute name="date time separator" value=" "/>
              </DateTimeProperties>
              <Reference name="field" type="DatabaseField" refname="VIEW_REPORT_CILREK_DAFTAR.TGLCETAK"/>
            </Element>
          </Element>
        </Element>
        <Element type="Text" count="1" x_position="10080" y_position="120" width="1680" height="200">
          <CommonProperties>
            <Attribute name="keep together" value="true"/>
            <Attribute name="close border on page break" value="false"/>
          </CommonProperties>
          <Element type="Paragraph" count="1">
            <CommonProperties>
              <Attribute name="horizontal align" value="3"/>
            </CommonProperties>
            <Element type="FieldPart">
              <FontProperties>
                <Attribute name="font name" value="Verdana"/>
                <Attribute name="font size" value="160"/>
              </FontProperties>
              <Reference name="field" type="SpecialVarField" id="16"/>
            </Element>
          </Element>
        </Element>
      </Section>
    </Area>
  </AreaPair>
  <AreaPair type="ReportAreaPair" id="0">
    <Area type="ReportHeader" count="1">
      <AreaProperties>
        <Attribute name="new page before" value="true"/>
        <Attribute name="hold minimal pagefooter free" value="1"/>
      </AreaProperties>
      <Section type="ReportHeader" count="7" width="11866" height="2685" id="2">
        <SectionProperties>
          <Attribute name="keep together" value="true"/>
          <Attribute name="hold minimal pagefooter free" value="1"/>
        </SectionProperties>
        <Element type="Picture" x_position="120" y_position="120" width="600" height="720">
          <CommonProperties>
            <Attribute name="keep together" value="true"/>
            <Attribute name="close border on page break" value="false"/>
          </CommonProperties>
          <PictureProperties>
            <Attribute name="scale width" value="0.533"/>
            <Attribute name="scale height" value="0.44"/>
            <Attribute name="scale option" value="1"/>
            <Attribute name="id" value="1"/>
          </PictureProperties>
        </Element>
        <Element type="Text" count="1" x_position="840" y_position="120" width="3600" height="240">
          <CommonProperties>
            <Attribute name="keep together" value="true"/>
            <Attribute name="close border on page break" value="false"/>
          </CommonProperties>
          <Element type="Paragraph" count="2">
            <CommonProperties>
              <Attribute name="horizontal align" value="1"/>
            </CommonProperties>
            <Element type="TextPart">
              <FontProperties>
                <Attribute name="font name" value="Verdana"/>
                <Attribute name="font size" value="200"/>
              </FontProperties>
            <![CDATA[UPI	: ]]>
            </Element>
            <Element type="FieldPart">
              <FontProperties>
                <Attribute name="font name" value="Verdana"/>
                <Attribute name="font size" value="200"/>
              </FontProperties>
              <Reference name="field" type="PromptVarField" refname="?PAR_UPI"/>
            </Element>
          </Element>
        </Element>
        <Element type="Text" count="1" x_position="840" y_position="360" width="3600" height="240">
          <CommonProperties>
            <Attribute name="keep together" value="true"/>
            <Attribute name="close border on page break" value="false"/>
          </CommonProperties>
          <Element type="Paragraph" count="2">
            <CommonProperties>
              <Attribute name="horizontal align" value="1"/>
            </CommonProperties>
            <Element type="TextPart">
              <FontProperties>
                <Attribute name="font name" value="Verdana"/>
                <Attribute name="font size" value="200"/>
              </FontProperties>
            <![CDATA[AP	: ]]>
            </Element>
            <Element type="FieldPart">
              <FontProperties>
                <Attribute name="font name" value="Verdana"/>
                <Attribute name="font size" value="200"/>
              </FontProperties>
              <Reference name="field" type="PromptVarField" refname="?PAR_AP"/>
            </Element>
          </Element>
        </Element>
        <Element type="Text" count="1" x_position="840" y_position="600" width="3600" height="240">
          <CommonProperties>
            <Attribute name="keep together" value="true"/>
            <Attribute name="close border on page break" value="false"/>
          </CommonProperties>
          <Element type="Paragraph" count="2">
            <CommonProperties>
              <Attribute name="horizontal align" value="1"/>
            </CommonProperties>
            <Element type="TextPart">
              <FontProperties>
                <Attribute name="font name" value="Verdana"/>
                <Attribute name="font size" value="200"/>
              </FontProperties>
            <![CDATA[UP	: ]]>
            </Element>
            <Element type="FieldPart">
              <FontProperties>
                <Attribute name="font name" value="Verdana"/>
                <Attribute name="font size" value="200"/>
              </FontProperties>
              <Reference name="field" type="PromptVarField" refname="?PAR_UP"/>
            </Element>
          </Element>
        </Element>
        <Element type="Text" count="2" x_position="1440" y_position="1080" width="8760" height="600">
          <CommonProperties>
            <Attribute name="keep together" value="true"/>
            <Attribute name="close border on page break" value="false"/>
          </CommonProperties>
          <Element type="Paragraph" count="1">
            <CommonProperties>
              <Attribute name="horizontal align" value="2"/>
            </CommonProperties>
            <Element type="TextPart">
              <FontProperties>
                <Attribute name="font name" value="Verdana"/>
                <Attribute name="font size" value="240"/>
                <Attribute name="font style" value="1"/>
              </FontProperties>
            <![CDATA[DAFTAR PEMANTAUAN]]>
            </Element>
          </Element>
          <Element type="Paragraph" count="1">
            <CommonProperties>
              <Attribute name="horizontal align" value="2"/>
            </CommonProperties>
            <Element type="TextPart">
              <FontProperties>
                <Attribute name="font name" value="Verdana"/>
                <Attribute name="font size" value="240"/>
                <Attribute name="font style" value="1"/>
              </FontProperties>
            <![CDATA[CICILAN REKENING LISTRIK]]>
            </Element>
          </Element>
        </Element>
        <Element type="Text" count="1" x_position="120" y_position="2400" width="8040" height="200">
          <CommonProperties>
            <Attribute name="keep together" value="true"/>
            <Attribute name="close border on page break" value="false"/>
          </CommonProperties>
          <Element type="Paragraph" count="2">
            <CommonProperties>
              <Attribute name="horizontal align" value="1"/>
            </CommonProperties>
            <Element type="TextPart">
              <FontProperties>
                <Attribute name="font name" value="Verdana"/>
                <Attribute name="font style" value="1"/>
              </FontProperties>
            <![CDATA[Daftar untuk Bulan : ]]>
            </Element>
            <Element type="FieldPart">
              <FontProperties>
                <Attribute name="font name" value="Verdana"/>
                <Attribute name="font style" value="1"/>
              </FontProperties>
              <Reference name="field" type="PromptVarField" refname="?bulantahun"/>
            </Element>
          </Element>
        </Element>
        <Element type="Text" count="1" x_position="120" y_position="1800" width="11520" height="360">
          <CommonProperties>
            <Attribute name="keep together" value="true"/>
            <Attribute name="close border on page break" value="false"/>
          </CommonProperties>
          <Element type="Paragraph" count="4">
            <CommonProperties>
              <Attribute name="horizontal align" value="2"/>
            </CommonProperties>
            <Element type="TextPart">
              <FontProperties>
                <Attribute name="font name" value="Verdana"/>
                <Attribute name="font size" value="240"/>
                <Attribute name="font style" value="1"/>
              </FontProperties>
            <![CDATA[Detail untuk : ]]>
            </Element>
            <Element type="FieldPart">
              <FontProperties>
                <Attribute name="font name" value="Verdana"/>
                <Attribute name="font size" value="240"/>
                <Attribute name="font style" value="1"/>
              </FontProperties>
              <Reference name="field" type="DatabaseField" refname="VIEW_REPORT_CILREK_DAFTAR.KDGERAK"/>
            </Element>
            <Element type="TextPart">
              <FontProperties>
                <Attribute name="font name" value="Verdana"/>
                <Attribute name="font size" value="240"/>
                <Attribute name="font style" value="1"/>
              </FontProperties>
            <![CDATA[ - ]]>
            </Element>
            <Element type="FieldPart">
              <FontProperties>
                <Attribute name="font name" value="Verdana"/>
                <Attribute name="font size" value="240"/>
                <Attribute name="font style" value="1"/>
              </FontProperties>
              <Reference name="field" type="DatabaseField" refname="VIEW_REPORT_CILREK_DAFTAR.KODE"/>
            </Element>
          </Element>
        </Element>
      </Section>
    </Area>
    <Area type="ReportFooter" count="1">
      <AreaProperties>
        <Attribute name="new page after" value="true"/>
        <Attribute name="hold minimal pagefooter free" value="1"/>
      </AreaProperties>
      <Section type="ReportFooter" count="5" width="11866" height="2070" id="3">
        <SectionProperties>
          <Attribute name="keep together" value="true"/>
          <Attribute name="hold minimal pagefooter free" value="1"/>
        </SectionProperties>
        <Element type="Box" x2_position="9240" y2_position="365" x_position="6960" y_position="35" width="2280" height="330">
          <CommonProperties>
            <Attribute name="close border on page break" value="false"/>
          </CommonProperties>
          <BoxProperties>
              <LineProperties>
                <Attribute name="id" value="3"/>
              </LineProperties>
          </BoxProperties>
        </Element>
        <Element type="Text" count="1" x_position="5280" y_position="120" width="1680" height="200">
          <CommonProperties>
            <Attribute name="keep together" value="true"/>
            <Attribute name="close border on page break" value="false"/>
          </CommonProperties>
          <Element type="Paragraph" count="1">
            <CommonProperties>
              <Attribute name="horizontal align" value="1"/>
            </CommonProperties>
            <Element type="TextPart">
              <FontProperties>
                <Attribute name="font name" value="Verdana"/>
                <Attribute name="font size" value="160"/>
                <Attribute name="font style" value="1"/>
              </FontProperties>
            <![CDATA[Total :]]>
            </Element>
          </Element>
        </Element>
        <Element type="FieldElement" x_position="7080" y_position="120" width="720" height="200">
          <CommonProperties>
            <Attribute name="keep together" value="true"/>
            <Attribute name="close border on page break" value="false"/>
          </CommonProperties>
          <FontProperties>
            <Attribute name="font name" value="Verdana"/>
            <Attribute name="font size" value="160"/>
          </FontProperties>
          <NumberProperties>
            <Attribute name="system default number type" value="2"/>
            <Attribute name="n decimal places" value="0"/>
            <Attribute name="rounding type" value="11"/>
            <Attribute name="thousand separators symbol" value=","/>
            <Attribute name="decimal separators symbol" value="."/>
            <Attribute name="currency symbol" value="$"/>
            <Attribute name="allow field clipping" value="false"/>
          </NumberProperties>
          <Reference name="field" type="SummaryField" refname="#Sum (VIEW_REPORT_CILREK_DAFTAR.LBRREK)"/>
        </Element>
        <Element type="FieldElement" x_position="7800" y_position="120" width="1320" height="200">
          <CommonProperties>
            <Attribute name="keep together" value="true"/>
            <Attribute name="close border on page break" value="false"/>
          </CommonProperties>
          <FontProperties>
            <Attribute name="font name" value="Verdana"/>
            <Attribute name="font size" value="160"/>
          </FontProperties>
          <NumberProperties>
            <Attribute name="system default number type" value="2"/>
            <Attribute name="n decimal places" value="0"/>
            <Attribute name="rounding type" value="11"/>
            <Attribute name="thousand separators symbol" value=","/>
            <Attribute name="decimal separators symbol" value="."/>
            <Attribute name="currency symbol" value="$"/>
            <Attribute name="allow field clipping" value="false"/>
          </NumberProperties>
          <Reference name="field" type="SummaryField" refname="#Sum (VIEW_REPORT_CILREK_DAFTAR.RPTAG)"/>
        </Element>
        <Element type="Text" count="6" x_position="8280" y_position="600" width="3480" height="1440">
          <CommonProperties>
            <Attribute name="keep together" value="true"/>
            <Attribute name="close border on page break" value="false"/>
          </CommonProperties>
          <Element type="Paragraph" count="1">
            <CommonProperties>
              <Attribute name="horizontal align" value="2"/>
            </CommonProperties>
            <Element type="TextPart">
              <FontProperties>
                <Attribute name="font name" value="Verdana"/>
              </FontProperties>
            <![CDATA[Mengetahui]]>
            </Element>
          </Element>
          <Element type="Paragraph" count="1">
            <CommonProperties>
              <Attribute name="horizontal align" value="2"/>
            </CommonProperties>
            <Element type="TextPart">
              <FontProperties>
                <Attribute name="font name" value="Verdana"/>
              </FontProperties>
            <![CDATA[]]>
            </Element>
          </Element>
          <Element type="Paragraph" count="1">
            <CommonProperties>
              <Attribute name="horizontal align" value="2"/>
            </CommonProperties>
            <Element type="TextPart">
              <FontProperties>
                <Attribute name="font name" value="Verdana"/>
              </FontProperties>
            <![CDATA[]]>
            </Element>
          </Element>
          <Element type="Paragraph" count="1">
            <CommonProperties>
              <Attribute name="horizontal align" value="2"/>
            </CommonProperties>
            <Element type="TextPart">
              <FontProperties>
                <Attribute name="font name" value="Verdana"/>
              </FontProperties>
            <![CDATA[]]>
            </Element>
          </Element>
          <Element type="Paragraph" count="1">
            <CommonProperties>
              <Attribute name="horizontal align" value="2"/>
            </CommonProperties>
            <Element type="TextPart">
              <FontProperties>
                <Attribute name="font name" value="Verdana"/>
              </FontProperties>
            <![CDATA[]]>
            </Element>
          </Element>
          <Element type="Paragraph" count="1">
            <CommonProperties>
              <Attribute name="horizontal align" value="2"/>
            </CommonProperties>
            <Element type="TextPart">
              <FontProperties>
                <Attribute name="font name" value="Verdana"/>
              </FontProperties>
            <![CDATA[(.....................................)]]>
            </Element>
          </Element>
        </Element>
      </Section>
    </Area>
  </AreaPair>
  <AreaPair type="GroupAreaPair" id="1">
    <AreaPairProperties>
      <Reference name="id" type="DatabaseField" refname="VIEW_REPORT_CILREK_DAFTAR.UNITUP"/>
      <Reference name="group name" type="GroupNameField" id="0"/>
    </AreaPairProperties>
    <Area type="GroupHeader" count="1">
      <AreaProperties>
        <Attribute name="hold minimal pagefooter free" value="1"/>
      </AreaProperties>
      <Section type="GroupHeader" count="13" width="11866" height="920" id="4">
        <SectionProperties>
          <Attribute name="keep together" value="true"/>
          <Attribute name="hold minimal pagefooter free" value="1"/>
        </SectionProperties>
        <Element type="Box" x2_position="3480" y2_position="360" x_position="75" y_position="60" width="3405" height="300">
          <CommonProperties>
            <Attribute name="close border on page break" value="false"/>
          </CommonProperties>
          <BoxProperties>
              <LineProperties>
                <Attribute name="id" value="4"/>
              </LineProperties>
          </BoxProperties>
        </Element>
        <Element type="Box" x2_position="11760" y2_position="840" x_position="75" y_position="495" width="11685" height="345">
          <CommonProperties>
            <Attribute name="close border on page break" value="false"/>
          </CommonProperties>
          <BoxProperties>
              <LineProperties>
                <Attribute name="id" value="4"/>
              </LineProperties>
          </BoxProperties>
        </Element>
        <Element type="FieldElement" x_position="1200" y_position="120" width="2128" height="200">
          <CommonProperties>
            <Attribute name="keep together" value="true"/>
            <Attribute name="close border on page break" value="false"/>
          </CommonProperties>
          <FontProperties>
            <Attribute name="font name" value="Verdana"/>
            <Attribute name="font size" value="160"/>
            <Attribute name="font style" value="1"/>
          </FontProperties>
          <Reference name="field" type="GroupNameField" id="0"/>
        </Element>
        <Element type="Text" count="1" x_position="120" y_position="120" width="1080" height="200">
          <CommonProperties>
            <Attribute name="keep together" value="true"/>
            <Attribute name="close border on page break" value="false"/>
          </CommonProperties>
          <Element type="Paragraph" count="1">
            <CommonProperties>
              <Attribute name="horizontal align" value="1"/>
            </CommonProperties>
            <Element type="TextPart">
              <FontProperties>
                <Attribute name="font name" value="Verdana"/>
                <Attribute name="font size" value="160"/>
                <Attribute name="font style" value="1"/>
              </FontProperties>
            <![CDATA[Unit UP :]]>
            </Element>
          </Element>
        </Element>
        <Element type="Text" count="1" x_position="120" y_position="600" width="480" height="200">
          <CommonProperties>
            <Attribute name="keep together" value="true"/>
            <Attribute name="close border on page break" value="false"/>
          </CommonProperties>
          <Element type="Paragraph" count="1">
            <CommonProperties>
              <Attribute name="horizontal align" value="3"/>
            </CommonProperties>
            <Element type="TextPart">
              <FontProperties>
                <Attribute name="font name" value="Verdana"/>
                <Attribute name="font size" value="160"/>
                <Attribute name="font style" value="5"/>
                <Attribute name="underline" value="true"/>
              </FontProperties>
            <![CDATA[NO.]]>
            </Element>
          </Element>
        </Element>
        <Element type="Text" count="1" x_position="600" y_position="600" width="1440" height="200">
          <CommonProperties>
            <Attribute name="keep together" value="true"/>
            <Attribute name="close border on page break" value="false"/>
          </CommonProperties>
          <Element type="Paragraph" count="1">
            <CommonProperties>
              <Attribute name="horizontal align" value="2"/>
            </CommonProperties>
            <Element type="TextPart">
              <FontProperties>
                <Attribute name="font name" value="Verdana"/>
                <Attribute name="font size" value="160"/>
                <Attribute name="font style" value="5"/>
                <Attribute name="underline" value="true"/>
              </FontProperties>
            <![CDATA[IDPEL]]>
            </Element>
          </Element>
        </Element>
        <Element type="Text" count="1" x_position="2040" y_position="600" width="360" height="200">
          <CommonProperties>
            <Attribute name="keep together" value="true"/>
            <Attribute name="close border on page break" value="false"/>
          </CommonProperties>
          <Element type="Paragraph" count="1">
            <CommonProperties>
              <Attribute name="horizontal align" value="2"/>
            </CommonProperties>
            <Element type="TextPart">
              <FontProperties>
                <Attribute name="font name" value="Verdana"/>
                <Attribute name="font size" value="160"/>
                <Attribute name="font style" value="5"/>
                <Attribute name="underline" value="true"/>
              </FontProperties>
            <![CDATA[GOL]]>
            </Element>
          </Element>
        </Element>
        <Element type="Text" count="1" x_position="2400" y_position="600" width="2400" height="200">
          <CommonProperties>
            <Attribute name="keep together" value="true"/>
            <Attribute name="close border on page break" value="false"/>
          </CommonProperties>
          <Element type="Paragraph" count="1">
            <CommonProperties>
              <Attribute name="horizontal align" value="2"/>
            </CommonProperties>
            <Element type="TextPart">
              <FontProperties>
                <Attribute name="font name" value="Verdana"/>
                <Attribute name="font size" value="160"/>
                <Attribute name="font style" value="5"/>
                <Attribute name="underline" value="true"/>
              </FontProperties>
            <![CDATA[NAMA]]>
            </Element>
          </Element>
        </Element>
        <Element type="Text" count="1" x_position="4800" y_position="600" width="2280" height="200">
          <CommonProperties>
            <Attribute name="keep together" value="true"/>
            <Attribute name="close border on page break" value="false"/>
          </CommonProperties>
          <Element type="Paragraph" count="1">
            <CommonProperties>
              <Attribute name="horizontal align" value="2"/>
            </CommonProperties>
            <Element type="TextPart">
              <FontProperties>
                <Attribute name="font name" value="Verdana"/>
                <Attribute name="font size" value="160"/>
                <Attribute name="font style" value="5"/>
                <Attribute name="underline" value="true"/>
              </FontProperties>
            <![CDATA[NO SPH]]>
            </Element>
          </Element>
        </Element>
        <Element type="Text" count="1" x_position="7080" y_position="600" width="720" height="200">
          <CommonProperties>
            <Attribute name="keep together" value="true"/>
            <Attribute name="close border on page break" value="false"/>
          </CommonProperties>
          <Element type="Paragraph" count="1">
            <CommonProperties>
              <Attribute name="horizontal align" value="2"/>
            </CommonProperties>
            <Element type="TextPart">
              <FontProperties>
                <Attribute name="font name" value="Verdana"/>
                <Attribute name="font size" value="160"/>
                <Attribute name="font style" value="5"/>
                <Attribute name="underline" value="true"/>
              </FontProperties>
            <![CDATA[LEMBAR]]>
            </Element>
          </Element>
        </Element>
        <Element type="Text" count="1" x_position="7800" y_position="600" width="1320" height="200">
          <CommonProperties>
            <Attribute name="keep together" value="true"/>
            <Attribute name="close border on page break" value="false"/>
          </CommonProperties>
          <Element type="Paragraph" count="1">
            <CommonProperties>
              <Attribute name="horizontal align" value="2"/>
            </CommonProperties>
            <Element type="TextPart">
              <FontProperties>
                <Attribute name="font name" value="Verdana"/>
                <Attribute name="font size" value="160"/>
                <Attribute name="font style" value="5"/>
                <Attribute name="underline" value="true"/>
              </FontProperties>
            <![CDATA[RPTAG]]>
            </Element>
          </Element>
        </Element>
        <Element type="Text" count="1" x_position="9120" y_position="600" width="960" height="200">
          <CommonProperties>
            <Attribute name="keep together" value="true"/>
            <Attribute name="close border on page break" value="false"/>
          </CommonProperties>
          <Element type="Paragraph" count="1">
            <CommonProperties>
              <Attribute name="horizontal align" value="2"/>
            </CommonProperties>
            <Element type="TextPart">
              <FontProperties>
                <Attribute name="font name" value="Verdana"/>
                <Attribute name="font size" value="160"/>
                <Attribute name="font style" value="5"/>
                <Attribute name="underline" value="true"/>
              </FontProperties>
            <![CDATA[TANGGAL]]>
            </Element>
          </Element>
        </Element>
        <Element type="Text" count="1" x_position="10080" y_position="600" width="1680" height="200">
          <CommonProperties>
            <Attribute name="keep together" value="true"/>
            <Attribute name="close border on page break" value="false"/>
          </CommonProperties>
          <Element type="Paragraph" count="1">
            <CommonProperties>
              <Attribute name="horizontal align" value="2"/>
            </CommonProperties>
            <Element type="TextPart">
              <FontProperties>
                <Attribute name="font name" value="Verdana"/>
                <Attribute name="font size" value="160"/>
                <Attribute name="font style" value="5"/>
                <Attribute name="underline" value="true"/>
              </FontProperties>
            <![CDATA[KDPP LUNAS]]>
            </Element>
          </Element>
        </Element>
      </Section>
    </Area>
    <Area type="GroupFooter" count="1">
      <AreaProperties>
        <Attribute name="hold minimal pagefooter free" value="1"/>
      </AreaProperties>
      <Section type="GroupFooter" count="5" width="11866" height="430" id="5">
        <SectionProperties>
          <Attribute name="keep together" value="true"/>
          <Attribute name="hold minimal pagefooter free" value="1"/>
        </SectionProperties>
        <Element type="Box" x2_position="9240" y2_position="360" x_position="6960" y_position="60" width="2280" height="300">
          <CommonProperties>
            <Attribute name="close border on page break" value="false"/>
          </CommonProperties>
          <BoxProperties>
              <LineProperties>
                <Attribute name="id" value="5"/>
              </LineProperties>
          </BoxProperties>
        </Element>
        <Element type="Line" x2_position="11760" y2_position="60" x_position="105" y_position="60" width="11655" height="0">
          <LineProperties>
            <Attribute name="id" value="5"/>
          </LineProperties>
        </Element>
        <Element type="FieldElement" x_position="7080" y_position="120" width="720" height="200">
          <CommonProperties>
            <Attribute name="keep together" value="true"/>
            <Attribute name="close border on page break" value="false"/>
          </CommonProperties>
          <FontProperties>
            <Attribute name="font name" value="Verdana"/>
            <Attribute name="font size" value="160"/>
          </FontProperties>
          <NumberProperties>
            <Attribute name="system default number type" value="2"/>
            <Attribute name="n decimal places" value="0"/>
            <Attribute name="rounding type" value="11"/>
            <Attribute name="thousand separators symbol" value=","/>
            <Attribute name="decimal separators symbol" value="."/>
            <Attribute name="currency symbol" value="$"/>
            <Attribute name="allow field clipping" value="false"/>
          </NumberProperties>
          <Reference name="field" type="SummaryField" refname="#Sum (VIEW_REPORT_CILREK_DAFTAR.LBRREK, VIEW_REPORT_CILREK_DAFTAR.UNITUP)"/>
        </Element>
        <Element type="FieldElement" x_position="7800" y_position="120" width="1320" height="200">
          <CommonProperties>
            <Attribute name="keep together" value="true"/>
            <Attribute name="close border on page break" value="false"/>
          </CommonProperties>
          <FontProperties>
            <Attribute name="font name" value="Verdana"/>
            <Attribute name="font size" value="160"/>
          </FontProperties>
          <NumberProperties>
            <Attribute name="system default number type" value="2"/>
            <Attribute name="n decimal places" value="0"/>
            <Attribute name="rounding type" value="11"/>
            <Attribute name="thousand separators symbol" value=","/>
            <Attribute name="decimal separators symbol" value="."/>
            <Attribute name="currency symbol" value="$"/>
            <Attribute name="allow field clipping" value="false"/>
          </NumberProperties>
          <Reference name="field" type="SummaryField" refname="#Sum (VIEW_REPORT_CILREK_DAFTAR.RPTAG, VIEW_REPORT_CILREK_DAFTAR.UNITUP)"/>
        </Element>
        <Element type="Text" count="1" x_position="5280" y_position="120" width="1680" height="200">
          <CommonProperties>
            <Attribute name="keep together" value="true"/>
            <Attribute name="close border on page break" value="false"/>
          </CommonProperties>
          <Element type="Paragraph" count="1">
            <CommonProperties>
              <Attribute name="horizontal align" value="1"/>
            </CommonProperties>
            <Element type="TextPart">
              <FontProperties>
                <Attribute name="font name" value="Verdana"/>
                <Attribute name="font size" value="160"/>
                <Attribute name="font style" value="1"/>
              </FontProperties>
            <![CDATA[Sub Total :]]>
            </Element>
          </Element>
        </Element>
      </Section>
    </Area>
  </AreaPair>
  <AreaPair type="DetailArea" id="2">
    <Area type="Detail" count="1">
      <AreaProperties>
        <Attribute name="hold minimal pagefooter free" value="1"/>
      </AreaProperties>
      <Section type="Detail" count="9" width="11866" height="365" id="6">
        <SectionProperties>
          <Attribute name="keep together" value="true"/>
          <Attribute name="hold minimal pagefooter free" value="1"/>
        </SectionProperties>
        <Element type="FieldElement" x_position="120" y_position="120" width="480" height="200">
          <CommonProperties>
            <Attribute name="keep together" value="true"/>
            <Attribute name="close border on page break" value="false"/>
          </CommonProperties>
          <FontProperties>
            <Attribute name="font name" value="Verdana"/>
            <Attribute name="font size" value="160"/>
          </FontProperties>
          <NumberProperties>
            <Attribute name="n decimal places" value="0"/>
            <Attribute name="rounding type" value="11"/>
            <Attribute name="thousand separators symbol" value=","/>
            <Attribute name="decimal separators symbol" value="."/>
            <Attribute name="currency symbol" value=""/>
          </NumberProperties>
          <Reference name="field" type="SpecialVarField" id="13"/>
        </Element>
        <Element type="FieldElement" x_position="600" y_position="120" width="1440" height="200">
          <CommonProperties>
            <Attribute name="horizontal align" value="2"/>
            <Attribute name="keep together" value="true"/>
            <Attribute name="close border on page break" value="false"/>
          </CommonProperties>
          <FontProperties>
            <Attribute name="font name" value="Verdana"/>
            <Attribute name="font size" value="160"/>
          </FontProperties>
          <Reference name="field" type="DatabaseField" refname="VIEW_REPORT_CILREK_DAFTAR.IDPEL"/>
        </Element>
        <Element type="FieldElement" x_position="2040" y_position="120" width="360" height="200">
          <CommonProperties>
            <Attribute name="horizontal align" value="2"/>
            <Attribute name="keep together" value="true"/>
            <Attribute name="close border on page break" value="false"/>
          </CommonProperties>
          <FontProperties>
            <Attribute name="font name" value="Verdana"/>
            <Attribute name="font size" value="160"/>
          </FontProperties>
          <Reference name="field" type="DatabaseField" refname="VIEW_REPORT_CILREK_DAFTAR.KOGOL"/>
        </Element>
        <Element type="FieldElement" x_position="2400" y_position="120" width="2400" height="200">
          <CommonProperties>
            <Attribute name="keep together" value="true"/>
            <Attribute name="close border on page break" value="false"/>
          </CommonProperties>
          <FontProperties>
            <Attribute name="font name" value="Verdana"/>
            <Attribute name="font size" value="160"/>
          </FontProperties>
          <Reference name="field" type="DatabaseField" refname="VIEW_REPORT_CILREK_DAFTAR.NAMA"/>
        </Element>
        <Element type="FieldElement" x_position="4800" y_position="120" width="2280" height="200">
          <CommonProperties>
            <Attribute name="keep together" value="true"/>
            <Attribute name="close border on page break" value="false"/>
          </CommonProperties>
          <FontProperties>
            <Attribute name="font name" value="Verdana"/>
            <Attribute name="font size" value="160"/>
          </FontProperties>
          <Reference name="field" type="DatabaseField" refname="VIEW_REPORT_CILREK_DAFTAR.NOAGENDA"/>
        </Element>
        <Element type="FieldElement" x_position="7080" y_position="120" width="720" height="200">
          <CommonProperties>
            <Attribute name="keep together" value="true"/>
            <Attribute name="close border on page break" value="false"/>
          </CommonProperties>
          <FontProperties>
            <Attribute name="font name" value="Verdana"/>
            <Attribute name="font size" value="160"/>
          </FontProperties>
          <NumberProperties>
            <Attribute name="system default number type" value="2"/>
            <Attribute name="n decimal places" value="0"/>
            <Attribute name="rounding type" value="11"/>
            <Attribute name="thousand separators symbol" value=","/>
            <Attribute name="decimal separators symbol" value="."/>
            <Attribute name="currency symbol" value="$"/>
            <Attribute name="allow field clipping" value="false"/>
          </NumberProperties>
          <Reference name="field" type="DatabaseField" refname="VIEW_REPORT_CILREK_DAFTAR.LBRREK"/>
        </Element>
        <Element type="FieldElement" x_position="7800" y_position="120" width="1320" height="200">
          <CommonProperties>
            <Attribute name="keep together" value="true"/>
            <Attribute name="close border on page break" value="false"/>
          </CommonProperties>
          <FontProperties>
            <Attribute name="font name" value="Verdana"/>
            <Attribute name="font size" value="160"/>
          </FontProperties>
          <NumberProperties>
            <Attribute name="system default number type" value="2"/>
            <Attribute name="n decimal places" value="0"/>
            <Attribute name="rounding type" value="11"/>
            <Attribute name="thousand separators symbol" value=","/>
            <Attribute name="decimal separators symbol" value="."/>
            <Attribute name="currency symbol" value="$"/>
            <Attribute name="allow field clipping" value="false"/>
          </NumberProperties>
          <Reference name="field" type="DatabaseField" refname="VIEW_REPORT_CILREK_DAFTAR.RPTAG"/>
        </Element>
        <Element type="FieldElement" x_position="9120" y_position="120" width="960" height="200">
          <CommonProperties>
            <Attribute name="horizontal align" value="2"/>
            <Attribute name="keep together" value="true"/>
            <Attribute name="close border on page break" value="false"/>
          </CommonProperties>
          <FontProperties>
            <Attribute name="font name" value="Verdana"/>
            <Attribute name="font size" value="160"/>
          </FontProperties>
          <Reference name="field" type="DatabaseField" refname="VIEW_REPORT_CILREK_DAFTAR.TANGGAL"/>
        </Element>
        <Element type="FieldElement" x_position="10080" y_position="120" width="1680" height="200">
          <CommonProperties>
            <Attribute name="horizontal align" value="2"/>
            <Attribute name="keep together" value="true"/>
            <Attribute name="close border on page break" value="false"/>
          </CommonProperties>
          <FontProperties>
            <Attribute name="font name" value="Verdana"/>
            <Attribute name="font size" value="160"/>
          </FontProperties>
          <Reference name="field" type="DatabaseField" refname="VIEW_REPORT_CILREK_DAFTAR.KDPP"/>
        </Element>
      </Section>
    </Area>
  </AreaPair>
<Image count="9398" name="embedding 1">
<![CDATA[
66 77 -74 36 0 0 0 0 0 0 54 4 0 0 40 0 0 0 75 0 0 0 109 0 0 0 1 0 8 0 0 0 0 
0 0 0 0 0 -61 14 0 0 -61 14 0 0 0 0 0 0 0 0 0 0 0 0 0 -1 64 0 0 -1 -128 0 0 
-1 -1 0 0 -1 0 32 0 -1 64 32 0 -1 -128 32 0 -1 -1 32 0 -1 0 64 0 -1 64 64 0 -1 -128 64 0 
-1 -1 64 0 -1 0 96 0 -1 64 96 0 -1 -128 96 0 -1 -1 96 0 -1 0 -128 0 -1 64 -128 0 -1 -128 -128 0 
-1 -1 -128 0 -1 0 -96 0 -1 64 -96 0 -1 -128 -96 0 -1 -1 -96 0 -1 0 -64 0 -1 64 -64 0 -1 -128 -64 0 
-1 -1 -64 0 -1 0 -1 0 -1 64 -1 0 -1 -128 -1 0 -1 -1 -1 0 -1 0 0 32 -1 64 0 32 -1 -128 0 32 
-1 -1 0 32 -1 0 32 32 -1 64 32 32 -1 -128 32 32 -1 -1 32 32 -1 0 64 32 -1 64 64 32 -1 -128 64 32 
-1 -1 64 32 -1 0 96 32 -1 64 96 32 -1 -128 96 32 -1 -1 96 32 -1 0 -128 32 -1 64 -128 32 -1 -128 -128 32 
-1 -1 -128 32 -1 0 -96 32 -1 64 -96 32 -1 -128 -96 32 -1 -1 -96 32 -1 0 -64 32 -1 64 -64 32 -1 -128 -64 32 
-1 -1 -64 32 -1 0 -1 32 -1 64 -1 32 -1 -128 -1 32 -1 -1 -1 32 -1 0 0 64 -1 64 0 64 -1 -128 0 64 
-1 -1 0 64 -1 0 32 64 -1 64 32 64 -1 -128 32 64 -1 -1 32 64 -1 0 64 64 -1 64 64 64 -1 -128 64 64 
-1 -1 64 64 -1 0 96 64 -1 64 96 64 -1 -128 96 64 -1 -1 96 64 -1 0 -128 64 -1 64 -128 64 -1 -128 -128 64 
-1 -1 -128 64 -1 0 -96 64 -1 64 -96 64 -1 -128 -96 64 -1 -1 -96 64 -1 0 -64 64 -1 64 -64 64 -1 -128 -64 64 
-1 -1 -64 64 -1 0 -1 64 -1 64 -1 64 -1 -128 -1 64 -1 -1 -1 64 -1 0 0 96 -1 64 0 96 -1 -128 0 96 
-1 -1 0 96 -1 0 32 96 -1 64 32 96 -1 -128 32 96 -1 -1 32 96 -1 0 64 96 -1 64 64 96 -1 -128 64 96 
-1 -1 64 96 -1 0 96 96 -1 64 96 96 -1 -128 96 96 -1 -1 96 96 -1 0 -128 96 -1 64 -128 96 -1 -128 -128 96 
-1 -1 -128 96 -1 0 -96 96 -1 64 -96 96 -1 -128 -96 96 -1 -1 -96 96 -1 0 -64 96 -1 64 -64 96 -1 -128 -64 96 
-1 -1 -64 96 -1 0 -1 96 -1 64 -1 96 -1 -128 -1 96 -1 -1 -1 96 -1 0 0 -128 -1 64 0 -128 -1 -128 0 -128 
-1 -1 0 -128 -1 0 32 -128 -1 64 32 -128 -1 -128 32 -128 -1 -1 32 -128 -1 0 64 -128 -1 64 64 -128 -1 -128 64 -128 
-1 -1 64 -128 -1 0 96 -128 -1 64 96 -128 -1 -128 96 -128 -1 -1 96 -128 -1 0 -128 -128 -1 64 -128 -128 -1 -128 -128 -128 
-1 -1 -128 -128 -1 0 -96 -128 -1 64 -96 -128 -1 -128 -96 -128 -1 -1 -96 -128 -1 0 -64 -128 -1 64 -64 -128 -1 -128 -64 -128 
-1 -1 -64 -128 -1 0 -1 -128 -1 64 -1 -128 -1 -128 -1 -128 -1 -1 -1 -128 -1 0 0 -96 -1 64 0 -96 -1 -128 0 -96 
-1 -1 0 -96 -1 0 32 -96 -1 64 32 -96 -1 -128 32 -96 -1 -1 32 -96 -1 0 64 -96 -1 64 64 -96 -1 -128 64 -96 
-1 -1 64 -96 -1 0 96 -96 -1 64 96 -96 -1 -128 96 -96 -1 -1 96 -96 -1 0 -128 -96 -1 64 -128 -96 -1 -128 -128 -96 
-1 -1 -128 -96 -1 0 -96 -96 -1 64 -96 -96 -1 -128 -96 -96 -1 -1 -96 -96 -1 0 -64 -96 -1 64 -64 -96 -1 -128 -64 -96 
-1 -1 -64 -96 -1 0 -1 -96 -1 64 -1 -96 -1 -128 -1 -96 -1 -1 -1 -96 -1 0 0 -64 -1 64 0 -64 -1 -128 0 -64 
-1 -1 0 -64 -1 0 32 -64 -1 64 32 -64 -1 -128 32 -64 -1 -1 32 -64 -1 0 64 -64 -1 64 64 -64 -1 -128 64 -64 
-1 -1 64 -64 -1 0 96 -64 -1 64 96 -64 -1 -128 96 -64 -1 -1 96 -64 -1 0 -128 -64 -1 64 -128 -64 -1 -128 -128 -64 
-1 -1 -128 -64 -1 0 -96 -64 -1 64 -96 -64 -1 -128 -96 -64 -1 -1 -96 -64 -1 0 -64 -64 -1 64 -64 -64 -1 -128 -64 -64 
-1 -1 -64 -64 -1 0 -1 -64 -1 64 -1 -64 -1 -128 -1 -64 -1 -1 -1 -64 -1 0 0 -1 -1 64 0 -1 -1 -128 0 -1 
-1 -1 0 -1 -1 0 32 -1 -1 64 32 -1 -1 -128 32 -1 -1 -1 32 -1 -1 0 64 -1 -1 64 64 -1 -1 -128 64 -1 
-1 -1 64 -1 -1 0 96 -1 -1 64 96 -1 -1 -128 96 -1 -1 -1 96 -1 -1 0 -128 -1 -1 64 -128 -1 -1 -128 -128 -1 
-1 -1 -128 -1 -1 0 -96 -1 -1 64 -96 -1 -1 -128 -96 -1 -1 -1 -96 -1 -1 0 -64 -1 -1 64 -64 -1 -1 -128 -64 -1 
-1 -1 -64 -1 -1 0 -1 -1 -1 64 -1 -1 -1 -128 -1 -1 -1 -1 -1 -1 -1 -4 -4 -4 -4 -4 -4 -4 -4 -4 -4 -4 
-4 -4 -4 -4 -4 -4 -4 -4 -4 -4 -4 -4 -4 -4 -4 -4 -4 -4 -4 -4 -4 -4 -4 -4 -4 -4 -4 -4 -4 -4 -4 -4 
-4 -4 -4 -4 -4 -4 -4 -4 -4 -4 -4 -4 -4 -4 -4 -4 -4 -4 -4 -4 -4 -4 -4 -4 -4 -4 -4 -4 -4 -4 -4 -4 
0 -4 -4 -4 -4 -4 -4 -4 -4 -4 -4 -4 -4 -4 -4 -4 -4 -4 -4 -4 -4 -4 -4 -4 -4 -4 -4 -4 -4 -4 -4 -4 
-4 -4 -4 -4 -4 -4 -4 -4 -4 -4 -4 -4 -4 -4 -4 -4 -4 -4 -4 -4 -4 -4 -4 -4 -4 -4 -4 -4 -4 -4 -4 -4 
-4 -4 -4 -4 -4 -4 -4 -4 -4 -4 -4 -4 0 -4 -4 -4 -4 -4 -4 -4 -4 -4 -4 -4 -4 -4 -4 -4 -4 -4 -4 -4 
-4 -4 -4 -4 -4 -4 -4 -4 -4 -4 -4 -4 -4 -4 -4 -4 -4 -4 -4 -4 -4 -4 -4 -4 -4 -4 -4 -4 -4 -4 -4 -4 
-4 -4 -4 -4 -4 -4 -4 -4 -4 -4 -4 -4 -4 -4 -4 -4 -4 -4 -4 -4 -4 -4 -4 -4 0 -4 -4 -4 -4 -4 -4 -4 
-4 -4 -4 -4 -4 -4 -4 -4 -4 -4 -4 -4 -4 -4 -4 -4 -4 -4 -4 -4 -4 -4 -4 -4 -4 -4 -4 -4 -4 -4 -4 -4 
-4 -4 -4 -4 -4 -4 -4 -4 -4 -4 -4 -4 -4 -4 -4 -4 -4 -4 -4 -4 -4 -4 -4 -4 -4 -4 -4 -4 -4 -4 -4 -4 
-4 -4 -4 -4 0 -4 -4 -4 -4 -4 -4 -4 -4 -4 -4 -4 -4 -4 -4 -4 -4 -4 -4 -4 -4 -4 -4 -4 -4 -4 -4 -4 
-4 -4 -4 -4 -4 -4 -4 -4 -4 -4 -4 -4 -4 -4 -4 -4 -4 -4 -4 -4 -4 -4 -4 -4 -4 -4 -4 -4 -4 -4 -4 -4 
-4 -4 -4 -4 -4 -4 -4 -4 -4 -4 -4 -4 -4 -4 -4 -4 0 -4 -4 -4 -4 -4 -4 -4 -4 -4 -4 -4 -4 -4 -4 -4 
-4 -4 -4 -4 -4 -4 -4 -4 -4 -4 -4 -4 -4 -4 -4 -4 -4 -4 -4 -4 -4 -4 -4 -4 -4 -4 -4 -4 -4 -4 -4 -4 
-4 -4 -4 -4 -4 -4 -4 -4 -4 -4 -4 -4 -4 -4 -4 -4 -4 -4 -4 -4 -4 -4 -4 -4 -4 -4 -4 -4 0 -4 -4 -4 
-4 -4 -4 -4 -4 -4 -4 -4 -4 -4 -4 -4 -4 -4 -4 -4 -4 -4 -4 -4 -4 -4 -4 -4 -4 -4 -4 -4 -4 -4 -4 -4 
-4 -4 -4 -4 -4 -4 -4 -4 -4 -4 -4 -4 -4 -4 -4 -4 -4 -4 -4 -4 -4 -4 -4 -4 -4 -4 -4 -4 -4 -4 -4 -4 
-4 -4 -4 -4 -4 -4 -4 -4 0 -4 -4 -4 -4 -4 -4 -4 -4 -4 -4 -4 -4 -4 -4 -4 -4 -4 -4 -4 -4 -4 -4 -4 
-4 -4 -4 -4 -4 -4 -4 -4 -4 -4 -4 -4 -4 -4 -4 -4 -4 -4 -4 -4 -4 -4 -4 -4 -4 -4 -4 -4 -4 -4 -4 -4 
-4 -4 -4 -4 -4 -4 -4 -4 -4 -4 -4 -4 -4 -4 -4 -4 -4 -4 -4 -4 0 -4 -4 -4 -4 -4 -4 -4 -4 -4 -4 -4 
-4 -4 -4 -4 -4 -4 -4 -4 -4 -4 -4 -4 -4 -4 -4 -4 -4 -4 -4 -4 -4 -12 -4 -4 -4 -4 -4 -4 -4 -4 -4 -4 
-4 -4 -4 -4 -4 -4 -4 -4 -4 -4 -4 -4 -4 -4 -4 -4 -4 -4 -4 -4 -4 -4 -4 -4 -4 -4 -4 -4 -4 -4 -4 -4 
0 -4 -4 -4 -4 -4 -4 -4 -4 -4 -4 -4 -4 -4 -4 -4 -4 -4 -4 -4 -4 -4 -4 -4 -4 -4 -4 -4 -4 -4 -4 -4 
-4 -8 -48 -4 -4 -4 -4 -4 -4 -4 -4 -4 -4 -4 -4 -4 -4 -4 -4 -4 -4 -4 -4 -4 -4 -4 -4 -4 -4 -4 -4 -4 
-4 -4 -4 -4 -4 -4 -4 -4 -4 -4 -4 -4 0 -4 -4 -4 -4 -4 -4 -4 -4 -4 -4 -4 -4 -4 -4 -4 -4 -4 -4 -4 
-4 -4 -4 -4 -4 -4 -4 -4 -4 -4 -4 -4 -4 -4 -56 -4 -4 -4 -4 -4 -4 -4 -4 -4 -4 -4 -4 -4 -4 -4 -4 -4 
-4 -4 -4 -4 -4 -4 -4 -4 -4 -4 -4 -4 -4 -4 -4 -4 -4 -4 -4 -4 -4 -4 -4 -4 0 -4 -4 -4 -4 -4 -4 -4 
-4 -4 -4 -4 -4 -4 -4 -4 -4 -4 -4 -4 -4 -4 -4 -4 -4 -4 -4 -4 -4 -4 -4 -4 -4 -4 -56 -48 -4 -4 -4 -4 
-4 -4 -4 -4 -4 -4 -4 -4 -4 -4 -4 -4 -4 -4 -4 -4 -4 -4 -4 -4 -4 -4 -4 -4 -4 -4 -4 -4 -4 -4 -4 -4 
-4 -4 -4 -4 0 -4 -4 -4 -4 -4 -4 -4 -4 -4 -4 -4 -4 -4 -4 -4 -4 -4 -4 -4 -4 -4 -4 -4 -4 -4 -4 -4 
-4 -4 -4 -4 -4 -4 -48 -92 -4 -4 -4 -4 -4 -4 -4 -4 -4 -4 -4 -4 -4 -4 -4 -4 -4 -4 -4 -4 -4 -4 -4 -4 
-4 -4 -4 -4 -4 -4 -4 -4 -4 -4 -4 -4 -4 -4 -4 -4 0 -4 -4 -4 -4 -4 -4 -4 -4 -4 -4 -4 -4 -4 -4 -4 
-4 -4 -4 -4 -4 -4 -4 -4 -4 -4 -4 -4 -4 -4 -4 -4 -4 -4 -8 -96 -48 -4 -4 -4 -4 -4 -4 -4 -4 -4 -4 -4 
-4 -4 -4 -4 -4 -4 -4 -4 -4 -4 -4 -4 -4 -4 -4 -4 -4 -4 -4 -4 -4 -4 -4 -4 -4 -4 -4 -4 0 -4 -4 -4 
-4 -4 -4 -4 -4 -4 -4 -4 -4 -4 -4 -4 -4 -4 -4 -4 -4 -4 -4 -4 -4 -4 -4 -4 -4 -4 -4 -4 -4 -4 -4 -92 
-92 -4 -4 -4 -4 -4 -4 -4 -4 -4 -4 -4 -4 -4 -4 -4 -4 -4 -4 -4 -4 -4 -4 -4 -4 -4 -4 -4 -4 -4 -4 -4 
-4 -4 -4 -4 -4 -4 -4 -4 0 -4 -4 -4 -4 -4 -4 -4 -4 -4 -4 -4 -4 -4 -4 -4 -4 -4 -4 -4 -4 -4 -4 -4 
-4 -4 -4 -4 -4 -4 -4 -4 -4 -4 -4 -52 -96 -48 -4 -4 -4 -4 -4 -4 -4 -4 -4 -4 -4 -4 -4 -4 -4 -4 -4 -4 
-4 -4 -4 -4 -4 -4 -4 -4 -4 -4 -4 -4 -4 -4 -4 -4 -4 -4 -4 -4 0 -4 -4 -4 -4 -4 -4 -4 -4 -4 -4 -4 
-4 -4 -4 -4 -4 -4 -4 -4 -4 -4 -4 -4 -4 -4 -4 -4 -4 -4 -4 -4 -4 -4 -4 -48 -96 -92 -4 -4 -4 -4 -4 -4 
-4 -4 -4 -4 -4 -4 -4 -4 -4 -4 -4 -4 -4 -4 -4 -4 -4 -4 -4 -4 -4 -4 -4 -4 -4 -4 -4 -4 -4 -4 -4 -4 
0 -4 -4 -4 -4 -4 -4 -4 -4 -4 -4 -4 -4 -4 -4 -4 -4 -4 -4 -4 -4 -4 -4 -4 -4 -4 -4 -4 -4 -4 -4 -4 
-4 -4 -4 -8 -96 -96 -48 -4 -4 -4 -4 -4 -4 -4 -4 -4 -4 -4 -4 -4 -4 -4 -4 -4 -4 -4 -4 -4 -4 -4 -4 -4 
-4 -4 -4 -4 -4 -4 -4 -4 -4 -4 -4 -4 0 -4 -4 -4 -4 -4 -4 -4 -4 -4 -4 -4 -4 -4 -4 -4 -4 -4 -4 -4 
-4 -4 -4 -4 -4 -4 -4 -4 -4 -4 -4 -4 -4 -4 -4 -4 -92 -96 -92 -8 -4 -4 -4 -4 -4 -4 -4 -4 -4 -4 -4 -4 
-4 -4 -4 -4 -4 -4 -4 -4 -4 -4 -4 -4 -4 -4 -4 -4 -4 -4 -4 -4 -4 -4 -4 -4 0 -4 -4 -4 -4 -4 -4 -4 
-4 -4 -4 -4 -4 -4 -4 -4 -4 -4 -4 -4 -4 -4 -4 -4 -4 -4 -4 -4 -4 -4 -4 -4 -4 -4 -4 -4 -52 -96 -96 -48 
-4 -4 -4 -4 -4 -4 -4 -4 -4 -4 -4 -4 -4 -4 -4 -4 -4 -4 -4 -4 -4 -4 -4 -4 -4 -4 -4 -4 -4 -4 -4 -4 
-4 -4 -4 -4 0 -4 -4 -4 -4 -4 -4 -4 -4 -4 -4 -4 -4 -4 -4 -4 -4 -4 -4 -4 -4 -4 -4 -4 -4 -4 -4 -4 
-4 -4 -4 -4 -4 -4 -4 -4 -48 -96 -96 -92 -4 -4 -4 -4 -4 -4 -4 -4 -4 -4 -4 -4 -4 -4 -4 -4 -4 -4 -4 -4 
-4 -4 -4 -4 -4 -4 -4 -4 -4 -4 -4 -4 -4 -4 -4 -4 0 -4 -4 -4 -4 -4 -4 -4 -4 -4 -4 -4 -4 -4 -4 -4 
-4 -4 -4 -4 -4 -4 -4 -4 -4 -4 -4 -4 -4 -4 -4 -4 -4 -4 -4 -4 -8 -96 -96 -96 -52 -4 -4 -4 -4 -4 -4 -4 
-4 -4 -4 -4 -4 -4 -4 -4 -4 -4 -4 -4 -4 -4 -4 -4 -4 -4 -4 -4 -4 -4 -4 -4 -4 -4 -4 -4 0 -4 -4 -4 
-4 -4 -4 -4 -4 -4 -4 -4 -4 -4 -4 -4 -4 -4 -4 -4 -4 -4 -4 -4 -4 -4 -4 -4 -4 -4 -4 -4 -4 -4 -4 -4 
-4 -92 -96 -96 -92 -4 -4 -4 -4 -4 -4 -4 -4 -4 -4 -4 -4 -4 -4 -4 -4 -4 -4 -4 -4 -4 -4 -4 -4 -4 -4 -4 
-4 -4 -4 -4 -4 -4 -4 -4 0 -4 -4 -4 -4 -4 -4 -4 -4 -4 -4 -4 -4 -4 -4 -4 -4 -4 -4 -4 -4 -4 -4 -4 
-4 -4 -4 -4 -4 -4 -4 -4 -4 -4 -4 -4 -4 -52 -96 -96 -96 -52 -4 -4 -4 -4 -4 -4 -4 -4 -4 -4 -4 -4 -4 -4 
-4 -4 -4 -4 -4 -4 -4 -4 -4 -4 -4 -4 -4 -4 -4 -4 -4 -4 -4 -4 0 -4 -4 -4 -4 -4 -4 -4 -4 -4 -4 -4 
-4 -4 -4 -4 -4 -4 -4 -4 -4 -4 -4 -4 -4 -4 -4 -4 -4 -4 -4 -4 -4 -4 -4 -4 -4 -44 -96 -96 -96 -96 -4 -4 
-4 -4 -4 -4 -4 -4 -4 -4 -4 -4 -4 -4 -4 -4 -4 -4 -4 -4 -4 -4 -4 -4 -4 -4 -4 -4 -4 -4 -4 -4 -4 -4 
0 -4 -4 -4 -4 -4 -4 -4 -4 -4 -4 -4 -4 -4 -4 -4 -4 -4 -4 -4 -4 -4 -4 -4 -4 -4 -4 -4 -4 -4 -4 -4 
-4 -4 -4 -4 -4 -8 -96 -96 -96 -96 -52 -4 -4 -4 -4 -4 -4 -4 -4 -4 -4 -4 -4 -4 -4 -4 -4 -4 -4 -4 -4 -4 
-4 -4 -4 -4 -4 -4 -4 -4 -4 -4 -4 -4 0 -4 -4 -4 -4 -4 -4 -4 -4 -4 -4 -4 -4 -4 -4 -4 -4 -4 -4 -4 
-4 -4 -4 -4 -4 -4 -4 -4 -4 -4 -4 -4 -4 -4 -4 -4 -4 -4 -92 -96 -96 -96 -96 -4 -4 -4 -4 -4 -4 -4 -4 -4 
-4 -4 -4 -4 -4 -4 -4 -4 -4 -4 -4 -4 -4 -4 -4 -4 -4 -4 -4 -4 -4 -4 -4 -4 0 -4 -4 -4 -4 -4 -4 -4 
-4 -4 -4 -4 -4 -4 -4 -4 -4 -4 -4 -4 -4 -4 -4 -4 -4 -4 -4 -4 -4 -4 -4 -4 -4 -4 -4 -4 -4 -4 -52 -96 
-96 -96 -96 -52 -4 -4 -4 -4 -4 -4 -4 -4 -4 -4 -4 -4 -4 -4 -4 -4 -4 -4 -4 -4 -4 -4 -4 -4 -4 -4 -4 -4 
-4 -4 -4 -4 0 -4 -4 -4 -4 -4 -4 -4 -4 -4 -4 -4 -4 -4 -4 -4 -4 -4 -4 -4 -4 -4 -4 -4 -4 -4 -4 -4 
-4 -4 -4 -4 -4 -4 -4 -4 -4 -4 -12 -96 -96 -96 -96 -92 -8 -4 -4 -4 -4 -4 -4 -4 -4 -4 -4 -4 -4 -4 -4 -4 
-4 -4 -4 -4 -4 -4 -4 -4 -4 -4 -4 -4 -4 -4 -4 -4 0 -4 -4 -4 -4 -4 -4 -4 -4 -4 -4 -4 -4 -4 -4 -4 
-4 -4 -4 -4 -4 -4 -4 -4 -4 -4 -4 -4 -4 -4 -4 -4 -4 -4 -4 -4 -4 -4 -4 -96 -96 -96 -96 -96 -52 -4 -4 -4 
-4 -4 -4 -4 -4 -4 -4 -4 -4 -4 -4 -4 -4 -4 -4 -4 -4 -4 -4 -4 -4 -4 -4 -4 -4 -4 -4 -4 0 -4 -4 -4 
-4 -4 -4 -4 -4 -4 -4 -4 -4 -4 -4 -4 -4 -4 -4 -4 -4 -4 -4 -4 -4 -4 -4 -4 -3 -39 -75 -75 -75 -39 -3 -4 
-4 -4 -4 -56 -96 -96 -96 -96 -92 -8 -4 -4 -4 -4 -4 -39 -75 -75 -39 -4 -4 -4 -4 -4 -4 -4 -4 -4 -4 -4 -4 -4 
-4 -4 -4 -4 -4 -4 -4 -4 0 -4 -4 -4 -4 -4 -4 -4 -4 -4 -4 -4 -4 -4 -4 -4 -4 -4 -4 -4 -4 -4 -4 -4 
-4 -4 -4 -75 74 39 35 35 35 39 106 -39 -4 -4 -4 -52 -96 -96 -96 -96 -96 -52 -4 -4 -4 -40 110 39 35 35 39 110 
-39 -4 -4 -4 -4 -4 -4 -4 -4 -4 -4 -4 -4 -4 -4 -4 -4 -4 -4 -4 0 -4 -4 -4 -4 -4 -4 -4 -4 -4 -4 -4 
-4 -4 -4 -4 -4 -4 -4 -4 -4 -4 -4 -4 -4 -111 74 39 35 35 35 35 35 35 35 39 -75 -4 -4 -12 -96 -96 -96 -96 
-96 -92 -4 -4 -111 38 35 35 35 35 35 35 74 -39 -4 -4 -4 -4 -4 -4 -4 -4 -4 -4 -4 -4 -4 -4 -4 -4 -4 -4 
0 -4 -4 -4 -4 -4 -4 -4 -4 -4 -40 37 110 -39 -4 -4 -4 -4 -4 -4 -4 -4 -4 -4 109 39 35 35 39 35 35 35 
35 39 35 35 39 -110 -3 -4 -96 -96 -96 -96 -96 -96 -52 -75 38 35 35 35 35 39 35 35 35 110 -4 -4 -4 -4 -4 -4 
-4 -4 -4 -4 -4 -4 -4 -4 -4 -4 -4 -4 0 -4 -4 -4 -4 -4 -4 -4 -4 -4 -112 1 35 38 -111 -3 -4 -4 -4 -4 
-4 -4 -39 110 35 35 35 35 35 35 35 35 35 35 35 35 35 39 74 -75 -92 -96 -96 -96 -96 -96 -96 34 35 39 35 35 
35 35 35 35 35 39 -111 -3 -4 -4 -4 -111 109 -4 -4 -4 -4 -4 -4 -4 -4 -4 -4 -4 0 -4 -4 -4 -4 -4 -4 -4 
-4 -4 -80 1 35 35 35 70 110 -111 -111 -79 -79 110 39 35 35 39 35 35 35 35 35 35 39 35 35 39 35 35 35 39 
97 -96 -96 -96 -96 -96 -96 97 35 35 35 39 35 35 35 35 35 35 39 106 -110 -111 106 35 110 -4 -4 -4 -4 -4 -4 -4 
-4 -4 -4 -4 0 -4 -4 -4 -4 -4 -4 -4 -4 -4 -112 1 35 35 35 35 35 35 35 35 35 35 35 35 35 35 35 39 
35 35 35 35 35 35 35 35 35 39 35 35 66 -96 -96 -96 -96 -96 -96 -96 66 35 39 35 35 35 35 39 35 35 35 35 
35 35 35 35 -114 -4 -4 -4 -4 -4 -4 -4 -4 -4 -4 -4 0 -4 -4 -4 -4 -4 -4 -4 -4 -4 -112 1 35 35 35 35 
35 35 35 35 35 39 35 35 35 39 35 35 38 74 73 37 2 2 35 35 35 35 35 35 34 -96 -96 -96 -96 -96 -96 -96 
97 35 34 74 73 37 2 34 35 35 35 35 35 35 35 35 110 -4 -4 -4 -4 -4 -4 -4 -4 -4 -4 -4 0 -4 -4 -4 
-4 -4 -4 -4 -4 -4 -112 1 35 35 35 35 35 39 35 35 35 35 35 35 35 39 106 -43 -3 -4 -4 -4 -76 108 32 1 
35 35 35 35 35 -127 -96 -96 -96 -96 -96 -96 -96 109 -39 -4 -4 -8 -112 36 2 35 35 35 35 35 39 35 -114 -4 -4 -4 
-4 -4 -4 -4 -4 -4 -4 -4 0 -4 -4 -4 -4 -4 -4 -4 -4 -4 -76 0 2 34 39 35 35 35 35 39 35 35 35 39 
74 -75 -3 -4 -4 -4 -4 -4 -4 -4 -40 104 1 2 35 39 35 97 -96 -96 -96 -96 -96 -96 -96 -52 -4 -4 -4 -4 -4 -40 
72 1 35 35 35 35 35 39 -110 -4 -4 -4 -4 -4 -4 -4 -4 -4 -4 -4 0 -4 -4 -4 -4 -4 -4 -4 -4 -4 -4 -40 
108 1 1 2 34 35 35 35 35 34 74 -79 -3 -4 -4 -4 -4 -4 -4 -4 -4 -4 -4 -4 -76 68 1 2 34 66 -96 -96 
-96 -96 -96 -96 -96 -96 -8 -4 -4 -4 -4 -4 -40 36 1 35 35 39 38 -111 -4 -4 -4 -4 -4 -4 -4 -4 -4 -4 -4 -4 
0 -4 -4 -4 -4 -4 -4 -4 -4 -4 -4 -4 -4 -40 -80 -112 108 105 105 -115 -111 -44 -4 -4 -4 -4 -4 -4 -4 -4 -4 -4 
-4 -4 -4 -4 -4 -4 -40 -112 104 73 -96 -96 -96 -96 -96 -96 -96 -96 -52 -4 -4 -4 -4 -4 -4 -4 -112 72 109 -111 -39 -4 
-4 -4 -4 -4 -4 -4 -4 -4 -4 -4 -4 -4 0 -4 -4 -4 -4 -4 -4 -4 -4 -4 -4 -4 -4 -4 -4 -4 -4 -48 -92 -48 
-4 -4 -4 -4 -4 -4 -4 -4 -4 -4 -4 -4 -4 -4 -4 -4 -4 -4 -4 -4 -4 -4 -56 -96 -96 -96 -96 -96 -96 -96 -96 -8 
-4 -4 -4 -4 -4 -4 -4 -4 -4 -4 -4 -4 -4 -4 -4 -4 -4 -4 -4 -4 -4 -4 -4 -4 0 -4 -4 -4 -4 -4 -4 -4 
-4 -4 -4 -4 -4 -4 -4 -4 -4 -12 -96 -96 -96 -52 -12 -4 -4 -4 -4 -4 -4 -4 -4 -4 -4 -4 -4 -4 -4 -4 -4 -4 
-4 -4 -48 -96 -96 -96 -96 -96 -96 -96 -96 -52 -4 -4 -4 -4 -4 -4 -4 -4 -4 -4 -4 -4 -4 -4 -4 -4 -4 -4 -4 -4 
-4 -4 -4 -4 0 -4 -4 -4 -4 -4 -4 -4 -4 -4 -4 -4 -4 -4 -4 -4 -4 -8 -96 -96 -96 -96 -96 -92 -48 -4 -4 -4 
-4 -4 -4 -4 -4 -4 -4 -4 -4 -4 -4 -4 -4 -4 -12 -96 -96 -96 -96 -96 -96 -96 -96 -96 -8 -4 -4 -4 -4 -4 -4 -4 
-4 -4 -4 -4 -4 -4 -4 -4 -4 -4 -4 -4 -4 -4 -4 -4 0 -4 -4 -4 -4 -4 -4 -4 -4 -4 -4 -4 -4 -4 -4 -4 
-4 -4 -92 -96 -96 -96 -96 -96 -96 -92 -52 -12 -39 -75 -110 -114 -114 -75 -39 -4 -4 -4 -4 -4 -4 -4 -4 -92 -96 -96 -96 -96 
-96 -96 -96 -96 -88 -114 -75 -3 -4 -4 -4 -4 -4 -4 -4 -4 -4 -4 -4 -4 -4 -4 -4 -4 -4 -4 -4 -4 0 -4 -4 -4 
-4 -4 -4 -4 -4 -4 -4 -4 -4 -4 -4 -4 -4 -4 -56 -96 -96 -96 -96 -96 -96 -96 -96 -96 -92 97 34 35 35 35 74 -75 
-4 -4 -4 -4 -4 -4 -4 -56 -96 -96 -96 -96 -96 -96 -96 -96 -96 66 35 74 -39 -4 -4 -4 -4 -4 -4 -4 -4 -4 -4 -4 
-4 -4 -4 -4 -4 -4 -4 -4 0 -4 -4 -4 -4 -4 -4 -4 -4 -4 -4 -40 -3 -4 -4 -4 -4 -4 -48 -96 -96 -96 -96 -96 
-96 -96 -96 -96 -96 -96 -96 97 66 39 35 39 -111 -4 -4 -4 -4 -4 -4 -48 -96 -96 -96 -96 -96 -96 -96 -96 -96 97 39 35 
38 -39 -4 -4 -4 -4 -4 -4 -4 -4 -4 -4 -4 -4 -4 -4 -4 -4 -4 -4 0 -4 -4 -4 -4 -4 -4 -4 -4 -4 -76 1 
74 -75 -4 -4 -4 -4 -44 -96 -96 -96 -96 -96 -96 -96 -96 -96 -96 -96 -96 -96 -96 -128 97 34 39 110 -39 -4 -4 -4 -4 -8 
-96 -96 -96 -96 -96 -96 -96 -96 -96 -96 66 35 35 74 -3 -4 -4 -4 -4 -4 -39 -4 -4 -4 -4 -4 -4 -4 -4 -4 -4 -4 
0 -4 -4 -4 -4 -4 -4 -4 -4 -4 -112 1 35 39 110 -39 -4 -4 -8 -96 -96 -96 -96 -96 -96 -96 -96 -96 -96 -96 -96 -96 
-96 -96 -96 -96 97 66 70 -110 -39 -4 -4 -4 -92 -96 -96 -96 -96 -96 -96 -96 -96 -96 97 39 35 35 110 -39 -4 -4 -3 73 
-114 -4 -4 -4 -4 -4 -4 -4 -4 -4 -4 -4 0 -4 -4 -4 -4 -4 -4 -4 -4 -4 -112 1 35 35 35 39 74 110 110 -96 
-96 -96 -96 -96 -96 -96 -96 -96 -96 -96 -96 -96 -96 -96 -96 -96 -96 -96 -128 97 70 110 110 74 -123 -96 -96 -96 -96 -96 -96 -96 
-96 -96 -96 66 39 35 35 70 106 110 74 35 -114 -4 -4 -4 -4 -4 -4 -4 -4 -4 -4 -4 0 -4 -4 -4 -4 -4 -4 -4 
-4 -4 -80 1 35 35 35 39 35 35 35 -127 -96 -96 -96 -96 -96 -96 -96 -96 -96 -96 -96 -96 -96 -96 -96 -96 -96 -96 -96 -96 
-128 -127 66 35 97 -96 -96 -96 -96 -96 -96 -96 -96 -96 -96 -127 35 35 35 35 35 35 35 35 110 -4 -4 -4 -4 -4 -4 -4 
-4 -4 -4 -4 0 -4 -4 -4 -4 -4 -4 -4 -4 -4 -112 1 35 35 35 35 35 35 35 97 -96 -96 -96 -96 -96 -96 -96 -96 
-96 -96 -96 -96 -96 -96 -96 -96 -96 -96 -96 -96 -96 -96 -96 -128 -127 -96 -96 -96 -96 -96 -96 -96 -96 -96 -96 -96 66 39 35 35 
39 35 35 35 -114 -4 -4 -4 -4 -4 -4 -4 -4 -4 -4 -4 0 -4 -4 -4 -4 -4 -4 -4 -4 -4 -80 1 35 35 35 35 
35 35 35 66 -96 -96 -96 -96 -96 -96 -96 -96 -96 -96 -96 -96 -96 -96 -96 -96 -96 -96 -96 -96 -96 -96 -96 -96 -96 -96 -96 -96 
-96 -96 -96 -96 -96 -96 -96 -96 -127 34 39 35 35 35 35 35 110 -4 -4 -4 -4 -4 -4 -4 -4 -4 -4 -4 0 -4 -4 -4 
-4 -4 -4 -4 -4 -4 -40 68 1 34 35 35 35 39 35 34 -96 -96 -96 -96 -96 -96 -96 -96 -96 -96 -96 -96 -96 -96 -96 -96 
-96 -96 -96 -96 -96 -96 -96 -96 -96 -96 -96 -96 -96 -96 -96 -96 -96 -96 -96 -96 -96 33 35 35 35 35 35 39 -79 -4 -4 -4 
-4 -4 -4 -4 -4 -4 -4 -4 0 -4 -4 -4 -4 -4 -4 -4 -4 -4 -4 -4 -76 72 1 2 2 35 34 34 -128 -96 -96 -96 
-96 -96 -96 -96 -96 -96 -96 -96 -96 -96 -96 -96 -96 -96 -96 -96 -96 -96 -96 -96 -96 -96 -96 -96 -96 -96 -96 -96 -96 -96 -96 -96 
-96 -128 1 2 35 39 74 -75 -4 -4 -4 -4 -4 -4 -4 -4 -4 -4 -4 -4 0 -4 -4 -4 -4 -4 -4 -4 -4 -4 -4 -4 
-4 -4 -40 -40 -112 -80 -111 -76 -56 -96 -96 -96 -96 -96 -96 -96 -96 -96 -96 -96 -96 -96 -96 -96 -96 -96 -96 -96 -96 -96 -96 -96 
-96 -96 -96 -96 -96 -96 -96 -96 -96 -96 -96 -96 -96 -96 -84 108 -111 -44 -4 -4 -4 -4 -4 -4 -4 -4 -4 -4 -4 -4 -4 -4 
0 -4 -4 -4 -4 -4 -4 -4 -4 -4 -4 -4 -4 -4 -4 -4 -4 -4 -4 -4 -48 -96 -96 -96 -96 -96 -96 -96 -96 -96 -96 -96 
-96 -96 -96 -96 -96 -96 -96 -96 -96 -96 -96 -96 -96 -96 -96 -96 -96 -96 -96 -96 -96 -96 -96 -96 -96 -96 -56 -4 -4 -4 -4 -4 
-4 -4 -4 -4 -4 -4 -4 -4 -4 -4 -4 -4 0 -4 -4 -4 -4 -4 -4 -4 -4 -4 -4 -4 -4 -4 -4 -4 -4 -4 -4 -4 
-12 -96 -96 -96 -96 -96 -96 -96 -96 -96 -96 -56 -8 -12 -52 -56 -92 -96 -96 -96 -96 -96 -96 -96 -96 -96 -96 -96 -96 -96 -96 -96 
-96 -96 -96 -96 -96 -96 -96 -12 -4 -4 -4 -4 -4 -4 -4 -4 -4 -4 -4 -4 -4 -4 -4 -4 0 -4 -4 -4 -4 -4 -4 -4 
-4 -4 -4 -4 -4 -4 -4 -4 -4 -4 -4 -4 -4 -96 -96 -96 -96 -96 -96 -96 -96 -96 -96 -96 -43 -39 -4 -4 -8 -8 -12 -52 
-56 -96 -96 -96 -96 -96 -96 -96 -96 -96 -96 -96 -96 -96 -96 -96 -96 -96 -96 -56 -4 -4 -4 -4 -4 -4 -4 -4 -4 -4 -4 -4 
-4 -4 -4 -4 0 -4 -4 -4 -4 -4 -4 -4 -4 -4 -4 -4 -4 -4 -4 -4 -4 -4 -4 -4 -4 -92 -96 -96 -96 -96 -96 -96 
-96 -96 -96 -96 97 38 -110 -3 -4 -4 -4 -4 -4 -8 -12 -48 -52 -92 -96 -96 -96 -96 -96 -96 -96 -96 -96 -96 -96 -96 -96 -96 
-12 -4 -4 -4 -4 -4 -4 -4 -4 -4 -4 -4 -4 -4 -4 -4 0 -4 -4 -4 -4 -4 -4 -4 -4 -4 -4 -4 -4 -4 -4 -4 
-4 -4 -4 -4 -4 -52 -96 -96 -96 -96 -96 -96 -96 -96 -96 -96 -128 39 35 106 -39 -4 -4 -4 -4 -4 -4 -4 -4 -4 -8 -48 
97 -127 -96 -96 -96 -96 -96 -96 -96 -96 -96 -96 -56 -4 -4 -4 -4 -4 -4 -4 -4 -4 -4 -4 -4 -4 -4 -4 0 -4 -4 -4 
-4 -4 -4 -4 -4 -4 104 69 -75 -3 -4 -4 -4 -4 -4 -4 -4 -48 -96 -96 -96 -96 -96 -96 -96 -96 -96 -96 -96 66 35 39 
70 -75 -4 -4 -4 -4 -4 -4 -4 -4 -39 74 35 35 39 66 97 97 -128 -96 -96 -96 -96 -96 -96 -12 -4 -40 -4 -4 -4 -4 
-4 -4 -4 -4 -4 -4 -4 -4 0 -4 -4 -4 -4 -4 -4 -4 -4 -4 68 2 35 74 -75 -3 -4 -4 -4 -4 -4 -12 -96 -96 
-96 -96 -96 -96 -96 -96 -96 -96 -96 97 35 35 35 39 110 -39 -4 -4 -4 -4 -4 -75 70 35 35 35 35 35 35 35 35 34 
66 97 -123 -92 -96 -56 -39 73 -39 -4 -4 -4 -4 -4 -4 -4 -4 -4 -4 -4 0 -4 -4 -4 -4 -4 -4 -4 -4 -4 68 2 
35 35 35 39 110 -79 -75 -75 -110 70 -96 -96 -96 -96 -96 -96 -96 -96 -96 -96 -96 -96 38 35 35 35 35 39 74 110 -114 110 
74 39 35 39 35 35 39 35 35 35 39 35 35 35 39 74 106 102 70 39 -39 -4 -4 -4 -4 -4 -4 -4 -4 -4 -4 -4 
0 -4 -4 -4 -4 -4 -4 -4 -4 -4 68 2 35 35 35 39 35 35 35 35 35 35 -128 -96 -96 -96 -96 -96 -96 -96 -96 -96 
-96 -96 66 35 35 35 39 35 35 35 35 35 35 35 39 35 35 35 35 35 35 35 35 35 35 35 35 35 39 35 35 39 
-39 -4 -4 -4 -4 -4 -4 -4 -4 -4 -4 -4 0 -4 -4 -4 -4 -4 -4 -4 -4 -4 68 2 35 35 35 35 35 35 35 35 
35 39 97 -96 -96 -96 -96 -96 -96 -96 -96 -96 -96 -96 -127 39 35 35 35 39 35 35 35 39 35 35 35 35 35 39 70 73 
69 1 1 35 35 39 35 35 35 35 35 39 -39 -4 -4 -4 -4 -4 -4 -4 -4 -4 -4 -4 0 -4 -4 -4 -4 -4 -4 -4 
-4 -4 68 2 35 35 35 35 35 35 39 35 35 35 97 -96 -96 -96 -96 -96 -96 -96 -96 -96 -96 -96 -96 34 35 35 35 35 
35 35 35 35 35 35 35 35 39 -75 -4 -4 -4 -40 108 0 2 35 35 35 35 35 39 35 -39 -4 -4 -4 -4 -4 -4 -4 
-4 -4 -4 -4 0 -4 -4 -4 -4 -4 -4 -4 -4 -4 108 1 2 35 35 35 35 35 35 35 35 35 66 -96 -96 -96 -96 -96 
-96 -96 -96 -96 -96 -96 -96 64 1 34 35 35 35 35 35 35 35 35 39 106 -39 -4 -4 -4 -4 -4 -4 -76 36 1 35 35 
39 35 35 74 -39 -4 -4 -4 -4 -4 -4 -4 -4 -4 -4 -4 0 -4 -4 -4 -4 -4 -4 -4 -4 -4 -4 -76 108 37 2 34 
35 35 39 35 35 74 -115 -96 -96 -96 -96 -96 -96 -96 -96 -96 -96 -96 -96 -92 -112 68 1 34 2 39 35 35 35 74 -75 -3 
-4 -4 -4 -4 -4 -4 -4 -4 -80 0 1 34 35 34 110 -39 -4 -4 -4 -4 -4 -4 -4 -4 -4 -4 -4 -4 0 -4 -4 -4 
-4 -4 -4 -4 -4 -4 -4 -4 -4 -4 -44 -112 108 109 109 -111 -39 -4 -4 -92 -96 -96 -96 -96 -96 -96 -96 -96 -96 -96 -96 -96 
-12 -4 -76 108 72 69 37 109 -75 -4 -4 -4 -4 -4 -4 -4 -4 -4 -4 -4 -4 -40 108 72 -115 -39 -4 -4 -4 -4 -4 -4 
-4 -4 -4 -4 -4 -4 -4 -4 0 -4 -4 -4 -4 -4 -4 -4 -4 -4 -4 -4 -4 -4 -4 -4 -4 -4 -4 -4 -4 -4 -4 -52 
-96 -96 -96 -96 -96 -96 -96 -96 -96 -96 -96 -96 -52 -4 -4 -4 -4 -4 -4 -4 -4 -4 -4 -4 -4 -4 -4 -4 -4 -4 -4 -4 
-4 -4 -4 -4 -4 -4 -4 -4 -4 -4 -4 -4 -4 -4 -4 -4 -4 -4 -4 -4 0 -4 -4 -4 -4 -4 -4 -4 -4 -4 -4 -4 
-4 -4 -4 -4 -4 -4 -4 -4 -4 -4 -4 -12 -96 -96 -96 -96 -96 -96 -96 -96 -96 -96 -96 -96 -92 -4 -4 -4 -4 -4 -4 -4 
-4 -4 -4 -4 -4 -4 -4 -4 -4 -4 -4 -4 -4 -4 -4 -4 -4 -4 -4 -4 -4 -4 -4 -4 -4 -4 -4 -4 -4 -4 -4 -4 
0 -4 -4 -4 -4 -4 -4 -4 -4 -4 -4 -4 -4 -4 -4 -4 -4 -4 -4 -4 -4 -4 -4 -12 -96 -96 -96 -96 -96 -96 -96 -96 
-96 -96 -96 -96 -96 -44 -4 -4 -4 -4 -4 -4 -4 -4 -4 -4 -4 -4 -4 -4 -4 -4 -4 -4 -4 -4 -4 -4 -4 -4 -4 -4 
-4 -4 -4 -4 -4 -4 -4 -4 -4 -4 -4 -4 0 -4 -4 -4 -4 -4 -4 -4 -4 -4 -4 -4 -4 -4 -4 -4 -4 -4 -4 -4 
-4 -4 -4 -4 -92 -96 -96 -96 -96 -96 -96 -96 -96 -96 -96 -96 -96 -52 -4 -4 -4 -4 -4 -4 -4 -4 -4 -4 -4 -4 -4 -4 
-4 -4 -4 -4 -4 -4 -4 -4 -4 -4 -4 -4 -4 -4 -4 -4 -4 -4 -4 -4 -4 -4 -4 -4 0 -4 -4 -4 -4 -4 -4 -4 
-4 -4 -4 -4 -4 -4 -4 -4 -4 -4 -4 -4 -4 -4 -4 -4 -56 -96 -96 -96 -96 -96 -96 -96 -96 -96 -96 -96 -96 -92 -4 -4 
-4 -4 -4 -4 -4 -4 -4 -4 -4 -4 -4 -4 -4 -4 -4 -4 -4 -4 -4 -4 -4 -4 -4 -4 -4 -4 -4 -4 -4 -4 -4 -4 
-4 -4 -4 -4 0 -4 -4 -4 -4 -4 -4 -4 -4 -4 -4 -4 -4 -4 -4 -4 -4 -4 -4 -4 -4 -4 -4 -4 -52 -96 -96 -96 
-96 -96 -96 -96 -96 -96 -96 -96 -96 -96 -48 -4 -4 -4 -4 -4 -4 -4 -4 -4 -4 -4 -4 -4 -4 -4 -4 -4 -4 -4 -4 -4 
-4 -4 -4 -4 -4 -4 -4 -4 -4 -4 -4 -4 -4 -4 -4 -4 0 -4 -4 -4 -4 -4 -4 -4 -4 -4 -4 -4 -4 -4 -4 -4 
-4 -4 -4 -4 -4 -4 -4 -4 -12 -96 -96 -96 -96 -96 -96 -96 -96 -96 -96 -96 -96 -96 -56 -4 -4 -4 -4 -4 -4 -4 -4 -4 
-4 -4 -4 -4 -4 -4 -4 -4 -4 -4 -4 -4 -4 -4 -4 -4 -4 -4 -4 -4 -4 -4 -4 -4 -4 -4 -4 -4 0 -4 -4 -4 
-4 -4 -4 -4 -4 -4 -4 -4 -4 -4 -4 -4 -4 -4 -4 -4 -4 -4 -4 -4 -8 -96 -96 -96 -96 -96 -96 -96 -96 -96 -96 -96 
-96 -96 -96 -8 -4 -4 -4 -4 -4 -4 -4 -4 -4 -4 -4 -4 -4 -4 -4 -4 -4 -4 -4 -4 -4 -4 -4 -4 -4 -4 -4 -4 
-4 -4 -4 -4 -4 -4 -4 -4 0 -4 -4 -4 -4 -4 -4 -4 -4 -4 -4 -4 -4 -4 -4 -4 -4 -4 -4 -4 -4 -4 -4 -4 
-4 -92 -96 -96 -96 -96 -96 -96 -96 -96 -96 -96 -96 -96 -96 -52 -4 -4 -4 -4 -4 -4 -4 -4 -4 -4 -4 -4 -4 -4 -4 -4 
-4 -4 -4 -4 -4 -4 -4 -4 -4 -4 -4 -4 -4 -4 -4 -4 -4 -4 -4 -4 0 -4 -4 -4 -4 -4 -4 -4 -4 -4 -4 -4 
-4 -4 -4 -4 -4 -4 -4 -4 -4 -4 -4 -4 -4 -56 -96 -96 -96 -96 -96 -96 -96 -96 -96 -96 -96 -96 -96 -92 -4 -4 -4 -4 
-4 -4 -4 -4 -4 -4 -4 -4 -4 -4 -4 -4 -4 -4 -4 -4 -4 -4 -4 -4 -4 -4 -4 -4 -4 -4 -4 -4 -4 -4 -4 -4 
0 -4 -4 -4 -4 -4 -4 -4 -4 -4 -4 -4 -4 -4 -4 -4 -4 -4 -4 -4 -4 -4 -4 -4 -4 -52 -96 -96 -96 -96 -96 -96 
-96 -96 -96 -96 -96 -96 -96 -96 -12 -4 -4 -4 -4 -4 -4 -4 -4 -4 -4 -4 -4 -4 -4 -4 -4 -4 -4 -4 -4 -4 -4 -4 
-4 -4 -4 -4 -4 -4 -4 -4 -4 -4 -4 -4 0 -4 -4 -4 -4 -4 -4 -4 -4 -4 -4 -4 -4 -4 -4 -4 -4 -4 -4 -4 
-4 -4 -4 -4 -4 -12 -96 -96 -96 -96 -96 -96 -96 -96 -96 -96 -96 -96 -96 -96 -52 -4 -4 -4 -4 -4 -4 -4 -4 -4 -4 -4 
-4 -4 -4 -4 -4 -4 -4 -4 -4 -4 -4 -4 -4 -4 -4 -4 -4 -4 -4 -4 -4 -4 -4 -4 0 -4 -4 -4 -4 -4 -4 -4 
-4 -4 -4 -4 -4 -4 -4 -4 -4 -4 -4 -4 -4 -4 -4 -4 -4 -8 -96 -96 -96 -96 -96 -96 -96 -96 -96 -96 -96 -96 -96 -96 
-92 -8 -4 -4 -4 -4 -4 -4 -4 -4 -4 -4 -4 -4 -4 -4 -4 -4 -4 -4 -4 -4 -4 -4 -4 -4 -4 -4 -4 -4 -4 -4 
-4 -4 -4 -4 0 -4 -4 -4 -4 -4 -4 -4 -4 -4 -4 -4 -4 -4 -4 -4 -4 -4 -4 -4 -4 -4 -4 -4 -4 -4 -92 -96 
-96 -96 -96 -96 -96 -96 -96 -96 -96 -96 -96 -96 -96 -48 -4 -4 -4 -4 -4 -4 -4 -4 -4 -4 -4 -4 -4 -4 -4 -4 -4 -4 
-4 -4 -4 -4 -4 -4 -4 -4 -4 -4 -4 -4 -4 -4 -4 -4 0 -4 -4 -4 -4 -4 -4 -4 -4 -4 -4 -4 -4 -4 -4 -4 
-4 -4 -4 -4 -4 -4 -4 -4 -4 -4 -56 -96 -96 -96 -96 -96 -96 -96 -96 -96 -96 -96 -96 -96 -96 -56 -4 -4 -4 -4 -4 -4 
-4 -4 -4 -4 -4 -4 -4 -4 -4 -4 -4 -4 -4 -4 -4 -4 -4 -4 -4 -4 -4 -4 -4 -4 -4 -4 -4 -4 0 -4 -4 -4 
-4 -4 -4 -4 -4 -4 -4 -4 -4 -4 -4 -4 -4 -4 -4 -4 -4 -4 -4 -4 -4 -4 -52 -96 -96 -96 -96 -96 -96 -96 -96 -96 
-96 -96 -96 -96 -96 -96 -8 -4 -4 -4 -4 -4 -4 -4 -4 -4 -4 -4 -4 -4 -4 -4 -4 -4 -4 -4 -4 -4 -4 -4 -4 -4 
-4 -4 -4 -4 -4 -4 -4 -4 0 -4 -4 -4 -4 -4 -4 -4 -4 -4 -4 -4 -4 -4 -4 -4 -4 -4 -4 -4 -4 -4 -4 -4 
-4 -4 -12 -96 -96 -96 -96 -96 -96 -96 -96 -96 -96 -96 -96 -96 -96 -96 -52 -4 -4 -4 -4 -4 -4 -4 -4 -4 -4 -4 -4 -4 
-4 -4 -4 -4 -4 -4 -4 -4 -4 -4 -4 -4 -4 -4 -4 -4 -4 -4 -4 -4 0 -4 -4 -4 -4 -4 -4 -4 -4 -4 -4 -4 
-4 -4 -4 -4 -4 -4 -4 -4 -4 -4 -4 -4 -4 -4 -8 -96 -96 -96 -96 -96 -96 -96 -96 -96 -96 -96 -96 -96 -96 -96 -92 -4 
-4 -4 -4 -4 -4 -4 -4 -4 -4 -4 -4 -4 -4 -4 -4 -4 -4 -4 -4 -4 -4 -4 -4 -4 -4 -4 -4 -4 -4 -4 -4 -4 
0 -4 -4 -4 -4 -4 -4 -4 -4 -4 -4 -4 -4 -4 -4 -4 -4 -4 -4 -4 -4 -4 -4 -4 -4 -4 -4 -92 -96 -96 -96 -96 
-96 -96 -96 -96 -96 -96 -96 -96 -96 -96 -96 -12 -4 -4 -4 -4 -4 -4 -4 -4 -4 -4 -4 -4 -4 -4 -4 -4 -4 -4 -4 -4 
-4 -4 -4 -4 -4 -4 -4 -4 -4 -4 -4 -4 0 -4 -4 -4 -4 -4 -4 -4 -4 -4 -4 -4 -4 -4 -4 -4 -4 -4 -4 -4 
-4 -4 -4 -4 -4 -4 -4 -52 -56 -56 -56 -56 -56 -56 -56 -92 -56 -56 -56 -56 -56 -56 -92 -48 -4 -4 -4 -4 -4 -4 -4 -4 
-4 -4 -4 -4 -4 -4 -4 -4 -4 -4 -4 -4 -4 -4 -4 -4 -4 -4 -4 -4 -4 -4 -4 -4 0 -4 -4 -4 -4 -4 -4 -4 
-4 -4 -4 -4 -4 -4 -4 -4 -4 -4 -4 -4 -4 -4 -4 -4 -4 -4 -4 -4 -4 -4 -4 -4 -4 -4 -4 -4 -4 -4 -4 -4 
-4 -4 -4 -4 -4 -4 -4 -4 -4 -4 -4 -4 -4 -4 -4 -4 -4 -4 -4 -4 -4 -4 -4 -4 -4 -4 -4 -4 -4 -4 -4 -4 
-4 -4 -4 -4 0 -4 -4 -4 -4 -4 -4 -4 -4 -4 -4 -4 -4 -4 -4 -4 -4 -4 -4 -4 -4 -4 -4 -4 -4 -4 -4 -4 
-4 -4 -4 -4 -4 -4 -4 -4 -4 -4 -4 -4 -4 -4 -4 -4 -4 -4 -4 -4 -4 -4 -4 -4 -4 -4 -4 -4 -4 -4 -4 -4 
-4 -4 -4 -4 -4 -4 -4 -4 -4 -4 -4 -4 -4 -4 -4 -4 0 -4 -4 -4 -4 -4 -4 -4 -4 -4 -4 -4 -4 -4 -4 -4 
-4 -4 -4 -4 -4 -4 -4 -4 -4 -4 -4 -4 -4 -4 -4 -4 -4 -4 -4 -4 -4 -4 -4 -4 -4 -4 -4 -4 -4 -4 -4 -4 
-4 -4 -4 -4 -4 -4 -4 -4 -4 -4 -4 -4 -4 -4 -4 -4 -4 -4 -4 -4 -4 -4 -4 -4 -4 -4 -4 -4 0 -4 -4 -4 
-4 -4 -4 -4 -4 -4 -4 -4 -4 -4 -4 -4 -4 -4 -4 -4 -4 -4 -4 -4 -4 -4 -4 -4 -4 -4 -4 -4 -4 -4 -4 -4 
-4 -4 -4 -4 -4 -4 -4 -4 -4 -4 -4 -4 -4 -4 -4 -4 -4 -4 -4 -4 -4 -4 -4 -4 -4 -4 -4 -4 -4 -4 -4 -4 
-4 -4 -4 -4 -4 -4 -4 -4 0 -4 -4 -4 -4 -4 -4 -4 -4 -4 -4 -4 -4 -4 -4 -4 -4 -4 -4 -4 -4 -4 -4 -4 
-4 -4 -4 -4 -4 -4 -4 -4 -4 -4 -4 -4 -4 -4 -4 -4 -4 -4 -4 -4 -4 -4 -4 -4 -4 -4 -4 -4 -4 -4 -4 -4 
-4 -4 -4 -4 -4 -4 -4 -4 -4 -4 -4 -4 -4 -4 -4 -4 -4 -4 -4 -4 0 -4 -4 -4 -4 -4 -4 -4 -4 -4 -4 -4 
-4 -4 -4 -4 -4 -4 -4 -4 -4 -4 -4 -4 -4 -4 -4 -4 -4 -4 -4 -4 -4 -4 -4 -4 -4 -4 -4 -4 -4 -4 -4 -4 
-4 -4 -4 -4 -4 -4 -4 -4 -4 -4 -4 -4 -4 -4 -4 -4 -4 -4 -4 -4 -4 -4 -4 -4 -4 -4 -4 -4 -4 -4 -4 -4 
0 -4 -4 -4 -4 -4 -4 -4 -4 -4 -4 -4 -4 -4 -4 -4 -4 -4 -4 -4 -4 -4 -4 -4 -4 -4 -4 -4 -4 -4 -4 -4 
-4 -4 -4 -4 -4 -4 -4 -4 -4 -4 -4 -4 -4 -4 -4 -4 -4 -4 -4 -4 -4 -4 -4 -4 -4 -4 -4 -4 -4 -4 -4 -4 
-4 -4 -4 -4 -4 -4 -4 -4 -4 -4 -4 -4 0 -4 -4 -4 -4 -4 -4 -4 -4 -4 -4 -4 -4 -4 -4 -4 -4 -4 -4 -4 
-4 -4 -4 -4 -4 -4 -4 -4 -4 -4 -4 -4 -4 -4 -4 -4 -4 -4 -4 -4 -4 -4 -4 -4 -4 -4 -4 -4 -4 -4 -4 -4 
-4 -4 -4 -4 -4 -4 -4 -4 -4 -4 -4 -4 -4 -4 -4 -4 -4 -4 -4 -4 -4 -4 -4 -4 0 -4 -4 -4 -4 -4 -4 -4 
-4 -4 -4 -4 -4 -4 -4 -4 -4 -4 -4 -4 -4 -4 -4 -4 -4 -4 -4 -4 -4 -4 -4 -4 -4 -4 -4 -4 -4 -4 -4 -4 
-4 -4 -4 -4 -4 -4 -4 -4 -4 -4 -4 -4 -4 -4 -4 -4 -4 -4 -4 -4 -4 -4 -4 -4 -4 -4 -4 -4 -4 -4 -4 -4 
-4 -4 -4 -4 0 -4 -4 -4 -4 -4 -4 -4 -4 -4 -4 -4 -4 -4 -4 -4 -4 -4 -4 -4 -4 -4 -4 -4 -4 -4 -4 -4 
-4 -4 -4 -4 -4 -4 -4 -4 -4 -4 -4 -4 -4 -4 -4 -4 -4 -4 -4 -4 -4 -4 -4 -4 -4 -4 -4 -4 -4 -4 -4 -4 
-4 -4 -4 -4 -4 -4 -4 -4 -4 -4 -4 -4 -4 -4 -4 -4 0 -4 -4 -4 -4 -4 -4 -4 -4 -4 -4 -4 -4 -4 -4 -4 
-4 -4 -4 -4 -4 -4 -4 -4 -4 -4 -4 -4 -4 -4 -4 -4 -4 -4 -4 -4 -4 -4 -4 -4 -4 -4 -4 -4 -4 -4 -4 -4 
-4 -4 -4 -4 -4 -4 -4 -4 -4 -4 -4 -4 -4 -4 -4 -4 -4 -4 -4 -4 -4 -4 -4 -4 -4 -4 -4 -4 0 -4 -4 -4 
-4 -4 -4 -4 -4 -4 -4 -4 -4 -4 -4 -4 -4 -4 -4 -4 -4 -4 -4 -4 -4 -4 -4 -4 -4 -4 -4 -4 -4 -4 -4 -4 
-4 -4 -4 -4 -4 -4 -4 -4 -4 -4 -4 -4 -4 -4 -4 -4 -4 -4 -4 -4 -4 -4 -4 -4 -4 -4 -4 -4 -4 -4 -4 -4 
-4 -4 -4 -4 -4 -4 -4 -4 0 -4 -4 -4 -4 -4 -4 -4 -4 -4 -4 -4 -4 -4 -4 -4 -4 -4 -4 -4 -4 -4 -4 -4 
-4 -4 -4 -4 -4 -4 -4 -4 -4 -4 -4 -4 -4 -4 -4 -4 -4 -4 -4 -4 -4 -4 -4 -4 -4 -4 -4 -4 -4 -4 -4 -4 
-4 -4 -4 -4 -4 -4 -4 -4 -4 -4 -4 -4 -4 -4 -4 -4 -4 -4 -4 -4 0 -4 -4 -4 -4 -4 -4 -4 -4 -4 -4 -4 
-4 -4 -4 -4 -4 -4 -4 -4 -4 -4 -4 -4 -4 -4 -4 -4 -4 -4 -4 -4 -4 -4 -4 -4 -4 -4 -4 -4 -4 -4 -4 -4 
-4 -4 -4 -4 -4 -4 -4 -4 -4 -4 -4 -4 -4 -4 -4 -4 -4 -4 -4 -4 -4 -4 -4 -4 -4 -4 -4 -4 -4 -4 -4 -4 
0 -4 -4 -4 -4 -4 -4 -4 -4 -4 -4 -4 -4 -4 -4 -4 -4 -4 -4 -4 -4 -4 -4 -4 -4 -4 -4 -4 -4 -4 -4 -4 
-4 -4 -4 -4 -4 -4 -4 -4 -4 -4 -4 -4 -4 -4 -4 -4 -4 -4 -4 -4 -4 -4 -4 -4 -4 -4 -4 -4 -4 -4 -4 -4 
-4 -4 -4 -4 -4 -4 -4 -4 -4 -4 -4 -4 0 -4 -4 -4 -4 -4 -4 -4 -4 -4 -4 -4 -4 -4 -4 -4 -4 -4 -4 -4 
-4 -4 -4 -4 -4 -4 -4 -4 -4 -4 -4 -4 -4 -4 -4 -4 -4 -4 -4 -4 -4 -4 -4 -4 -4 -4 -4 -4 -4 -4 -4 -4 
-4 -4 -4 -4 -4 -4 -4 -4 -4 -4 -4 -4 -4 -4 -4 -4 -4 -4 -4 -4 -4 -4 -4 -4 0 -4 -4 -4 -4 -4 -4 -4 
-4 -4 -4 -4 -4 -4 -4 -4 -4 -4 -4 -4 -4 -4 -4 -4 -4 -4 -4 -4 -4 -4 -4 -4 -4 -4 -4 -4 -4 -4 -4 -4 
-4 -4 -4 -4 -4 -4 -4 -4 -4 -4 -4 -4 -4 -4 -4 -4 -4 -4 -4 -4 -4 -4 -4 -4 -4 -4 -4 -4 -4 -4 -4 -4 
-4 -4 -4 -4 0 -4 -4 -4 -4 -4 -4 -4 -4 -4 -4 -4 -4 -4 -4 -4 -4 -4 -4 -4 -4 -4 -4 -4 -4 -4 -4 -4 
-4 -4 -4 -4 -4 -4 -4 -4 -4 -4 -4 -4 -4 -4 -4 -4 -4 -4 -4 -4 -4 -4 -4 -4 -4 -4 -4 -4 -4 -4 -4 -4 
-4 -4 -4 -4 -4 -4 -4 -4 -4 -4 -4 -4 -4 -4 -4 -4 0 0 0 0 0 0 0 0 0 0 0 0 0 105 4 -109 
4 2 16 0 0 120 1 -117 8 -72 16 -89 8 0 0 0 0 0 0 0 0 
]]>
</Image>
</inet:Report>
