<?xml version="1.0" encoding="UTF-8" standalone="yes" ?>

<inet:Report xmlns:inet="http://www.inetsoftware.de" major_version="10" minor_version="0" major_xml_version="8" minor_xml_version="2" count="3" id="0">
    <Datasource>
      <DataSourceConfiguration name="adoplus.dll">
      </DataSourceConfiguration>
      <Tablesource alias="Satker" databaseIdentifier="Kotama">
        <Column name="NAMA" type="11" />
        <Column name="SATKER" type="11" />
        <Column name="ALAMAT" type="11" />
        <Column name="TARIP" type="11" />
        <Column name="DAYA" type="6" />
        <Column name="IDPEL" type="11" />
        <Column name="STAWAL" type="11" />
        <Column name="STAKHIR" type="11" />
        <Column name="FKALI" type="11" />
        <Column name="PEMKWH" type="6" />
        <Column name="BYBEBAN" type="6" />
        <Column name="BYPEMAKAIAN" type="6" />
        <Column name="RPMAT" type="6" />
        <Column name="RPPPN" type="6" />
        <Column name="RPLAIN" type="6" />
        <Column name="RPTAG" type="6" />
      </Tablesource>
    </Datasource>
  <Database>
    <QueryChanges mask="0" count="2">
      <Attribute name="queryChange" value="null"/>
      <Attribute name="queryChange" value="null"/>
    </QueryChanges>
  </Database>
  <FormulaFields>
  </FormulaFields>
  <PromptFields>
    <Field type="PromptVarField" valueType="6">
      <Attribute name="name" value="x"/>
      <Attribute name="allow_multiple_values" value="false"/>
      <Attribute name="discrete_or_range" value="0"/>
      <Attribute name="allow editing" value="true"/>
      <Attribute name="description_only" value="false"/>
      <Attribute name="edit mask" value=""/>
      <Attribute name="prompt_text" value=""/>
      <Attribute name="use_range" value="false"/>
    </Field>
    <Field type="PromptVarField" valueType="11">
      <Attribute name="name" value="wilayah"/>
      <Attribute name="allow_multiple_values" value="false"/>
      <Attribute name="discrete_or_range" value="0"/>
      <Attribute name="allow editing" value="true"/>
      <Attribute name="description_only" value="false"/>
      <Attribute name="edit mask" value=""/>
      <Attribute name="prompt_text" value=""/>
      <Attribute name="use_range" value="false"/>
    </Field>
    <Field type="PromptVarField" valueType="11">
      <Attribute name="name" value="cabang"/>
      <Attribute name="allow_multiple_values" value="false"/>
      <Attribute name="discrete_or_range" value="0"/>
      <Attribute name="allow editing" value="true"/>
      <Attribute name="description_only" value="false"/>
      <Attribute name="edit mask" value=""/>
      <Attribute name="prompt_text" value=""/>
      <Attribute name="use_range" value="false"/>
    </Field>
    <Field type="PromptVarField" valueType="11">
      <Attribute name="name" value="tksatker"/>
      <Attribute name="allow_multiple_values" value="false"/>
      <Attribute name="discrete_or_range" value="0"/>
      <Attribute name="allow editing" value="true"/>
      <Attribute name="description_only" value="false"/>
      <Attribute name="edit mask" value=""/>
      <Attribute name="prompt_text" value=""/>
      <Attribute name="use_range" value="false"/>
    </Field>
    <Field type="PromptVarField" valueType="11">
      <Attribute name="name" value="kotama"/>
      <Attribute name="allow_multiple_values" value="false"/>
      <Attribute name="discrete_or_range" value="0"/>
      <Attribute name="allow editing" value="true"/>
      <Attribute name="description_only" value="false"/>
      <Attribute name="edit mask" value=""/>
      <Attribute name="prompt_text" value=""/>
      <Attribute name="use_range" value="false"/>
    </Field>
    <Field type="PromptVarField" valueType="11">
      <Attribute name="name" value="blth"/>
      <Attribute name="allow_multiple_values" value="false"/>
      <Attribute name="discrete_or_range" value="0"/>
      <Attribute name="allow editing" value="true"/>
      <Attribute name="description_only" value="false"/>
      <Attribute name="edit mask" value=""/>
      <Attribute name="prompt_text" value=""/>
      <Attribute name="use_range" value="false"/>
    </Field>
    <Field type="PromptVarField" valueType="11">
      <Attribute name="name" value="sysdate"/>
      <Attribute name="allow_multiple_values" value="false"/>
      <Attribute name="discrete_or_range" value="0"/>
      <Attribute name="allow editing" value="true"/>
      <Attribute name="description_only" value="false"/>
      <Attribute name="edit mask" value=""/>
      <Attribute name="prompt_text" value=""/>
      <Attribute name="use_range" value="false"/>
    </Field>
    <Field type="PromptVarField" valueType="11">
      <Attribute name="name" value="sign1nama"/>
      <Attribute name="allow_multiple_values" value="false"/>
      <Attribute name="discrete_or_range" value="0"/>
      <Attribute name="allow editing" value="true"/>
      <Attribute name="description_only" value="false"/>
      <Attribute name="edit mask" value=""/>
      <Attribute name="prompt_text" value=""/>
      <Attribute name="use_range" value="false"/>
    </Field>
    <Field type="PromptVarField" valueType="11">
      <Attribute name="name" value="sign1kesatuan"/>
      <Attribute name="allow_multiple_values" value="false"/>
      <Attribute name="discrete_or_range" value="0"/>
      <Attribute name="allow editing" value="true"/>
      <Attribute name="description_only" value="false"/>
      <Attribute name="edit mask" value=""/>
      <Attribute name="prompt_text" value=""/>
      <Attribute name="use_range" value="false"/>
    </Field>
    <Field type="PromptVarField" valueType="11">
      <Attribute name="name" value="sign1jabatan"/>
      <Attribute name="allow_multiple_values" value="false"/>
      <Attribute name="discrete_or_range" value="0"/>
      <Attribute name="allow editing" value="true"/>
      <Attribute name="description_only" value="false"/>
      <Attribute name="edit mask" value=""/>
      <Attribute name="prompt_text" value=""/>
      <Attribute name="use_range" value="false"/>
    </Field>
    <Field type="PromptVarField" valueType="11">
      <Attribute name="name" value="sign1pangkat"/>
      <Attribute name="allow_multiple_values" value="false"/>
      <Attribute name="discrete_or_range" value="0"/>
      <Attribute name="allow editing" value="true"/>
      <Attribute name="description_only" value="false"/>
      <Attribute name="edit mask" value=""/>
      <Attribute name="prompt_text" value=""/>
      <Attribute name="use_range" value="false"/>
    </Field>
    <Field type="PromptVarField" valueType="11">
      <Attribute name="name" value="sign1nip"/>
      <Attribute name="allow_multiple_values" value="false"/>
      <Attribute name="discrete_or_range" value="0"/>
      <Attribute name="allow editing" value="true"/>
      <Attribute name="description_only" value="false"/>
      <Attribute name="edit mask" value=""/>
      <Attribute name="prompt_text" value=""/>
      <Attribute name="use_range" value="false"/>
    </Field>
    <Field type="PromptVarField" valueType="11">
      <Attribute name="name" value="sign2nama"/>
      <Attribute name="allow_multiple_values" value="false"/>
      <Attribute name="discrete_or_range" value="0"/>
      <Attribute name="allow editing" value="true"/>
      <Attribute name="description_only" value="false"/>
      <Attribute name="edit mask" value=""/>
      <Attribute name="prompt_text" value=""/>
      <Attribute name="use_range" value="false"/>
    </Field>
    <Field type="PromptVarField" valueType="11">
      <Attribute name="name" value="sign2jabatan"/>
      <Attribute name="allow_multiple_values" value="false"/>
      <Attribute name="discrete_or_range" value="0"/>
      <Attribute name="allow editing" value="true"/>
      <Attribute name="description_only" value="false"/>
      <Attribute name="edit mask" value=""/>
      <Attribute name="prompt_text" value=""/>
      <Attribute name="use_range" value="false"/>
    </Field>
    <Field type="PromptVarField" valueType="11">
      <Attribute name="name" value="sign2unit"/>
      <Attribute name="allow_multiple_values" value="false"/>
      <Attribute name="discrete_or_range" value="0"/>
      <Attribute name="allow editing" value="true"/>
      <Attribute name="description_only" value="false"/>
      <Attribute name="edit mask" value=""/>
      <Attribute name="prompt_text" value=""/>
      <Attribute name="use_range" value="false"/>
    </Field>
    <Field type="PromptVarField" valueType="11">
      <Attribute name="name" value="sign2kota"/>
      <Attribute name="allow_multiple_values" value="false"/>
      <Attribute name="discrete_or_range" value="0"/>
      <Attribute name="allow editing" value="true"/>
      <Attribute name="description_only" value="false"/>
      <Attribute name="edit mask" value=""/>
      <Attribute name="prompt_text" value=""/>
      <Attribute name="use_range" value="false"/>
    </Field>
    <Field type="PromptVarField" valueType="11">
      <Attribute name="name" value="sysdate2"/>
      <Attribute name="allow_multiple_values" value="false"/>
      <Attribute name="discrete_or_range" value="0"/>
      <Attribute name="allow editing" value="true"/>
      <Attribute name="description_only" value="false"/>
      <Attribute name="edit mask" value=""/>
      <Attribute name="prompt_text" value=""/>
      <Attribute name="use_range" value="false"/>
    </Field>
  </PromptFields>
  <SQLFields>
  </SQLFields>
  <SummaryFields>
    <Field type="SummaryField" valueType="6">
      <Attribute name="name" value="Sum (Satker.BYBEBAN)"/>
      <Reference name="id" type="DatabaseField" refname="Satker.BYBEBAN"/>
      <Attribute name="operation" value="0"/>
      <Attribute name="summary_nth" value="0"/>
      <Attribute name="summary_type" value="1"/>
      <Attribute name="chartFieldSelect" value="2"/>
      <Attribute name="group number type" value="0"/>
      <Attribute name="show as percent value" value="false"/>
      <Attribute name="execute on db" value="false"/>
    </Field>
    <Field type="SummaryField" valueType="6">
      <Attribute name="name" value="Sum (Satker.BYPEMAKAIAN)"/>
      <Reference name="id" type="DatabaseField" refname="Satker.BYPEMAKAIAN"/>
      <Attribute name="operation" value="0"/>
      <Attribute name="summary_nth" value="0"/>
      <Attribute name="summary_type" value="1"/>
      <Attribute name="chartFieldSelect" value="2"/>
      <Attribute name="group number type" value="0"/>
      <Attribute name="show as percent value" value="false"/>
      <Attribute name="execute on db" value="false"/>
    </Field>
    <Field type="SummaryField" valueType="6">
      <Attribute name="name" value="Sum (Satker.RPMAT)"/>
      <Reference name="id" type="DatabaseField" refname="Satker.RPMAT"/>
      <Attribute name="operation" value="0"/>
      <Attribute name="summary_nth" value="0"/>
      <Attribute name="summary_type" value="1"/>
      <Attribute name="chartFieldSelect" value="2"/>
      <Attribute name="group number type" value="0"/>
      <Attribute name="show as percent value" value="false"/>
      <Attribute name="execute on db" value="false"/>
    </Field>
    <Field type="SummaryField" valueType="6">
      <Attribute name="name" value="Sum (Satker.RPPPN)"/>
      <Reference name="id" type="DatabaseField" refname="Satker.RPPPN"/>
      <Attribute name="operation" value="0"/>
      <Attribute name="summary_nth" value="0"/>
      <Attribute name="summary_type" value="1"/>
      <Attribute name="chartFieldSelect" value="2"/>
      <Attribute name="group number type" value="0"/>
      <Attribute name="show as percent value" value="false"/>
      <Attribute name="execute on db" value="false"/>
    </Field>
    <Field type="SummaryField" valueType="6">
      <Attribute name="name" value="Sum (Satker.RPLAIN)"/>
      <Reference name="id" type="DatabaseField" refname="Satker.RPLAIN"/>
      <Attribute name="operation" value="0"/>
      <Attribute name="summary_nth" value="0"/>
      <Attribute name="summary_type" value="1"/>
      <Attribute name="chartFieldSelect" value="2"/>
      <Attribute name="group number type" value="0"/>
      <Attribute name="show as percent value" value="false"/>
      <Attribute name="execute on db" value="false"/>
    </Field>
    <Field type="SummaryField" valueType="6">
      <Attribute name="name" value="Sum (Satker.RPTAG)"/>
      <Reference name="id" type="DatabaseField" refname="Satker.RPTAG"/>
      <Attribute name="operation" value="0"/>
      <Attribute name="summary_nth" value="0"/>
      <Attribute name="summary_type" value="1"/>
      <Attribute name="chartFieldSelect" value="2"/>
      <Attribute name="group number type" value="0"/>
      <Attribute name="show as percent value" value="false"/>
      <Attribute name="execute on db" value="false"/>
    </Field>
    <Field type="SummaryField" valueType="6">
      <Attribute name="name" value="RTotal0"/>
      <Reference name="id" type="DatabaseField" refname="Satker.NAMA"/>
      <Attribute name="operation" value="6"/>
      <Attribute name="summary_nth" value="0"/>
      <Attribute name="summary_type" value="0"/>
      <Attribute name="chartFieldSelect" value="2"/>
      <Attribute name="group number type" value="0"/>
      <Attribute name="show as percent value" value="false"/>
      <Attribute name="execute on db" value="false"/>
    </Field>
  </SummaryFields>
  <SortFields>
    <Field type="SortField" valueType="11">
      <Attribute name="name" value="Satker.IDPEL"/>
      <Attribute name="shortName" value="IDPEL"/>
      <Reference name="id" type="DatabaseField" refname="Satker.IDPEL"/>
      <Attribute name="operation" value="0"/>
    </Field>
  </SortFields>
  <GroupNameFields count="0">
  </GroupNameFields>
  <ReportProperties>
    <Attribute name="page width" value="20163"/>
    <Attribute name="page height" value="12245"/>
    <Attribute name="page orientation" value="0"/>
    <Attribute name="page margin left" value="204"/>
    <Attribute name="page margin right" value="198"/>
    <Attribute name="page margin top" value="215"/>
    <Attribute name="page margin bottom" value="210"/>
    <Attribute name="report title" value=""/>
    <Attribute name="report author" value=""/>
    <Attribute name="report keywords" value=""/>
    <Attribute name="report subject" value=""/>
    <Attribute name="report template" value=""/>
    <Attribute name="report comments" value=""/>
    <Attribute name="report last saved" value="14 Jan 2014 01:27:18 GMT"/>
    <Attribute name="report created" value="25 Sep 2010 02:14:28 GMT"/>
    <Attribute name="mailing label type 1" value=""/>
    <Attribute name="mailing label type 2" value=""/>
    <Attribute name="format with multiple columns" value="false"/>
    <Attribute name="mailing label width" value="0"/>
    <Attribute name="mailing label height" value="0"/>
    <Attribute name="mailing label distance vertical" value="0"/>
    <Attribute name="mailing label distance horizontal" value="0"/>
    <Attribute name="across then down" value="false"/>
    <Attribute name="format groups with multiple columns" value="false"/>
    <Attribute name="distinct" value="false"/>
    <Attribute name="show suppressed nodes" value="true"/>
    <Attribute name="ignore filtering" value="false"/>
    <Attribute name="ignore sorting" value="false"/>
    <Attribute name="convert date time" value="2"/>
    <Attribute name="suppress if no rows" value="false"/>
    <Attribute name="convert null values to default" value="false"/>
    <Attribute name="hide PageFooter inside ReportHeader" value="true"/>
    <Attribute name="form print" value="false"/>
    <Attribute name="printing enabled" value="true"/>
    <Attribute name="clipboard enabled" value="true"/>
    <Attribute name="export enabled" value="true"/>
    <Attribute name="group tree visible" value="true"/>
  </ReportProperties>
  <AreaPair type="PageAreaPair" id="0">
    <Area type="PageHeader" count="1">
      <AreaProperties>
        <Attribute name="hold minimal pagefooter free" value="1"/>
      </AreaProperties>
      <Section type="PageHeader" count="47" width="19758" height="3485" id="0">
        <SectionProperties>
          <Attribute name="keep together" value="true"/>
          <Attribute name="hold minimal pagefooter free" value="1"/>
          <PropertyFormula valueType="8" propertyType="drill down">
            <Attribute name="name" value="drill down"/>
            <Attribute name="basic syntax" value="false"/>
            <![CDATA[{?x} = {#RTotal0} AND {?x} > 1]]>
          </PropertyFormula>
          <PropertyFormula valueType="8" propertyType="suppress">
            <Attribute name="name" value="suppress"/>
            <Attribute name="basic syntax" value="false"/>
            <![CDATA[{?x} = {#RTotal0} AND {?x} > 1]]>
          </PropertyFormula>
        </SectionProperties>
        <Element type="Line" x2_position="19690" y2_position="3465" x_position="68" y_position="3465" width="19622" height="0">
          <LineProperties>
            <Attribute name="id" value="0"/>
          </LineProperties>
        </Element>
        <Element type="Line" x2_position="19678" y2_position="2722" x_position="68" y_position="2722" width="19610" height="0">
          <LineProperties>
            <Attribute name="id" value="0"/>
          </LineProperties>
        </Element>
        <Element type="Line" x2_position="63" y2_position="3477" x_position="63" y_position="2730" width="0" height="747">
          <LineProperties>
            <Attribute name="id" value="0"/>
          </LineProperties>
        </Element>
        <Element type="Line" x2_position="475" y2_position="289" x_position="475" y_position="2735" width="0" height="1414">
          <LineProperties>
            <Attribute name="id" value="4"/>
          </LineProperties>
        </Element>
        <Element type="Line" x2_position="14175" y2_position="3075" x_position="11175" y_position="3075" width="3000" height="0">
          <LineProperties>
            <Attribute name="id" value="0"/>
          </LineProperties>
        </Element>
        <Element type="Line" x2_position="13437" y2_position="289" x_position="13437" y_position="3075" width="0" height="1074">
          <LineProperties>
            <Attribute name="id" value="4"/>
          </LineProperties>
        </Element>
        <Element type="Line" x2_position="11160" y2_position="269" x_position="11160" y_position="2730" width="0" height="1399">
          <LineProperties>
            <Attribute name="id" value="4"/>
          </LineProperties>
        </Element>
        <Element type="Line" x2_position="9114" y2_position="289" x_position="9114" y_position="2718" width="0" height="1431">
          <LineProperties>
            <Attribute name="id" value="4"/>
          </LineProperties>
        </Element>
        <Element type="Line" x2_position="15000" y2_position="368" x_position="15000" y_position="2720" width="0" height="2173">
          <LineProperties>
            <Attribute name="id" value="3"/>
          </LineProperties>
        </Element>
        <Element type="Line" x2_position="3343" y2_position="289" x_position="3343" y_position="2730" width="0" height="1419">
          <LineProperties>
            <Attribute name="id" value="4"/>
          </LineProperties>
        </Element>
        <Element type="Line" x2_position="8518" y2_position="289" x_position="8518" y_position="2730" width="0" height="1419">
          <LineProperties>
            <Attribute name="id" value="4"/>
          </LineProperties>
        </Element>
        <Element type="Line" x2_position="9952" y2_position="284" x_position="9952" y_position="2725" width="0" height="1419">
          <LineProperties>
            <Attribute name="id" value="4"/>
          </LineProperties>
        </Element>
        <Element type="Line" x2_position="16920" y2_position="378" x_position="16920" y_position="2730" width="0" height="2173">
          <LineProperties>
            <Attribute name="id" value="3"/>
          </LineProperties>
        </Element>
        <Element type="Line" x2_position="18485" y2_position="354" x_position="18485" y_position="2730" width="0" height="2149">
          <LineProperties>
            <Attribute name="id" value="3"/>
          </LineProperties>
        </Element>
        <Element type="Line" x2_position="17760" y2_position="363" x_position="17760" y_position="2735" width="0" height="2153">
          <LineProperties>
            <Attribute name="id" value="3"/>
          </LineProperties>
        </Element>
        <Element type="Line" x2_position="16205" y2_position="363" x_position="16205" y_position="2735" width="0" height="2153">
          <LineProperties>
            <Attribute name="id" value="3"/>
          </LineProperties>
        </Element>
        <Element type="Line" x2_position="14155" y2_position="358" x_position="14155" y_position="2730" width="0" height="2153">
          <LineProperties>
            <Attribute name="id" value="3"/>
          </LineProperties>
        </Element>
        <Element type="Line" x2_position="19675" y2_position="368" x_position="19675" y_position="2725" width="0" height="2168">
          <LineProperties>
            <Attribute name="id" value="3"/>
          </LineProperties>
        </Element>
        <Element type="Line" x2_position="5513" y2_position="284" x_position="5513" y_position="2724" width="0" height="1420">
          <LineProperties>
            <Attribute name="id" value="4"/>
          </LineProperties>
        </Element>
        <Element type="Line" x2_position="12840" y2_position="282" x_position="12840" y_position="3067" width="0" height="1075">
          <LineProperties>
            <Attribute name="id" value="4"/>
          </LineProperties>
        </Element>
        <Element type="Line" x2_position="11963" y2_position="272" x_position="11963" y_position="3067" width="0" height="1065">
          <LineProperties>
            <Attribute name="id" value="4"/>
          </LineProperties>
        </Element>
        <Element type="Text" count="3" x_position="375" y_position="465" width="6235" height="732">
          <CommonProperties>
            <Attribute name="keep together" value="true"/>
            <Attribute name="close border on page break" value="false"/>
          </CommonProperties>
          <Element type="Paragraph" count="1">
            <CommonProperties>
              <Attribute name="horizontal align" value="1"/>
            </CommonProperties>
            <Element type="TextPart">
              <FontProperties>
                <Attribute name="font name" value="Times New Roman"/>
                <Attribute name="font size" value="200"/>
                <Attribute name="font style" value="1"/>
              </FontProperties>
            <![CDATA[PT PLN (PERSERO)]]>
            </Element>
          </Element>
          <Element type="Paragraph" count="2">
            <CommonProperties>
              <Attribute name="horizontal align" value="1"/>
            </CommonProperties>
            <Element type="TextPart">
              <FontProperties>
                <Attribute name="font name" value="Times New Roman"/>
                <Attribute name="font size" value="200"/>
                <Attribute name="font style" value="1"/>
              </FontProperties>
            <![CDATA[WILAYAH/DISTRIBUSI ]]>
            </Element>
            <Element type="FieldPart">
              <FontProperties>
                <Attribute name="font name" value="Times New Roman"/>
                <Attribute name="font size" value="200"/>
                <Attribute name="font style" value="1"/>
              </FontProperties>
              <Reference name="field" type="PromptVarField" refname="?wilayah"/>
            </Element>
          </Element>
          <Element type="Paragraph" count="2">
            <CommonProperties>
              <Attribute name="horizontal align" value="1"/>
            </CommonProperties>
            <Element type="TextPart">
              <FontProperties>
                <Attribute name="font name" value="Times New Roman"/>
                <Attribute name="font size" value="200"/>
                <Attribute name="font style" value="1"/>
              </FontProperties>
            <![CDATA[CABANG/APJ ]]>
            </Element>
            <Element type="FieldPart">
              <FontProperties>
                <Attribute name="font name" value="Times New Roman"/>
                <Attribute name="font size" value="200"/>
                <Attribute name="font style" value="1"/>
              </FontProperties>
              <Reference name="field" type="PromptVarField" refname="?cabang"/>
            </Element>
          </Element>
        </Element>
        <Element type="Text" count="2" x_position="333" y_position="1684" width="1508" height="475">
          <CommonProperties>
            <Attribute name="keep together" value="true"/>
            <Attribute name="close border on page break" value="false"/>
          </CommonProperties>
          <Element type="Paragraph" count="1">
            <CommonProperties>
              <Attribute name="horizontal align" value="1"/>
            </CommonProperties>
            <Element type="TextPart">
              <FontProperties>
                <Attribute name="font name" value="Times New Roman"/>
                <Attribute name="font style" value="1"/>
              </FontProperties>
            <![CDATA[KOTAMA]]>
            </Element>
          </Element>
          <Element type="Paragraph" count="1">
            <CommonProperties>
              <Attribute name="horizontal align" value="1"/>
            </CommonProperties>
            <Element type="TextPart">
              <FontProperties>
                <Attribute name="font name" value="Times New Roman"/>
                <Attribute name="font style" value="1"/>
              </FontProperties>
            <![CDATA[ALAMAT]]>
            </Element>
          </Element>
        </Element>
        <Element type="Text" count="3" x_position="7417" y_position="484" width="4770" height="1066">
          <CommonProperties>
            <Attribute name="keep together" value="true"/>
            <Attribute name="close border on page break" value="false"/>
          </CommonProperties>
          <Element type="Paragraph" count="1">
            <CommonProperties>
              <Attribute name="horizontal align" value="2"/>
            </CommonProperties>
            <StringProperties>
              <Attribute name="line spacing relative" value="1.5"/>
            </StringProperties>
            <Element type="TextPart">
              <FontProperties>
                <Attribute name="font name" value="Times New Roman"/>
                <Attribute name="font size" value="220"/>
                <Attribute name="font style" value="1"/>
              </FontProperties>
            <![CDATA[DAFTAR PENGESAHAN TAGIHAN LISTRIK]]>
            </Element>
          </Element>
          <Element type="Paragraph" count="1">
            <CommonProperties>
              <Attribute name="horizontal align" value="2"/>
            </CommonProperties>
            <StringProperties>
              <Attribute name="line spacing relative" value="1.5"/>
            </StringProperties>
            <Element type="TextPart">
              <FontProperties>
                <Attribute name="font name" value="Times New Roman"/>
                <Attribute name="font size" value="220"/>
                <Attribute name="font style" value="1"/>
              </FontProperties>
            <![CDATA[PELANGGAN TANGGUNGAN NEGARA]]>
            </Element>
          </Element>
          <Element type="Paragraph" count="1">
            <CommonProperties>
              <Attribute name="horizontal align" value="2"/>
            </CommonProperties>
            <StringProperties>
              <Attribute name="line spacing relative" value="1.5"/>
            </StringProperties>
            <Element type="FieldPart">
              <FontProperties>
                <Attribute name="font name" value="Times New Roman"/>
                <Attribute name="font size" value="220"/>
                <Attribute name="font style" value="1"/>
              </FontProperties>
              <Reference name="field" type="PromptVarField" refname="?tksatker"/>
            </Element>
          </Element>
        </Element>
        <Element type="Text" count="4" x_position="14840" y_position="1691" width="2655" height="830">
          <CommonProperties>
            <Attribute name="keep together" value="true"/>
            <Attribute name="close border on page break" value="false"/>
          </CommonProperties>
          <Element type="Paragraph" count="1">
            <CommonProperties>
              <Attribute name="horizontal align" value="1"/>
            </CommonProperties>
            <Element type="TextPart">
              <FontProperties>
                <Attribute name="font name" value="Times New Roman"/>
                <Attribute name="font style" value="1"/>
              </FontProperties>
            <![CDATA[NOMOR]]>
            </Element>
          </Element>
          <Element type="Paragraph" count="1">
            <CommonProperties>
              <Attribute name="horizontal align" value="1"/>
            </CommonProperties>
            <Element type="TextPart">
              <FontProperties>
                <Attribute name="font name" value="Times New Roman"/>
                <Attribute name="font style" value="1"/>
              </FontProperties>
            <![CDATA[TGL. PENYERAHAN DAFTAR]]>
            </Element>
          </Element>
          <Element type="Paragraph" count="1">
            <CommonProperties>
              <Attribute name="horizontal align" value="1"/>
            </CommonProperties>
            <Element type="TextPart">
              <FontProperties>
                <Attribute name="font name" value="Times New Roman"/>
                <Attribute name="font style" value="1"/>
              </FontProperties>
            <![CDATA[TGL. PENERIMAAN KEMBALI                  ]]>
            </Element>
          </Element>
          <Element type="Paragraph" count="1">
            <CommonProperties>
              <Attribute name="horizontal align" value="1"/>
            </CommonProperties>
            <Element type="TextPart">
              <FontProperties>
                <Attribute name="font name" value="Times New Roman"/>
                <Attribute name="font style" value="1"/>
              </FontProperties>
            <![CDATA[REKENING BULAN]]>
            </Element>
          </Element>
        </Element>
        <Element type="Text" count="4" x_position="17505" y_position="1680" width="2113" height="845">
          <CommonProperties>
            <Attribute name="keep together" value="true"/>
            <Attribute name="close border on page break" value="false"/>
          </CommonProperties>
          <Element type="Paragraph" count="1">
            <CommonProperties>
              <Attribute name="horizontal align" value="1"/>
            </CommonProperties>
            <Element type="TextPart">
              <FontProperties>
                <Attribute name="font name" value="Times New Roman"/>
                <Attribute name="font style" value="1"/>
              </FontProperties>
            <![CDATA[: ]]>
            </Element>
          </Element>
          <Element type="Paragraph" count="2">
            <CommonProperties>
              <Attribute name="horizontal align" value="1"/>
            </CommonProperties>
            <Element type="TextPart">
              <FontProperties>
                <Attribute name="font name" value="Times New Roman"/>
                <Attribute name="font style" value="1"/>
              </FontProperties>
            <![CDATA[: ]]>
            </Element>
            <Element type="FieldPart">
              <FontProperties>
                <Attribute name="font name" value="Times New Roman"/>
                <Attribute name="font style" value="1"/>
              </FontProperties>
              <Reference name="field" type="PromptVarField" refname="?sysdate"/>
            </Element>
          </Element>
          <Element type="Paragraph" count="1">
            <CommonProperties>
              <Attribute name="horizontal align" value="1"/>
            </CommonProperties>
            <Element type="TextPart">
              <FontProperties>
                <Attribute name="font name" value="Times New Roman"/>
                <Attribute name="font style" value="1"/>
              </FontProperties>
            <![CDATA[:]]>
            </Element>
          </Element>
          <Element type="Paragraph" count="2">
            <CommonProperties>
              <Attribute name="horizontal align" value="1"/>
            </CommonProperties>
            <Element type="TextPart">
              <FontProperties>
                <Attribute name="font name" value="Times New Roman"/>
                <Attribute name="font style" value="1"/>
              </FontProperties>
            <![CDATA[: ]]>
            </Element>
            <Element type="FieldPart">
              <FontProperties>
                <Attribute name="font name" value="Times New Roman"/>
                <Attribute name="font style" value="1"/>
              </FontProperties>
              <Reference name="field" type="PromptVarField" refname="?blth"/>
            </Element>
          </Element>
        </Element>
        <Element type="Text" count="1" x_position="141" y_position="2967" width="272" height="250">
          <CommonProperties>
            <Attribute name="keep together" value="true"/>
            <Attribute name="close border on page break" value="false"/>
          </CommonProperties>
          <Element type="Paragraph" count="1">
            <CommonProperties>
              <Attribute name="horizontal align" value="2"/>
            </CommonProperties>
            <Element type="TextPart">
              <FontProperties>
                <Attribute name="font name" value="Times New Roman"/>
                <Attribute name="font style" value="1"/>
              </FontProperties>
            <![CDATA[NO]]>
            </Element>
          </Element>
        </Element>
        <Element type="Text" count="1" x_position="5633" y_position="2997" width="2782" height="250">
          <CommonProperties>
            <Attribute name="keep together" value="true"/>
            <Attribute name="close border on page break" value="false"/>
          </CommonProperties>
          <Element type="Paragraph" count="1">
            <CommonProperties>
              <Attribute name="horizontal align" value="2"/>
            </CommonProperties>
            <Element type="TextPart">
              <FontProperties>
                <Attribute name="font name" value="Times New Roman"/>
                <Attribute name="font style" value="1"/>
              </FontProperties>
            <![CDATA[ALAMAT]]>
            </Element>
          </Element>
        </Element>
        <Element type="Text" count="1" x_position="606" y_position="2987" width="2644" height="250">
          <CommonProperties>
            <Attribute name="keep together" value="true"/>
            <Attribute name="close border on page break" value="false"/>
          </CommonProperties>
          <Element type="Paragraph" count="1">
            <CommonProperties>
              <Attribute name="horizontal align" value="2"/>
            </CommonProperties>
            <Element type="TextPart">
              <FontProperties>
                <Attribute name="font name" value="Times New Roman"/>
                <Attribute name="font style" value="1"/>
              </FontProperties>
            <![CDATA[NAMA PELANGGAN]]>
            </Element>
          </Element>
        </Element>
        <Element type="Text" count="1" x_position="11280" y_position="2785" width="2755" height="250">
          <CommonProperties>
            <Attribute name="keep together" value="true"/>
            <Attribute name="close border on page break" value="false"/>
          </CommonProperties>
          <Element type="Paragraph" count="1">
            <CommonProperties>
              <Attribute name="horizontal align" value="2"/>
            </CommonProperties>
            <Element type="TextPart">
              <FontProperties>
                <Attribute name="font name" value="Times New Roman"/>
                <Attribute name="font style" value="1"/>
              </FontProperties>
            <![CDATA[PEMAKAIAN KWH]]>
            </Element>
          </Element>
        </Element>
        <Element type="Text" count="1" x_position="8532" y_position="2990" width="588" height="250">
          <CommonProperties>
            <Attribute name="keep together" value="true"/>
            <Attribute name="close border on page break" value="false"/>
          </CommonProperties>
          <Element type="Paragraph" count="1">
            <CommonProperties>
              <Attribute name="horizontal align" value="2"/>
            </CommonProperties>
            <Element type="TextPart">
              <FontProperties>
                <Attribute name="font name" value="Times New Roman"/>
                <Attribute name="font style" value="1"/>
              </FontProperties>
            <![CDATA[TARIP]]>
            </Element>
          </Element>
        </Element>
        <Element type="Text" count="1" x_position="10080" y_position="3001" width="973" height="257">
          <CommonProperties>
            <Attribute name="keep together" value="true"/>
            <Attribute name="close border on page break" value="false"/>
          </CommonProperties>
          <Element type="Paragraph" count="1">
            <CommonProperties>
              <Attribute name="horizontal align" value="2"/>
            </CommonProperties>
            <Element type="TextPart">
              <FontProperties>
                <Attribute name="font name" value="Times New Roman"/>
                <Attribute name="font style" value="1"/>
              </FontProperties>
            <![CDATA[IDPEL]]>
            </Element>
          </Element>
        </Element>
        <Element type="Text" count="1" x_position="11170" y_position="3171" width="790" height="230">
          <CommonProperties>
            <Attribute name="keep together" value="true"/>
            <Attribute name="close border on page break" value="false"/>
          </CommonProperties>
          <Element type="Paragraph" count="1">
            <CommonProperties>
              <Attribute name="horizontal align" value="2"/>
            </CommonProperties>
            <Element type="TextPart">
              <FontProperties>
                <Attribute name="font name" value="Times New Roman"/>
                <Attribute name="font size" value="160"/>
                <Attribute name="font style" value="1"/>
              </FontProperties>
            <![CDATA[ST.AWAL]]>
            </Element>
          </Element>
        </Element>
        <Element type="Text" count="1" x_position="11977" y_position="3167" width="870" height="230">
          <CommonProperties>
            <Attribute name="keep together" value="true"/>
            <Attribute name="close border on page break" value="false"/>
          </CommonProperties>
          <Element type="Paragraph" count="1">
            <CommonProperties>
              <Attribute name="horizontal align" value="2"/>
            </CommonProperties>
            <Element type="TextPart">
              <FontProperties>
                <Attribute name="font name" value="Times New Roman"/>
                <Attribute name="font style" value="1"/>
              </FontProperties>
            <![CDATA[ST.AKHIR]]>
            </Element>
          </Element>
        </Element>
        <Element type="Text" count="1" x_position="12870" y_position="3171" width="575" height="221">
          <CommonProperties>
            <Attribute name="keep together" value="true"/>
            <Attribute name="close border on page break" value="false"/>
          </CommonProperties>
          <Element type="Paragraph" count="1">
            <CommonProperties>
              <Attribute name="horizontal align" value="2"/>
            </CommonProperties>
            <Element type="TextPart">
              <FontProperties>
                <Attribute name="font name" value="Times New Roman"/>
                <Attribute name="font style" value="1"/>
              </FontProperties>
            <![CDATA[FKALI]]>
            </Element>
          </Element>
        </Element>
        <Element type="Text" count="1" x_position="13570" y_position="3161" width="489" height="221">
          <CommonProperties>
            <Attribute name="keep together" value="true"/>
            <Attribute name="close border on page break" value="false"/>
          </CommonProperties>
          <Element type="Paragraph" count="1">
            <CommonProperties>
              <Attribute name="horizontal align" value="2"/>
            </CommonProperties>
            <Element type="TextPart">
              <FontProperties>
                <Attribute name="font name" value="Times New Roman"/>
                <Attribute name="font style" value="1"/>
              </FontProperties>
            <![CDATA[KWH]]>
            </Element>
          </Element>
        </Element>
        <Element type="Text" count="1" x_position="18595" y_position="2890" width="985" height="447">
          <CommonProperties>
            <Attribute name="keep together" value="true"/>
            <Attribute name="close border on page break" value="false"/>
          </CommonProperties>
          <Element type="Paragraph" count="1">
            <CommonProperties>
              <Attribute name="horizontal align" value="2"/>
            </CommonProperties>
            <Element type="TextPart">
              <FontProperties>
                <Attribute name="font name" value="Times New Roman"/>
                <Attribute name="font style" value="1"/>
              </FontProperties>
            <![CDATA[JUMLAH TAGIHAN]]>
            </Element>
          </Element>
        </Element>
        <Element type="Text" count="1" x_position="17897" y_position="2901" width="505" height="430">
          <CommonProperties>
            <Attribute name="keep together" value="true"/>
            <Attribute name="close border on page break" value="false"/>
          </CommonProperties>
          <Element type="Paragraph" count="1">
            <CommonProperties>
              <Attribute name="horizontal align" value="2"/>
            </CommonProperties>
            <Element type="TextPart">
              <FontProperties>
                <Attribute name="font name" value="Times New Roman"/>
                <Attribute name="font style" value="1"/>
              </FontProperties>
            <![CDATA[LAIN LAIN]]>
            </Element>
          </Element>
        </Element>
        <Element type="Text" count="1" x_position="17035" y_position="2996" width="625" height="241">
          <CommonProperties>
            <Attribute name="keep together" value="true"/>
            <Attribute name="close border on page break" value="false"/>
          </CommonProperties>
          <Element type="Paragraph" count="1">
            <CommonProperties>
              <Attribute name="horizontal align" value="2"/>
            </CommonProperties>
            <Element type="TextPart">
              <FontProperties>
                <Attribute name="font name" value="Times New Roman"/>
                <Attribute name="font style" value="1"/>
              </FontProperties>
            <![CDATA[PPN]]>
            </Element>
          </Element>
        </Element>
        <Element type="Text" count="1" x_position="16325" y_position="2996" width="485" height="221">
          <CommonProperties>
            <Attribute name="keep together" value="true"/>
            <Attribute name="close border on page break" value="false"/>
          </CommonProperties>
          <Element type="Paragraph" count="1">
            <CommonProperties>
              <Attribute name="horizontal align" value="2"/>
            </CommonProperties>
            <Element type="TextPart">
              <FontProperties>
                <Attribute name="font name" value="Times New Roman"/>
                <Attribute name="font style" value="1"/>
              </FontProperties>
            <![CDATA[MAT]]>
            </Element>
          </Element>
        </Element>
        <Element type="Text" count="1" x_position="15043" y_position="2877" width="1138" height="465">
          <CommonProperties>
            <Attribute name="keep together" value="true"/>
            <Attribute name="close border on page break" value="false"/>
          </CommonProperties>
          <Element type="Paragraph" count="1">
            <CommonProperties>
              <Attribute name="horizontal align" value="2"/>
            </CommonProperties>
            <Element type="TextPart">
              <FontProperties>
                <Attribute name="font name" value="Times New Roman"/>
                <Attribute name="font style" value="1"/>
              </FontProperties>
            <![CDATA[BIAYA PEMAKAIAN]]>
            </Element>
          </Element>
        </Element>
        <Element type="Text" count="1" x_position="14283" y_position="2884" width="628" height="445">
          <CommonProperties>
            <Attribute name="keep together" value="true"/>
            <Attribute name="close border on page break" value="false"/>
          </CommonProperties>
          <Element type="Paragraph" count="1">
            <CommonProperties>
              <Attribute name="horizontal align" value="2"/>
            </CommonProperties>
            <Element type="TextPart">
              <FontProperties>
                <Attribute name="font name" value="Times New Roman"/>
                <Attribute name="font style" value="1"/>
              </FontProperties>
            <![CDATA[BIAYA BEBAN]]>
            </Element>
          </Element>
        </Element>
        <Element type="Text" count="1" x_position="9245" y_position="2985" width="612" height="221">
          <CommonProperties>
            <Attribute name="keep together" value="true"/>
            <Attribute name="close border on page break" value="false"/>
          </CommonProperties>
          <Element type="Paragraph" count="1">
            <CommonProperties>
              <Attribute name="horizontal align" value="2"/>
            </CommonProperties>
            <Element type="TextPart">
              <FontProperties>
                <Attribute name="font name" value="Times New Roman"/>
                <Attribute name="font style" value="1"/>
              </FontProperties>
            <![CDATA[DAYA]]>
            </Element>
          </Element>
        </Element>
        <Element type="Text" count="3" x_position="1837" y_position="1667" width="4686" height="494">
          <CommonProperties>
            <Attribute name="keep together" value="true"/>
            <Attribute name="close border on page break" value="false"/>
          </CommonProperties>
          <Element type="Paragraph" count="2">
            <CommonProperties>
              <Attribute name="horizontal align" value="1"/>
            </CommonProperties>
            <Element type="TextPart">
              <FontProperties>
                <Attribute name="font name" value="Times New Roman"/>
                <Attribute name="font style" value="1"/>
              </FontProperties>
            <![CDATA[: ]]>
            </Element>
            <Element type="FieldPart">
              <FontProperties>
                <Attribute name="font name" value="Times New Roman"/>
                <Attribute name="font style" value="1"/>
              </FontProperties>
              <Reference name="field" type="PromptVarField" refname="?kotama"/>
            </Element>
          </Element>
          <Element type="Paragraph" count="2">
            <CommonProperties>
              <Attribute name="horizontal align" value="1"/>
            </CommonProperties>
            <Element type="TextPart">
              <FontProperties>
                <Attribute name="font name" value="Times New Roman"/>
                <Attribute name="font style" value="1"/>
              </FontProperties>
            <![CDATA[: ]]>
            </Element>
            <Element type="FieldPart">
              <FontProperties>
                <Attribute name="font name" value="Times New Roman"/>
                <Attribute name="font style" value="1"/>
              </FontProperties>
              <Reference name="field" type="PromptVarField" refname="?sign2kota"/>
            </Element>
          </Element>
          <Element type="Paragraph" count="1">
            <CommonProperties>
              <Attribute name="horizontal align" value="1"/>
            </CommonProperties>
            <Element type="TextPart">
              <FontProperties>
                <Attribute name="font name" value="Times New Roman"/>
                <Attribute name="font style" value="1"/>
              </FontProperties>
            <![CDATA[:]]>
            </Element>
          </Element>
        </Element>
        <Element type="FieldElement" x_position="19313" y_position="2404" width="233" height="211">
          <CommonProperties>
            <Attribute name="keep together" value="true"/>
            <Attribute name="close border on page break" value="false"/>
          </CommonProperties>
          <FontProperties>
            <Attribute name="font name" value="Times New Roman"/>
          </FontProperties>
          <NumberProperties>
            <Attribute name="n decimal places" value="0"/>
            <Attribute name="rounding type" value="11"/>
            <Attribute name="thousand separators symbol" value=","/>
            <Attribute name="decimal separators symbol" value="."/>
            <Attribute name="currency symbol" value=""/>
          </NumberProperties>
          <Reference name="field" type="SpecialVarField" id="17"/>
        </Element>
        <Element type="Text" count="4" x_position="18430" y_position="2394" width="893" height="207">
          <CommonProperties>
            <Attribute name="keep together" value="true"/>
            <Attribute name="close border on page break" value="false"/>
          </CommonProperties>
          <Element type="Paragraph" count="1">
            <CommonProperties>
              <Attribute name="horizontal align" value="1"/>
            </CommonProperties>
            <Element type="TextPart">
              <FontProperties>
                <Attribute name="font name" value="Times New Roman"/>
              </FontProperties>
            <![CDATA[Lembar ke :     ]]>
            </Element>
          </Element>
          <Element type="Paragraph" count="1">
            <CommonProperties>
              <Attribute name="horizontal align" value="1"/>
            </CommonProperties>
            <Element type="TextPart">
              <FontProperties>
                <Attribute name="font name" value="Times New Roman"/>
              </FontProperties>
            <![CDATA[:   ]]>
            </Element>
          </Element>
          <Element type="Paragraph" count="1">
            <CommonProperties>
              <Attribute name="horizontal align" value="1"/>
            </CommonProperties>
            <Element type="TextPart">
              <FontProperties>
                <Attribute name="font name" value="Times New Roman"/>
              </FontProperties>
            <![CDATA[:]]>
            </Element>
          </Element>
          <Element type="Paragraph" count="1">
            <CommonProperties>
              <Attribute name="horizontal align" value="1"/>
            </CommonProperties>
            <Element type="TextPart">
              <FontProperties>
                <Attribute name="font name" value="Times New Roman"/>
              </FontProperties>
            <![CDATA[: ]]>
            </Element>
          </Element>
        </Element>
        <Element type="Text" count="1" x_position="3477" y_position="2984" width="1935" height="261">
          <CommonProperties>
            <Attribute name="keep together" value="true"/>
            <Attribute name="close border on page break" value="false"/>
          </CommonProperties>
          <Element type="Paragraph" count="1">
            <CommonProperties>
              <Attribute name="horizontal align" value="2"/>
            </CommonProperties>
            <Element type="TextPart">
              <FontProperties>
                <Attribute name="font name" value="Times New Roman"/>
                <Attribute name="font style" value="1"/>
              </FontProperties>
            <![CDATA[SATKER]]>
            </Element>
          </Element>
        </Element>
      </Section>
    </Area>
    <Area type="PageFooter" count="1">
      <AreaProperties>
        <Attribute name="hold minimal pagefooter free" value="1"/>
      </AreaProperties>
      <Section type="PageFooter" count="0" width="19758" height="0" id="1">
        <SectionProperties>
          <Attribute name="keep together" value="true"/>
          <Attribute name="hold minimal pagefooter free" value="1"/>
        </SectionProperties>
      </Section>
    </Area>
  </AreaPair>
  <AreaPair type="ReportAreaPair" id="0">
    <Area type="ReportHeader" count="1">
      <AreaProperties>
        <Attribute name="new page before" value="true"/>
        <Attribute name="hold minimal pagefooter free" value="1"/>
      </AreaProperties>
      <Section type="ReportHeader" count="0" width="19758" height="0" id="2">
        <SectionProperties>
          <Attribute name="drill down" value="true"/>
          <Attribute name="suppress" value="true"/>
          <Attribute name="keep together" value="true"/>
          <Attribute name="hold minimal pagefooter free" value="1"/>
        </SectionProperties>
      </Section>
    </Area>
    <Area type="ReportFooter" count="1">
      <AreaProperties>
        <Attribute name="hold minimal pagefooter free" value="1"/>
      </AreaProperties>
      <Section type="ReportFooter" count="11" width="19758" height="2708" id="3">
        <SectionProperties>
          <Attribute name="hold minimal pagefooter free" value="1"/>
        </SectionProperties>
        <Element type="Line" x2_position="19688" y2_position="353" x_position="68" y_position="353" width="19620" height="0">
          <LineProperties>
            <Attribute name="id" value="3"/>
          </LineProperties>
        </Element>
        <Element type="Line" x2_position="65" y2_position="373" x_position="65" y_position="0" width="0" height="373">
          <LineProperties>
            <Attribute name="id" value="3"/>
          </LineProperties>
        </Element>
        <Element type="Text" count="1" x_position="5630" y_position="40" width="1869" height="250">
          <CommonProperties>
            <Attribute name="keep together" value="true"/>
            <Attribute name="close border on page break" value="false"/>
          </CommonProperties>
          <Element type="Paragraph" count="1">
            <CommonProperties>
              <Attribute name="horizontal align" value="2"/>
            </CommonProperties>
            <Element type="TextPart">
              <FontProperties>
                <Attribute name="font name" value="Times New Roman"/>
                <Attribute name="font size" value="200"/>
                <Attribute name="font style" value="1"/>
              </FontProperties>
            <![CDATA[JUMLAH]]>
            </Element>
          </Element>
        </Element>
        <Element type="Text" count="14" x_position="130" y_position="710" width="6245" height="1935">
          <CommonProperties>
            <Attribute name="keep together" value="true"/>
            <Attribute name="close border on page break" value="false"/>
          </CommonProperties>
          <Element type="Paragraph" count="1">
            <CommonProperties>
              <Attribute name="horizontal align" value="2"/>
            </CommonProperties>
            <Element type="TextPart">
              <FontProperties>
                <Attribute name="font name" value="Times New Roman"/>
                <Attribute name="font style" value="1"/>
              </FontProperties>
            <![CDATA[MENGETAHUI]]>
            </Element>
          </Element>
          <Element type="Paragraph" count="1">
            <CommonProperties>
              <Attribute name="horizontal align" value="2"/>
            </CommonProperties>
            <Element type="FieldPart">
              <FontProperties>
                <Attribute name="font name" value="Times New Roman"/>
                <Attribute name="font style" value="1"/>
              </FontProperties>
              <Reference name="field" type="PromptVarField" refname="?sign1kesatuan"/>
            </Element>
          </Element>
          <Element type="Paragraph" count="1">
            <CommonProperties>
              <Attribute name="horizontal align" value="2"/>
            </CommonProperties>
            <Element type="FieldPart">
              <FontProperties>
                <Attribute name="font name" value="Times New Roman"/>
                <Attribute name="font style" value="1"/>
              </FontProperties>
              <Reference name="field" type="PromptVarField" refname="?sign1jabatan"/>
            </Element>
          </Element>
          <Element type="Paragraph" count="1">
            <CommonProperties>
              <Attribute name="horizontal align" value="2"/>
            </CommonProperties>
            <Element type="TextPart">
              <FontProperties>
                <Attribute name="font name" value="Times New Roman"/>
                <Attribute name="font style" value="1"/>
              </FontProperties>
            <![CDATA[]]>
            </Element>
          </Element>
          <Element type="Paragraph" count="1">
            <CommonProperties>
              <Attribute name="horizontal align" value="2"/>
            </CommonProperties>
            <Element type="TextPart">
              <FontProperties>
                <Attribute name="font name" value="Times New Roman"/>
                <Attribute name="font style" value="1"/>
              </FontProperties>
            <![CDATA[]]>
            </Element>
          </Element>
          <Element type="Paragraph" count="1">
            <CommonProperties>
              <Attribute name="horizontal align" value="2"/>
            </CommonProperties>
            <Element type="TextPart">
              <FontProperties>
                <Attribute name="font name" value="Times New Roman"/>
                <Attribute name="font style" value="1"/>
              </FontProperties>
            <![CDATA[]]>
            </Element>
          </Element>
          <Element type="Paragraph" count="1">
            <CommonProperties>
              <Attribute name="horizontal align" value="2"/>
            </CommonProperties>
            <Element type="TextPart">
              <FontProperties>
                <Attribute name="font name" value="Times New Roman"/>
                <Attribute name="font style" value="1"/>
              </FontProperties>
            <![CDATA[]]>
            </Element>
          </Element>
          <Element type="Paragraph" count="1">
            <CommonProperties>
              <Attribute name="horizontal align" value="2"/>
            </CommonProperties>
            <Element type="FieldPart">
              <FontProperties>
                <Attribute name="font name" value="Times New Roman"/>
                <Attribute name="font style" value="5"/>
                <Attribute name="underline" value="true"/>
              </FontProperties>
              <Reference name="field" type="PromptVarField" refname="?sign1nama"/>
            </Element>
          </Element>
          <Element type="Paragraph" count="3">
            <CommonProperties>
              <Attribute name="horizontal align" value="2"/>
            </CommonProperties>
            <Element type="FieldPart">
              <FontProperties>
                <Attribute name="font name" value="Times New Roman"/>
                <Attribute name="font style" value="1"/>
              </FontProperties>
              <Reference name="field" type="PromptVarField" refname="?sign1pangkat"/>
            </Element>
            <Element type="TextPart">
              <FontProperties>
                <Attribute name="font name" value="Times New Roman"/>
                <Attribute name="font style" value="1"/>
              </FontProperties>
            <![CDATA[ NRP. ]]>
            </Element>
            <Element type="FieldPart">
              <FontProperties>
                <Attribute name="font name" value="Times New Roman"/>
                <Attribute name="font style" value="1"/>
              </FontProperties>
              <Reference name="field" type="PromptVarField" refname="?sign1nip"/>
            </Element>
          </Element>
          <Element type="Paragraph" count="1">
            <CommonProperties>
              <Attribute name="horizontal align" value="2"/>
            </CommonProperties>
            <Element type="TextPart">
              <FontProperties>
                <Attribute name="font name" value="Times New Roman"/>
                <Attribute name="font style" value="1"/>
              </FontProperties>
            <![CDATA[]]>
            </Element>
          </Element>
          <Element type="Paragraph" count="1">
            <CommonProperties>
              <Attribute name="horizontal align" value="2"/>
            </CommonProperties>
            <Element type="TextPart">
              <FontProperties>
                <Attribute name="font name" value="Times New Roman"/>
                <Attribute name="font style" value="1"/>
              </FontProperties>
            <![CDATA[]]>
            </Element>
          </Element>
          <Element type="Paragraph" count="1">
            <CommonProperties>
              <Attribute name="horizontal align" value="2"/>
            </CommonProperties>
            <Element type="TextPart">
              <FontProperties>
                <Attribute name="font name" value="Times New Roman"/>
                <Attribute name="font style" value="1"/>
              </FontProperties>
            <![CDATA[]]>
            </Element>
          </Element>
          <Element type="Paragraph" count="1">
            <CommonProperties>
              <Attribute name="horizontal align" value="2"/>
            </CommonProperties>
            <Element type="TextPart">
              <FontProperties>
                <Attribute name="font name" value="Times New Roman"/>
                <Attribute name="font style" value="1"/>
              </FontProperties>
            <![CDATA[    ]]>
            </Element>
          </Element>
          <Element type="Paragraph" count="1">
            <CommonProperties>
              <Attribute name="horizontal align" value="2"/>
            </CommonProperties>
            <Element type="TextPart">
              <FontProperties>
                <Attribute name="font name" value="Times New Roman"/>
                <Attribute name="font style" value="1"/>
              </FontProperties>
            <![CDATA[]]>
            </Element>
          </Element>
        </Element>
        <Element type="Text" count="13" x_position="13800" y_position="758" width="5770" height="1905">
          <CommonProperties>
            <Attribute name="keep together" value="true"/>
            <Attribute name="close border on page break" value="false"/>
          </CommonProperties>
          <Element type="Paragraph" count="3">
            <CommonProperties>
              <Attribute name="horizontal align" value="2"/>
            </CommonProperties>
            <Element type="FieldPart">
              <FontProperties>
                <Attribute name="font name" value="Times New Roman"/>
                <Attribute name="font style" value="1"/>
              </FontProperties>
              <Reference name="field" type="PromptVarField" refname="?sign2kota"/>
            </Element>
            <Element type="TextPart">
              <FontProperties>
                <Attribute name="font name" value="Times New Roman"/>
                <Attribute name="font style" value="1"/>
              </FontProperties>
            <![CDATA[, ]]>
            </Element>
            <Element type="FieldPart">
              <FontProperties>
                <Attribute name="font name" value="Times New Roman"/>
                <Attribute name="font style" value="1"/>
              </FontProperties>
              <Reference name="field" type="PromptVarField" refname="?sysdate2"/>
            </Element>
          </Element>
          <Element type="Paragraph" count="1">
            <CommonProperties>
              <Attribute name="horizontal align" value="2"/>
            </CommonProperties>
            <Element type="FieldPart">
              <FontProperties>
                <Attribute name="font name" value="Times New Roman"/>
                <Attribute name="font style" value="1"/>
              </FontProperties>
              <Reference name="field" type="PromptVarField" refname="?sign2unit"/>
            </Element>
          </Element>
          <Element type="Paragraph" count="1">
            <CommonProperties>
              <Attribute name="horizontal align" value="2"/>
            </CommonProperties>
            <Element type="FieldPart">
              <FontProperties>
                <Attribute name="font name" value="Times New Roman"/>
                <Attribute name="font style" value="1"/>
              </FontProperties>
              <Reference name="field" type="PromptVarField" refname="?sign2jabatan"/>
            </Element>
          </Element>
          <Element type="Paragraph" count="1">
            <CommonProperties>
              <Attribute name="horizontal align" value="2"/>
            </CommonProperties>
            <Element type="TextPart">
              <FontProperties>
                <Attribute name="font name" value="Times New Roman"/>
                <Attribute name="font style" value="1"/>
              </FontProperties>
            <![CDATA[]]>
            </Element>
          </Element>
          <Element type="Paragraph" count="1">
            <CommonProperties>
              <Attribute name="horizontal align" value="2"/>
            </CommonProperties>
            <Element type="TextPart">
              <FontProperties>
                <Attribute name="font name" value="Times New Roman"/>
                <Attribute name="font style" value="1"/>
              </FontProperties>
            <![CDATA[]]>
            </Element>
          </Element>
          <Element type="Paragraph" count="1">
            <CommonProperties>
              <Attribute name="horizontal align" value="2"/>
            </CommonProperties>
            <Element type="TextPart">
              <FontProperties>
                <Attribute name="font name" value="Times New Roman"/>
                <Attribute name="font style" value="1"/>
              </FontProperties>
            <![CDATA[]]>
            </Element>
          </Element>
          <Element type="Paragraph" count="1">
            <CommonProperties>
              <Attribute name="horizontal align" value="2"/>
            </CommonProperties>
            <Element type="TextPart">
              <FontProperties>
                <Attribute name="font name" value="Times New Roman"/>
                <Attribute name="font style" value="1"/>
              </FontProperties>
            <![CDATA[]]>
            </Element>
          </Element>
          <Element type="Paragraph" count="1">
            <CommonProperties>
              <Attribute name="horizontal align" value="2"/>
            </CommonProperties>
            <Element type="FieldPart">
              <FontProperties>
                <Attribute name="font name" value="Times New Roman"/>
                <Attribute name="font style" value="5"/>
                <Attribute name="underline" value="true"/>
              </FontProperties>
              <Reference name="field" type="PromptVarField" refname="?sign2nama"/>
            </Element>
          </Element>
          <Element type="Paragraph" count="1">
            <CommonProperties>
              <Attribute name="horizontal align" value="2"/>
            </CommonProperties>
            <Element type="TextPart">
              <FontProperties>
                <Attribute name="font name" value="Times New Roman"/>
                <Attribute name="font style" value="1"/>
              </FontProperties>
            <![CDATA[]]>
            </Element>
          </Element>
          <Element type="Paragraph" count="1">
            <CommonProperties>
              <Attribute name="horizontal align" value="2"/>
            </CommonProperties>
            <Element type="TextPart">
              <FontProperties>
                <Attribute name="font name" value="Times New Roman"/>
                <Attribute name="font style" value="1"/>
              </FontProperties>
            <![CDATA[]]>
            </Element>
          </Element>
          <Element type="Paragraph" count="1">
            <CommonProperties>
              <Attribute name="horizontal align" value="2"/>
            </CommonProperties>
            <Element type="TextPart">
              <FontProperties>
                <Attribute name="font name" value="Times New Roman"/>
                <Attribute name="font style" value="1"/>
              </FontProperties>
            <![CDATA[]]>
            </Element>
          </Element>
          <Element type="Paragraph" count="1">
            <CommonProperties>
              <Attribute name="horizontal align" value="2"/>
            </CommonProperties>
            <Element type="TextPart">
              <FontProperties>
                <Attribute name="font name" value="Times New Roman"/>
                <Attribute name="font style" value="1"/>
              </FontProperties>
            <![CDATA[]]>
            </Element>
          </Element>
          <Element type="Paragraph" count="1">
            <CommonProperties>
              <Attribute name="horizontal align" value="2"/>
            </CommonProperties>
            <Element type="TextPart">
              <FontProperties>
                <Attribute name="font name" value="Times New Roman"/>
                <Attribute name="font style" value="1"/>
              </FontProperties>
            <![CDATA[]]>
            </Element>
          </Element>
        </Element>
        <Element type="FieldElement" x_position="14290" y_position="40" width="605" height="209">
          <CommonProperties>
            <Attribute name="keep together" value="true"/>
            <Attribute name="close border on page break" value="false"/>
          </CommonProperties>
          <FontProperties>
            <Attribute name="font name" value="Times New Roman"/>
            <Attribute name="font size" value="160"/>
            <Attribute name="font style" value="1"/>
          </FontProperties>
          <NumberProperties>
            <Attribute name="system default number type" value="2"/>
            <Attribute name="n decimal places" value="0"/>
            <Attribute name="rounding type" value="11"/>
            <Attribute name="thousand separators symbol" value="."/>
            <Attribute name="decimal separators symbol" value=","/>
            <Attribute name="currency symbol" value=""/>
          </NumberProperties>
          <Reference name="field" type="SummaryField" refname="#Sum (Satker.BYBEBAN)"/>
        </Element>
        <Element type="FieldElement" x_position="15095" y_position="40" width="1004" height="209">
          <CommonProperties>
            <Attribute name="keep together" value="true"/>
            <Attribute name="close border on page break" value="false"/>
          </CommonProperties>
          <FontProperties>
            <Attribute name="font name" value="Times New Roman"/>
            <Attribute name="font size" value="160"/>
            <Attribute name="font style" value="1"/>
          </FontProperties>
          <NumberProperties>
            <Attribute name="system default number type" value="2"/>
            <Attribute name="n decimal places" value="0"/>
            <Attribute name="rounding type" value="11"/>
            <Attribute name="thousand separators symbol" value="."/>
            <Attribute name="decimal separators symbol" value=","/>
            <Attribute name="currency symbol" value=""/>
          </NumberProperties>
          <Reference name="field" type="SummaryField" refname="#Sum (Satker.BYPEMAKAIAN)"/>
        </Element>
        <Element type="FieldElement" x_position="16315" y_position="60" width="501" height="189">
          <CommonProperties>
            <Attribute name="keep together" value="true"/>
            <Attribute name="close border on page break" value="false"/>
          </CommonProperties>
          <FontProperties>
            <Attribute name="font name" value="Times New Roman"/>
            <Attribute name="font size" value="160"/>
            <Attribute name="font style" value="1"/>
          </FontProperties>
          <NumberProperties>
            <Attribute name="system default number type" value="2"/>
            <Attribute name="n decimal places" value="0"/>
            <Attribute name="rounding type" value="11"/>
            <Attribute name="thousand separators symbol" value="."/>
            <Attribute name="decimal separators symbol" value=","/>
            <Attribute name="currency symbol" value=""/>
          </NumberProperties>
          <Reference name="field" type="SummaryField" refname="#Sum (Satker.RPMAT)"/>
        </Element>
        <Element type="FieldElement" x_position="17035" y_position="40" width="623" height="209">
          <CommonProperties>
            <Attribute name="keep together" value="true"/>
            <Attribute name="close border on page break" value="false"/>
          </CommonProperties>
          <FontProperties>
            <Attribute name="font name" value="Times New Roman"/>
            <Attribute name="font size" value="160"/>
            <Attribute name="font style" value="1"/>
          </FontProperties>
          <NumberProperties>
            <Attribute name="system default number type" value="2"/>
            <Attribute name="n decimal places" value="0"/>
            <Attribute name="rounding type" value="11"/>
            <Attribute name="thousand separators symbol" value="."/>
            <Attribute name="decimal separators symbol" value=","/>
            <Attribute name="currency symbol" value=""/>
          </NumberProperties>
          <Reference name="field" type="SummaryField" refname="#Sum (Satker.RPPPN)"/>
        </Element>
        <Element type="FieldElement" x_position="17880" y_position="40" width="501" height="209">
          <CommonProperties>
            <Attribute name="keep together" value="true"/>
            <Attribute name="close border on page break" value="false"/>
          </CommonProperties>
          <FontProperties>
            <Attribute name="font name" value="Times New Roman"/>
            <Attribute name="font size" value="160"/>
            <Attribute name="font style" value="1"/>
          </FontProperties>
          <NumberProperties>
            <Attribute name="system default number type" value="2"/>
            <Attribute name="n decimal places" value="0"/>
            <Attribute name="rounding type" value="11"/>
            <Attribute name="thousand separators symbol" value="."/>
            <Attribute name="decimal separators symbol" value=","/>
            <Attribute name="currency symbol" value=""/>
          </NumberProperties>
          <Reference name="field" type="SummaryField" refname="#Sum (Satker.RPLAIN)"/>
        </Element>
        <Element type="FieldElement" x_position="18605" y_position="60" width="975" height="189">
          <CommonProperties>
            <Attribute name="keep together" value="true"/>
            <Attribute name="close border on page break" value="false"/>
          </CommonProperties>
          <FontProperties>
            <Attribute name="font name" value="Times New Roman"/>
            <Attribute name="font size" value="160"/>
            <Attribute name="font style" value="1"/>
          </FontProperties>
          <NumberProperties>
            <Attribute name="system default number type" value="2"/>
            <Attribute name="n decimal places" value="0"/>
            <Attribute name="rounding type" value="11"/>
            <Attribute name="thousand separators symbol" value="."/>
            <Attribute name="decimal separators symbol" value=","/>
            <Attribute name="currency symbol" value=""/>
          </NumberProperties>
          <Reference name="field" type="SummaryField" refname="#Sum (Satker.RPTAG)"/>
        </Element>
      </Section>
    </Area>
  </AreaPair>
  <AreaPair type="DetailArea" id="1">
    <Area type="Detail" count="1">
      <AreaProperties>
        <Attribute name="hold minimal pagefooter free" value="1"/>
      </AreaProperties>
      <Section type="Detail" count="19" width="19758" height="290" id="4">
        <SectionProperties>
          <Attribute name="keep together" value="true"/>
          <Attribute name="suppress empty section" value="true"/>
          <Attribute name="hold minimal pagefooter free" value="1"/>
        </SectionProperties>
        <Element type="Line" x2_position="19676" y2_position="271" x_position="60" y_position="271" width="19616" height="0">
          <LineProperties>
            <Attribute name="id" value="4"/>
          </LineProperties>
        </Element>
        <Element type="Line" x2_position="63" y2_position="290" x_position="63" y_position="0" width="0" height="290">
          <LineProperties>
            <Attribute name="id" value="4"/>
          </LineProperties>
        </Element>
        <Element type="FieldElement" x_position="608" y_position="40" width="2627" height="190">
          <CommonProperties>
            <Attribute name="horizontal align" value="1"/>
            <Attribute name="keep together" value="true"/>
            <Attribute name="close border on page break" value="false"/>
          </CommonProperties>
          <FontProperties>
            <Attribute name="font name" value="Times New Roman"/>
            <Attribute name="font size" value="160"/>
          </FontProperties>
          <Reference name="field" type="DatabaseField" refname="Satker.NAMA"/>
        </Element>
        <Element type="FieldElement" x_position="5650" y_position="33" width="2755" height="190">
          <CommonProperties>
            <Attribute name="horizontal align" value="1"/>
            <Attribute name="keep together" value="true"/>
            <Attribute name="close border on page break" value="false"/>
          </CommonProperties>
          <FontProperties>
            <Attribute name="font name" value="Times New Roman"/>
            <Attribute name="font size" value="160"/>
          </FontProperties>
          <Reference name="field" type="DatabaseField" refname="Satker.ALAMAT"/>
        </Element>
        <Element type="FieldElement" x_position="8537" y_position="20" width="573" height="210">
          <CommonProperties>
            <Attribute name="horizontal align" value="2"/>
            <Attribute name="keep together" value="true"/>
            <Attribute name="close border on page break" value="false"/>
          </CommonProperties>
          <FontProperties>
            <Attribute name="font name" value="Times New Roman"/>
            <Attribute name="font size" value="160"/>
          </FontProperties>
          <Reference name="field" type="DatabaseField" refname="Satker.TARIP"/>
        </Element>
        <Element type="FieldElement" x_position="9965" y_position="20" width="1198" height="210">
          <CommonProperties>
            <Attribute name="horizontal align" value="2"/>
            <Attribute name="keep together" value="true"/>
            <Attribute name="close border on page break" value="false"/>
          </CommonProperties>
          <FontProperties>
            <Attribute name="font name" value="Times New Roman"/>
            <Attribute name="font size" value="160"/>
          </FontProperties>
          <Reference name="field" type="DatabaseField" refname="Satker.IDPEL"/>
        </Element>
        <Element type="FieldElement" x_position="11175" y_position="20" width="790" height="210">
          <CommonProperties>
            <Attribute name="horizontal align" value="2"/>
            <Attribute name="keep together" value="true"/>
            <Attribute name="close border on page break" value="false"/>
          </CommonProperties>
          <FontProperties>
            <Attribute name="font name" value="Times New Roman"/>
            <Attribute name="font size" value="160"/>
          </FontProperties>
          <Reference name="field" type="DatabaseField" refname="Satker.STAWAL"/>
        </Element>
        <Element type="FieldElement" x_position="90" y_position="26" width="314" height="189">
          <CommonProperties>
            <Attribute name="horizontal align" value="3"/>
            <Attribute name="keep together" value="true"/>
            <Attribute name="close border on page break" value="false"/>
          </CommonProperties>
          <FontProperties>
            <Attribute name="font name" value="Times New Roman"/>
            <Attribute name="font size" value="160"/>
          </FontProperties>
          <NumberProperties>
            <Attribute name="n decimal places" value="0"/>
            <Attribute name="rounding type" value="11"/>
            <Attribute name="thousand separators symbol" value=","/>
            <Attribute name="decimal separators symbol" value="."/>
            <Attribute name="currency symbol" value=""/>
          </NumberProperties>
          <Reference name="field" type="SpecialVarField" id="13"/>
        </Element>
        <Element type="FieldElement" x_position="11975" y_position="20" width="870" height="210">
          <CommonProperties>
            <Attribute name="horizontal align" value="2"/>
            <Attribute name="keep together" value="true"/>
            <Attribute name="close border on page break" value="false"/>
          </CommonProperties>
          <FontProperties>
            <Attribute name="font name" value="Times New Roman"/>
            <Attribute name="font size" value="160"/>
          </FontProperties>
          <Reference name="field" type="DatabaseField" refname="Satker.STAKHIR"/>
        </Element>
        <Element type="FieldElement" x_position="12840" y_position="39" width="595" height="181">
          <CommonProperties>
            <Attribute name="horizontal align" value="2"/>
            <Attribute name="keep together" value="true"/>
            <Attribute name="close border on page break" value="false"/>
          </CommonProperties>
          <FontProperties>
            <Attribute name="font name" value="Times New Roman"/>
            <Attribute name="font size" value="160"/>
          </FontProperties>
          <Reference name="field" type="DatabaseField" refname="Satker.FKALI"/>
        </Element>
        <Element type="FieldElement" x_position="13560" y_position="38" width="499" height="189">
          <CommonProperties>
            <Attribute name="keep together" value="true"/>
            <Attribute name="close border on page break" value="false"/>
          </CommonProperties>
          <FontProperties>
            <Attribute name="font name" value="Times New Roman"/>
            <Attribute name="font size" value="160"/>
          </FontProperties>
          <NumberProperties>
            <Attribute name="n decimal places" value="0"/>
            <Attribute name="rounding type" value="11"/>
            <Attribute name="thousand separators symbol" value=","/>
            <Attribute name="decimal separators symbol" value="."/>
            <Attribute name="currency symbol" value=""/>
          </NumberProperties>
          <Reference name="field" type="DatabaseField" refname="Satker.PEMKWH"/>
        </Element>
        <Element type="FieldElement" x_position="18590" y_position="40" width="987" height="189">
          <CommonProperties>
            <Attribute name="keep together" value="true"/>
            <Attribute name="close border on page break" value="false"/>
          </CommonProperties>
          <FontProperties>
            <Attribute name="font name" value="Times New Roman"/>
            <Attribute name="font size" value="160"/>
          </FontProperties>
          <NumberProperties>
            <Attribute name="n decimal places" value="0"/>
            <Attribute name="rounding type" value="11"/>
            <Attribute name="thousand separators symbol" value=","/>
            <Attribute name="decimal separators symbol" value="."/>
            <Attribute name="currency symbol" value=""/>
          </NumberProperties>
          <Reference name="field" type="DatabaseField" refname="Satker.RPTAG"/>
        </Element>
        <Element type="FieldElement" x_position="17880" y_position="48" width="504" height="189">
          <CommonProperties>
            <Attribute name="keep together" value="true"/>
            <Attribute name="close border on page break" value="false"/>
          </CommonProperties>
          <FontProperties>
            <Attribute name="font name" value="Times New Roman"/>
            <Attribute name="font size" value="160"/>
          </FontProperties>
          <NumberProperties>
            <Attribute name="n decimal places" value="0"/>
            <Attribute name="rounding type" value="11"/>
            <Attribute name="thousand separators symbol" value=","/>
            <Attribute name="decimal separators symbol" value="."/>
            <Attribute name="currency symbol" value=""/>
          </NumberProperties>
          <Reference name="field" type="DatabaseField" refname="Satker.RPLAIN"/>
        </Element>
        <Element type="FieldElement" x_position="17035" y_position="43" width="622" height="189">
          <CommonProperties>
            <Attribute name="keep together" value="true"/>
            <Attribute name="close border on page break" value="false"/>
          </CommonProperties>
          <FontProperties>
            <Attribute name="font name" value="Times New Roman"/>
            <Attribute name="font size" value="160"/>
          </FontProperties>
          <NumberProperties>
            <Attribute name="n decimal places" value="0"/>
            <Attribute name="rounding type" value="11"/>
            <Attribute name="thousand separators symbol" value=","/>
            <Attribute name="decimal separators symbol" value="."/>
            <Attribute name="currency symbol" value=""/>
          </NumberProperties>
          <Reference name="field" type="DatabaseField" refname="Satker.RPPPN"/>
        </Element>
        <Element type="FieldElement" x_position="16315" y_position="48" width="502" height="185">
          <CommonProperties>
            <Attribute name="keep together" value="true"/>
            <Attribute name="close border on page break" value="false"/>
          </CommonProperties>
          <FontProperties>
            <Attribute name="font name" value="Arial"/>
            <Attribute name="font size" value="160"/>
          </FontProperties>
          <NumberProperties>
            <Attribute name="n decimal places" value="0"/>
            <Attribute name="rounding type" value="11"/>
            <Attribute name="thousand separators symbol" value=","/>
            <Attribute name="decimal separators symbol" value="."/>
            <Attribute name="currency symbol" value=""/>
          </NumberProperties>
          <Reference name="field" type="DatabaseField" refname="Satker.RPMAT"/>
        </Element>
        <Element type="FieldElement" x_position="15107" y_position="40" width="1002" height="189">
          <CommonProperties>
            <Attribute name="keep together" value="true"/>
            <Attribute name="close border on page break" value="false"/>
          </CommonProperties>
          <FontProperties>
            <Attribute name="font name" value="Times New Roman"/>
            <Attribute name="font size" value="160"/>
          </FontProperties>
          <NumberProperties>
            <Attribute name="n decimal places" value="0"/>
            <Attribute name="rounding type" value="11"/>
            <Attribute name="thousand separators symbol" value=","/>
            <Attribute name="decimal separators symbol" value="."/>
            <Attribute name="currency symbol" value=""/>
          </NumberProperties>
          <Reference name="field" type="DatabaseField" refname="Satker.BYPEMAKAIAN"/>
        </Element>
        <Element type="FieldElement" x_position="14290" y_position="43" width="608" height="189">
          <CommonProperties>
            <Attribute name="keep together" value="true"/>
            <Attribute name="close border on page break" value="false"/>
          </CommonProperties>
          <FontProperties>
            <Attribute name="font name" value="Times New Roman"/>
            <Attribute name="font size" value="160"/>
          </FontProperties>
          <NumberProperties>
            <Attribute name="n decimal places" value="0"/>
            <Attribute name="rounding type" value="11"/>
            <Attribute name="thousand separators symbol" value=","/>
            <Attribute name="decimal separators symbol" value="."/>
            <Attribute name="currency symbol" value=""/>
          </NumberProperties>
          <Reference name="field" type="DatabaseField" refname="Satker.BYBEBAN"/>
        </Element>
        <Element type="FieldElement" x_position="9245" y_position="25" width="610" height="209">
          <CommonProperties>
            <Attribute name="keep together" value="true"/>
            <Attribute name="close border on page break" value="false"/>
          </CommonProperties>
          <FontProperties>
            <Attribute name="font name" value="Times New Roman"/>
            <Attribute name="font size" value="160"/>
          </FontProperties>
          <NumberProperties>
            <Attribute name="system default number type" value="2"/>
            <Attribute name="n decimal places" value="0"/>
            <Attribute name="rounding type" value="11"/>
            <Attribute name="thousand separators symbol" value="."/>
            <Attribute name="decimal separators symbol" value=","/>
            <Attribute name="currency symbol" value=""/>
          </NumberProperties>
          <Reference name="field" type="DatabaseField" refname="Satker.DAYA"/>
        </Element>
        <Element type="FieldElement" x_position="3477" y_position="36" width="1935" height="181">
          <CommonProperties>
            <Attribute name="keep together" value="true"/>
            <Attribute name="close border on page break" value="false"/>
          </CommonProperties>
          <FontProperties>
            <Attribute name="font name" value="Times New Roman"/>
            <Attribute name="font size" value="160"/>
          </FontProperties>
          <Reference name="field" type="DatabaseField" refname="Satker.SATKER"/>
        </Element>
      </Section>
    </Area>
  </AreaPair>
</inet:Report>
